<?xml version="1.0" encoding="UTF-8"?>
<!-- Generated by org.testng.reporters.JUnitXMLReporter -->
<testsuite hostname="DESKTOP-CSMSJ8J" ignored="2" name="New.test.Project" tests="5" failures="1" timestamp="2020-11-10T11:06:49 PKT" time="12.68" errors="0">
  <testcase name="Emerald_Lunched" time="4.233" classname="com.em.testcases.LoginPage_TestCases">
    <failure type="java.lang.AssertionError" message="expected [Emerald | Login] but found [Emerald]">
      <![CDATA[java.lang.AssertionError: expected [Emerald | Login] but found [Emerald]
at com.em.testcases.LoginPage_TestCases.Emerald_Lunched(LoginPage_TestCases.java:19)
at java.util.ArrayList.forEach(Unknown Source)
... Removed 32 stack frames]]>
    </failure>
  </testcase> <!-- Emerald_Lunched -->
  <testcase name="Test_Login_Logo_Text_isPresent" time="0.384" classname="com.em.testcases.LoginPage_TestCases"/>
  <testcase name="Test_Username_Text_isPresent" time="0.128" classname="com.em.testcases.LoginPage_TestCases"/>
  <testcase name="Test_Password_Text_isPresent" time="0.114" classname="com.em.testcases.LoginPage_TestCases"/>
  <testcase name="valid_login" time="0.598" classname="com.em.testcases.LoginPage_TestCases"/>
  <testcase name="@BeforeTest startBrowser" time="0.0" classname="com.em.common.BrowsersFactory">
    <ignored/>
  </testcase> <!-- @BeforeTest startBrowser -->
  <testcase name="@AfterTest afterMethod" time="0.0" classname="com.em.common.BrowsersFactory">
    <ignored/>
  </testcase> <!-- @AfterTest afterMethod -->
</testsuite> <!-- New.test.Project -->
