<?xml version="1.0" encoding="UTF-8"?>
<!-- Generated by org.testng.reporters.JUnitXMLReporter -->
<testsuite hostname="DESKTOP-CSMSJ8J" ignored="0" name="Default test" tests="3" failures="3" timestamp="2020-12-29T23:11:16 PKT" time="0.067" errors="0">
  <testcase name="@BeforeTest setup" time="-1.609265476101E9" classname="com.InfoCabs.common.TestBase">
    <failure type="org.testng.TestNGException" message="
Parameter &amp;apos;DeviceType&amp;apos; is required by BeforeTest on method setup but has not been marked @Optional or defined
in C:\Users\92336\AppData\Local\Temp\testng-eclipse--1653086055\testng-customsuite.xml">
      <![CDATA[org.testng.TestNGException: 
Parameter 'DeviceType' is required by BeforeTest on method setup but has not been marked @Optional or defined
in C:\Users\92336\AppData\Local\Temp\testng-eclipse--1653086055\testng-customsuite.xml
at org.testng.internal.Parameters.createParams(Parameters.java:289)
at org.testng.internal.Parameters.createParametersForMethod(Parameters.java:377)
at org.testng.internal.Parameters.createParameters(Parameters.java:721)
at org.testng.internal.Parameters.createConfigurationParameters(Parameters.java:164)
at org.testng.internal.ConfigInvoker.invokeConfigurations(ConfigInvoker.java:275)
at org.testng.TestRunner.invokeTestConfigurations(TestRunner.java:623)
at org.testng.TestRunner.beforeRun(TestRunner.java:613)
at org.testng.TestRunner.run(TestRunner.java:584)
at org.testng.SuiteRunner.runTest(SuiteRunner.java:402)
at org.testng.SuiteRunner.runSequentially(SuiteRunner.java:396)
at org.testng.SuiteRunner.privateRun(SuiteRunner.java:355)
at org.testng.SuiteRunner.run(SuiteRunner.java:304)
at org.testng.SuiteRunnerWorker.runSuite(SuiteRunnerWorker.java:53)
at org.testng.SuiteRunnerWorker.run(SuiteRunnerWorker.java:96)
at org.testng.TestNG.runSuitesSequentially(TestNG.java:1180)
at org.testng.TestNG.runSuitesLocally(TestNG.java:1102)
at org.testng.TestNG.runSuites(TestNG.java:1032)
at org.testng.TestNG.run(TestNG.java:1000)
at org.testng.remote.AbstractRemoteTestNG.run(AbstractRemoteTestNG.java:115)
at org.testng.remote.RemoteTestNG.initAndRun(RemoteTestNG.java:251)
at org.testng.remote.RemoteTestNG.main(RemoteTestNG.java:77)
]]>
    </failure>
  </testcase> <!-- @BeforeTest setup -->
  <testcase name="@AfterTest teardown" time="-1.609265476154E9" classname="com.InfoCabs.common.TestBase">
    <skipped/>
  </testcase> <!-- @AfterTest teardown -->
  <testcase name="Test_LoginPage_Allow_user_to_LoginWith_valid_credential_21" time="0.0" classname="com.InfoCabs.testcases.Book_6_Seater_TestCases">
    <failure type="org.testng.TestNGException" message="
Parameter &amp;apos;PhoneNum&amp;apos; is required by @Test on method Test_LoginPage_Allow_user_to_LoginWith_valid_credential_21 but has not been marked @Optional or defined
in C:\Users\92336\AppData\Local\Temp\testng-eclipse--1653086055\testng-customsuite.xml">
      <![CDATA[org.testng.TestNGException: 
Parameter 'PhoneNum' is required by @Test on method Test_LoginPage_Allow_user_to_LoginWith_valid_credential_21 but has not been marked @Optional or defined
in C:\Users\92336\AppData\Local\Temp\testng-eclipse--1653086055\testng-customsuite.xml
at org.testng.internal.Parameters.createParams(Parameters.java:289)
at org.testng.internal.Parameters.createParametersForMethod(Parameters.java:377)
at org.testng.internal.Parameters.createParameters(Parameters.java:721)
at org.testng.internal.Parameters.handleParameters(Parameters.java:895)
at org.testng.internal.Parameters.handleParameters(Parameters.java:762)
at org.testng.internal.ParameterHandler.handleParameters(ParameterHandler.java:60)
at org.testng.internal.ParameterHandler.createParameters(ParameterHandler.java:39)
at org.testng.internal.TestInvoker$MethodInvocationAgent.invoke(TestInvoker.java:771)
at org.testng.internal.TestInvoker.invokeTestMethods(TestInvoker.java:145)
at org.testng.internal.TestMethodWorker.invokeTestMethods(TestMethodWorker.java:146)
at org.testng.internal.TestMethodWorker.run(TestMethodWorker.java:128)
at java.util.ArrayList.forEach(ArrayList.java:1259)
at org.testng.TestRunner.privateRun(TestRunner.java:770)
at org.testng.TestRunner.run(TestRunner.java:591)
at org.testng.SuiteRunner.runTest(SuiteRunner.java:402)
at org.testng.SuiteRunner.runSequentially(SuiteRunner.java:396)
at org.testng.SuiteRunner.privateRun(SuiteRunner.java:355)
at org.testng.SuiteRunner.run(SuiteRunner.java:304)
at org.testng.SuiteRunnerWorker.runSuite(SuiteRunnerWorker.java:53)
at org.testng.SuiteRunnerWorker.run(SuiteRunnerWorker.java:96)
at org.testng.TestNG.runSuitesSequentially(TestNG.java:1180)
at org.testng.TestNG.runSuitesLocally(TestNG.java:1102)
at org.testng.TestNG.runSuites(TestNG.java:1032)
at org.testng.TestNG.run(TestNG.java:1000)
at org.testng.remote.AbstractRemoteTestNG.run(AbstractRemoteTestNG.java:115)
at org.testng.remote.RemoteTestNG.initAndRun(RemoteTestNG.java:251)
at org.testng.remote.RemoteTestNG.main(RemoteTestNG.java:77)
]]>
    </failure>
  </testcase> <!-- Test_LoginPage_Allow_user_to_LoginWith_valid_credential_21 -->
  <testcase name="Test_Book_SaloonWith_PrmoCode_EnterDropofAddress_Cab_22" time="0.0" classname="com.InfoCabs.testcases.Book_6_Seater_TestCases">
    <failure type="org.testng.TestNGException" message="
Parameter &amp;apos;CommonLocator&amp;apos; is required by @Test on method Test_Book_SaloonWith_PrmoCode_EnterDropofAddress_Cab_22 but has not been marked @Optional or defined
in C:\Users\92336\AppData\Local\Temp\testng-eclipse--1653086055\testng-customsuite.xml">
      <![CDATA[org.testng.TestNGException: 
Parameter 'CommonLocator' is required by @Test on method Test_Book_SaloonWith_PrmoCode_EnterDropofAddress_Cab_22 but has not been marked @Optional or defined
in C:\Users\92336\AppData\Local\Temp\testng-eclipse--1653086055\testng-customsuite.xml
at org.testng.internal.Parameters.createParams(Parameters.java:289)
at org.testng.internal.Parameters.createParametersForMethod(Parameters.java:377)
at org.testng.internal.Parameters.createParameters(Parameters.java:721)
at org.testng.internal.Parameters.handleParameters(Parameters.java:895)
at org.testng.internal.Parameters.handleParameters(Parameters.java:762)
at org.testng.internal.ParameterHandler.handleParameters(ParameterHandler.java:60)
at org.testng.internal.ParameterHandler.createParameters(ParameterHandler.java:39)
at org.testng.internal.TestInvoker$MethodInvocationAgent.invoke(TestInvoker.java:771)
at org.testng.internal.TestInvoker.invokeTestMethods(TestInvoker.java:145)
at org.testng.internal.TestMethodWorker.invokeTestMethods(TestMethodWorker.java:146)
at org.testng.internal.TestMethodWorker.run(TestMethodWorker.java:128)
at java.util.ArrayList.forEach(ArrayList.java:1259)
at org.testng.TestRunner.privateRun(TestRunner.java:770)
at org.testng.TestRunner.run(TestRunner.java:591)
at org.testng.SuiteRunner.runTest(SuiteRunner.java:402)
at org.testng.SuiteRunner.runSequentially(SuiteRunner.java:396)
at org.testng.SuiteRunner.privateRun(SuiteRunner.java:355)
at org.testng.SuiteRunner.run(SuiteRunner.java:304)
at org.testng.SuiteRunnerWorker.runSuite(SuiteRunnerWorker.java:53)
at org.testng.SuiteRunnerWorker.run(SuiteRunnerWorker.java:96)
at org.testng.TestNG.runSuitesSequentially(TestNG.java:1180)
at org.testng.TestNG.runSuitesLocally(TestNG.java:1102)
at org.testng.TestNG.runSuites(TestNG.java:1032)
at org.testng.TestNG.run(TestNG.java:1000)
at org.testng.remote.AbstractRemoteTestNG.run(AbstractRemoteTestNG.java:115)
at org.testng.remote.RemoteTestNG.initAndRun(RemoteTestNG.java:251)
at org.testng.remote.RemoteTestNG.main(RemoteTestNG.java:77)
]]>
    </failure>
  </testcase> <!-- Test_Book_SaloonWith_PrmoCode_EnterDropofAddress_Cab_22 -->
  <testcase name="Test_Book_SaloonWith_PrmoCode_ClickOnBookNow_Button_Cab_24" time="0.0" classname="com.InfoCabs.testcases.Book_6_Seater_TestCases">
    <failure type="org.testng.TestNGException" message="
Parameter &amp;apos;CommonLocator_ClassView&amp;apos; is required by @Test on method Test_Book_SaloonWith_PrmoCode_ClickOnBookNow_Button_Cab_24 but has not been marked @Optional or defined
in C:\Users\92336\AppData\Local\Temp\testng-eclipse--1653086055\testng-customsuite.xml">
      <![CDATA[org.testng.TestNGException: 
Parameter 'CommonLocator_ClassView' is required by @Test on method Test_Book_SaloonWith_PrmoCode_ClickOnBookNow_Button_Cab_24 but has not been marked @Optional or defined
in C:\Users\92336\AppData\Local\Temp\testng-eclipse--1653086055\testng-customsuite.xml
at org.testng.internal.Parameters.createParams(Parameters.java:289)
at org.testng.internal.Parameters.createParametersForMethod(Parameters.java:377)
at org.testng.internal.Parameters.createParameters(Parameters.java:721)
at org.testng.internal.Parameters.handleParameters(Parameters.java:895)
at org.testng.internal.Parameters.handleParameters(Parameters.java:762)
at org.testng.internal.ParameterHandler.handleParameters(ParameterHandler.java:60)
at org.testng.internal.ParameterHandler.createParameters(ParameterHandler.java:39)
at org.testng.internal.TestInvoker$MethodInvocationAgent.invoke(TestInvoker.java:771)
at org.testng.internal.TestInvoker.invokeTestMethods(TestInvoker.java:145)
at org.testng.internal.TestMethodWorker.invokeTestMethods(TestMethodWorker.java:146)
at org.testng.internal.TestMethodWorker.run(TestMethodWorker.java:128)
at java.util.ArrayList.forEach(ArrayList.java:1259)
at org.testng.TestRunner.privateRun(TestRunner.java:770)
at org.testng.TestRunner.run(TestRunner.java:591)
at org.testng.SuiteRunner.runTest(SuiteRunner.java:402)
at org.testng.SuiteRunner.runSequentially(SuiteRunner.java:396)
at org.testng.SuiteRunner.privateRun(SuiteRunner.java:355)
at org.testng.SuiteRunner.run(SuiteRunner.java:304)
at org.testng.SuiteRunnerWorker.runSuite(SuiteRunnerWorker.java:53)
at org.testng.SuiteRunnerWorker.run(SuiteRunnerWorker.java:96)
at org.testng.TestNG.runSuitesSequentially(TestNG.java:1180)
at org.testng.TestNG.runSuitesLocally(TestNG.java:1102)
at org.testng.TestNG.runSuites(TestNG.java:1032)
at org.testng.TestNG.run(TestNG.java:1000)
at org.testng.remote.AbstractRemoteTestNG.run(AbstractRemoteTestNG.java:115)
at org.testng.remote.RemoteTestNG.initAndRun(RemoteTestNG.java:251)
at org.testng.remote.RemoteTestNG.main(RemoteTestNG.java:77)
]]>
    </failure>
  </testcase> <!-- Test_Book_SaloonWith_PrmoCode_ClickOnBookNow_Button_Cab_24 -->
</testsuite> <!-- Default test -->
