<?xml version="1.0" encoding="UTF-8"?>
<!-- Generated by org.testng.reporters.JUnitReportReporter -->
<testsuite skipped="0" hostname="DESKTOP-CSMSJ8J" name="com.InfoCabs.testcases.ForgotPasswordPage_TestCases_33_41" tests="9" failures="1" timestamp="2021-01-27T01:42:55 PKT" time="41.700" errors="0">
  <testcase name="Test_ForgotPhoneNumber_Button_is_clickable_On_LoginPage_33" time="11.415" classname="com.InfoCabs.testcases.ForgotPasswordPage_TestCases_33_41"/>
  <testcase name="Test_ForgotPasswordPage_Logo_34" time="2.181" classname="com.InfoCabs.testcases.ForgotPasswordPage_TestCases_33_41"/>
  <testcase name="Test_ForgotPasswordPage_Enter_Register_PhoneNumber_Text_35" time="2.186" classname="com.InfoCabs.testcases.ForgotPasswordPage_TestCases_33_41"/>
  <testcase name="Test_ForgotPasswordPage_To_Click_On_SubmitButton_without_Entering_PhoenNumber_36" time="1.262" classname="com.InfoCabs.testcases.ForgotPasswordPage_TestCases_33_41"/>
  <testcase name="Test_ForgotPasswordPage_PhoneNumber_Validation_ErrorMessage_37" time="4.131" classname="com.InfoCabs.testcases.ForgotPasswordPage_TestCases_33_41"/>
  <testcase name="Test_ForgotPasswordPage_PhoneNumber_NotRegisterValidation_ErrorMessage_38" time="6.038" classname="com.InfoCabs.testcases.ForgotPasswordPage_TestCases_33_41"/>
  <testcase name="Test_ForgotPasswordPage_Valid_PhoneNumber_are_accepted_and_SendMessage_39" time="6.635" classname="com.InfoCabs.testcases.ForgotPasswordPage_TestCases_33_41">
    <failure type="java.lang.AssertionError" message="expected [You&#039;ll receive an email from London Cars (Beta) with a instruction to recover password] but found [You&#039;ll receive an email from London Cars with a instruction to recover password]">
      <![CDATA[java.lang.AssertionError: expected [You'll receive an email from London Cars (Beta) with a instruction to recover password] but found [You'll receive an email from London Cars with a instruction to recover password]
at org.testng.Assert.fail(Assert.java:97)
at org.testng.Assert.assertEqualsImpl(Assert.java:136)
at org.testng.Assert.assertEquals(Assert.java:118)
at org.testng.Assert.assertEquals(Assert.java:575)
at org.testng.Assert.assertEquals(Assert.java:585)
at com.InfoCabs.testcases.ForgotPasswordPage_TestCases_33_41.Test_ForgotPasswordPage_Valid_PhoneNumber_are_accepted_and_SendMessage_39(ForgotPasswordPage_TestCases_33_41.java:164)
at sun.reflect.NativeMethodAccessorImpl.invoke0(Native Method)
at sun.reflect.NativeMethodAccessorImpl.invoke(NativeMethodAccessorImpl.java:62)
at sun.reflect.DelegatingMethodAccessorImpl.invoke(DelegatingMethodAccessorImpl.java:43)
at java.lang.reflect.Method.invoke(Method.java:498)
at org.testng.internal.MethodInvocationHelper.invokeMethod(MethodInvocationHelper.java:133)
at org.testng.internal.TestInvoker.invokeMethod(TestInvoker.java:584)
at org.testng.internal.TestInvoker.invokeTestMethod(TestInvoker.java:172)
at org.testng.internal.MethodRunner.runInSequence(MethodRunner.java:46)
at org.testng.internal.TestInvoker$MethodInvocationAgent.invoke(TestInvoker.java:804)
at org.testng.internal.TestInvoker.invokeTestMethods(TestInvoker.java:145)
at org.testng.internal.TestMethodWorker.invokeTestMethods(TestMethodWorker.java:146)
at org.testng.internal.TestMethodWorker.run(TestMethodWorker.java:128)
at java.util.ArrayList.forEach(ArrayList.java:1259)
at org.testng.TestRunner.privateRun(TestRunner.java:770)
at org.testng.TestRunner.run(TestRunner.java:591)
at org.testng.SuiteRunner.runTest(SuiteRunner.java:402)
at org.testng.SuiteRunner.runSequentially(SuiteRunner.java:396)
at org.testng.SuiteRunner.privateRun(SuiteRunner.java:355)
at org.testng.SuiteRunner.run(SuiteRunner.java:304)
at org.testng.SuiteRunnerWorker.runSuite(SuiteRunnerWorker.java:53)
at org.testng.SuiteRunnerWorker.run(SuiteRunnerWorker.java:96)
at org.testng.TestNG.runSuitesSequentially(TestNG.java:1180)
at org.testng.TestNG.runSuitesLocally(TestNG.java:1102)
at org.testng.TestNG.runSuites(TestNG.java:1032)
at org.testng.TestNG.run(TestNG.java:1000)
at org.testng.remote.AbstractRemoteTestNG.run(AbstractRemoteTestNG.java:115)
at org.testng.remote.RemoteTestNG.initAndRun(RemoteTestNG.java:251)
at org.testng.remote.RemoteTestNG.main(RemoteTestNG.java:77)
]]>
    </failure>
  </testcase> <!-- Test_ForgotPasswordPage_Valid_PhoneNumber_are_accepted_and_SendMessage_39 -->
  <testcase name="Test_ForgotPasswordPage_ResendMessageButton_is_working_40" time="3.253" classname="com.InfoCabs.testcases.ForgotPasswordPage_TestCases_33_41"/>
  <testcase name="Test_ForgotPasswordPage_verify_Message_Cross_Button_UserBack_to_LoginPage_41" time="4.599" classname="com.InfoCabs.testcases.ForgotPasswordPage_TestCases_33_41"/>
</testsuite> <!-- com.InfoCabs.testcases.ForgotPasswordPage_TestCases_33_41 -->
