<?xml version="1.0" encoding="UTF-8"?>
<!-- Generated by org.testng.reporters.JUnitReportReporter -->
<testsuite skipped="0" hostname="DESKTOP-CSMSJ8J" name="com.InfoCabs.testcases.CreateNewUserPage_TestCases_72_82" tests="14" failures="0" timestamp="2021-01-30T00:12:21 PKT" time="59.748" errors="1">
  <testcase name="Test_Login_to_Application_withNew_credentials_73" time="11.363" classname="com.InfoCabs.testcases.CreateNewUserPage_TestCases_72_82"/>
  <testcase name="Test_CreateNewuserPage_Enter_Valid_Username_And_Email_toRegisterNew_User_74" time="11.291" classname="com.InfoCabs.testcases.CreateNewUserPage_TestCases_72_82"/>
  <testcase name="Test_CreateNewuserPage_VerifiyPin_Screen_Logo_75" time="2.315" classname="com.InfoCabs.testcases.CreateNewUserPage_TestCases_72_82"/>
  <testcase name="Test_CreateNewuserPage_VerifyPin_Screen_Verify_Text_76" time="3.863" classname="com.InfoCabs.testcases.CreateNewUserPage_TestCases_72_82">
    <error type="org.openqa.selenium.StaleElementReferenceException" message="The element &#039;By.id: com.Infosun.AbbeySwiftCars:id/tv_welcome&#039; does not exist in DOM anymore
For documentation on this error, please visit: https://www.seleniumhq.org/exceptions/stale_element_reference.html
Build info: version: &#039;3.141.59&#039;, revision: &#039;e82be7d358&#039;, time: &#039;2018-11-14T08:17:03&#039;
System info: host: &#039;DESKTOP-CSMSJ8J&#039;, ip: &#039;192.168.0.199&#039;, os.name: &#039;Windows 10&#039;, os.arch: &#039;amd64&#039;, os.version: &#039;10.0&#039;, java.version: &#039;1.8.0_261&#039;
Driver info: io.appium.java_client.android.AndroidDriver
Capabilities {app: C:\Users\92336\git\InfoCabs..., appActivity: com.infosun.csandroidx.acti..., appPackage: com.Infosun.AbbeySwiftCars, autoAcceptAlerts: true, autoGrantPermissions: true, databaseEnabled: false, desired: {app: C:\Users\92336\git\InfoCabs..., appActivity: com.infosun.csandroidx.acti..., appPackage: com.Infosun.AbbeySwiftCars, autoAcceptAlerts: true, autoGrantPermissions: true, deviceName: Galaxy J7 Pro, newCommandTimeout: 60, platformName: android, platformVersion: 7, resetKeyboard: false, udid: 52006c45b4f164dd, unicodeKeyboard: false}, deviceApiLevel: 24, deviceManufacturer: samsung, deviceModel: SM-J730F, deviceName: 52006c45b4f164dd, deviceScreenDensity: 420, deviceScreenSize: 1080x1920, deviceUDID: 52006c45b4f164dd, javascriptEnabled: true, locationContextEnabled: false, networkConnectionEnabled: true, newCommandTimeout: 60, pixelRatio: 2.625, platform: LINUX, platformName: Android, platformVersion: 7.0, resetKeyboard: false, statBarHeight: 63, takesScreenshot: true, udid: 52006c45b4f164dd, unicodeKeyboard: false, viewportRect: {height: 1857, left: 0, top: 63, width: 1080}, warnings: {}, webStorageEnabled: false}
Session ID: fb5d0237-7f6a-42c4-b448-e39ab6bd19da">
      <![CDATA[org.openqa.selenium.StaleElementReferenceException: The element 'By.id: com.Infosun.AbbeySwiftCars:id/tv_welcome' does not exist in DOM anymore
For documentation on this error, please visit: https://www.seleniumhq.org/exceptions/stale_element_reference.html
Build info: version: '3.141.59', revision: 'e82be7d358', time: '2018-11-14T08:17:03'
System info: host: 'DESKTOP-CSMSJ8J', ip: '192.168.0.199', os.name: 'Windows 10', os.arch: 'amd64', os.version: '10.0', java.version: '1.8.0_261'
Driver info: io.appium.java_client.android.AndroidDriver
Capabilities {app: C:\Users\92336\git\InfoCabs..., appActivity: com.infosun.csandroidx.acti..., appPackage: com.Infosun.AbbeySwiftCars, autoAcceptAlerts: true, autoGrantPermissions: true, databaseEnabled: false, desired: {app: C:\Users\92336\git\InfoCabs..., appActivity: com.infosun.csandroidx.acti..., appPackage: com.Infosun.AbbeySwiftCars, autoAcceptAlerts: true, autoGrantPermissions: true, deviceName: Galaxy J7 Pro, newCommandTimeout: 60, platformName: android, platformVersion: 7, resetKeyboard: false, udid: 52006c45b4f164dd, unicodeKeyboard: false}, deviceApiLevel: 24, deviceManufacturer: samsung, deviceModel: SM-J730F, deviceName: 52006c45b4f164dd, deviceScreenDensity: 420, deviceScreenSize: 1080x1920, deviceUDID: 52006c45b4f164dd, javascriptEnabled: true, locationContextEnabled: false, networkConnectionEnabled: true, newCommandTimeout: 60, pixelRatio: 2.625, platform: LINUX, platformName: Android, platformVersion: 7.0, resetKeyboard: false, statBarHeight: 63, takesScreenshot: true, udid: 52006c45b4f164dd, unicodeKeyboard: false, viewportRect: {height: 1857, left: 0, top: 63, width: 1080}, warnings: {}, webStorageEnabled: false}
Session ID: fb5d0237-7f6a-42c4-b448-e39ab6bd19da
at sun.reflect.NativeConstructorAccessorImpl.newInstance0(Native Method)
at sun.reflect.NativeConstructorAccessorImpl.newInstance(NativeConstructorAccessorImpl.java:62)
at sun.reflect.DelegatingConstructorAccessorImpl.newInstance(DelegatingConstructorAccessorImpl.java:45)
at java.lang.reflect.Constructor.newInstance(Constructor.java:423)
at org.openqa.selenium.remote.http.W3CHttpResponseCodec.createException(W3CHttpResponseCodec.java:187)
at org.openqa.selenium.remote.http.W3CHttpResponseCodec.decode(W3CHttpResponseCodec.java:122)
at org.openqa.selenium.remote.http.W3CHttpResponseCodec.decode(W3CHttpResponseCodec.java:49)
at org.openqa.selenium.remote.HttpCommandExecutor.execute(HttpCommandExecutor.java:158)
at io.appium.java_client.remote.AppiumCommandExecutor.execute(AppiumCommandExecutor.java:239)
at org.openqa.selenium.remote.RemoteWebDriver.execute(RemoteWebDriver.java:552)
at io.appium.java_client.DefaultGenericMobileDriver.execute(DefaultGenericMobileDriver.java:41)
at io.appium.java_client.AppiumDriver.execute(AppiumDriver.java:1)
at io.appium.java_client.android.AndroidDriver.execute(AndroidDriver.java:1)
at org.openqa.selenium.remote.RemoteWebElement.execute(RemoteWebElement.java:285)
at io.appium.java_client.DefaultGenericMobileElement.execute(DefaultGenericMobileElement.java:45)
at io.appium.java_client.MobileElement.execute(MobileElement.java:1)
at io.appium.java_client.android.AndroidElement.execute(AndroidElement.java:1)
at org.openqa.selenium.remote.RemoteWebElement.isDisplayed(RemoteWebElement.java:326)
at com.InfoCabs.testcases.CreateNewUserPage_TestCases_72_82.Test_CreateNewuserPage_VerifyPin_Screen_Verify_Text_76(CreateNewUserPage_TestCases_72_82.java:84)
at sun.reflect.NativeMethodAccessorImpl.invoke0(Native Method)
at sun.reflect.NativeMethodAccessorImpl.invoke(NativeMethodAccessorImpl.java:62)
at sun.reflect.DelegatingMethodAccessorImpl.invoke(DelegatingMethodAccessorImpl.java:43)
at java.lang.reflect.Method.invoke(Method.java:498)
at org.testng.internal.MethodInvocationHelper.invokeMethod(MethodInvocationHelper.java:133)
at org.testng.internal.TestInvoker.invokeMethod(TestInvoker.java:584)
at org.testng.internal.TestInvoker.invokeTestMethod(TestInvoker.java:172)
at org.testng.internal.MethodRunner.runInSequence(MethodRunner.java:46)
at org.testng.internal.TestInvoker$MethodInvocationAgent.invoke(TestInvoker.java:804)
at org.testng.internal.TestInvoker.invokeTestMethods(TestInvoker.java:145)
at org.testng.internal.TestMethodWorker.invokeTestMethods(TestMethodWorker.java:146)
at org.testng.internal.TestMethodWorker.run(TestMethodWorker.java:128)
at java.util.ArrayList.forEach(ArrayList.java:1259)
at org.testng.TestRunner.privateRun(TestRunner.java:770)
at org.testng.TestRunner.run(TestRunner.java:591)
at org.testng.SuiteRunner.runTest(SuiteRunner.java:402)
at org.testng.SuiteRunner.runSequentially(SuiteRunner.java:396)
at org.testng.SuiteRunner.privateRun(SuiteRunner.java:355)
at org.testng.SuiteRunner.run(SuiteRunner.java:304)
at org.testng.SuiteRunnerWorker.runSuite(SuiteRunnerWorker.java:53)
at org.testng.SuiteRunnerWorker.run(SuiteRunnerWorker.java:96)
at org.testng.TestNG.runSuitesSequentially(TestNG.java:1180)
at org.testng.TestNG.runSuitesLocally(TestNG.java:1102)
at org.testng.TestNG.runSuites(TestNG.java:1032)
at org.testng.TestNG.run(TestNG.java:1000)
at org.testng.remote.AbstractRemoteTestNG.run(AbstractRemoteTestNG.java:115)
at org.testng.remote.RemoteTestNG.initAndRun(RemoteTestNG.java:251)
at org.testng.remote.RemoteTestNG.main(RemoteTestNG.java:77)
]]>
    </error>
  </testcase> <!-- Test_CreateNewuserPage_VerifyPin_Screen_Verify_Text_76 -->
  <testcase name="Test_CreateNewuserPage_VerifyPin_Screen_PleaseEnter_Text_77" time="4.296" classname="com.InfoCabs.testcases.CreateNewUserPage_TestCases_72_82"/>
  <testcase name="Test_CreateNewuserPage_VerifyPin_Screen_Didntget_Text_78" time="2.284" classname="com.InfoCabs.testcases.CreateNewUserPage_TestCases_72_82"/>
  <testcase name="Test_CreateNewuserPage_VerifyPin_Screen_ResendButton_Text_79" time="2.756" classname="com.InfoCabs.testcases.CreateNewUserPage_TestCases_72_82"/>
  <testcase name="Test_CreateNewuserPage_VerifyPin_Screen_After_Text_80" time="2.312" classname="com.InfoCabs.testcases.CreateNewUserPage_TestCases_72_82"/>
  <testcase name="Test_CreateNewuserPage_VerifyPin_Screen_Counter_Text_81" time="4.676" classname="com.InfoCabs.testcases.CreateNewUserPage_TestCases_72_82"/>
  <testcase name="Test_CreateNewuserPage_VerifyPin_Screen_VerifyButton_Text_82" time="0.071" classname="com.InfoCabs.testcases.CreateNewUserPage_TestCases_72_82"/>
  <testcase name="ClickOn_VerifyButton_without_Entering_PinCode" time="1.029" classname="com.InfoCabs.testcases.CreateNewUserPage_TestCases_72_82"/>
  <testcase name="Check_for_Invalid_PinCode_onVerifyScreen" time="2.946" classname="com.InfoCabs.testcases.CreateNewUserPage_TestCases_72_82"/>
  <testcase name="ClickOn_ResendButton_onVerifyPin_Screen" time="1.986" classname="com.InfoCabs.testcases.CreateNewUserPage_TestCases_72_82"/>
  <testcase name="Check_for_valid_PinCode_onVerifyScreen_87" time="8.560" classname="com.InfoCabs.testcases.CreateNewUserPage_TestCases_72_82"/>
</testsuite> <!-- com.InfoCabs.testcases.CreateNewUserPage_TestCases_72_82 -->
