<?xml version="1.0" encoding="UTF-8"?>
<!-- Generated by org.testng.reporters.JUnitReportReporter -->
<testsuite skipped="0" hostname="DESKTOP-CSMSJ8J" name="com.InfoCabs.testcases.CreateNewUserPage_TestCases_42_71" tests="29" failures="1" timestamp="2020-12-28T17:16:37 PKT" time="37.508" errors="0">
  <testcase name="Test_LoginPage_NewUserAccount_Button_isWorking_42" time="2.774" classname="com.InfoCabs.testcases.CreateNewUserPage_TestCases_42_71"/>
  <testcase name="Test_CreateNewUserPage_Logo_44" time="5.759" classname="com.InfoCabs.testcases.CreateNewUserPage_TestCases_42_71"/>
  <testcase name="Test_CreateNewUserPage_PhoneNumber_Icon_45" time="0.069" classname="com.InfoCabs.testcases.CreateNewUserPage_TestCases_42_71"/>
  <testcase name="Test_CreateNewUserPage_CountryFlag_Icon_46" time="0.082" classname="com.InfoCabs.testcases.CreateNewUserPage_TestCases_42_71"/>
  <testcase name="Test_CreateNewUserPage_PasswordVisiblity_icon_47" time="0.124" classname="com.InfoCabs.testcases.CreateNewUserPage_TestCases_42_71"/>
  <testcase name="Test_CreateNewUserPage_Welcome_Text_48" time="0.121" classname="com.InfoCabs.testcases.CreateNewUserPage_TestCases_42_71"/>
  <testcase name="Test_CreateNewUserPage_Please_Signup_Continue_Text_49" time="0.138" classname="com.InfoCabs.testcases.CreateNewUserPage_TestCases_42_71"/>
  <testcase name="Test_CreateNewUserPage_PhoneNumber_Text_50" time="0.154" classname="com.InfoCabs.testcases.CreateNewUserPage_TestCases_42_71"/>
  <testcase name="Test_CreateNewUserPage_Country_Code_is_Present_51" time="0.132" classname="com.InfoCabs.testcases.CreateNewUserPage_TestCases_42_71"/>
  <testcase name="Test_CreateNewUserPage_AlreadyUser_Text_52" time="0.119" classname="com.InfoCabs.testcases.CreateNewUserPage_TestCases_42_71"/>
  <testcase name="Test_CreateNewUserPage_LoginNow_Text_53" time="2.303" classname="com.InfoCabs.testcases.CreateNewUserPage_TestCases_42_71"/>
  <testcase name="Test_CreateNewUserPage_SiginUpButton_Text_54" time="2.243" classname="com.InfoCabs.testcases.CreateNewUserPage_TestCases_42_71"/>
  <testcase name="Test_CreateNewUserPage_NameRequired_errorMessage_55" time="1.185" classname="com.InfoCabs.testcases.CreateNewUserPage_TestCases_42_71"/>
  <testcase name="Test_CreateNewUserPage_EnterValid_UserName_56" time="0.751" classname="com.InfoCabs.testcases.CreateNewUserPage_TestCases_42_71"/>
  <testcase name="Test_CreateNewUserPage_PhoneNumber_Required_errorMessage_57" time="1.283" classname="com.InfoCabs.testcases.CreateNewUserPage_TestCases_42_71"/>
  <testcase name="Test_CreateNewUserPage_PhoneNumber_Invalid_errorMessage_58" time="1.332" classname="com.InfoCabs.testcases.CreateNewUserPage_TestCases_42_71"/>
  <testcase name="Test_CreateNewUserPage_EnterValid_PhoneNumber_59" time="1.162" classname="com.InfoCabs.testcases.CreateNewUserPage_TestCases_42_71"/>
  <testcase name="Test_CreateNewUserPage_Email_Required_errorMessage_60" time="1.730" classname="com.InfoCabs.testcases.CreateNewUserPage_TestCases_42_71"/>
  <testcase name="Test_CreateNewUserPage_Emailaddress_Invalid_errorMessage_61" time="0.674" classname="com.InfoCabs.testcases.CreateNewUserPage_TestCases_42_71"/>
  <testcase name="Test_CreateNewUserPage_Password_Required_errorMessage_62" time="1.628" classname="com.InfoCabs.testcases.CreateNewUserPage_TestCases_42_71"/>
  <testcase name="Test_CreateNewUserPage_Enter_Invalid_Password_63" time="1.536" classname="com.InfoCabs.testcases.CreateNewUserPage_TestCases_42_71"/>
  <testcase name="Test_CreateNewUserPage_Email_vlidation_errorMessage_Text_64" time="0.600" classname="com.InfoCabs.testcases.CreateNewUserPage_TestCases_42_71"/>
  <testcase name="Test_CreateNewUserPage_Enter_Valid_Emailaddress_65" time="1.339" classname="com.InfoCabs.testcases.CreateNewUserPage_TestCases_42_71"/>
  <testcase name="Test_CreateNewUserPage_Password_vlidation_errorMessage_66" time="1.676" classname="com.InfoCabs.testcases.CreateNewUserPage_TestCases_42_71"/>
  <testcase name="Test_CreateNewUserPage_Valid_Password_inupt_67" time="1.386" classname="com.InfoCabs.testcases.CreateNewUserPage_TestCases_42_71"/>
  <testcase name="Test_CreateNewUserPage_PasswordView_eyeIcon_MakePassword_Visisble_68" time="1.308" classname="com.InfoCabs.testcases.CreateNewUserPage_TestCases_42_71">
    <failure type="java.lang.AssertionError" message="expected [12345678] but found [12345678, Password]">
      <![CDATA[java.lang.AssertionError: expected [12345678] but found [12345678, Password]
at org.testng.Assert.fail(Assert.java:97)
at org.testng.Assert.assertEqualsImpl(Assert.java:136)
at org.testng.Assert.assertEquals(Assert.java:118)
at org.testng.Assert.assertEquals(Assert.java:575)
at org.testng.Assert.assertEquals(Assert.java:585)
at com.InfoCabs.testcases.CreateNewUserPage_TestCases_42_71.Test_CreateNewUserPage_PasswordView_eyeIcon_MakePassword_Visisble_68(CreateNewUserPage_TestCases_42_71.java:388)
at sun.reflect.NativeMethodAccessorImpl.invoke0(Native Method)
at sun.reflect.NativeMethodAccessorImpl.invoke(NativeMethodAccessorImpl.java:62)
at sun.reflect.DelegatingMethodAccessorImpl.invoke(DelegatingMethodAccessorImpl.java:43)
at java.lang.reflect.Method.invoke(Method.java:498)
at org.testng.internal.MethodInvocationHelper.invokeMethod(MethodInvocationHelper.java:133)
at org.testng.internal.TestInvoker.invokeMethod(TestInvoker.java:584)
at org.testng.internal.TestInvoker.invokeTestMethod(TestInvoker.java:172)
at org.testng.internal.MethodRunner.runInSequence(MethodRunner.java:46)
at org.testng.internal.TestInvoker$MethodInvocationAgent.invoke(TestInvoker.java:804)
at org.testng.internal.TestInvoker.invokeTestMethods(TestInvoker.java:145)
at org.testng.internal.TestMethodWorker.invokeTestMethods(TestMethodWorker.java:146)
at org.testng.internal.TestMethodWorker.run(TestMethodWorker.java:128)
at java.util.ArrayList.forEach(ArrayList.java:1259)
at org.testng.TestRunner.privateRun(TestRunner.java:770)
at org.testng.TestRunner.run(TestRunner.java:591)
at org.testng.SuiteRunner.runTest(SuiteRunner.java:402)
at org.testng.SuiteRunner.runSequentially(SuiteRunner.java:396)
at org.testng.SuiteRunner.privateRun(SuiteRunner.java:355)
at org.testng.SuiteRunner.run(SuiteRunner.java:304)
at org.testng.SuiteRunnerWorker.runSuite(SuiteRunnerWorker.java:53)
at org.testng.SuiteRunnerWorker.run(SuiteRunnerWorker.java:96)
at org.testng.TestNG.runSuitesSequentially(TestNG.java:1180)
at org.testng.TestNG.runSuitesLocally(TestNG.java:1102)
at org.testng.TestNG.runSuites(TestNG.java:1032)
at org.testng.TestNG.run(TestNG.java:1000)
at org.testng.remote.AbstractRemoteTestNG.run(AbstractRemoteTestNG.java:115)
at org.testng.remote.RemoteTestNG.initAndRun(RemoteTestNG.java:251)
at org.testng.remote.RemoteTestNG.main(RemoteTestNG.java:77)
]]>
    </failure>
  </testcase> <!-- Test_CreateNewUserPage_PasswordView_eyeIcon_MakePassword_Visisble_68 -->
  <testcase name="Test_CreateNewUserPage_PhoneNumberAlready_registered_errorMessage_69" time="2.141" classname="com.InfoCabs.testcases.CreateNewUserPage_TestCases_42_71"/>
  <testcase name="Test_CreateNewUserPage_EmailAlready_registered_errorMessage_70" time="3.434" classname="com.InfoCabs.testcases.CreateNewUserPage_TestCases_42_71"/>
  <testcase name="Test_CreateNewUserPage_To_ClickOn_LoginNow_Button_which_BringUser_User_to_Loginpage_71" time="0.325" classname="com.InfoCabs.testcases.CreateNewUserPage_TestCases_42_71"/>
</testsuite> <!-- com.InfoCabs.testcases.CreateNewUserPage_TestCases_42_71 -->
