<?xml version="1.0" encoding="UTF-8"?>
<!-- Generated by org.testng.reporters.JUnitReportReporter -->
<testsuite skipped="0" hostname="DESKTOP-CSMSJ8J" name="com.InfoCabs.testcases.ConfirmYourRidePage_TestCases" tests="17" failures="0" timestamp="2020-12-15T01:13:09 PKT" time="70.816" errors="2">
  <testcase name="Test_ConfirmYourRidePage_Confirmride_Text_120" time="2.120" classname="com.InfoCabs.testcases.ConfirmYourRidePage_TestCases"/>
  <testcase name="Test_ConfirmYourRidePage_Notification_Icon_121" time="2.113" classname="com.InfoCabs.testcases.ConfirmYourRidePage_TestCases"/>
  <testcase name="Test_ConfirmYourRidePage_Pickup_Icon_122" time="2.090" classname="com.InfoCabs.testcases.ConfirmYourRidePage_TestCases"/>
  <testcase name="Test_ConfirmYourRidePage_Dropoff_Icon_123" time="2.096" classname="com.InfoCabs.testcases.ConfirmYourRidePage_TestCases"/>
  <testcase name="Test_ConfirmYourRidePage_PickUpAddress_Verification_Text_124" time="2.153" classname="com.InfoCabs.testcases.ConfirmYourRidePage_TestCases"/>
  <testcase name="Test_ConfirmYourRidePage_DropoffAddress_Verification_Text_125" time="12.314" classname="com.InfoCabs.testcases.ConfirmYourRidePage_TestCases">
    <error type="org.openqa.selenium.NoSuchElementException" message="An element could not be located on the page using the given search parameters.
For documentation on this error, please visit: https://www.seleniumhq.org/exceptions/no_such_element.html
Build info: version: &#039;3.141.59&#039;, revision: &#039;e82be7d358&#039;, time: &#039;2018-11-14T08:17:03&#039;
System info: host: &#039;DESKTOP-CSMSJ8J&#039;, ip: &#039;192.168.43.163&#039;, os.name: &#039;Windows 10&#039;, os.arch: &#039;amd64&#039;, os.version: &#039;10.0&#039;, java.version: &#039;1.8.0_261&#039;
Driver info: io.appium.java_client.android.AndroidDriver
Capabilities {app: C:\Users\92336\eclipse-work..., appActivity: com.infosun.csandroidx.acti..., appPackage: com.infocabs.expresscars, autoAcceptAlerts: true, autoGrantPermissions: true, databaseEnabled: false, desired: {app: C:\Users\92336\eclipse-work..., appActivity: com.infosun.csandroidx.acti..., appPackage: com.infocabs.expresscars, autoAcceptAlerts: true, autoGrantPermissions: true, deviceName: Galaxy A31, newCommandTimeout: 60, platformName: android, platformVersion: 10, resetKeyboard: false, udid: RF8NA302BXL, unicodeKeyboard: false}, deviceApiLevel: 29, deviceManufacturer: samsung, deviceModel: SM-A315F, deviceName: RF8NA302BXL, deviceScreenDensity: 420, deviceScreenSize: 1080x2400, deviceUDID: RF8NA302BXL, javascriptEnabled: true, locationContextEnabled: false, networkConnectionEnabled: true, newCommandTimeout: 60, pixelRatio: 2.625, platform: LINUX, platformName: Android, platformVersion: 10, resetKeyboard: false, statBarHeight: 83, takesScreenshot: true, udid: RF8NA302BXL, unicodeKeyboard: false, viewportRect: {height: 2112, left: 0, top: 83, width: 1080}, warnings: {}, webStorageEnabled: false}
Session ID: fc70edba-aa98-4ef9-84d1-ca0b5bca94a9
*** Element info: {Using=id, value=com.infocabs.expresscars:id/v_destination}">
      <![CDATA[org.openqa.selenium.NoSuchElementException: An element could not be located on the page using the given search parameters.
For documentation on this error, please visit: https://www.seleniumhq.org/exceptions/no_such_element.html
Build info: version: '3.141.59', revision: 'e82be7d358', time: '2018-11-14T08:17:03'
System info: host: 'DESKTOP-CSMSJ8J', ip: '192.168.43.163', os.name: 'Windows 10', os.arch: 'amd64', os.version: '10.0', java.version: '1.8.0_261'
Driver info: io.appium.java_client.android.AndroidDriver
Capabilities {app: C:\Users\92336\eclipse-work..., appActivity: com.infosun.csandroidx.acti..., appPackage: com.infocabs.expresscars, autoAcceptAlerts: true, autoGrantPermissions: true, databaseEnabled: false, desired: {app: C:\Users\92336\eclipse-work..., appActivity: com.infosun.csandroidx.acti..., appPackage: com.infocabs.expresscars, autoAcceptAlerts: true, autoGrantPermissions: true, deviceName: Galaxy A31, newCommandTimeout: 60, platformName: android, platformVersion: 10, resetKeyboard: false, udid: RF8NA302BXL, unicodeKeyboard: false}, deviceApiLevel: 29, deviceManufacturer: samsung, deviceModel: SM-A315F, deviceName: RF8NA302BXL, deviceScreenDensity: 420, deviceScreenSize: 1080x2400, deviceUDID: RF8NA302BXL, javascriptEnabled: true, locationContextEnabled: false, networkConnectionEnabled: true, newCommandTimeout: 60, pixelRatio: 2.625, platform: LINUX, platformName: Android, platformVersion: 10, resetKeyboard: false, statBarHeight: 83, takesScreenshot: true, udid: RF8NA302BXL, unicodeKeyboard: false, viewportRect: {height: 2112, left: 0, top: 83, width: 1080}, warnings: {}, webStorageEnabled: false}
Session ID: fc70edba-aa98-4ef9-84d1-ca0b5bca94a9
*** Element info: {Using=id, value=com.infocabs.expresscars:id/v_destination}
at sun.reflect.NativeConstructorAccessorImpl.newInstance0(Native Method)
at sun.reflect.NativeConstructorAccessorImpl.newInstance(NativeConstructorAccessorImpl.java:62)
at sun.reflect.DelegatingConstructorAccessorImpl.newInstance(DelegatingConstructorAccessorImpl.java:45)
at java.lang.reflect.Constructor.newInstance(Constructor.java:423)
at org.openqa.selenium.remote.http.W3CHttpResponseCodec.createException(W3CHttpResponseCodec.java:187)
at org.openqa.selenium.remote.http.W3CHttpResponseCodec.decode(W3CHttpResponseCodec.java:122)
at org.openqa.selenium.remote.http.W3CHttpResponseCodec.decode(W3CHttpResponseCodec.java:49)
at org.openqa.selenium.remote.HttpCommandExecutor.execute(HttpCommandExecutor.java:158)
at io.appium.java_client.remote.AppiumCommandExecutor.execute(AppiumCommandExecutor.java:239)
at org.openqa.selenium.remote.RemoteWebDriver.execute(RemoteWebDriver.java:552)
at io.appium.java_client.DefaultGenericMobileDriver.execute(DefaultGenericMobileDriver.java:41)
at io.appium.java_client.AppiumDriver.execute(AppiumDriver.java:1)
at io.appium.java_client.android.AndroidDriver.execute(AndroidDriver.java:1)
at org.openqa.selenium.remote.RemoteWebDriver.findElement(RemoteWebDriver.java:323)
at io.appium.java_client.DefaultGenericMobileDriver.findElement(DefaultGenericMobileDriver.java:61)
at io.appium.java_client.AppiumDriver.findElement(AppiumDriver.java:1)
at io.appium.java_client.android.AndroidDriver.findElement(AndroidDriver.java:1)
at org.openqa.selenium.remote.RemoteWebDriver.findElementById(RemoteWebDriver.java:372)
at io.appium.java_client.DefaultGenericMobileDriver.findElementById(DefaultGenericMobileDriver.java:69)
at io.appium.java_client.AppiumDriver.findElementById(AppiumDriver.java:1)
at io.appium.java_client.android.AndroidDriver.findElementById(AndroidDriver.java:1)
at org.openqa.selenium.By$ById.findElement(By.java:188)
at org.openqa.selenium.remote.RemoteWebDriver.findElement(RemoteWebDriver.java:315)
at io.appium.java_client.DefaultGenericMobileDriver.findElement(DefaultGenericMobileDriver.java:57)
at io.appium.java_client.AppiumDriver.findElement(AppiumDriver.java:1)
at io.appium.java_client.android.AndroidDriver.findElement(AndroidDriver.java:1)
at com.InfoCabs.testcases.ConfirmYourRidePage_TestCases.Test_ConfirmYourRidePage_DropoffAddress_Verification_Text_125(ConfirmYourRidePage_TestCases.java:80)
at sun.reflect.NativeMethodAccessorImpl.invoke0(Native Method)
at sun.reflect.NativeMethodAccessorImpl.invoke(NativeMethodAccessorImpl.java:62)
at sun.reflect.DelegatingMethodAccessorImpl.invoke(DelegatingMethodAccessorImpl.java:43)
at java.lang.reflect.Method.invoke(Method.java:498)
at org.testng.internal.MethodInvocationHelper.invokeMethod(MethodInvocationHelper.java:133)
at org.testng.internal.TestInvoker.invokeMethod(TestInvoker.java:584)
at org.testng.internal.TestInvoker.invokeTestMethod(TestInvoker.java:172)
at org.testng.internal.MethodRunner.runInSequence(MethodRunner.java:46)
at org.testng.internal.TestInvoker$MethodInvocationAgent.invoke(TestInvoker.java:804)
at org.testng.internal.TestInvoker.invokeTestMethods(TestInvoker.java:145)
at org.testng.internal.TestMethodWorker.invokeTestMethods(TestMethodWorker.java:146)
at org.testng.internal.TestMethodWorker.run(TestMethodWorker.java:128)
at java.util.ArrayList.forEach(ArrayList.java:1259)
at org.testng.TestRunner.privateRun(TestRunner.java:770)
at org.testng.TestRunner.run(TestRunner.java:591)
at org.testng.SuiteRunner.runTest(SuiteRunner.java:402)
at org.testng.SuiteRunner.runSequentially(SuiteRunner.java:396)
at org.testng.SuiteRunner.privateRun(SuiteRunner.java:355)
at org.testng.SuiteRunner.run(SuiteRunner.java:304)
at org.testng.SuiteRunnerWorker.runSuite(SuiteRunnerWorker.java:53)
at org.testng.SuiteRunnerWorker.run(SuiteRunnerWorker.java:96)
at org.testng.TestNG.runSuitesSequentially(TestNG.java:1180)
at org.testng.TestNG.runSuitesLocally(TestNG.java:1102)
at org.testng.TestNG.runSuites(TestNG.java:1032)
at org.testng.TestNG.run(TestNG.java:1000)
at org.testng.remote.AbstractRemoteTestNG.run(AbstractRemoteTestNG.java:115)
at org.testng.remote.RemoteTestNG.initAndRun(RemoteTestNG.java:251)
at org.testng.remote.RemoteTestNG.main(RemoteTestNG.java:77)
]]>
    </error>
  </testcase> <!-- Test_ConfirmYourRidePage_DropoffAddress_Verification_Text_125 -->
  <testcase name="Test_ConfirmYourRidePage_AddNotes_Text_Verification_126" time="2.130" classname="com.InfoCabs.testcases.ConfirmYourRidePage_TestCases"/>
  <testcase name="Test_ConfirmYourRidePage_SaloonCar_Text_arePresent_127" time="2.128" classname="com.InfoCabs.testcases.ConfirmYourRidePage_TestCases"/>
  <testcase name="Test_ConfirmYourRidePage_CarImage_arePresent_127" time="2.064" classname="com.InfoCabs.testcases.ConfirmYourRidePage_TestCases"/>
  <testcase name="Test_ConfirmYourRidePage_EstimatedFares_Text_arePresent_128" time="12.251" classname="com.InfoCabs.testcases.ConfirmYourRidePage_TestCases">
    <error type="org.openqa.selenium.NoSuchElementException" message="An element could not be located on the page using the given search parameters.
For documentation on this error, please visit: https://www.seleniumhq.org/exceptions/no_such_element.html
Build info: version: &#039;3.141.59&#039;, revision: &#039;e82be7d358&#039;, time: &#039;2018-11-14T08:17:03&#039;
System info: host: &#039;DESKTOP-CSMSJ8J&#039;, ip: &#039;192.168.43.163&#039;, os.name: &#039;Windows 10&#039;, os.arch: &#039;amd64&#039;, os.version: &#039;10.0&#039;, java.version: &#039;1.8.0_261&#039;
Driver info: io.appium.java_client.android.AndroidDriver
Capabilities {app: C:\Users\92336\eclipse-work..., appActivity: com.infosun.csandroidx.acti..., appPackage: com.infocabs.expresscars, autoAcceptAlerts: true, autoGrantPermissions: true, databaseEnabled: false, desired: {app: C:\Users\92336\eclipse-work..., appActivity: com.infosun.csandroidx.acti..., appPackage: com.infocabs.expresscars, autoAcceptAlerts: true, autoGrantPermissions: true, deviceName: Galaxy A31, newCommandTimeout: 60, platformName: android, platformVersion: 10, resetKeyboard: false, udid: RF8NA302BXL, unicodeKeyboard: false}, deviceApiLevel: 29, deviceManufacturer: samsung, deviceModel: SM-A315F, deviceName: RF8NA302BXL, deviceScreenDensity: 420, deviceScreenSize: 1080x2400, deviceUDID: RF8NA302BXL, javascriptEnabled: true, locationContextEnabled: false, networkConnectionEnabled: true, newCommandTimeout: 60, pixelRatio: 2.625, platform: LINUX, platformName: Android, platformVersion: 10, resetKeyboard: false, statBarHeight: 83, takesScreenshot: true, udid: RF8NA302BXL, unicodeKeyboard: false, viewportRect: {height: 2112, left: 0, top: 83, width: 1080}, warnings: {}, webStorageEnabled: false}
Session ID: fc70edba-aa98-4ef9-84d1-ca0b5bca94a9
*** Element info: {Using=id, value=com.infocabs.expresscars:id/v_hint}">
      <![CDATA[org.openqa.selenium.NoSuchElementException: An element could not be located on the page using the given search parameters.
For documentation on this error, please visit: https://www.seleniumhq.org/exceptions/no_such_element.html
Build info: version: '3.141.59', revision: 'e82be7d358', time: '2018-11-14T08:17:03'
System info: host: 'DESKTOP-CSMSJ8J', ip: '192.168.43.163', os.name: 'Windows 10', os.arch: 'amd64', os.version: '10.0', java.version: '1.8.0_261'
Driver info: io.appium.java_client.android.AndroidDriver
Capabilities {app: C:\Users\92336\eclipse-work..., appActivity: com.infosun.csandroidx.acti..., appPackage: com.infocabs.expresscars, autoAcceptAlerts: true, autoGrantPermissions: true, databaseEnabled: false, desired: {app: C:\Users\92336\eclipse-work..., appActivity: com.infosun.csandroidx.acti..., appPackage: com.infocabs.expresscars, autoAcceptAlerts: true, autoGrantPermissions: true, deviceName: Galaxy A31, newCommandTimeout: 60, platformName: android, platformVersion: 10, resetKeyboard: false, udid: RF8NA302BXL, unicodeKeyboard: false}, deviceApiLevel: 29, deviceManufacturer: samsung, deviceModel: SM-A315F, deviceName: RF8NA302BXL, deviceScreenDensity: 420, deviceScreenSize: 1080x2400, deviceUDID: RF8NA302BXL, javascriptEnabled: true, locationContextEnabled: false, networkConnectionEnabled: true, newCommandTimeout: 60, pixelRatio: 2.625, platform: LINUX, platformName: Android, platformVersion: 10, resetKeyboard: false, statBarHeight: 83, takesScreenshot: true, udid: RF8NA302BXL, unicodeKeyboard: false, viewportRect: {height: 2112, left: 0, top: 83, width: 1080}, warnings: {}, webStorageEnabled: false}
Session ID: fc70edba-aa98-4ef9-84d1-ca0b5bca94a9
*** Element info: {Using=id, value=com.infocabs.expresscars:id/v_hint}
at sun.reflect.NativeConstructorAccessorImpl.newInstance0(Native Method)
at sun.reflect.NativeConstructorAccessorImpl.newInstance(NativeConstructorAccessorImpl.java:62)
at sun.reflect.DelegatingConstructorAccessorImpl.newInstance(DelegatingConstructorAccessorImpl.java:45)
at java.lang.reflect.Constructor.newInstance(Constructor.java:423)
at org.openqa.selenium.remote.http.W3CHttpResponseCodec.createException(W3CHttpResponseCodec.java:187)
at org.openqa.selenium.remote.http.W3CHttpResponseCodec.decode(W3CHttpResponseCodec.java:122)
at org.openqa.selenium.remote.http.W3CHttpResponseCodec.decode(W3CHttpResponseCodec.java:49)
at org.openqa.selenium.remote.HttpCommandExecutor.execute(HttpCommandExecutor.java:158)
at io.appium.java_client.remote.AppiumCommandExecutor.execute(AppiumCommandExecutor.java:239)
at org.openqa.selenium.remote.RemoteWebDriver.execute(RemoteWebDriver.java:552)
at io.appium.java_client.DefaultGenericMobileDriver.execute(DefaultGenericMobileDriver.java:41)
at io.appium.java_client.AppiumDriver.execute(AppiumDriver.java:1)
at io.appium.java_client.android.AndroidDriver.execute(AndroidDriver.java:1)
at org.openqa.selenium.remote.RemoteWebDriver.findElement(RemoteWebDriver.java:323)
at io.appium.java_client.DefaultGenericMobileDriver.findElement(DefaultGenericMobileDriver.java:61)
at io.appium.java_client.AppiumDriver.findElement(AppiumDriver.java:1)
at io.appium.java_client.android.AndroidDriver.findElement(AndroidDriver.java:1)
at org.openqa.selenium.remote.RemoteWebDriver.findElementById(RemoteWebDriver.java:372)
at io.appium.java_client.DefaultGenericMobileDriver.findElementById(DefaultGenericMobileDriver.java:69)
at io.appium.java_client.AppiumDriver.findElementById(AppiumDriver.java:1)
at io.appium.java_client.android.AndroidDriver.findElementById(AndroidDriver.java:1)
at org.openqa.selenium.By$ById.findElement(By.java:188)
at org.openqa.selenium.remote.RemoteWebDriver.findElement(RemoteWebDriver.java:315)
at io.appium.java_client.DefaultGenericMobileDriver.findElement(DefaultGenericMobileDriver.java:57)
at io.appium.java_client.AppiumDriver.findElement(AppiumDriver.java:1)
at io.appium.java_client.android.AndroidDriver.findElement(AndroidDriver.java:1)
at com.InfoCabs.testcases.ConfirmYourRidePage_TestCases.Test_ConfirmYourRidePage_EstimatedFares_Text_arePresent_128(ConfirmYourRidePage_TestCases.java:132)
at sun.reflect.NativeMethodAccessorImpl.invoke0(Native Method)
at sun.reflect.NativeMethodAccessorImpl.invoke(NativeMethodAccessorImpl.java:62)
at sun.reflect.DelegatingMethodAccessorImpl.invoke(DelegatingMethodAccessorImpl.java:43)
at java.lang.reflect.Method.invoke(Method.java:498)
at org.testng.internal.MethodInvocationHelper.invokeMethod(MethodInvocationHelper.java:133)
at org.testng.internal.TestInvoker.invokeMethod(TestInvoker.java:584)
at org.testng.internal.TestInvoker.invokeTestMethod(TestInvoker.java:172)
at org.testng.internal.MethodRunner.runInSequence(MethodRunner.java:46)
at org.testng.internal.TestInvoker$MethodInvocationAgent.invoke(TestInvoker.java:804)
at org.testng.internal.TestInvoker.invokeTestMethods(TestInvoker.java:145)
at org.testng.internal.TestMethodWorker.invokeTestMethods(TestMethodWorker.java:146)
at org.testng.internal.TestMethodWorker.run(TestMethodWorker.java:128)
at java.util.ArrayList.forEach(ArrayList.java:1259)
at org.testng.TestRunner.privateRun(TestRunner.java:770)
at org.testng.TestRunner.run(TestRunner.java:591)
at org.testng.SuiteRunner.runTest(SuiteRunner.java:402)
at org.testng.SuiteRunner.runSequentially(SuiteRunner.java:396)
at org.testng.SuiteRunner.privateRun(SuiteRunner.java:355)
at org.testng.SuiteRunner.run(SuiteRunner.java:304)
at org.testng.SuiteRunnerWorker.runSuite(SuiteRunnerWorker.java:53)
at org.testng.SuiteRunnerWorker.run(SuiteRunnerWorker.java:96)
at org.testng.TestNG.runSuitesSequentially(TestNG.java:1180)
at org.testng.TestNG.runSuitesLocally(TestNG.java:1102)
at org.testng.TestNG.runSuites(TestNG.java:1032)
at org.testng.TestNG.run(TestNG.java:1000)
at org.testng.remote.AbstractRemoteTestNG.run(AbstractRemoteTestNG.java:115)
at org.testng.remote.RemoteTestNG.initAndRun(RemoteTestNG.java:251)
at org.testng.remote.RemoteTestNG.main(RemoteTestNG.java:77)
]]>
    </error>
  </testcase> <!-- Test_ConfirmYourRidePage_EstimatedFares_Text_arePresent_128 -->
  <testcase name="Test_ConfirmYourRidePage_FaresValue_inNumbers_129" time="2.087" classname="com.InfoCabs.testcases.ConfirmYourRidePage_TestCases"/>
  <testcase name="Test_ConfirmYourRidePage_AddPromocode_Text_arePresent_130" time="2.148" classname="com.InfoCabs.testcases.ConfirmYourRidePage_TestCases"/>
  <testcase name="Test_ConfirmYourRidePage_Paymentmethod_icon_arePresent_131" time="2.112" classname="com.InfoCabs.testcases.ConfirmYourRidePage_TestCases"/>
  <testcase name="Test_ConfirmYourRidePage_Cash_Text_arePresent_132" time="2.164" classname="com.InfoCabs.testcases.ConfirmYourRidePage_TestCases"/>
  <testcase name="Test_ConfirmYourRidePage_LetsGo_Button_Text_arePresent_133" time="2.161" classname="com.InfoCabs.testcases.ConfirmYourRidePage_TestCases"/>
  <testcase name="Test_ConfirmYourRidePage_AddNote_toTheDriver_134" time="6.479" classname="com.InfoCabs.testcases.ConfirmYourRidePage_TestCases"/>
  <testcase name="Test_MConfirmYourRidePage_ClickOn_LetsGo_Button_135" time="12.206" classname="com.InfoCabs.testcases.ConfirmYourRidePage_TestCases"/>
</testsuite> <!-- com.InfoCabs.testcases.ConfirmYourRidePage_TestCases -->
