<?xml version="1.0" encoding="UTF-8"?>
<!-- Generated by org.testng.reporters.JUnitReportReporter -->
<testsuite skipped="0" hostname="DESKTOP-CSMSJ8J" name="com.InfoCabs.testcases.Book_SaloonWith_PrmoCode_233_262" tests="10" failures="1" timestamp="2020-12-28T23:51:09 PKT" time="56.573" errors="0">
  <testcase name="Test_LoginPage_Allow_user_to_LoginWith_valid_credential_21" time="13.668" classname="com.InfoCabs.testcases.Book_SaloonWith_PrmoCode_233_262"/>
  <testcase name="Test_Book_SaloonWith_PrmoCode_EnterDropofAddress_Cab_234" time="11.546" classname="com.InfoCabs.testcases.Book_SaloonWith_PrmoCode_233_262"/>
  <testcase name="Test_Book_SaloonWith_PrmoCode_ClickOnBookNow_Button_Cab_234" time="9.668" classname="com.InfoCabs.testcases.Book_SaloonWith_PrmoCode_233_262"/>
  <testcase name="Test_Book_SaloonWith_PrmoCode_ClickOn_AddPrmoCode_Button_Cab_235" time="4.644" classname="com.InfoCabs.testcases.Book_SaloonWith_PrmoCode_233_262"/>
  <testcase name="Test_Book_SaloonWith_PrmoCode_CrossButton_is_present_236" time="2.248" classname="com.InfoCabs.testcases.Book_SaloonWith_PrmoCode_233_262"/>
  <testcase name="Test_Book_SaloonWith_PrmoCode_EnterPromoCode_Text_arePresent_237" time="2.188" classname="com.InfoCabs.testcases.Book_SaloonWith_PrmoCode_233_262"/>
  <testcase name="Test_Book_SaloonWith_PrmoCode_EnterPromoCode_Text_arePresent_238" time="2.378" classname="com.InfoCabs.testcases.Book_SaloonWith_PrmoCode_233_262"/>
  <testcase name="Test_Book_SaloonWith_PrmoCode_EnterPrmocodeFirst_Validation_Text_arePresent_239" time="2.155" classname="com.InfoCabs.testcases.Book_SaloonWith_PrmoCode_233_262"/>
  <testcase name="Test_Book_SaloonWith_PrmoCode_Enter_InvalidPromocode_chk_Validation_240" time="5.921" classname="com.InfoCabs.testcases.Book_SaloonWith_PrmoCode_233_262"/>
  <testcase name="Test_Book_SaloonWith_PrmoCode_InvalidPromoCode_Validation_Text_arePresent_241" time="2.157" classname="com.InfoCabs.testcases.Book_SaloonWith_PrmoCode_233_262">
    <failure type="java.lang.AssertionError" message="expected [You have entered an invalid code. Please check the spellings again.] but found [Enter promo code first]">
      <![CDATA[java.lang.AssertionError: expected [You have entered an invalid code. Please check the spellings again.] but found [Enter promo code first]
at org.testng.Assert.fail(Assert.java:97)
at org.testng.Assert.assertEqualsImpl(Assert.java:136)
at org.testng.Assert.assertEquals(Assert.java:118)
at org.testng.Assert.assertEquals(Assert.java:575)
at org.testng.Assert.assertEquals(Assert.java:585)
at com.InfoCabs.testcases.Book_SaloonWith_PrmoCode_233_262.Test_Book_SaloonWith_PrmoCode_InvalidPromoCode_Validation_Text_arePresent_241(Book_SaloonWith_PrmoCode_233_262.java:178)
at sun.reflect.NativeMethodAccessorImpl.invoke0(Native Method)
at sun.reflect.NativeMethodAccessorImpl.invoke(NativeMethodAccessorImpl.java:62)
at sun.reflect.DelegatingMethodAccessorImpl.invoke(DelegatingMethodAccessorImpl.java:43)
at java.lang.reflect.Method.invoke(Method.java:498)
at org.testng.internal.MethodInvocationHelper.invokeMethod(MethodInvocationHelper.java:133)
at org.testng.internal.TestInvoker.invokeMethod(TestInvoker.java:584)
at org.testng.internal.TestInvoker.invokeTestMethod(TestInvoker.java:172)
at org.testng.internal.MethodRunner.runInSequence(MethodRunner.java:46)
at org.testng.internal.TestInvoker$MethodInvocationAgent.invoke(TestInvoker.java:804)
at org.testng.internal.TestInvoker.invokeTestMethods(TestInvoker.java:145)
at org.testng.internal.TestMethodWorker.invokeTestMethods(TestMethodWorker.java:146)
at org.testng.internal.TestMethodWorker.run(TestMethodWorker.java:128)
at java.util.ArrayList.forEach(ArrayList.java:1259)
at org.testng.TestRunner.privateRun(TestRunner.java:770)
at org.testng.TestRunner.run(TestRunner.java:591)
at org.testng.SuiteRunner.runTest(SuiteRunner.java:402)
at org.testng.SuiteRunner.runSequentially(SuiteRunner.java:396)
at org.testng.SuiteRunner.privateRun(SuiteRunner.java:355)
at org.testng.SuiteRunner.run(SuiteRunner.java:304)
at org.testng.SuiteRunnerWorker.runSuite(SuiteRunnerWorker.java:53)
at org.testng.SuiteRunnerWorker.run(SuiteRunnerWorker.java:96)
at org.testng.TestNG.runSuitesSequentially(TestNG.java:1180)
at org.testng.TestNG.runSuitesLocally(TestNG.java:1102)
at org.testng.TestNG.runSuites(TestNG.java:1032)
at org.testng.TestNG.run(TestNG.java:1000)
at org.testng.remote.AbstractRemoteTestNG.run(AbstractRemoteTestNG.java:115)
at org.testng.remote.RemoteTestNG.initAndRun(RemoteTestNG.java:251)
at org.testng.remote.RemoteTestNG.main(RemoteTestNG.java:77)
]]>
    </failure>
  </testcase> <!-- Test_Book_SaloonWith_PrmoCode_InvalidPromoCode_Validation_Text_arePresent_241 -->
</testsuite> <!-- com.InfoCabs.testcases.Book_SaloonWith_PrmoCode_233_262 -->
