<?xml version="1.0" encoding="UTF-8"?>
<!-- Generated by org.testng.reporters.JUnitReportReporter -->
<testsuite skipped="0" hostname="DESKTOP-CSMSJ8J" name="com.InfoCabs.testcases.Book_8_Seater_with_PromoCode_TestCases_467_502" tests="36" failures="0" timestamp="2021-01-28T20:53:46 PKT" time="303.714" errors="1">
  <testcase name="Test_Book_8_Seater_with_PromoCode_EnterDropofAddress_Cab_467" time="15.697" classname="com.InfoCabs.testcases.Book_8_Seater_with_PromoCode_TestCases_467_502"/>
  <testcase name="Test_Book_8_Seater_with_PromoCode_ClickOnBookNow_Button_Cab_468" time="10.054" classname="com.InfoCabs.testcases.Book_8_Seater_with_PromoCode_TestCases_467_502"/>
  <testcase name="Test_Book_8_Seater_with_PromoCode_Moveto_8_Seater_469" time="11.028" classname="com.InfoCabs.testcases.Book_8_Seater_with_PromoCode_TestCases_467_502"/>
  <testcase name="Test_Book_8_Seater_with_PromoCode_8_Seater_Text_arePresent_470" time="2.177" classname="com.InfoCabs.testcases.Book_8_Seater_with_PromoCode_TestCases_467_502"/>
  <testcase name="Test_Book_8_Seater_with_PromoCode_ClickOnBookNow_Button_Cab_471" time="8.524" classname="com.InfoCabs.testcases.Book_8_Seater_with_PromoCode_TestCases_467_502"/>
  <testcase name="Test_Book_8_Seater_With_PrmoCode_ClickOn_AddPrmoCode_Button_Cab_472" time="4.478" classname="com.InfoCabs.testcases.Book_8_Seater_with_PromoCode_TestCases_467_502"/>
  <testcase name="Test_Book_8_Seater_with_PromoCode_CrossButton_is_present_473" time="2.241" classname="com.InfoCabs.testcases.Book_8_Seater_with_PromoCode_TestCases_467_502"/>
  <testcase name="Test_Book_8_Seater_with_PromoCode_EnterPromoCode_Text_arePresent_474" time="2.136" classname="com.InfoCabs.testcases.Book_8_Seater_with_PromoCode_TestCases_467_502"/>
  <testcase name="Test_Book_8_Seater_with_PromoCode_EnterPromoCode_Text_arePresent_475" time="2.266" classname="com.InfoCabs.testcases.Book_8_Seater_with_PromoCode_TestCases_467_502"/>
  <testcase name="Test_Book_8_Seater_with_PromoCode_EnterPrmocodeFirst_Validation_Text_arePresent_476" time="2.140" classname="com.InfoCabs.testcases.Book_8_Seater_with_PromoCode_TestCases_467_502"/>
  <testcase name="Test_Book_8_Seater_with_PromoCode_Enter_InvalidPromocode_chk_Validation_477" time="8.381" classname="com.InfoCabs.testcases.Book_8_Seater_with_PromoCode_TestCases_467_502"/>
  <testcase name="Test_Book_8_Seater_with_PromoCode_InvalidPromoCode_Validation_Text_arePresent_478" time="2.145" classname="com.InfoCabs.testcases.Book_8_Seater_with_PromoCode_TestCases_467_502"/>
  <testcase name="Test_Book_8_Seater_with_PromoCode_Enter_validPromocode_chk_Validation_479" time="5.923" classname="com.InfoCabs.testcases.Book_8_Seater_with_PromoCode_TestCases_467_502"/>
  <testcase name="Test_BBook_8_Seater_with_PromoCode_validPromoCode_Validation_Text_arePresent_480" time="2.142" classname="com.InfoCabs.testcases.Book_8_Seater_with_PromoCode_TestCases_467_502"/>
  <testcase name="Test_Book_8_Seater_with_PromoCode_SuccessMessage_Code_481" time="2.313" classname="com.InfoCabs.testcases.Book_8_Seater_with_PromoCode_TestCases_467_502"/>
  <testcase name="Test_Book_8_Seater_with_PromoCode_PromoCode_Text_Validation_482" time="2.190" classname="com.InfoCabs.testcases.Book_8_Seater_with_PromoCode_TestCases_467_502"/>
  <testcase name="Test_Book_8_Seater_with_PromoCode_Without_Discount_Price_483" time="2.147" classname="com.InfoCabs.testcases.Book_8_Seater_with_PromoCode_TestCases_467_502"/>
  <testcase name="Test_Book_8_Seater_with_PromoCode_With_DiscountPrice_484" time="2.106" classname="com.InfoCabs.testcases.Book_8_Seater_with_PromoCode_TestCases_467_502"/>
  <testcase name="Test_Book_8_Seater_with_PromoCode_Select_Cash_FromDrop_484" time="5.407" classname="com.InfoCabs.testcases.Book_8_Seater_with_PromoCode_TestCases_467_502"/>
  <testcase name="Test_Book_8_Seater_with_PromoCode_ClickOnBookConfirmButton_485" time="9.497" classname="com.InfoCabs.testcases.Book_8_Seater_with_PromoCode_TestCases_467_502"/>
  <testcase name="Test_Book_8_Seater_with_PromoCode_Push_CustomerApp_toBackground_and_start_RiderApp_486" time="10.450" classname="com.InfoCabs.testcases.Book_8_Seater_with_PromoCode_TestCases_467_502"/>
  <testcase name="Test_Book_8_Seater_with_PromoCode_AcceptCustomer_ride_488" time="8.260" classname="com.InfoCabs.testcases.Book_8_Seater_with_PromoCode_TestCases_467_502"/>
  <testcase name="Test_Book_8_Seater_with_PromoCode_Push_Rider_toBackground_and_start_CustomerApp_489" time="19.642" classname="com.InfoCabs.testcases.Book_8_Seater_with_PromoCode_TestCases_467_502"/>
  <testcase name="Test_Book_8_Seater_with_PromoCode_weHave_Sent_Text_arePresent_490" time="66.647" classname="com.InfoCabs.testcases.Book_8_Seater_with_PromoCode_TestCases_467_502">
    <error type="org.openqa.selenium.NoSuchElementException" message="An element could not be located on the page using the given search parameters.
For documentation on this error, please visit: https://www.seleniumhq.org/exceptions/no_such_element.html
Build info: version: &#039;3.141.59&#039;, revision: &#039;e82be7d358&#039;, time: &#039;2018-11-14T08:17:03&#039;
System info: host: &#039;DESKTOP-CSMSJ8J&#039;, ip: &#039;192.168.0.199&#039;, os.name: &#039;Windows 10&#039;, os.arch: &#039;amd64&#039;, os.version: &#039;10.0&#039;, java.version: &#039;1.8.0_261&#039;
Driver info: io.appium.java_client.android.AndroidDriver
Capabilities {app: C:\Users\92336\git\InfoCabs..., appActivity: com.infosun.csandroidx.acti..., appPackage: com.infosun.dialaride, autoAcceptAlerts: true, autoGrantPermissions: true, databaseEnabled: false, desired: {app: C:\Users\92336\git\InfoCabs..., appActivity: com.infosun.csandroidx.acti..., appPackage: com.infosun.dialaride, autoAcceptAlerts: true, autoGrantPermissions: true, deviceName: Galaxy J7 Pro, newCommandTimeout: 60, platformName: android, platformVersion: 7, resetKeyboard: false, udid: 52006c45b4f164dd, unicodeKeyboard: false}, deviceApiLevel: 24, deviceManufacturer: samsung, deviceModel: SM-J730F, deviceName: 52006c45b4f164dd, deviceScreenDensity: 420, deviceScreenSize: 1080x1920, deviceUDID: 52006c45b4f164dd, javascriptEnabled: true, locationContextEnabled: false, networkConnectionEnabled: true, newCommandTimeout: 60, pixelRatio: 2.625, platform: LINUX, platformName: Android, platformVersion: 7.0, resetKeyboard: false, statBarHeight: 63, takesScreenshot: true, udid: 52006c45b4f164dd, unicodeKeyboard: false, viewportRect: {height: 1857, left: 0, top: 63, width: 1080}, warnings: {}, webStorageEnabled: false}
Session ID: 3c6b46af-5002-4049-8c30-b472f0d0283f
*** Element info: {Using=id, value=com.infosun.dialaride:id/tv_head}">
      <![CDATA[org.openqa.selenium.NoSuchElementException: An element could not be located on the page using the given search parameters.
For documentation on this error, please visit: https://www.seleniumhq.org/exceptions/no_such_element.html
Build info: version: '3.141.59', revision: 'e82be7d358', time: '2018-11-14T08:17:03'
System info: host: 'DESKTOP-CSMSJ8J', ip: '192.168.0.199', os.name: 'Windows 10', os.arch: 'amd64', os.version: '10.0', java.version: '1.8.0_261'
Driver info: io.appium.java_client.android.AndroidDriver
Capabilities {app: C:\Users\92336\git\InfoCabs..., appActivity: com.infosun.csandroidx.acti..., appPackage: com.infosun.dialaride, autoAcceptAlerts: true, autoGrantPermissions: true, databaseEnabled: false, desired: {app: C:\Users\92336\git\InfoCabs..., appActivity: com.infosun.csandroidx.acti..., appPackage: com.infosun.dialaride, autoAcceptAlerts: true, autoGrantPermissions: true, deviceName: Galaxy J7 Pro, newCommandTimeout: 60, platformName: android, platformVersion: 7, resetKeyboard: false, udid: 52006c45b4f164dd, unicodeKeyboard: false}, deviceApiLevel: 24, deviceManufacturer: samsung, deviceModel: SM-J730F, deviceName: 52006c45b4f164dd, deviceScreenDensity: 420, deviceScreenSize: 1080x1920, deviceUDID: 52006c45b4f164dd, javascriptEnabled: true, locationContextEnabled: false, networkConnectionEnabled: true, newCommandTimeout: 60, pixelRatio: 2.625, platform: LINUX, platformName: Android, platformVersion: 7.0, resetKeyboard: false, statBarHeight: 63, takesScreenshot: true, udid: 52006c45b4f164dd, unicodeKeyboard: false, viewportRect: {height: 1857, left: 0, top: 63, width: 1080}, warnings: {}, webStorageEnabled: false}
Session ID: 3c6b46af-5002-4049-8c30-b472f0d0283f
*** Element info: {Using=id, value=com.infosun.dialaride:id/tv_head}
at sun.reflect.NativeConstructorAccessorImpl.newInstance0(Native Method)
at sun.reflect.NativeConstructorAccessorImpl.newInstance(NativeConstructorAccessorImpl.java:62)
at sun.reflect.DelegatingConstructorAccessorImpl.newInstance(DelegatingConstructorAccessorImpl.java:45)
at java.lang.reflect.Constructor.newInstance(Constructor.java:423)
at org.openqa.selenium.remote.http.W3CHttpResponseCodec.createException(W3CHttpResponseCodec.java:187)
at org.openqa.selenium.remote.http.W3CHttpResponseCodec.decode(W3CHttpResponseCodec.java:122)
at org.openqa.selenium.remote.http.W3CHttpResponseCodec.decode(W3CHttpResponseCodec.java:49)
at org.openqa.selenium.remote.HttpCommandExecutor.execute(HttpCommandExecutor.java:158)
at io.appium.java_client.remote.AppiumCommandExecutor.execute(AppiumCommandExecutor.java:239)
at org.openqa.selenium.remote.RemoteWebDriver.execute(RemoteWebDriver.java:552)
at io.appium.java_client.DefaultGenericMobileDriver.execute(DefaultGenericMobileDriver.java:41)
at io.appium.java_client.AppiumDriver.execute(AppiumDriver.java:1)
at io.appium.java_client.android.AndroidDriver.execute(AndroidDriver.java:1)
at org.openqa.selenium.remote.RemoteWebDriver.findElement(RemoteWebDriver.java:323)
at io.appium.java_client.DefaultGenericMobileDriver.findElement(DefaultGenericMobileDriver.java:61)
at io.appium.java_client.AppiumDriver.findElement(AppiumDriver.java:1)
at io.appium.java_client.android.AndroidDriver.findElement(AndroidDriver.java:1)
at org.openqa.selenium.remote.RemoteWebDriver.findElementById(RemoteWebDriver.java:372)
at io.appium.java_client.DefaultGenericMobileDriver.findElementById(DefaultGenericMobileDriver.java:69)
at io.appium.java_client.AppiumDriver.findElementById(AppiumDriver.java:1)
at io.appium.java_client.android.AndroidDriver.findElementById(AndroidDriver.java:1)
at org.openqa.selenium.By$ById.findElement(By.java:188)
at org.openqa.selenium.remote.RemoteWebDriver.findElement(RemoteWebDriver.java:315)
at io.appium.java_client.DefaultGenericMobileDriver.findElement(DefaultGenericMobileDriver.java:57)
at io.appium.java_client.AppiumDriver.findElement(AppiumDriver.java:1)
at io.appium.java_client.android.AndroidDriver.findElement(AndroidDriver.java:1)
at com.InfoCabs.testcases.Book_8_Seater_with_PromoCode_TestCases_467_502.Test_Book_8_Seater_with_PromoCode_weHave_Sent_Text_arePresent_490(Book_8_Seater_with_PromoCode_TestCases_467_502.java:434)
at sun.reflect.NativeMethodAccessorImpl.invoke0(Native Method)
at sun.reflect.NativeMethodAccessorImpl.invoke(NativeMethodAccessorImpl.java:62)
at sun.reflect.DelegatingMethodAccessorImpl.invoke(DelegatingMethodAccessorImpl.java:43)
at java.lang.reflect.Method.invoke(Method.java:498)
at org.testng.internal.MethodInvocationHelper.invokeMethod(MethodInvocationHelper.java:133)
at org.testng.internal.TestInvoker.invokeMethod(TestInvoker.java:584)
at org.testng.internal.TestInvoker.invokeTestMethod(TestInvoker.java:172)
at org.testng.internal.MethodRunner.runInSequence(MethodRunner.java:46)
at org.testng.internal.TestInvoker$MethodInvocationAgent.invoke(TestInvoker.java:804)
at org.testng.internal.TestInvoker.invokeTestMethods(TestInvoker.java:145)
at org.testng.internal.TestMethodWorker.invokeTestMethods(TestMethodWorker.java:146)
at org.testng.internal.TestMethodWorker.run(TestMethodWorker.java:128)
at java.util.ArrayList.forEach(ArrayList.java:1259)
at org.testng.TestRunner.privateRun(TestRunner.java:770)
at org.testng.TestRunner.run(TestRunner.java:591)
at org.testng.SuiteRunner.runTest(SuiteRunner.java:402)
at org.testng.SuiteRunner.runSequentially(SuiteRunner.java:396)
at org.testng.SuiteRunner.privateRun(SuiteRunner.java:355)
at org.testng.SuiteRunner.run(SuiteRunner.java:304)
at org.testng.SuiteRunnerWorker.runSuite(SuiteRunnerWorker.java:53)
at org.testng.SuiteRunnerWorker.run(SuiteRunnerWorker.java:96)
at org.testng.TestNG.runSuitesSequentially(TestNG.java:1180)
at org.testng.TestNG.runSuitesLocally(TestNG.java:1102)
at org.testng.TestNG.runSuites(TestNG.java:1032)
at org.testng.TestNG.run(TestNG.java:1000)
at org.testng.remote.AbstractRemoteTestNG.run(AbstractRemoteTestNG.java:115)
at org.testng.remote.RemoteTestNG.initAndRun(RemoteTestNG.java:251)
at org.testng.remote.RemoteTestNG.main(RemoteTestNG.java:77)
]]>
    </error>
  </testcase> <!-- Test_Book_8_Seater_with_PromoCode_weHave_Sent_Text_arePresent_490 -->
  <testcase name="Test_Book_8_Seater_with_PromoCode_Push_CustomerApp_toBackground_and_start_RiderApp_491" time="13.561" classname="com.InfoCabs.testcases.Book_8_Seater_with_PromoCode_TestCases_467_502"/>
  <testcase name="Test_Book_8_Seater_with_PromoCode_ClickOnWait_ride_492" time="4.274" classname="com.InfoCabs.testcases.Book_8_Seater_with_PromoCode_TestCases_467_502"/>
  <testcase name="Test_Book_8_Seater_with_PromoCode_ClickOnPOB_Button_ride_493" time="4.303" classname="com.InfoCabs.testcases.Book_8_Seater_with_PromoCode_TestCases_467_502"/>
  <testcase name="Test_Book_8_Seater_with_PromoCode_Push_Rider_toBackground_and_start_CustomerApp_494" time="19.708" classname="com.InfoCabs.testcases.Book_8_Seater_with_PromoCode_TestCases_467_502"/>
  <testcase name="Test_Book_8_With_PrmoCode_You_arein_yourway_Text_arePresent_495" time="15.323" classname="com.InfoCabs.testcases.Book_8_Seater_with_PromoCode_TestCases_467_502"/>
  <testcase name="Test_Book_8_Seater_with_PromoCode_CS_App_Push_CustomerApp_toBackground_and_start_RiderApp_496" time="9.500" classname="com.InfoCabs.testcases.Book_8_Seater_with_PromoCode_TestCases_467_502"/>
  <testcase name="Test_Book_8_Seater_with_PromoCode_ClickOnSTC_ride_497" time="4.460" classname="com.InfoCabs.testcases.Book_8_Seater_with_PromoCode_TestCases_467_502"/>
  <testcase name="Test_Book_8_Seater_with_PromoCode_ClickOn_Clear_ride_498" time="4.327" classname="com.InfoCabs.testcases.Book_8_Seater_with_PromoCode_TestCases_467_502"/>
  <testcase name="Test_Book_8_Seater_with_PromoCode_Push_Rider_toBackground_and_start_CustomerApp_499" time="6.895" classname="com.InfoCabs.testcases.Book_8_Seater_with_PromoCode_TestCases_467_502"/>
  <testcase name="Test_Book_8_Seater_with_PromoCode_Rate_your_ride_Text_arePresent_500" time="6.401" classname="com.InfoCabs.testcases.Book_8_Seater_with_PromoCode_TestCases_467_502"/>
  <testcase name="Test_Book_8_Seater_with_PromoCode_Feedback_Field_arePresent_501" time="2.761" classname="com.InfoCabs.testcases.Book_8_Seater_with_PromoCode_TestCases_467_502"/>
  <testcase name="Test_Book_8_Seater_with_PromoCode_SubmitFeedback_ButtonAndText_502" time="4.210" classname="com.InfoCabs.testcases.Book_8_Seater_with_PromoCode_TestCases_467_502"/>
</testsuite> <!-- com.InfoCabs.testcases.Book_8_Seater_with_PromoCode_TestCases_467_502 -->
