<?xml version="1.0" encoding="UTF-8"?>
<!-- Generated by org.testng.reporters.JUnitReportReporter -->
<testsuite skipped="0" hostname="DESKTOP-CSMSJ8J" name="com.InfoCabs.testcases.Check_Remeber_Feature_TestCases_754_768" tests="16" failures="2" timestamp="2021-03-04T16:05:54 PKT" time="190.910" errors="0">
  <testcase name="Test_Check_Remeber_Featur_Allow_user_to_LoginWith_valid_credential_754" time="15.042" classname="com.InfoCabs.testcases.Check_Remeber_Feature_TestCases_754_768"/>
  <testcase name="Test_Check_Remeber_Featur_User_Logout_from_Application_755" time="16.503" classname="com.InfoCabs.testcases.Check_Remeber_Feature_TestCases_754_768"/>
  <testcase name="Test_Check_Remeber_Featur_ForgotPhone_Number_Text_756" time="5.264" classname="com.InfoCabs.testcases.Check_Remeber_Feature_TestCases_754_768">
    <failure type="java.lang.AssertionError" message="expected [00923358391478] but found [12345678900]">
      <![CDATA[java.lang.AssertionError: expected [00923358391478] but found [12345678900]
at org.testng.Assert.fail(Assert.java:97)
at org.testng.Assert.assertEqualsImpl(Assert.java:136)
at org.testng.Assert.assertEquals(Assert.java:118)
at org.testng.Assert.assertEquals(Assert.java:575)
at org.testng.Assert.assertEquals(Assert.java:585)
at com.InfoCabs.testcases.Check_Remeber_Feature_TestCases_754_768.Test_Check_Remeber_Featur_ForgotPhone_Number_Text_756(Check_Remeber_Feature_TestCases_754_768.java:99)
at sun.reflect.NativeMethodAccessorImpl.invoke0(Native Method)
at sun.reflect.NativeMethodAccessorImpl.invoke(NativeMethodAccessorImpl.java:62)
at sun.reflect.DelegatingMethodAccessorImpl.invoke(DelegatingMethodAccessorImpl.java:43)
at java.lang.reflect.Method.invoke(Method.java:498)
at org.testng.internal.MethodInvocationHelper.invokeMethod(MethodInvocationHelper.java:133)
at org.testng.internal.TestInvoker.invokeMethod(TestInvoker.java:584)
at org.testng.internal.TestInvoker.invokeTestMethod(TestInvoker.java:172)
at org.testng.internal.MethodRunner.runInSequence(MethodRunner.java:46)
at org.testng.internal.TestInvoker$MethodInvocationAgent.invoke(TestInvoker.java:804)
at org.testng.internal.TestInvoker.invokeTestMethods(TestInvoker.java:145)
at org.testng.internal.TestMethodWorker.invokeTestMethods(TestMethodWorker.java:146)
at org.testng.internal.TestMethodWorker.run(TestMethodWorker.java:128)
at java.util.ArrayList.forEach(ArrayList.java:1259)
at org.testng.TestRunner.privateRun(TestRunner.java:770)
at org.testng.TestRunner.run(TestRunner.java:591)
at org.testng.SuiteRunner.runTest(SuiteRunner.java:402)
at org.testng.SuiteRunner.runSequentially(SuiteRunner.java:396)
at org.testng.SuiteRunner.privateRun(SuiteRunner.java:355)
at org.testng.SuiteRunner.run(SuiteRunner.java:304)
at org.testng.SuiteRunnerWorker.runSuite(SuiteRunnerWorker.java:53)
at org.testng.SuiteRunnerWorker.run(SuiteRunnerWorker.java:96)
at org.testng.TestNG.runSuitesSequentially(TestNG.java:1180)
at org.testng.TestNG.runSuitesLocally(TestNG.java:1102)
at org.testng.TestNG.runSuites(TestNG.java:1032)
at org.testng.TestNG.run(TestNG.java:1000)
at org.testng.remote.AbstractRemoteTestNG.run(AbstractRemoteTestNG.java:115)
at org.testng.remote.RemoteTestNG.initAndRun(RemoteTestNG.java:251)
at org.testng.remote.RemoteTestNG.main(RemoteTestNG.java:77)
]]>
    </failure>
  </testcase> <!-- Test_Check_Remeber_Featur_ForgotPhone_Number_Text_756 -->
  <testcase name="Test_Check_Remeber_Featur_ForgotPhone_Number_Text_757" time="0.788" classname="com.InfoCabs.testcases.Check_Remeber_Feature_TestCases_754_768">
    <failure type="java.lang.AssertionError" message="expected [12345678, Password] but found [Password]">
      <![CDATA[java.lang.AssertionError: expected [12345678, Password] but found [Password]
at org.testng.Assert.fail(Assert.java:97)
at org.testng.Assert.assertEqualsImpl(Assert.java:136)
at org.testng.Assert.assertEquals(Assert.java:118)
at org.testng.Assert.assertEquals(Assert.java:575)
at org.testng.Assert.assertEquals(Assert.java:585)
at com.InfoCabs.testcases.Check_Remeber_Feature_TestCases_754_768.Test_Check_Remeber_Featur_ForgotPhone_Number_Text_757(Check_Remeber_Feature_TestCases_754_768.java:115)
at sun.reflect.NativeMethodAccessorImpl.invoke0(Native Method)
at sun.reflect.NativeMethodAccessorImpl.invoke(NativeMethodAccessorImpl.java:62)
at sun.reflect.DelegatingMethodAccessorImpl.invoke(DelegatingMethodAccessorImpl.java:43)
at java.lang.reflect.Method.invoke(Method.java:498)
at org.testng.internal.MethodInvocationHelper.invokeMethod(MethodInvocationHelper.java:133)
at org.testng.internal.TestInvoker.invokeMethod(TestInvoker.java:584)
at org.testng.internal.TestInvoker.invokeTestMethod(TestInvoker.java:172)
at org.testng.internal.MethodRunner.runInSequence(MethodRunner.java:46)
at org.testng.internal.TestInvoker$MethodInvocationAgent.invoke(TestInvoker.java:804)
at org.testng.internal.TestInvoker.invokeTestMethods(TestInvoker.java:145)
at org.testng.internal.TestMethodWorker.invokeTestMethods(TestMethodWorker.java:146)
at org.testng.internal.TestMethodWorker.run(TestMethodWorker.java:128)
at java.util.ArrayList.forEach(ArrayList.java:1259)
at org.testng.TestRunner.privateRun(TestRunner.java:770)
at org.testng.TestRunner.run(TestRunner.java:591)
at org.testng.SuiteRunner.runTest(SuiteRunner.java:402)
at org.testng.SuiteRunner.runSequentially(SuiteRunner.java:396)
at org.testng.SuiteRunner.privateRun(SuiteRunner.java:355)
at org.testng.SuiteRunner.run(SuiteRunner.java:304)
at org.testng.SuiteRunnerWorker.runSuite(SuiteRunnerWorker.java:53)
at org.testng.SuiteRunnerWorker.run(SuiteRunnerWorker.java:96)
at org.testng.TestNG.runSuitesSequentially(TestNG.java:1180)
at org.testng.TestNG.runSuitesLocally(TestNG.java:1102)
at org.testng.TestNG.runSuites(TestNG.java:1032)
at org.testng.TestNG.run(TestNG.java:1000)
at org.testng.remote.AbstractRemoteTestNG.run(AbstractRemoteTestNG.java:115)
at org.testng.remote.RemoteTestNG.initAndRun(RemoteTestNG.java:251)
at org.testng.remote.RemoteTestNG.main(RemoteTestNG.java:77)
]]>
    </failure>
  </testcase> <!-- Test_Check_Remeber_Featur_ForgotPhone_Number_Text_757 -->
  <testcase name="Test_Check_Remeber_Featur_Allow_user_to_LoginWith_valid_credential_Loginagain_758" time="59.837" classname="com.InfoCabs.testcases.Check_Remeber_Feature_TestCases_754_768"/>
  <testcase name="Test_check_Remeber_Feature_Go_Back_ChangePWD_page_759" time="6.654" classname="com.InfoCabs.testcases.Check_Remeber_Feature_TestCases_754_768"/>
  <testcase name="Test_Check_Remeber_Feature_Change_PWD_again_to_Orignal_760" time="11.177" classname="com.InfoCabs.testcases.Check_Remeber_Feature_TestCases_754_768"/>
  <testcase name="Test_Check_Remeber_Feature_and_Logout_761" time="14.726" classname="com.InfoCabs.testcases.Check_Remeber_Feature_TestCases_754_768"/>
  <testcase name="Test_Check_Remeber_Feature_Check_BackButton_761" time="10.787" classname="com.InfoCabs.testcases.Check_Remeber_Feature_TestCases_754_768"/>
  <testcase name="Test_Check_Remeber_Featur_ForgotPhone_Number_Text_and_check_ChangePwd_762" time="0.688" classname="com.InfoCabs.testcases.Check_Remeber_Feature_TestCases_754_768"/>
  <testcase name="Test_Check_Remeber_Featur_Again_login__with_save_Pwd_763" time="4.440" classname="com.InfoCabs.testcases.Check_Remeber_Feature_TestCases_754_768"/>
  <testcase name="Test_check_Remeber_Feature_Go_Back_Again_to_ChangePWD_page_764" time="6.697" classname="com.InfoCabs.testcases.Check_Remeber_Feature_TestCases_754_768"/>
  <testcase name="Test_Check_Remeber_Feature__Check_Change_PWD_again_to_Orignal_765" time="11.205" classname="com.InfoCabs.testcases.Check_Remeber_Feature_TestCases_754_768"/>
  <testcase name="Test_Check_Remeber_Feature_Check_BackButton_on_2ndtime_766" time="11.578" classname="com.InfoCabs.testcases.Check_Remeber_Feature_TestCases_754_768"/>
  <testcase name="Test_Check_Remeber_Feature_and_Logout_for_3rd_time_767" time="14.759" classname="com.InfoCabs.testcases.Check_Remeber_Feature_TestCases_754_768"/>
  <testcase name="Test_Check_Remeber_Featur_check_ChangePwd_validation_768" time="0.765" classname="com.InfoCabs.testcases.Check_Remeber_Feature_TestCases_754_768"/>
</testsuite> <!-- com.InfoCabs.testcases.Check_Remeber_Feature_TestCases_754_768 -->
