<?xml version="1.0" encoding="UTF-8"?>
<!-- Generated by org.testng.reporters.JUnitReportReporter -->
<testsuite skipped="0" hostname="DESKTOP-CSMSJ8J" name="com.InfoCabs.testcases.ConfirmYourRidePage_TestCases_120_139" tests="29" failures="0" timestamp="2020-12-23T20:10:16 PKT" time="397.447" errors="3">
  <testcase name="Test_ConfirmYourRidePage_Confirmride_Text_120" time="2.190" classname="com.InfoCabs.testcases.ConfirmYourRidePage_TestCases_120_139"/>
  <testcase name="Test_ConfirmYourRidePage_Notification_Icon_121" time="2.116" classname="com.InfoCabs.testcases.ConfirmYourRidePage_TestCases_120_139"/>
  <testcase name="Test_ConfirmYourRidePage_Pickup_Icon_122" time="2.131" classname="com.InfoCabs.testcases.ConfirmYourRidePage_TestCases_120_139"/>
  <testcase name="Test_ConfirmYourRidePage_Dropoff_Icon_123" time="2.114" classname="com.InfoCabs.testcases.ConfirmYourRidePage_TestCases_120_139"/>
  <testcase name="Test_ConfirmYourRidePage_PickUpAddress_Verification_Text_124" time="2.179" classname="com.InfoCabs.testcases.ConfirmYourRidePage_TestCases_120_139"/>
  <testcase name="Test_ConfirmYourRidePage_DropoffAddress_Verification_Text_125" time="2.208" classname="com.InfoCabs.testcases.ConfirmYourRidePage_TestCases_120_139"/>
  <testcase name="Test_ConfirmYourRidePage_AddNotes_Text_Verification_126" time="2.152" classname="com.InfoCabs.testcases.ConfirmYourRidePage_TestCases_120_139"/>
  <testcase name="Test_ConfirmYourRidePage_CarImage_arePresent_127" time="2.125" classname="com.InfoCabs.testcases.ConfirmYourRidePage_TestCases_120_139"/>
  <testcase name="Test_ConfirmYourRidePage_SaloonCar_Text_arePresent_127" time="2.153" classname="com.InfoCabs.testcases.ConfirmYourRidePage_TestCases_120_139"/>
  <testcase name="Test_ConfirmYourRidePage_EstimatedFares_Text_arePresent_128" time="2.157" classname="com.InfoCabs.testcases.ConfirmYourRidePage_TestCases_120_139"/>
  <testcase name="Test_ConfirmYourRidePage_FaresValue_inNumbers_129" time="2.125" classname="com.InfoCabs.testcases.ConfirmYourRidePage_TestCases_120_139"/>
  <testcase name="Test_ConfirmYourRidePage_AddPromocode_Text_arePresent_130" time="2.150" classname="com.InfoCabs.testcases.ConfirmYourRidePage_TestCases_120_139"/>
  <testcase name="Test_ConfirmYourRidePage_Paymentmethod_icon_arePresent_131" time="2.117" classname="com.InfoCabs.testcases.ConfirmYourRidePage_TestCases_120_139"/>
  <testcase name="Test_ConfirmYourRidePage_Cash_Text_arePresent_132" time="2.145" classname="com.InfoCabs.testcases.ConfirmYourRidePage_TestCases_120_139"/>
  <testcase name="Test_ConfirmYourRidePage_LetsGo_Button_Text_arePresent_133" time="2.154" classname="com.InfoCabs.testcases.ConfirmYourRidePage_TestCases_120_139"/>
  <testcase name="Test_ConfirmYourRidePage_AddNote_toTheDriver_134" time="6.630" classname="com.InfoCabs.testcases.ConfirmYourRidePage_TestCases_120_139"/>
  <testcase name="Test_MConfirmYourRidePage_ClickOn_LetsGo_Button_135" time="12.244" classname="com.InfoCabs.testcases.ConfirmYourRidePage_TestCases_120_139"/>
  <testcase name="Test_ConfirmYourRidePage_HangOns_Text_arePresent_136" time="2.136" classname="com.InfoCabs.testcases.ConfirmYourRidePage_TestCases_120_139"/>
  <testcase name="Test_ConfirmYourRidePage_We_areSendingCab_Text_arePresent_137" time="2.245" classname="com.InfoCabs.testcases.ConfirmYourRidePage_TestCases_120_139"/>
  <testcase name="Test_ConfirmYourRidePage_CancleRide_Button_Text_arePresent_138" time="3.259" classname="com.InfoCabs.testcases.ConfirmYourRidePage_TestCases_120_139"/>
  <testcase name="Test_ConfirmYourRidePage_CancleRide_afterwaiting_60Sec_139" time="16.745" classname="com.InfoCabs.testcases.ConfirmYourRidePage_TestCases_120_139"/>
  <testcase name="Test_ConfirmYourRidePage_waitfor_OneMinute__1stime_Text_arePresent_140" time="62.723" classname="com.InfoCabs.testcases.ConfirmYourRidePage_TestCases_120_139"/>
  <testcase name="Test_ConfirmYourRidePage_Youare_at_Number_Text_arePresent_141" time="62.617" classname="com.InfoCabs.testcases.ConfirmYourRidePage_TestCases_120_139">
    <error type="org.openqa.selenium.NoSuchElementException" message="An element could not be located on the page using the given search parameters.
For documentation on this error, please visit: https://www.seleniumhq.org/exceptions/no_such_element.html
Build info: version: &#039;3.141.59&#039;, revision: &#039;e82be7d358&#039;, time: &#039;2018-11-14T08:17:03&#039;
System info: host: &#039;DESKTOP-CSMSJ8J&#039;, ip: &#039;192.168.43.163&#039;, os.name: &#039;Windows 10&#039;, os.arch: &#039;amd64&#039;, os.version: &#039;10.0&#039;, java.version: &#039;1.8.0_261&#039;
Driver info: io.appium.java_client.android.AndroidDriver
Capabilities {app: C:\Users\92336\eclipse-work..., appActivity: com.infosun.csandroidx.acti..., appPackage: com.infocabs.expresscars, autoAcceptAlerts: true, autoGrantPermissions: true, databaseEnabled: false, desired: {app: C:\Users\92336\eclipse-work..., appActivity: com.infosun.csandroidx.acti..., appPackage: com.infocabs.expresscars, autoAcceptAlerts: true, autoGrantPermissions: true, deviceName: Galaxy A31, newCommandTimeout: 60, platformName: android, platformVersion: 10, resetKeyboard: false, udid: RF8NA302BXL, unicodeKeyboard: false}, deviceApiLevel: 29, deviceManufacturer: samsung, deviceModel: SM-A315F, deviceName: RF8NA302BXL, deviceScreenDensity: 420, deviceScreenSize: 1080x2400, deviceUDID: RF8NA302BXL, javascriptEnabled: true, locationContextEnabled: false, networkConnectionEnabled: true, newCommandTimeout: 60, pixelRatio: 2.625, platform: LINUX, platformName: Android, platformVersion: 10, resetKeyboard: false, statBarHeight: 83, takesScreenshot: true, udid: RF8NA302BXL, unicodeKeyboard: false, viewportRect: {height: 2112, left: 0, top: 83, width: 1080}, warnings: {}, webStorageEnabled: false}
Session ID: 6e498d9e-eff2-4dae-87b3-6365701c64e6
*** Element info: {Using=xpath, value=android.widget.TextView[@text=&#039;You are at number&#039;]}">
      <![CDATA[org.openqa.selenium.NoSuchElementException: An element could not be located on the page using the given search parameters.
For documentation on this error, please visit: https://www.seleniumhq.org/exceptions/no_such_element.html
Build info: version: '3.141.59', revision: 'e82be7d358', time: '2018-11-14T08:17:03'
System info: host: 'DESKTOP-CSMSJ8J', ip: '192.168.43.163', os.name: 'Windows 10', os.arch: 'amd64', os.version: '10.0', java.version: '1.8.0_261'
Driver info: io.appium.java_client.android.AndroidDriver
Capabilities {app: C:\Users\92336\eclipse-work..., appActivity: com.infosun.csandroidx.acti..., appPackage: com.infocabs.expresscars, autoAcceptAlerts: true, autoGrantPermissions: true, databaseEnabled: false, desired: {app: C:\Users\92336\eclipse-work..., appActivity: com.infosun.csandroidx.acti..., appPackage: com.infocabs.expresscars, autoAcceptAlerts: true, autoGrantPermissions: true, deviceName: Galaxy A31, newCommandTimeout: 60, platformName: android, platformVersion: 10, resetKeyboard: false, udid: RF8NA302BXL, unicodeKeyboard: false}, deviceApiLevel: 29, deviceManufacturer: samsung, deviceModel: SM-A315F, deviceName: RF8NA302BXL, deviceScreenDensity: 420, deviceScreenSize: 1080x2400, deviceUDID: RF8NA302BXL, javascriptEnabled: true, locationContextEnabled: false, networkConnectionEnabled: true, newCommandTimeout: 60, pixelRatio: 2.625, platform: LINUX, platformName: Android, platformVersion: 10, resetKeyboard: false, statBarHeight: 83, takesScreenshot: true, udid: RF8NA302BXL, unicodeKeyboard: false, viewportRect: {height: 2112, left: 0, top: 83, width: 1080}, warnings: {}, webStorageEnabled: false}
Session ID: 6e498d9e-eff2-4dae-87b3-6365701c64e6
*** Element info: {Using=xpath, value=android.widget.TextView[@text='You are at number']}
at sun.reflect.NativeConstructorAccessorImpl.newInstance0(Native Method)
at sun.reflect.NativeConstructorAccessorImpl.newInstance(NativeConstructorAccessorImpl.java:62)
at sun.reflect.DelegatingConstructorAccessorImpl.newInstance(DelegatingConstructorAccessorImpl.java:45)
at java.lang.reflect.Constructor.newInstance(Constructor.java:423)
at org.openqa.selenium.remote.http.W3CHttpResponseCodec.createException(W3CHttpResponseCodec.java:187)
at org.openqa.selenium.remote.http.W3CHttpResponseCodec.decode(W3CHttpResponseCodec.java:122)
at org.openqa.selenium.remote.http.W3CHttpResponseCodec.decode(W3CHttpResponseCodec.java:49)
at org.openqa.selenium.remote.HttpCommandExecutor.execute(HttpCommandExecutor.java:158)
at io.appium.java_client.remote.AppiumCommandExecutor.execute(AppiumCommandExecutor.java:239)
at org.openqa.selenium.remote.RemoteWebDriver.execute(RemoteWebDriver.java:552)
at io.appium.java_client.DefaultGenericMobileDriver.execute(DefaultGenericMobileDriver.java:41)
at io.appium.java_client.AppiumDriver.execute(AppiumDriver.java:1)
at io.appium.java_client.android.AndroidDriver.execute(AndroidDriver.java:1)
at org.openqa.selenium.remote.RemoteWebDriver.findElement(RemoteWebDriver.java:323)
at io.appium.java_client.DefaultGenericMobileDriver.findElement(DefaultGenericMobileDriver.java:61)
at io.appium.java_client.AppiumDriver.findElement(AppiumDriver.java:1)
at io.appium.java_client.android.AndroidDriver.findElement(AndroidDriver.java:1)
at org.openqa.selenium.remote.RemoteWebDriver.findElementByXPath(RemoteWebDriver.java:428)
at io.appium.java_client.DefaultGenericMobileDriver.findElementByXPath(DefaultGenericMobileDriver.java:151)
at io.appium.java_client.AppiumDriver.findElementByXPath(AppiumDriver.java:1)
at io.appium.java_client.android.AndroidDriver.findElementByXPath(AndroidDriver.java:1)
at org.openqa.selenium.By$ByXPath.findElement(By.java:353)
at org.openqa.selenium.remote.RemoteWebDriver.findElement(RemoteWebDriver.java:315)
at io.appium.java_client.DefaultGenericMobileDriver.findElement(DefaultGenericMobileDriver.java:57)
at io.appium.java_client.AppiumDriver.findElement(AppiumDriver.java:1)
at io.appium.java_client.android.AndroidDriver.findElement(AndroidDriver.java:1)
at com.InfoCabs.testcases.ConfirmYourRidePage_TestCases_120_139.Test_ConfirmYourRidePage_Youare_at_Number_Text_arePresent_141(ConfirmYourRidePage_TestCases_120_139.java:326)
at sun.reflect.NativeMethodAccessorImpl.invoke0(Native Method)
at sun.reflect.NativeMethodAccessorImpl.invoke(NativeMethodAccessorImpl.java:62)
at sun.reflect.DelegatingMethodAccessorImpl.invoke(DelegatingMethodAccessorImpl.java:43)
at java.lang.reflect.Method.invoke(Method.java:498)
at org.testng.internal.MethodInvocationHelper.invokeMethod(MethodInvocationHelper.java:133)
at org.testng.internal.TestInvoker.invokeMethod(TestInvoker.java:584)
at org.testng.internal.TestInvoker.invokeTestMethod(TestInvoker.java:172)
at org.testng.internal.MethodRunner.runInSequence(MethodRunner.java:46)
at org.testng.internal.TestInvoker$MethodInvocationAgent.invoke(TestInvoker.java:804)
at org.testng.internal.TestInvoker.invokeTestMethods(TestInvoker.java:145)
at org.testng.internal.TestMethodWorker.invokeTestMethods(TestMethodWorker.java:146)
at org.testng.internal.TestMethodWorker.run(TestMethodWorker.java:128)
at java.util.ArrayList.forEach(ArrayList.java:1259)
at org.testng.TestRunner.privateRun(TestRunner.java:770)
at org.testng.TestRunner.run(TestRunner.java:591)
at org.testng.SuiteRunner.runTest(SuiteRunner.java:402)
at org.testng.SuiteRunner.runSequentially(SuiteRunner.java:396)
at org.testng.SuiteRunner.privateRun(SuiteRunner.java:355)
at org.testng.SuiteRunner.run(SuiteRunner.java:304)
at org.testng.SuiteRunnerWorker.runSuite(SuiteRunnerWorker.java:53)
at org.testng.SuiteRunnerWorker.run(SuiteRunnerWorker.java:96)
at org.testng.TestNG.runSuitesSequentially(TestNG.java:1180)
at org.testng.TestNG.runSuitesLocally(TestNG.java:1102)
at org.testng.TestNG.runSuites(TestNG.java:1032)
at org.testng.TestNG.run(TestNG.java:1000)
at org.testng.remote.AbstractRemoteTestNG.run(AbstractRemoteTestNG.java:115)
at org.testng.remote.RemoteTestNG.initAndRun(RemoteTestNG.java:251)
at org.testng.remote.RemoteTestNG.main(RemoteTestNG.java:77)
]]>
    </error>
  </testcase> <!-- Test_ConfirmYourRidePage_Youare_at_Number_Text_arePresent_141 -->
  <testcase name="Test_ConfirmYourRidePage_One_Number_Text_arePresent_142" time="2.163" classname="com.InfoCabs.testcases.ConfirmYourRidePage_TestCases_120_139"/>
  <testcase name="Test_ConfirmYourRidePage_in_Queue_Text_arePresent_143" time="62.235" classname="com.InfoCabs.testcases.ConfirmYourRidePage_TestCases_120_139">
    <error type="org.openqa.selenium.NoSuchElementException" message="An element could not be located on the page using the given search parameters.
For documentation on this error, please visit: https://www.seleniumhq.org/exceptions/no_such_element.html
Build info: version: &#039;3.141.59&#039;, revision: &#039;e82be7d358&#039;, time: &#039;2018-11-14T08:17:03&#039;
System info: host: &#039;DESKTOP-CSMSJ8J&#039;, ip: &#039;192.168.43.163&#039;, os.name: &#039;Windows 10&#039;, os.arch: &#039;amd64&#039;, os.version: &#039;10.0&#039;, java.version: &#039;1.8.0_261&#039;
Driver info: io.appium.java_client.android.AndroidDriver
Capabilities {app: C:\Users\92336\eclipse-work..., appActivity: com.infosun.csandroidx.acti..., appPackage: com.infocabs.expresscars, autoAcceptAlerts: true, autoGrantPermissions: true, databaseEnabled: false, desired: {app: C:\Users\92336\eclipse-work..., appActivity: com.infosun.csandroidx.acti..., appPackage: com.infocabs.expresscars, autoAcceptAlerts: true, autoGrantPermissions: true, deviceName: Galaxy A31, newCommandTimeout: 60, platformName: android, platformVersion: 10, resetKeyboard: false, udid: RF8NA302BXL, unicodeKeyboard: false}, deviceApiLevel: 29, deviceManufacturer: samsung, deviceModel: SM-A315F, deviceName: RF8NA302BXL, deviceScreenDensity: 420, deviceScreenSize: 1080x2400, deviceUDID: RF8NA302BXL, javascriptEnabled: true, locationContextEnabled: false, networkConnectionEnabled: true, newCommandTimeout: 60, pixelRatio: 2.625, platform: LINUX, platformName: Android, platformVersion: 10, resetKeyboard: false, statBarHeight: 83, takesScreenshot: true, udid: RF8NA302BXL, unicodeKeyboard: false, viewportRect: {height: 2112, left: 0, top: 83, width: 1080}, warnings: {}, webStorageEnabled: false}
Session ID: 6e498d9e-eff2-4dae-87b3-6365701c64e6
*** Element info: {Using=xpath, value=android.widget.TextView[@text=&#039; in queue&#039;]}">
      <![CDATA[org.openqa.selenium.NoSuchElementException: An element could not be located on the page using the given search parameters.
For documentation on this error, please visit: https://www.seleniumhq.org/exceptions/no_such_element.html
Build info: version: '3.141.59', revision: 'e82be7d358', time: '2018-11-14T08:17:03'
System info: host: 'DESKTOP-CSMSJ8J', ip: '192.168.43.163', os.name: 'Windows 10', os.arch: 'amd64', os.version: '10.0', java.version: '1.8.0_261'
Driver info: io.appium.java_client.android.AndroidDriver
Capabilities {app: C:\Users\92336\eclipse-work..., appActivity: com.infosun.csandroidx.acti..., appPackage: com.infocabs.expresscars, autoAcceptAlerts: true, autoGrantPermissions: true, databaseEnabled: false, desired: {app: C:\Users\92336\eclipse-work..., appActivity: com.infosun.csandroidx.acti..., appPackage: com.infocabs.expresscars, autoAcceptAlerts: true, autoGrantPermissions: true, deviceName: Galaxy A31, newCommandTimeout: 60, platformName: android, platformVersion: 10, resetKeyboard: false, udid: RF8NA302BXL, unicodeKeyboard: false}, deviceApiLevel: 29, deviceManufacturer: samsung, deviceModel: SM-A315F, deviceName: RF8NA302BXL, deviceScreenDensity: 420, deviceScreenSize: 1080x2400, deviceUDID: RF8NA302BXL, javascriptEnabled: true, locationContextEnabled: false, networkConnectionEnabled: true, newCommandTimeout: 60, pixelRatio: 2.625, platform: LINUX, platformName: Android, platformVersion: 10, resetKeyboard: false, statBarHeight: 83, takesScreenshot: true, udid: RF8NA302BXL, unicodeKeyboard: false, viewportRect: {height: 2112, left: 0, top: 83, width: 1080}, warnings: {}, webStorageEnabled: false}
Session ID: 6e498d9e-eff2-4dae-87b3-6365701c64e6
*** Element info: {Using=xpath, value=android.widget.TextView[@text=' in queue']}
at sun.reflect.NativeConstructorAccessorImpl.newInstance0(Native Method)
at sun.reflect.NativeConstructorAccessorImpl.newInstance(NativeConstructorAccessorImpl.java:62)
at sun.reflect.DelegatingConstructorAccessorImpl.newInstance(DelegatingConstructorAccessorImpl.java:45)
at java.lang.reflect.Constructor.newInstance(Constructor.java:423)
at org.openqa.selenium.remote.http.W3CHttpResponseCodec.createException(W3CHttpResponseCodec.java:187)
at org.openqa.selenium.remote.http.W3CHttpResponseCodec.decode(W3CHttpResponseCodec.java:122)
at org.openqa.selenium.remote.http.W3CHttpResponseCodec.decode(W3CHttpResponseCodec.java:49)
at org.openqa.selenium.remote.HttpCommandExecutor.execute(HttpCommandExecutor.java:158)
at io.appium.java_client.remote.AppiumCommandExecutor.execute(AppiumCommandExecutor.java:239)
at org.openqa.selenium.remote.RemoteWebDriver.execute(RemoteWebDriver.java:552)
at io.appium.java_client.DefaultGenericMobileDriver.execute(DefaultGenericMobileDriver.java:41)
at io.appium.java_client.AppiumDriver.execute(AppiumDriver.java:1)
at io.appium.java_client.android.AndroidDriver.execute(AndroidDriver.java:1)
at org.openqa.selenium.remote.RemoteWebDriver.findElement(RemoteWebDriver.java:323)
at io.appium.java_client.DefaultGenericMobileDriver.findElement(DefaultGenericMobileDriver.java:61)
at io.appium.java_client.AppiumDriver.findElement(AppiumDriver.java:1)
at io.appium.java_client.android.AndroidDriver.findElement(AndroidDriver.java:1)
at org.openqa.selenium.remote.RemoteWebDriver.findElementByXPath(RemoteWebDriver.java:428)
at io.appium.java_client.DefaultGenericMobileDriver.findElementByXPath(DefaultGenericMobileDriver.java:151)
at io.appium.java_client.AppiumDriver.findElementByXPath(AppiumDriver.java:1)
at io.appium.java_client.android.AndroidDriver.findElementByXPath(AndroidDriver.java:1)
at org.openqa.selenium.By$ByXPath.findElement(By.java:353)
at org.openqa.selenium.remote.RemoteWebDriver.findElement(RemoteWebDriver.java:315)
at io.appium.java_client.DefaultGenericMobileDriver.findElement(DefaultGenericMobileDriver.java:57)
at io.appium.java_client.AppiumDriver.findElement(AppiumDriver.java:1)
at io.appium.java_client.android.AndroidDriver.findElement(AndroidDriver.java:1)
at com.InfoCabs.testcases.ConfirmYourRidePage_TestCases_120_139.Test_ConfirmYourRidePage_in_Queue_Text_arePresent_143(ConfirmYourRidePage_TestCases_120_139.java:356)
at sun.reflect.NativeMethodAccessorImpl.invoke0(Native Method)
at sun.reflect.NativeMethodAccessorImpl.invoke(NativeMethodAccessorImpl.java:62)
at sun.reflect.DelegatingMethodAccessorImpl.invoke(DelegatingMethodAccessorImpl.java:43)
at java.lang.reflect.Method.invoke(Method.java:498)
at org.testng.internal.MethodInvocationHelper.invokeMethod(MethodInvocationHelper.java:133)
at org.testng.internal.TestInvoker.invokeMethod(TestInvoker.java:584)
at org.testng.internal.TestInvoker.invokeTestMethod(TestInvoker.java:172)
at org.testng.internal.MethodRunner.runInSequence(MethodRunner.java:46)
at org.testng.internal.TestInvoker$MethodInvocationAgent.invoke(TestInvoker.java:804)
at org.testng.internal.TestInvoker.invokeTestMethods(TestInvoker.java:145)
at org.testng.internal.TestMethodWorker.invokeTestMethods(TestMethodWorker.java:146)
at org.testng.internal.TestMethodWorker.run(TestMethodWorker.java:128)
at java.util.ArrayList.forEach(ArrayList.java:1259)
at org.testng.TestRunner.privateRun(TestRunner.java:770)
at org.testng.TestRunner.run(TestRunner.java:591)
at org.testng.SuiteRunner.runTest(SuiteRunner.java:402)
at org.testng.SuiteRunner.runSequentially(SuiteRunner.java:396)
at org.testng.SuiteRunner.privateRun(SuiteRunner.java:355)
at org.testng.SuiteRunner.run(SuiteRunner.java:304)
at org.testng.SuiteRunnerWorker.runSuite(SuiteRunnerWorker.java:53)
at org.testng.SuiteRunnerWorker.run(SuiteRunnerWorker.java:96)
at org.testng.TestNG.runSuitesSequentially(TestNG.java:1180)
at org.testng.TestNG.runSuitesLocally(TestNG.java:1102)
at org.testng.TestNG.runSuites(TestNG.java:1032)
at org.testng.TestNG.run(TestNG.java:1000)
at org.testng.remote.AbstractRemoteTestNG.run(AbstractRemoteTestNG.java:115)
at org.testng.remote.RemoteTestNG.initAndRun(RemoteTestNG.java:251)
at org.testng.remote.RemoteTestNG.main(RemoteTestNG.java:77)
]]>
    </error>
  </testcase> <!-- Test_ConfirmYourRidePage_in_Queue_Text_arePresent_143 -->
  <testcase name="Test_ConfirmYourRidePage_Pleasewait_Text_arePresent_144" time="62.474" classname="com.InfoCabs.testcases.ConfirmYourRidePage_TestCases_120_139">
    <error type="org.openqa.selenium.NoSuchElementException" message="An element could not be located on the page using the given search parameters.
For documentation on this error, please visit: https://www.seleniumhq.org/exceptions/no_such_element.html
Build info: version: &#039;3.141.59&#039;, revision: &#039;e82be7d358&#039;, time: &#039;2018-11-14T08:17:03&#039;
System info: host: &#039;DESKTOP-CSMSJ8J&#039;, ip: &#039;192.168.43.163&#039;, os.name: &#039;Windows 10&#039;, os.arch: &#039;amd64&#039;, os.version: &#039;10.0&#039;, java.version: &#039;1.8.0_261&#039;
Driver info: io.appium.java_client.android.AndroidDriver
Capabilities {app: C:\Users\92336\eclipse-work..., appActivity: com.infosun.csandroidx.acti..., appPackage: com.infocabs.expresscars, autoAcceptAlerts: true, autoGrantPermissions: true, databaseEnabled: false, desired: {app: C:\Users\92336\eclipse-work..., appActivity: com.infosun.csandroidx.acti..., appPackage: com.infocabs.expresscars, autoAcceptAlerts: true, autoGrantPermissions: true, deviceName: Galaxy A31, newCommandTimeout: 60, platformName: android, platformVersion: 10, resetKeyboard: false, udid: RF8NA302BXL, unicodeKeyboard: false}, deviceApiLevel: 29, deviceManufacturer: samsung, deviceModel: SM-A315F, deviceName: RF8NA302BXL, deviceScreenDensity: 420, deviceScreenSize: 1080x2400, deviceUDID: RF8NA302BXL, javascriptEnabled: true, locationContextEnabled: false, networkConnectionEnabled: true, newCommandTimeout: 60, pixelRatio: 2.625, platform: LINUX, platformName: Android, platformVersion: 10, resetKeyboard: false, statBarHeight: 83, takesScreenshot: true, udid: RF8NA302BXL, unicodeKeyboard: false, viewportRect: {height: 2112, left: 0, top: 83, width: 1080}, warnings: {}, webStorageEnabled: false}
Session ID: 6e498d9e-eff2-4dae-87b3-6365701c64e6
*** Element info: {Using=xpath, value=android.widget.TextView[@text=&#039;Please wait while we assign you a cab&#039;]}">
      <![CDATA[org.openqa.selenium.NoSuchElementException: An element could not be located on the page using the given search parameters.
For documentation on this error, please visit: https://www.seleniumhq.org/exceptions/no_such_element.html
Build info: version: '3.141.59', revision: 'e82be7d358', time: '2018-11-14T08:17:03'
System info: host: 'DESKTOP-CSMSJ8J', ip: '192.168.43.163', os.name: 'Windows 10', os.arch: 'amd64', os.version: '10.0', java.version: '1.8.0_261'
Driver info: io.appium.java_client.android.AndroidDriver
Capabilities {app: C:\Users\92336\eclipse-work..., appActivity: com.infosun.csandroidx.acti..., appPackage: com.infocabs.expresscars, autoAcceptAlerts: true, autoGrantPermissions: true, databaseEnabled: false, desired: {app: C:\Users\92336\eclipse-work..., appActivity: com.infosun.csandroidx.acti..., appPackage: com.infocabs.expresscars, autoAcceptAlerts: true, autoGrantPermissions: true, deviceName: Galaxy A31, newCommandTimeout: 60, platformName: android, platformVersion: 10, resetKeyboard: false, udid: RF8NA302BXL, unicodeKeyboard: false}, deviceApiLevel: 29, deviceManufacturer: samsung, deviceModel: SM-A315F, deviceName: RF8NA302BXL, deviceScreenDensity: 420, deviceScreenSize: 1080x2400, deviceUDID: RF8NA302BXL, javascriptEnabled: true, locationContextEnabled: false, networkConnectionEnabled: true, newCommandTimeout: 60, pixelRatio: 2.625, platform: LINUX, platformName: Android, platformVersion: 10, resetKeyboard: false, statBarHeight: 83, takesScreenshot: true, udid: RF8NA302BXL, unicodeKeyboard: false, viewportRect: {height: 2112, left: 0, top: 83, width: 1080}, warnings: {}, webStorageEnabled: false}
Session ID: 6e498d9e-eff2-4dae-87b3-6365701c64e6
*** Element info: {Using=xpath, value=android.widget.TextView[@text='Please wait while we assign you a cab']}
at sun.reflect.NativeConstructorAccessorImpl.newInstance0(Native Method)
at sun.reflect.NativeConstructorAccessorImpl.newInstance(NativeConstructorAccessorImpl.java:62)
at sun.reflect.DelegatingConstructorAccessorImpl.newInstance(DelegatingConstructorAccessorImpl.java:45)
at java.lang.reflect.Constructor.newInstance(Constructor.java:423)
at org.openqa.selenium.remote.http.W3CHttpResponseCodec.createException(W3CHttpResponseCodec.java:187)
at org.openqa.selenium.remote.http.W3CHttpResponseCodec.decode(W3CHttpResponseCodec.java:122)
at org.openqa.selenium.remote.http.W3CHttpResponseCodec.decode(W3CHttpResponseCodec.java:49)
at org.openqa.selenium.remote.HttpCommandExecutor.execute(HttpCommandExecutor.java:158)
at io.appium.java_client.remote.AppiumCommandExecutor.execute(AppiumCommandExecutor.java:239)
at org.openqa.selenium.remote.RemoteWebDriver.execute(RemoteWebDriver.java:552)
at io.appium.java_client.DefaultGenericMobileDriver.execute(DefaultGenericMobileDriver.java:41)
at io.appium.java_client.AppiumDriver.execute(AppiumDriver.java:1)
at io.appium.java_client.android.AndroidDriver.execute(AndroidDriver.java:1)
at org.openqa.selenium.remote.RemoteWebDriver.findElement(RemoteWebDriver.java:323)
at io.appium.java_client.DefaultGenericMobileDriver.findElement(DefaultGenericMobileDriver.java:61)
at io.appium.java_client.AppiumDriver.findElement(AppiumDriver.java:1)
at io.appium.java_client.android.AndroidDriver.findElement(AndroidDriver.java:1)
at org.openqa.selenium.remote.RemoteWebDriver.findElementByXPath(RemoteWebDriver.java:428)
at io.appium.java_client.DefaultGenericMobileDriver.findElementByXPath(DefaultGenericMobileDriver.java:151)
at io.appium.java_client.AppiumDriver.findElementByXPath(AppiumDriver.java:1)
at io.appium.java_client.android.AndroidDriver.findElementByXPath(AndroidDriver.java:1)
at org.openqa.selenium.By$ByXPath.findElement(By.java:353)
at org.openqa.selenium.remote.RemoteWebDriver.findElement(RemoteWebDriver.java:315)
at io.appium.java_client.DefaultGenericMobileDriver.findElement(DefaultGenericMobileDriver.java:57)
at io.appium.java_client.AppiumDriver.findElement(AppiumDriver.java:1)
at io.appium.java_client.android.AndroidDriver.findElement(AndroidDriver.java:1)
at com.InfoCabs.testcases.ConfirmYourRidePage_TestCases_120_139.Test_ConfirmYourRidePage_Pleasewait_Text_arePresent_144(ConfirmYourRidePage_TestCases_120_139.java:372)
at sun.reflect.NativeMethodAccessorImpl.invoke0(Native Method)
at sun.reflect.NativeMethodAccessorImpl.invoke(NativeMethodAccessorImpl.java:62)
at sun.reflect.DelegatingMethodAccessorImpl.invoke(DelegatingMethodAccessorImpl.java:43)
at java.lang.reflect.Method.invoke(Method.java:498)
at org.testng.internal.MethodInvocationHelper.invokeMethod(MethodInvocationHelper.java:133)
at org.testng.internal.TestInvoker.invokeMethod(TestInvoker.java:584)
at org.testng.internal.TestInvoker.invokeTestMethod(TestInvoker.java:172)
at org.testng.internal.MethodRunner.runInSequence(MethodRunner.java:46)
at org.testng.internal.TestInvoker$MethodInvocationAgent.invoke(TestInvoker.java:804)
at org.testng.internal.TestInvoker.invokeTestMethods(TestInvoker.java:145)
at org.testng.internal.TestMethodWorker.invokeTestMethods(TestMethodWorker.java:146)
at org.testng.internal.TestMethodWorker.run(TestMethodWorker.java:128)
at java.util.ArrayList.forEach(ArrayList.java:1259)
at org.testng.TestRunner.privateRun(TestRunner.java:770)
at org.testng.TestRunner.run(TestRunner.java:591)
at org.testng.SuiteRunner.runTest(SuiteRunner.java:402)
at org.testng.SuiteRunner.runSequentially(SuiteRunner.java:396)
at org.testng.SuiteRunner.privateRun(SuiteRunner.java:355)
at org.testng.SuiteRunner.run(SuiteRunner.java:304)
at org.testng.SuiteRunnerWorker.runSuite(SuiteRunnerWorker.java:53)
at org.testng.SuiteRunnerWorker.run(SuiteRunnerWorker.java:96)
at org.testng.TestNG.runSuitesSequentially(TestNG.java:1180)
at org.testng.TestNG.runSuitesLocally(TestNG.java:1102)
at org.testng.TestNG.runSuites(TestNG.java:1032)
at org.testng.TestNG.run(TestNG.java:1000)
at org.testng.remote.AbstractRemoteTestNG.run(AbstractRemoteTestNG.java:115)
at org.testng.remote.RemoteTestNG.initAndRun(RemoteTestNG.java:251)
at org.testng.remote.RemoteTestNG.main(RemoteTestNG.java:77)
]]>
    </error>
  </testcase> <!-- Test_ConfirmYourRidePage_Pleasewait_Text_arePresent_144 -->
  <testcase name="Test_ConfirmYourRidePage_iLL_Wait_Text_arePresent_145" time="2.685" classname="com.InfoCabs.testcases.ConfirmYourRidePage_TestCases_120_139"/>
  <testcase name="Test_ConfirmYourRidePage_waitfor_OneMinute_Text_arePresent_146" time="61.579" classname="com.InfoCabs.testcases.ConfirmYourRidePage_TestCases_120_139"/>
  <testcase name="Test_ConfirmYourRidePage_CancleRide_Button_And_Text_arePresent_147" time="5.496" classname="com.InfoCabs.testcases.ConfirmYourRidePage_TestCases_120_139"/>
</testsuite> <!-- com.InfoCabs.testcases.ConfirmYourRidePage_TestCases_120_139 -->
