<?xml version="1.0" encoding="UTF-8"?>
<!-- Generated by org.testng.reporters.JUnitReportReporter -->
<testsuite skipped="0" hostname="DESKTOP-CSMSJ8J" name="com.InfoCabs.testcases.LoginPage_TestCases_1_22" tests="20" failures="1" timestamp="2021-01-08T19:02:07 PKT" time="59.913" errors="0">
  <testcase name="Test_LoginPage_Logo_3" time="2.682" classname="com.InfoCabs.testcases.LoginPage_TestCases_1_22"/>
  <testcase name="Test_LoginPage_PhoneNumber_Icon_4" time="0.145" classname="com.InfoCabs.testcases.LoginPage_TestCases_1_22"/>
  <testcase name="Test_LoginPage_CountryFlag_Icon_5" time="0.108" classname="com.InfoCabs.testcases.LoginPage_TestCases_1_22"/>
  <testcase name="Test_LoginPage_PasswordVisiblity_icon_6" time="0.099" classname="com.InfoCabs.testcases.LoginPage_TestCases_1_22"/>
  <testcase name="Test_LoginPage_Welcome_Text_7" time="0.162" classname="com.InfoCabs.testcases.LoginPage_TestCases_1_22"/>
  <testcase name="Test_LoginPage_Continue_Text_8" time="0.119" classname="com.InfoCabs.testcases.LoginPage_TestCases_1_22"/>
  <testcase name="Test_LoginPage_PhoneNumber_Text_9" time="0.124" classname="com.InfoCabs.testcases.LoginPage_TestCases_1_22"/>
  <testcase name="Test_LoginPage_Country_Code_is_Present_10" time="0.100" classname="com.InfoCabs.testcases.LoginPage_TestCases_1_22"/>
  <testcase name="Test_LoginPage_ForgotPhone_Number_Text_11" time="0.171" classname="com.InfoCabs.testcases.LoginPage_TestCases_1_22"/>
  <testcase name="Test_LoginPage_ForgotPassword_Text_12" time="0.126" classname="com.InfoCabs.testcases.LoginPage_TestCases_1_22"/>
  <testcase name="Test_LoginPage_NewUser_Text_13" time="0.160" classname="com.InfoCabs.testcases.LoginPage_TestCases_1_22"/>
  <testcase name="Test_LoginPage_SignUP_Text_14" time="0.344" classname="com.InfoCabs.testcases.LoginPage_TestCases_1_22"/>
  <testcase name="Test_LoginPage_PhoneNumber_RequiredErrorMessage_15" time="0.978" classname="com.InfoCabs.testcases.LoginPage_TestCases_1_22"/>
  <testcase name="Test_LoginPage_PhoneNumber_ValidationErrorMessage_16" time="2.368" classname="com.InfoCabs.testcases.LoginPage_TestCases_1_22"/>
  <testcase name="Test_LoginPage_PasswordRequired_error_Message_17" time="2.504" classname="com.InfoCabs.testcases.LoginPage_TestCases_1_22"/>
  <testcase name="Test_LoginPage__Password_ValidationErrorMessage_18" time="5.931" classname="com.InfoCabs.testcases.LoginPage_TestCases_1_22"/>
  <testcase name="Test_LoginPage_IcorrectPassword_Validation_19" time="18.788" classname="com.InfoCabs.testcases.LoginPage_TestCases_1_22"/>
  <testcase name="Test_LoginPage_PasswordView_eyeIcon_MakePassword_Visisble_20" time="2.736" classname="com.InfoCabs.testcases.LoginPage_TestCases_1_22">
    <failure type="java.lang.AssertionError" message="expected [12345678] but found [12345678, Password]">
      <![CDATA[java.lang.AssertionError: expected [12345678] but found [12345678, Password]
at org.testng.Assert.fail(Assert.java:97)
at org.testng.Assert.assertEqualsImpl(Assert.java:136)
at org.testng.Assert.assertEquals(Assert.java:118)
at org.testng.Assert.assertEquals(Assert.java:575)
at org.testng.Assert.assertEquals(Assert.java:585)
at com.InfoCabs.testcases.LoginPage_TestCases_1_22.Test_LoginPage_PasswordView_eyeIcon_MakePassword_Visisble_20(LoginPage_TestCases_1_22.java:325)
at sun.reflect.NativeMethodAccessorImpl.invoke0(Native Method)
at sun.reflect.NativeMethodAccessorImpl.invoke(NativeMethodAccessorImpl.java:62)
at sun.reflect.DelegatingMethodAccessorImpl.invoke(DelegatingMethodAccessorImpl.java:43)
at java.lang.reflect.Method.invoke(Method.java:498)
at org.testng.internal.MethodInvocationHelper.invokeMethod(MethodInvocationHelper.java:133)
at org.testng.internal.TestInvoker.invokeMethod(TestInvoker.java:584)
at org.testng.internal.TestInvoker.invokeTestMethod(TestInvoker.java:172)
at org.testng.internal.MethodRunner.runInSequence(MethodRunner.java:46)
at org.testng.internal.TestInvoker$MethodInvocationAgent.invoke(TestInvoker.java:804)
at org.testng.internal.TestInvoker.invokeTestMethods(TestInvoker.java:145)
at org.testng.internal.TestMethodWorker.invokeTestMethods(TestMethodWorker.java:146)
at org.testng.internal.TestMethodWorker.run(TestMethodWorker.java:128)
at java.util.ArrayList.forEach(ArrayList.java:1259)
at org.testng.TestRunner.privateRun(TestRunner.java:770)
at org.testng.TestRunner.run(TestRunner.java:591)
at org.testng.SuiteRunner.runTest(SuiteRunner.java:402)
at org.testng.SuiteRunner.runSequentially(SuiteRunner.java:396)
at org.testng.SuiteRunner.privateRun(SuiteRunner.java:355)
at org.testng.SuiteRunner.run(SuiteRunner.java:304)
at org.testng.SuiteRunnerWorker.runSuite(SuiteRunnerWorker.java:53)
at org.testng.SuiteRunnerWorker.run(SuiteRunnerWorker.java:96)
at org.testng.TestNG.runSuitesSequentially(TestNG.java:1180)
at org.testng.TestNG.runSuitesLocally(TestNG.java:1102)
at org.testng.TestNG.runSuites(TestNG.java:1032)
at org.testng.TestNG.run(TestNG.java:1000)
at org.testng.remote.AbstractRemoteTestNG.run(AbstractRemoteTestNG.java:115)
at org.testng.remote.RemoteTestNG.initAndRun(RemoteTestNG.java:251)
at org.testng.remote.RemoteTestNG.main(RemoteTestNG.java:77)
]]>
    </failure>
  </testcase> <!-- Test_LoginPage_PasswordView_eyeIcon_MakePassword_Visisble_20 -->
  <testcase name="Test_LoginPage_Allow_user_to_LoginWith_valid_credential_21" time="8.876" classname="com.InfoCabs.testcases.LoginPage_TestCases_1_22"/>
  <testcase name="Test_User_Logout_from_Application_22" time="13.392" classname="com.InfoCabs.testcases.LoginPage_TestCases_1_22"/>
</testsuite> <!-- com.InfoCabs.testcases.LoginPage_TestCases_1_22 -->
