<?xml version="1.0" encoding="UTF-8"?>
<!-- Generated by org.testng.reporters.JUnitReportReporter -->
<testsuite skipped="0" hostname="DESKTOP-CSMSJ8J" name="com.InfoCabs.testcases.Book_Saloon_With_CreditCard_TestCases" tests="21" failures="0" timestamp="2020-12-28T23:24:28 PKT" time="281.717" errors="2">
  <testcase name="Test_LoginPage_Allow_user_to_LoginWith_valid_credential_21" time="14.244" classname="com.InfoCabs.testcases.Book_Saloon_With_CreditCard_TestCases"/>
  <testcase name="Test_Book_Saloon_With_CreditCard_EnterDropofAddress_Cab_300" time="11.945" classname="com.InfoCabs.testcases.Book_Saloon_With_CreditCard_TestCases"/>
  <testcase name="Test_Book_Saloon_With_CreditCard_ClickOnBookNow_Button_Cab_301" time="9.684" classname="com.InfoCabs.testcases.Book_Saloon_With_CreditCard_TestCases"/>
  <testcase name="Test_Book_Saloon_With_CreditCard_Select_CeditCard_FromDrop_302" time="13.088" classname="com.InfoCabs.testcases.Book_Saloon_With_CreditCard_TestCases"/>
  <testcase name="Test_Book_Saloon_With_CreditCard_ClickOnBookConfirmButton_303" time="11.425" classname="com.InfoCabs.testcases.Book_Saloon_With_CreditCard_TestCases"/>
  <testcase name="Test_Book_Saloon_With_CreditCard_Push_CustomerApp_toBackground_and_start_RiderApp_304" time="10.813" classname="com.InfoCabs.testcases.Book_Saloon_With_CreditCard_TestCases"/>
  <testcase name="Test_Book_Saloon_With_CreditCard_AcceptCustomer_ride_306" time="9.964" classname="com.InfoCabs.testcases.Book_Saloon_With_CreditCard_TestCases"/>
  <testcase name="Test_Book_Saloon_With_CreditCard_ClickOnWait_ride_307" time="5.026" classname="com.InfoCabs.testcases.Book_Saloon_With_CreditCard_TestCases"/>
  <testcase name="Test_Book_Saloon_With_CreditCard_Push_Rider_toBackground_and_start_CustomerApp_308" time="7.306" classname="com.InfoCabs.testcases.Book_Saloon_With_CreditCard_TestCases"/>
  <testcase name="Test_Book_Saloon_With_CreditCard_weHave_Sent_Text_arePresent_309" time="62.289" classname="com.InfoCabs.testcases.Book_Saloon_With_CreditCard_TestCases">
    <error type="org.openqa.selenium.NoSuchElementException" message="An element could not be located on the page using the given search parameters.
For documentation on this error, please visit: https://www.seleniumhq.org/exceptions/no_such_element.html
Build info: version: &#039;3.141.59&#039;, revision: &#039;e82be7d358&#039;, time: &#039;2018-11-14T08:17:03&#039;
System info: host: &#039;DESKTOP-CSMSJ8J&#039;, ip: &#039;192.168.0.199&#039;, os.name: &#039;Windows 10&#039;, os.arch: &#039;amd64&#039;, os.version: &#039;10.0&#039;, java.version: &#039;1.8.0_261&#039;
Driver info: io.appium.java_client.android.AndroidDriver
Capabilities {app: C:\Users\92336\eclipse-work..., appActivity: com.infosun.csandroidx.acti..., appPackage: com.infosun.csandroidx, autoAcceptAlerts: true, autoGrantPermissions: true, databaseEnabled: false, desired: {app: C:\Users\92336\eclipse-work..., appActivity: com.infosun.csandroidx.acti..., appPackage: com.infosun.csandroidx, autoAcceptAlerts: true, autoGrantPermissions: true, deviceName: Galaxy J7 Pro, newCommandTimeout: 60, platformName: android, platformVersion: 7, resetKeyboard: false, udid: 52006c45b4f164dd, unicodeKeyboard: false}, deviceApiLevel: 24, deviceManufacturer: samsung, deviceModel: SM-J730F, deviceName: 52006c45b4f164dd, deviceScreenDensity: 420, deviceScreenSize: 1080x1920, deviceUDID: 52006c45b4f164dd, javascriptEnabled: true, locationContextEnabled: false, networkConnectionEnabled: true, newCommandTimeout: 60, pixelRatio: 2.625, platform: LINUX, platformName: Android, platformVersion: 7.0, resetKeyboard: false, statBarHeight: 63, takesScreenshot: true, udid: 52006c45b4f164dd, unicodeKeyboard: false, viewportRect: {height: 1857, left: 0, top: 63, width: 1080}, warnings: {}, webStorageEnabled: false}
Session ID: 5ff99d80-35a2-4a2b-858c-6111be3dab51
*** Element info: {Using=id, value=com.infosun.csandroidx:id/tv_head}">
      <![CDATA[org.openqa.selenium.NoSuchElementException: An element could not be located on the page using the given search parameters.
For documentation on this error, please visit: https://www.seleniumhq.org/exceptions/no_such_element.html
Build info: version: '3.141.59', revision: 'e82be7d358', time: '2018-11-14T08:17:03'
System info: host: 'DESKTOP-CSMSJ8J', ip: '192.168.0.199', os.name: 'Windows 10', os.arch: 'amd64', os.version: '10.0', java.version: '1.8.0_261'
Driver info: io.appium.java_client.android.AndroidDriver
Capabilities {app: C:\Users\92336\eclipse-work..., appActivity: com.infosun.csandroidx.acti..., appPackage: com.infosun.csandroidx, autoAcceptAlerts: true, autoGrantPermissions: true, databaseEnabled: false, desired: {app: C:\Users\92336\eclipse-work..., appActivity: com.infosun.csandroidx.acti..., appPackage: com.infosun.csandroidx, autoAcceptAlerts: true, autoGrantPermissions: true, deviceName: Galaxy J7 Pro, newCommandTimeout: 60, platformName: android, platformVersion: 7, resetKeyboard: false, udid: 52006c45b4f164dd, unicodeKeyboard: false}, deviceApiLevel: 24, deviceManufacturer: samsung, deviceModel: SM-J730F, deviceName: 52006c45b4f164dd, deviceScreenDensity: 420, deviceScreenSize: 1080x1920, deviceUDID: 52006c45b4f164dd, javascriptEnabled: true, locationContextEnabled: false, networkConnectionEnabled: true, newCommandTimeout: 60, pixelRatio: 2.625, platform: LINUX, platformName: Android, platformVersion: 7.0, resetKeyboard: false, statBarHeight: 63, takesScreenshot: true, udid: 52006c45b4f164dd, unicodeKeyboard: false, viewportRect: {height: 1857, left: 0, top: 63, width: 1080}, warnings: {}, webStorageEnabled: false}
Session ID: 5ff99d80-35a2-4a2b-858c-6111be3dab51
*** Element info: {Using=id, value=com.infosun.csandroidx:id/tv_head}
at sun.reflect.NativeConstructorAccessorImpl.newInstance0(Native Method)
at sun.reflect.NativeConstructorAccessorImpl.newInstance(NativeConstructorAccessorImpl.java:62)
at sun.reflect.DelegatingConstructorAccessorImpl.newInstance(DelegatingConstructorAccessorImpl.java:45)
at java.lang.reflect.Constructor.newInstance(Constructor.java:423)
at org.openqa.selenium.remote.http.W3CHttpResponseCodec.createException(W3CHttpResponseCodec.java:187)
at org.openqa.selenium.remote.http.W3CHttpResponseCodec.decode(W3CHttpResponseCodec.java:122)
at org.openqa.selenium.remote.http.W3CHttpResponseCodec.decode(W3CHttpResponseCodec.java:49)
at org.openqa.selenium.remote.HttpCommandExecutor.execute(HttpCommandExecutor.java:158)
at io.appium.java_client.remote.AppiumCommandExecutor.execute(AppiumCommandExecutor.java:239)
at org.openqa.selenium.remote.RemoteWebDriver.execute(RemoteWebDriver.java:552)
at io.appium.java_client.DefaultGenericMobileDriver.execute(DefaultGenericMobileDriver.java:41)
at io.appium.java_client.AppiumDriver.execute(AppiumDriver.java:1)
at io.appium.java_client.android.AndroidDriver.execute(AndroidDriver.java:1)
at org.openqa.selenium.remote.RemoteWebDriver.findElement(RemoteWebDriver.java:323)
at io.appium.java_client.DefaultGenericMobileDriver.findElement(DefaultGenericMobileDriver.java:61)
at io.appium.java_client.AppiumDriver.findElement(AppiumDriver.java:1)
at io.appium.java_client.android.AndroidDriver.findElement(AndroidDriver.java:1)
at org.openqa.selenium.remote.RemoteWebDriver.findElementById(RemoteWebDriver.java:372)
at io.appium.java_client.DefaultGenericMobileDriver.findElementById(DefaultGenericMobileDriver.java:69)
at io.appium.java_client.AppiumDriver.findElementById(AppiumDriver.java:1)
at io.appium.java_client.android.AndroidDriver.findElementById(AndroidDriver.java:1)
at org.openqa.selenium.By$ById.findElement(By.java:188)
at org.openqa.selenium.remote.RemoteWebDriver.findElement(RemoteWebDriver.java:315)
at io.appium.java_client.DefaultGenericMobileDriver.findElement(DefaultGenericMobileDriver.java:57)
at io.appium.java_client.AppiumDriver.findElement(AppiumDriver.java:1)
at io.appium.java_client.android.AndroidDriver.findElement(AndroidDriver.java:1)
at com.InfoCabs.testcases.Book_Saloon_With_CreditCard_TestCases.Test_Book_Saloon_With_CreditCard_weHave_Sent_Text_arePresent_309(Book_Saloon_With_CreditCard_TestCases.java:212)
at sun.reflect.NativeMethodAccessorImpl.invoke0(Native Method)
at sun.reflect.NativeMethodAccessorImpl.invoke(NativeMethodAccessorImpl.java:62)
at sun.reflect.DelegatingMethodAccessorImpl.invoke(DelegatingMethodAccessorImpl.java:43)
at java.lang.reflect.Method.invoke(Method.java:498)
at org.testng.internal.MethodInvocationHelper.invokeMethod(MethodInvocationHelper.java:133)
at org.testng.internal.TestInvoker.invokeMethod(TestInvoker.java:584)
at org.testng.internal.TestInvoker.invokeTestMethod(TestInvoker.java:172)
at org.testng.internal.MethodRunner.runInSequence(MethodRunner.java:46)
at org.testng.internal.TestInvoker$MethodInvocationAgent.invoke(TestInvoker.java:804)
at org.testng.internal.TestInvoker.invokeTestMethods(TestInvoker.java:145)
at org.testng.internal.TestMethodWorker.invokeTestMethods(TestMethodWorker.java:146)
at org.testng.internal.TestMethodWorker.run(TestMethodWorker.java:128)
at java.util.ArrayList.forEach(ArrayList.java:1259)
at org.testng.TestRunner.privateRun(TestRunner.java:770)
at org.testng.TestRunner.run(TestRunner.java:591)
at org.testng.SuiteRunner.runTest(SuiteRunner.java:402)
at org.testng.SuiteRunner.runSequentially(SuiteRunner.java:396)
at org.testng.SuiteRunner.privateRun(SuiteRunner.java:355)
at org.testng.SuiteRunner.run(SuiteRunner.java:304)
at org.testng.SuiteRunnerWorker.runSuite(SuiteRunnerWorker.java:53)
at org.testng.SuiteRunnerWorker.run(SuiteRunnerWorker.java:96)
at org.testng.TestNG.runSuitesSequentially(TestNG.java:1180)
at org.testng.TestNG.runSuitesLocally(TestNG.java:1102)
at org.testng.TestNG.runSuites(TestNG.java:1032)
at org.testng.TestNG.run(TestNG.java:1000)
at org.testng.remote.AbstractRemoteTestNG.run(AbstractRemoteTestNG.java:115)
at org.testng.remote.RemoteTestNG.initAndRun(RemoteTestNG.java:251)
at org.testng.remote.RemoteTestNG.main(RemoteTestNG.java:77)
]]>
    </error>
  </testcase> <!-- Test_Book_Saloon_With_CreditCard_weHave_Sent_Text_arePresent_309 -->
  <testcase name="Test_Book_Saloon_With_CreditCard_Push_CustomerApp_toBackground_and_start_RiderApp_310" time="13.625" classname="com.InfoCabs.testcases.Book_Saloon_With_CreditCard_TestCases"/>
  <testcase name="Test_Book_Saloon_With_CreditCard_ClickOnPOB_Button_ride_311" time="4.466" classname="com.InfoCabs.testcases.Book_Saloon_With_CreditCard_TestCases"/>
  <testcase name="Test_Book_Saloon_With_CreditCard_Push_Rider_toBackground_and_start_CustomerApp_312" time="9.404" classname="com.InfoCabs.testcases.Book_Saloon_With_CreditCard_TestCases"/>
  <testcase name="Test_Book_Saloon_With_CreditCard_You_arein_yourway_Text_arePresent_313" time="62.613" classname="com.InfoCabs.testcases.Book_Saloon_With_CreditCard_TestCases">
    <error type="org.openqa.selenium.NoSuchElementException" message="An element could not be located on the page using the given search parameters.
For documentation on this error, please visit: https://www.seleniumhq.org/exceptions/no_such_element.html
Build info: version: &#039;3.141.59&#039;, revision: &#039;e82be7d358&#039;, time: &#039;2018-11-14T08:17:03&#039;
System info: host: &#039;DESKTOP-CSMSJ8J&#039;, ip: &#039;192.168.0.199&#039;, os.name: &#039;Windows 10&#039;, os.arch: &#039;amd64&#039;, os.version: &#039;10.0&#039;, java.version: &#039;1.8.0_261&#039;
Driver info: io.appium.java_client.android.AndroidDriver
Capabilities {app: C:\Users\92336\eclipse-work..., appActivity: com.infosun.csandroidx.acti..., appPackage: com.infosun.csandroidx, autoAcceptAlerts: true, autoGrantPermissions: true, databaseEnabled: false, desired: {app: C:\Users\92336\eclipse-work..., appActivity: com.infosun.csandroidx.acti..., appPackage: com.infosun.csandroidx, autoAcceptAlerts: true, autoGrantPermissions: true, deviceName: Galaxy J7 Pro, newCommandTimeout: 60, platformName: android, platformVersion: 7, resetKeyboard: false, udid: 52006c45b4f164dd, unicodeKeyboard: false}, deviceApiLevel: 24, deviceManufacturer: samsung, deviceModel: SM-J730F, deviceName: 52006c45b4f164dd, deviceScreenDensity: 420, deviceScreenSize: 1080x1920, deviceUDID: 52006c45b4f164dd, javascriptEnabled: true, locationContextEnabled: false, networkConnectionEnabled: true, newCommandTimeout: 60, pixelRatio: 2.625, platform: LINUX, platformName: Android, platformVersion: 7.0, resetKeyboard: false, statBarHeight: 63, takesScreenshot: true, udid: 52006c45b4f164dd, unicodeKeyboard: false, viewportRect: {height: 1857, left: 0, top: 63, width: 1080}, warnings: {}, webStorageEnabled: false}
Session ID: 5ff99d80-35a2-4a2b-858c-6111be3dab51
*** Element info: {Using=id, value=com.infosun.csandroidx:id/tv_head}">
      <![CDATA[org.openqa.selenium.NoSuchElementException: An element could not be located on the page using the given search parameters.
For documentation on this error, please visit: https://www.seleniumhq.org/exceptions/no_such_element.html
Build info: version: '3.141.59', revision: 'e82be7d358', time: '2018-11-14T08:17:03'
System info: host: 'DESKTOP-CSMSJ8J', ip: '192.168.0.199', os.name: 'Windows 10', os.arch: 'amd64', os.version: '10.0', java.version: '1.8.0_261'
Driver info: io.appium.java_client.android.AndroidDriver
Capabilities {app: C:\Users\92336\eclipse-work..., appActivity: com.infosun.csandroidx.acti..., appPackage: com.infosun.csandroidx, autoAcceptAlerts: true, autoGrantPermissions: true, databaseEnabled: false, desired: {app: C:\Users\92336\eclipse-work..., appActivity: com.infosun.csandroidx.acti..., appPackage: com.infosun.csandroidx, autoAcceptAlerts: true, autoGrantPermissions: true, deviceName: Galaxy J7 Pro, newCommandTimeout: 60, platformName: android, platformVersion: 7, resetKeyboard: false, udid: 52006c45b4f164dd, unicodeKeyboard: false}, deviceApiLevel: 24, deviceManufacturer: samsung, deviceModel: SM-J730F, deviceName: 52006c45b4f164dd, deviceScreenDensity: 420, deviceScreenSize: 1080x1920, deviceUDID: 52006c45b4f164dd, javascriptEnabled: true, locationContextEnabled: false, networkConnectionEnabled: true, newCommandTimeout: 60, pixelRatio: 2.625, platform: LINUX, platformName: Android, platformVersion: 7.0, resetKeyboard: false, statBarHeight: 63, takesScreenshot: true, udid: 52006c45b4f164dd, unicodeKeyboard: false, viewportRect: {height: 1857, left: 0, top: 63, width: 1080}, warnings: {}, webStorageEnabled: false}
Session ID: 5ff99d80-35a2-4a2b-858c-6111be3dab51
*** Element info: {Using=id, value=com.infosun.csandroidx:id/tv_head}
at sun.reflect.NativeConstructorAccessorImpl.newInstance0(Native Method)
at sun.reflect.NativeConstructorAccessorImpl.newInstance(NativeConstructorAccessorImpl.java:62)
at sun.reflect.DelegatingConstructorAccessorImpl.newInstance(DelegatingConstructorAccessorImpl.java:45)
at java.lang.reflect.Constructor.newInstance(Constructor.java:423)
at org.openqa.selenium.remote.http.W3CHttpResponseCodec.createException(W3CHttpResponseCodec.java:187)
at org.openqa.selenium.remote.http.W3CHttpResponseCodec.decode(W3CHttpResponseCodec.java:122)
at org.openqa.selenium.remote.http.W3CHttpResponseCodec.decode(W3CHttpResponseCodec.java:49)
at org.openqa.selenium.remote.HttpCommandExecutor.execute(HttpCommandExecutor.java:158)
at io.appium.java_client.remote.AppiumCommandExecutor.execute(AppiumCommandExecutor.java:239)
at org.openqa.selenium.remote.RemoteWebDriver.execute(RemoteWebDriver.java:552)
at io.appium.java_client.DefaultGenericMobileDriver.execute(DefaultGenericMobileDriver.java:41)
at io.appium.java_client.AppiumDriver.execute(AppiumDriver.java:1)
at io.appium.java_client.android.AndroidDriver.execute(AndroidDriver.java:1)
at org.openqa.selenium.remote.RemoteWebDriver.findElement(RemoteWebDriver.java:323)
at io.appium.java_client.DefaultGenericMobileDriver.findElement(DefaultGenericMobileDriver.java:61)
at io.appium.java_client.AppiumDriver.findElement(AppiumDriver.java:1)
at io.appium.java_client.android.AndroidDriver.findElement(AndroidDriver.java:1)
at org.openqa.selenium.remote.RemoteWebDriver.findElementById(RemoteWebDriver.java:372)
at io.appium.java_client.DefaultGenericMobileDriver.findElementById(DefaultGenericMobileDriver.java:69)
at io.appium.java_client.AppiumDriver.findElementById(AppiumDriver.java:1)
at io.appium.java_client.android.AndroidDriver.findElementById(AndroidDriver.java:1)
at org.openqa.selenium.By$ById.findElement(By.java:188)
at org.openqa.selenium.remote.RemoteWebDriver.findElement(RemoteWebDriver.java:315)
at io.appium.java_client.DefaultGenericMobileDriver.findElement(DefaultGenericMobileDriver.java:57)
at io.appium.java_client.AppiumDriver.findElement(AppiumDriver.java:1)
at io.appium.java_client.android.AndroidDriver.findElement(AndroidDriver.java:1)
at com.InfoCabs.testcases.Book_Saloon_With_CreditCard_TestCases.Test_Book_Saloon_With_CreditCard_You_arein_yourway_Text_arePresent_313(Book_Saloon_With_CreditCard_TestCases.java:277)
at sun.reflect.NativeMethodAccessorImpl.invoke0(Native Method)
at sun.reflect.NativeMethodAccessorImpl.invoke(NativeMethodAccessorImpl.java:62)
at sun.reflect.DelegatingMethodAccessorImpl.invoke(DelegatingMethodAccessorImpl.java:43)
at java.lang.reflect.Method.invoke(Method.java:498)
at org.testng.internal.MethodInvocationHelper.invokeMethod(MethodInvocationHelper.java:133)
at org.testng.internal.TestInvoker.invokeMethod(TestInvoker.java:584)
at org.testng.internal.TestInvoker.invokeTestMethod(TestInvoker.java:172)
at org.testng.internal.MethodRunner.runInSequence(MethodRunner.java:46)
at org.testng.internal.TestInvoker$MethodInvocationAgent.invoke(TestInvoker.java:804)
at org.testng.internal.TestInvoker.invokeTestMethods(TestInvoker.java:145)
at org.testng.internal.TestMethodWorker.invokeTestMethods(TestMethodWorker.java:146)
at org.testng.internal.TestMethodWorker.run(TestMethodWorker.java:128)
at java.util.ArrayList.forEach(ArrayList.java:1259)
at org.testng.TestRunner.privateRun(TestRunner.java:770)
at org.testng.TestRunner.run(TestRunner.java:591)
at org.testng.SuiteRunner.runTest(SuiteRunner.java:402)
at org.testng.SuiteRunner.runSequentially(SuiteRunner.java:396)
at org.testng.SuiteRunner.privateRun(SuiteRunner.java:355)
at org.testng.SuiteRunner.run(SuiteRunner.java:304)
at org.testng.SuiteRunnerWorker.runSuite(SuiteRunnerWorker.java:53)
at org.testng.SuiteRunnerWorker.run(SuiteRunnerWorker.java:96)
at org.testng.TestNG.runSuitesSequentially(TestNG.java:1180)
at org.testng.TestNG.runSuitesLocally(TestNG.java:1102)
at org.testng.TestNG.runSuites(TestNG.java:1032)
at org.testng.TestNG.run(TestNG.java:1000)
at org.testng.remote.AbstractRemoteTestNG.run(AbstractRemoteTestNG.java:115)
at org.testng.remote.RemoteTestNG.initAndRun(RemoteTestNG.java:251)
at org.testng.remote.RemoteTestNG.main(RemoteTestNG.java:77)
]]>
    </error>
  </testcase> <!-- Test_Book_Saloon_With_CreditCard_You_arein_yourway_Text_arePresent_313 -->
  <testcase name="Test_Book_Saloon_With_CreditCard_CS_App_Push_CustomerApp_toBackground_and_start_RiderApp_315" time="9.627" classname="com.InfoCabs.testcases.Book_Saloon_With_CreditCard_TestCases"/>
  <testcase name="Test_Book_Saloon_With_CreditCard_ClickOnSTC_ride_315" time="5.358" classname="com.InfoCabs.testcases.Book_Saloon_With_CreditCard_TestCases"/>
  <testcase name="Test_Book_Saloon_With_CreditCard_ClickOn_Clear_ride_316" time="4.334" classname="com.InfoCabs.testcases.Book_Saloon_With_CreditCard_TestCases"/>
  <testcase name="Test_Book_Saloon_With_CreditCard_Push_Rider_toBackground_and_start_CustomerApp_317" time="7.291" classname="com.InfoCabs.testcases.Book_Saloon_With_CreditCard_TestCases"/>
  <testcase name="Test_Book_Saloon_With_CreditCard_Rate_your_ride_Text_arePresent_318" time="2.233" classname="com.InfoCabs.testcases.Book_Saloon_With_CreditCard_TestCases"/>
  <testcase name="Test_Book_Saloon_With_CreditCard_Feedback_Field_arePresent319" time="2.735" classname="com.InfoCabs.testcases.Book_Saloon_With_CreditCard_TestCases"/>
  <testcase name="Test_Book_Saloon_With_CreditCard_SubmitFeedback_ButtonAndText_320" time="4.247" classname="com.InfoCabs.testcases.Book_Saloon_With_CreditCard_TestCases"/>
</testsuite> <!-- com.InfoCabs.testcases.Book_Saloon_With_CreditCard_TestCases -->
