<?xml version="1.0" encoding="UTF-8"?>
<!-- Generated by org.testng.reporters.JUnitReportReporter -->
<testsuite skipped="0" hostname="DESKTOP-CSMSJ8J" name="com.InfoCabs.testcases.ConfirmYourRidePage_TestCases_120_135" tests="17" failures="1" timestamp="2021-03-03T17:17:00 PKT" time="118.691" errors="1">
  <testcase name="Test_ConfirmYourRidePage_Confirmride_Text_120" time="6.919" classname="com.InfoCabs.testcases.ConfirmYourRidePage_TestCases_120_135"/>
  <testcase name="Test_ConfirmYourRidePage_Notification_Icon_121" time="62.340" classname="com.InfoCabs.testcases.ConfirmYourRidePage_TestCases_120_135">
    <error type="org.openqa.selenium.NoSuchElementException" message="An element could not be located on the page using the given search parameters.
For documentation on this error, please visit: https://www.seleniumhq.org/exceptions/no_such_element.html
Build info: version: &#039;3.141.59&#039;, revision: &#039;e82be7d358&#039;, time: &#039;2018-11-14T08:17:03&#039;
System info: host: &#039;DESKTOP-CSMSJ8J&#039;, ip: &#039;192.168.0.199&#039;, os.name: &#039;Windows 10&#039;, os.arch: &#039;amd64&#039;, os.version: &#039;10.0&#039;, java.version: &#039;1.8.0_261&#039;
Driver info: io.appium.java_client.android.AndroidDriver
Capabilities {app: C:\Users\92336\git\InfoCabs..., appActivity: com.infosun.csandroidx.acti..., appPackage: com.Infosun.ablewell, autoAcceptAlerts: true, autoGrantPermissions: true, databaseEnabled: false, desired: {app: C:\Users\92336\git\InfoCabs..., appActivity: com.infosun.csandroidx.acti..., appPackage: com.Infosun.ablewell, autoAcceptAlerts: true, autoGrantPermissions: true, deviceName: Galaxy J7 Pro, newCommandTimeout: 60, platformName: android, platformVersion: 7, resetKeyboard: false, udid: 52006c45b4f164dd, unicodeKeyboard: false}, deviceApiLevel: 24, deviceManufacturer: samsung, deviceModel: SM-J730F, deviceName: 52006c45b4f164dd, deviceScreenDensity: 420, deviceScreenSize: 1080x1920, deviceUDID: 52006c45b4f164dd, javascriptEnabled: true, locationContextEnabled: false, networkConnectionEnabled: true, newCommandTimeout: 60, pixelRatio: 2.625, platform: LINUX, platformName: Android, platformVersion: 7.0, resetKeyboard: false, statBarHeight: 63, takesScreenshot: true, udid: 52006c45b4f164dd, unicodeKeyboard: false, viewportRect: {height: 1857, left: 0, top: 63, width: 1080}, warnings: {}, webStorageEnabled: false}
Session ID: 78b752f3-f19d-4f94-b643-05e1ab8f208d
*** Element info: {Using=id, value=com.Infosun.ablewell:id/iv_notif}">
      <![CDATA[org.openqa.selenium.NoSuchElementException: An element could not be located on the page using the given search parameters.
For documentation on this error, please visit: https://www.seleniumhq.org/exceptions/no_such_element.html
Build info: version: '3.141.59', revision: 'e82be7d358', time: '2018-11-14T08:17:03'
System info: host: 'DESKTOP-CSMSJ8J', ip: '192.168.0.199', os.name: 'Windows 10', os.arch: 'amd64', os.version: '10.0', java.version: '1.8.0_261'
Driver info: io.appium.java_client.android.AndroidDriver
Capabilities {app: C:\Users\92336\git\InfoCabs..., appActivity: com.infosun.csandroidx.acti..., appPackage: com.Infosun.ablewell, autoAcceptAlerts: true, autoGrantPermissions: true, databaseEnabled: false, desired: {app: C:\Users\92336\git\InfoCabs..., appActivity: com.infosun.csandroidx.acti..., appPackage: com.Infosun.ablewell, autoAcceptAlerts: true, autoGrantPermissions: true, deviceName: Galaxy J7 Pro, newCommandTimeout: 60, platformName: android, platformVersion: 7, resetKeyboard: false, udid: 52006c45b4f164dd, unicodeKeyboard: false}, deviceApiLevel: 24, deviceManufacturer: samsung, deviceModel: SM-J730F, deviceName: 52006c45b4f164dd, deviceScreenDensity: 420, deviceScreenSize: 1080x1920, deviceUDID: 52006c45b4f164dd, javascriptEnabled: true, locationContextEnabled: false, networkConnectionEnabled: true, newCommandTimeout: 60, pixelRatio: 2.625, platform: LINUX, platformName: Android, platformVersion: 7.0, resetKeyboard: false, statBarHeight: 63, takesScreenshot: true, udid: 52006c45b4f164dd, unicodeKeyboard: false, viewportRect: {height: 1857, left: 0, top: 63, width: 1080}, warnings: {}, webStorageEnabled: false}
Session ID: 78b752f3-f19d-4f94-b643-05e1ab8f208d
*** Element info: {Using=id, value=com.Infosun.ablewell:id/iv_notif}
at sun.reflect.NativeConstructorAccessorImpl.newInstance0(Native Method)
at sun.reflect.NativeConstructorAccessorImpl.newInstance(NativeConstructorAccessorImpl.java:62)
at sun.reflect.DelegatingConstructorAccessorImpl.newInstance(DelegatingConstructorAccessorImpl.java:45)
at java.lang.reflect.Constructor.newInstance(Constructor.java:423)
at org.openqa.selenium.remote.http.W3CHttpResponseCodec.createException(W3CHttpResponseCodec.java:187)
at org.openqa.selenium.remote.http.W3CHttpResponseCodec.decode(W3CHttpResponseCodec.java:122)
at org.openqa.selenium.remote.http.W3CHttpResponseCodec.decode(W3CHttpResponseCodec.java:49)
at org.openqa.selenium.remote.HttpCommandExecutor.execute(HttpCommandExecutor.java:158)
at io.appium.java_client.remote.AppiumCommandExecutor.execute(AppiumCommandExecutor.java:239)
at org.openqa.selenium.remote.RemoteWebDriver.execute(RemoteWebDriver.java:552)
at io.appium.java_client.DefaultGenericMobileDriver.execute(DefaultGenericMobileDriver.java:41)
at io.appium.java_client.AppiumDriver.execute(AppiumDriver.java:1)
at io.appium.java_client.android.AndroidDriver.execute(AndroidDriver.java:1)
at org.openqa.selenium.remote.RemoteWebDriver.findElement(RemoteWebDriver.java:323)
at io.appium.java_client.DefaultGenericMobileDriver.findElement(DefaultGenericMobileDriver.java:61)
at io.appium.java_client.AppiumDriver.findElement(AppiumDriver.java:1)
at io.appium.java_client.android.AndroidDriver.findElement(AndroidDriver.java:1)
at org.openqa.selenium.remote.RemoteWebDriver.findElementById(RemoteWebDriver.java:372)
at io.appium.java_client.DefaultGenericMobileDriver.findElementById(DefaultGenericMobileDriver.java:69)
at io.appium.java_client.AppiumDriver.findElementById(AppiumDriver.java:1)
at io.appium.java_client.android.AndroidDriver.findElementById(AndroidDriver.java:1)
at org.openqa.selenium.By$ById.findElement(By.java:188)
at org.openqa.selenium.remote.RemoteWebDriver.findElement(RemoteWebDriver.java:315)
at io.appium.java_client.DefaultGenericMobileDriver.findElement(DefaultGenericMobileDriver.java:57)
at io.appium.java_client.AppiumDriver.findElement(AppiumDriver.java:1)
at io.appium.java_client.android.AndroidDriver.findElement(AndroidDriver.java:1)
at com.InfoCabs.testcases.ConfirmYourRidePage_TestCases_120_135.Test_ConfirmYourRidePage_Notification_Icon_121(ConfirmYourRidePage_TestCases_120_135.java:40)
at sun.reflect.NativeMethodAccessorImpl.invoke0(Native Method)
at sun.reflect.NativeMethodAccessorImpl.invoke(NativeMethodAccessorImpl.java:62)
at sun.reflect.DelegatingMethodAccessorImpl.invoke(DelegatingMethodAccessorImpl.java:43)
at java.lang.reflect.Method.invoke(Method.java:498)
at org.testng.internal.MethodInvocationHelper.invokeMethod(MethodInvocationHelper.java:133)
at org.testng.internal.TestInvoker.invokeMethod(TestInvoker.java:584)
at org.testng.internal.TestInvoker.invokeTestMethod(TestInvoker.java:172)
at org.testng.internal.MethodRunner.runInSequence(MethodRunner.java:46)
at org.testng.internal.TestInvoker$MethodInvocationAgent.invoke(TestInvoker.java:804)
at org.testng.internal.TestInvoker.invokeTestMethods(TestInvoker.java:145)
at org.testng.internal.TestMethodWorker.invokeTestMethods(TestMethodWorker.java:146)
at org.testng.internal.TestMethodWorker.run(TestMethodWorker.java:128)
at java.util.ArrayList.forEach(ArrayList.java:1259)
at org.testng.TestRunner.privateRun(TestRunner.java:770)
at org.testng.TestRunner.run(TestRunner.java:591)
at org.testng.SuiteRunner.runTest(SuiteRunner.java:402)
at org.testng.SuiteRunner.runSequentially(SuiteRunner.java:396)
at org.testng.SuiteRunner.privateRun(SuiteRunner.java:355)
at org.testng.SuiteRunner.run(SuiteRunner.java:304)
at org.testng.SuiteRunnerWorker.runSuite(SuiteRunnerWorker.java:53)
at org.testng.SuiteRunnerWorker.run(SuiteRunnerWorker.java:96)
at org.testng.TestNG.runSuitesSequentially(TestNG.java:1180)
at org.testng.TestNG.runSuitesLocally(TestNG.java:1102)
at org.testng.TestNG.runSuites(TestNG.java:1032)
at org.testng.TestNG.run(TestNG.java:1000)
at org.testng.remote.AbstractRemoteTestNG.run(AbstractRemoteTestNG.java:115)
at org.testng.remote.RemoteTestNG.initAndRun(RemoteTestNG.java:251)
at org.testng.remote.RemoteTestNG.main(RemoteTestNG.java:77)
]]>
    </error>
  </testcase> <!-- Test_ConfirmYourRidePage_Notification_Icon_121 -->
  <testcase name="Test_ConfirmYourRidePage_Pickup_Icon_122" time="2.306" classname="com.InfoCabs.testcases.ConfirmYourRidePage_TestCases_120_135"/>
  <testcase name="Test_ConfirmYourRidePage_Dropoff_Icon_123" time="2.290" classname="com.InfoCabs.testcases.ConfirmYourRidePage_TestCases_120_135"/>
  <testcase name="Test_ConfirmYourRidePage_PickUpAddress_Verification_Text_124" time="2.332" classname="com.InfoCabs.testcases.ConfirmYourRidePage_TestCases_120_135">
    <failure type="java.lang.AssertionError" message="expected [18 Chapel Hill, Huddersfield, UK] but found [18 Chapel Hill, Linthwaite, Huddersfield, UK]">
      <![CDATA[java.lang.AssertionError: expected [18 Chapel Hill, Huddersfield, UK] but found [18 Chapel Hill, Linthwaite, Huddersfield, UK]
at org.testng.Assert.fail(Assert.java:97)
at org.testng.Assert.assertEqualsImpl(Assert.java:136)
at org.testng.Assert.assertEquals(Assert.java:118)
at org.testng.Assert.assertEquals(Assert.java:575)
at org.testng.Assert.assertEquals(Assert.java:585)
at com.InfoCabs.testcases.ConfirmYourRidePage_TestCases_120_135.Test_ConfirmYourRidePage_PickUpAddress_Verification_Text_124(ConfirmYourRidePage_TestCases_120_135.java:75)
at sun.reflect.NativeMethodAccessorImpl.invoke0(Native Method)
at sun.reflect.NativeMethodAccessorImpl.invoke(NativeMethodAccessorImpl.java:62)
at sun.reflect.DelegatingMethodAccessorImpl.invoke(DelegatingMethodAccessorImpl.java:43)
at java.lang.reflect.Method.invoke(Method.java:498)
at org.testng.internal.MethodInvocationHelper.invokeMethod(MethodInvocationHelper.java:133)
at org.testng.internal.TestInvoker.invokeMethod(TestInvoker.java:584)
at org.testng.internal.TestInvoker.invokeTestMethod(TestInvoker.java:172)
at org.testng.internal.MethodRunner.runInSequence(MethodRunner.java:46)
at org.testng.internal.TestInvoker$MethodInvocationAgent.invoke(TestInvoker.java:804)
at org.testng.internal.TestInvoker.invokeTestMethods(TestInvoker.java:145)
at org.testng.internal.TestMethodWorker.invokeTestMethods(TestMethodWorker.java:146)
at org.testng.internal.TestMethodWorker.run(TestMethodWorker.java:128)
at java.util.ArrayList.forEach(ArrayList.java:1259)
at org.testng.TestRunner.privateRun(TestRunner.java:770)
at org.testng.TestRunner.run(TestRunner.java:591)
at org.testng.SuiteRunner.runTest(SuiteRunner.java:402)
at org.testng.SuiteRunner.runSequentially(SuiteRunner.java:396)
at org.testng.SuiteRunner.privateRun(SuiteRunner.java:355)
at org.testng.SuiteRunner.run(SuiteRunner.java:304)
at org.testng.SuiteRunnerWorker.runSuite(SuiteRunnerWorker.java:53)
at org.testng.SuiteRunnerWorker.run(SuiteRunnerWorker.java:96)
at org.testng.TestNG.runSuitesSequentially(TestNG.java:1180)
at org.testng.TestNG.runSuitesLocally(TestNG.java:1102)
at org.testng.TestNG.runSuites(TestNG.java:1032)
at org.testng.TestNG.run(TestNG.java:1000)
at org.testng.remote.AbstractRemoteTestNG.run(AbstractRemoteTestNG.java:115)
at org.testng.remote.RemoteTestNG.initAndRun(RemoteTestNG.java:251)
at org.testng.remote.RemoteTestNG.main(RemoteTestNG.java:77)
]]>
    </failure>
  </testcase> <!-- Test_ConfirmYourRidePage_PickUpAddress_Verification_Text_124 -->
  <testcase name="Test_ConfirmYourRidePage_DropoffAddress_Verification_Text_125" time="2.331" classname="com.InfoCabs.testcases.ConfirmYourRidePage_TestCases_120_135"/>
  <testcase name="Test_ConfirmYourRidePage_AddNotes_Text_Verification_126" time="2.278" classname="com.InfoCabs.testcases.ConfirmYourRidePage_TestCases_120_135"/>
  <testcase name="Test_ConfirmYourRidePage_CarImage_arePresent_127" time="2.315" classname="com.InfoCabs.testcases.ConfirmYourRidePage_TestCases_120_135"/>
  <testcase name="Test_ConfirmYourRidePage_SaloonCar_Text_arePresent_127" time="2.349" classname="com.InfoCabs.testcases.ConfirmYourRidePage_TestCases_120_135"/>
  <testcase name="Test_ConfirmYourRidePage_EstimatedFares_Text_arePresent_128" time="2.338" classname="com.InfoCabs.testcases.ConfirmYourRidePage_TestCases_120_135"/>
  <testcase name="Test_ConfirmYourRidePage_FaresValue_inNumbers_129" time="2.323" classname="com.InfoCabs.testcases.ConfirmYourRidePage_TestCases_120_135"/>
  <testcase name="Test_ConfirmYourRidePage_AddPromocode_Text_arePresent_130" time="2.328" classname="com.InfoCabs.testcases.ConfirmYourRidePage_TestCases_120_135"/>
  <testcase name="Test_ConfirmYourRidePage_Paymentmethod_icon_arePresent_131" time="2.278" classname="com.InfoCabs.testcases.ConfirmYourRidePage_TestCases_120_135"/>
  <testcase name="Test_ConfirmYourRidePage_Cash_Text_arePresent_132" time="2.188" classname="com.InfoCabs.testcases.ConfirmYourRidePage_TestCases_120_135"/>
  <testcase name="Test_ConfirmYourRidePage_LetsGo_Button_Text_arePresent_133" time="2.292" classname="com.InfoCabs.testcases.ConfirmYourRidePage_TestCases_120_135"/>
  <testcase name="Test_ConfirmYourRidePage_AddNote_toTheDriver_134" time="7.112" classname="com.InfoCabs.testcases.ConfirmYourRidePage_TestCases_120_135"/>
  <testcase name="Test_MConfirmYourRidePage_ClickOn_LetsGo_Button_135" time="12.372" classname="com.InfoCabs.testcases.ConfirmYourRidePage_TestCases_120_135"/>
</testsuite> <!-- com.InfoCabs.testcases.ConfirmYourRidePage_TestCases_120_135 -->
