<?xml version="1.0" encoding="UTF-8"?>
<!-- Generated by org.testng.reporters.JUnitReportReporter -->
<testsuite skipped="0" hostname="DESKTOP-CSMSJ8J" name="com.InfoCabs.testcases.Schedule_Saloon_Ride_263_299" tests="37" failures="0" timestamp="2021-01-30T01:39:47 PKT" time="262.153" errors="1">
  <testcase name="Test_Schedule_Saloon_Ride_ClickOn_ScheduleRide_Button_263" time="21.224" classname="com.InfoCabs.testcases.Schedule_Saloon_Ride_263_299"/>
  <testcase name="Test_Schedule_Saloon_Ride_Pick_Cale_Image_is_present_264" time="2.266" classname="com.InfoCabs.testcases.Schedule_Saloon_Ride_263_299"/>
  <testcase name="Test_Schedule_Saloon_Ride_Pick_Time_Image_is_present_265" time="2.306" classname="com.InfoCabs.testcases.Schedule_Saloon_Ride_263_299"/>
  <testcase name="Test_Schedule_Saloon_Ride_EnterDropofAddress_Cab_266" time="11.118" classname="com.InfoCabs.testcases.Schedule_Saloon_Ride_263_299"/>
  <testcase name="Test_Schedule_Saloon_Ride_ClickOn_PickUp_Date_Button_267" time="2.356" classname="com.InfoCabs.testcases.Schedule_Saloon_Ride_263_299"/>
  <testcase name="Test_Schedule_Saloon_Ride_Pick_Cale_CurrentYear_is_present_268" time="2.332" classname="com.InfoCabs.testcases.Schedule_Saloon_Ride_263_299"/>
  <testcase name="Test_Schedule_Saloon_Ride_Pick_Cale_CurrentDate_is_present_269" time="2.330" classname="com.InfoCabs.testcases.Schedule_Saloon_Ride_263_299"/>
  <testcase name="Test_Schedule_Saloon_Ride_ClickOn_Cale_Cancel_Button_270" time="2.443" classname="com.InfoCabs.testcases.Schedule_Saloon_Ride_263_299"/>
  <testcase name="Test_Schedule_Saloon_Ride_ClickOn_PickUp_Date_On2ndTime_Button_271" time="5.368" classname="com.InfoCabs.testcases.Schedule_Saloon_Ride_263_299"/>
  <testcase name="Test_Schedule_Saloon_Ride_ClickOn_Cale_OK_Button_272" time="5.415" classname="com.InfoCabs.testcases.Schedule_Saloon_Ride_263_299"/>
  <testcase name="Test_Schedule_Saloon_Ride_ClickOn_Time_Cancel_Button_273" time="2.333" classname="com.InfoCabs.testcases.Schedule_Saloon_Ride_263_299"/>
  <testcase name="Test_Schedule_Saloon_Ride_Check_PickUpDate_are_Selected_274" time="2.293" classname="com.InfoCabs.testcases.Schedule_Saloon_Ride_263_299"/>
  <testcase name="Test_Schedule_Saloon_Ride_ClickOn_PickUp_Time_Button_275" time="5.324" classname="com.InfoCabs.testcases.Schedule_Saloon_Ride_263_299"/>
  <testcase name="Test_Schedule_Saloon_Ride_Check_TimeDisplay_arePresent_276" time="2.242" classname="com.InfoCabs.testcases.Schedule_Saloon_Ride_263_299"/>
  <testcase name="Test_Schedule_Saloon_Ride_check_30minuts_AdvanceTime_277" time="2.112" classname="com.InfoCabs.testcases.Schedule_Saloon_Ride_263_299"/>
  <testcase name="Test_Schedule_Saloon_Ride_ClickOn_Time_Cancel_Button_278" time="2.831" classname="com.InfoCabs.testcases.Schedule_Saloon_Ride_263_299"/>
  <testcase name="Test_Schedule_Saloon_Ride_ClickOn_PickUp_Time_On2nd_Time_Button_279" time="5.372" classname="com.InfoCabs.testcases.Schedule_Saloon_Ride_263_299"/>
  <testcase name="Test_Schedule_Saloon_Ride_ClickOn_Time_OK_Button_280" time="5.336" classname="com.InfoCabs.testcases.Schedule_Saloon_Ride_263_299"/>
  <testcase name="Test_Schedule_Saloon_Ride_Check_Time_areSelected_281" time="2.310" classname="com.InfoCabs.testcases.Schedule_Saloon_Ride_263_299"/>
  <testcase name="Test_Schedule_Saloon_Ride_ClickOnBookNow_Button_Cab_282" time="9.940" classname="com.InfoCabs.testcases.Schedule_Saloon_Ride_263_299"/>
  <testcase name="Test_Schedule_Saloon_Ride_Check_Time_and_Date_areSelected_283" time="62.584" classname="com.InfoCabs.testcases.Schedule_Saloon_Ride_263_299">
    <error type="org.openqa.selenium.NoSuchElementException" message="An element could not be located on the page using the given search parameters.
For documentation on this error, please visit: https://www.seleniumhq.org/exceptions/no_such_element.html
Build info: version: &#039;3.141.59&#039;, revision: &#039;e82be7d358&#039;, time: &#039;2018-11-14T08:17:03&#039;
System info: host: &#039;DESKTOP-CSMSJ8J&#039;, ip: &#039;192.168.0.199&#039;, os.name: &#039;Windows 10&#039;, os.arch: &#039;amd64&#039;, os.version: &#039;10.0&#039;, java.version: &#039;1.8.0_261&#039;
Driver info: io.appium.java_client.android.AndroidDriver
Capabilities {app: C:\Users\92336\git\InfoCabs..., appActivity: com.infosun.csandroidx.acti..., appPackage: com.Infosun.AbbeySwiftCars, autoAcceptAlerts: true, autoGrantPermissions: true, databaseEnabled: false, desired: {app: C:\Users\92336\git\InfoCabs..., appActivity: com.infosun.csandroidx.acti..., appPackage: com.Infosun.AbbeySwiftCars, autoAcceptAlerts: true, autoGrantPermissions: true, deviceName: Galaxy J7 Pro, newCommandTimeout: 60, platformName: android, platformVersion: 7, resetKeyboard: false, udid: 52006c45b4f164dd, unicodeKeyboard: false}, deviceApiLevel: 24, deviceManufacturer: samsung, deviceModel: SM-J730F, deviceName: 52006c45b4f164dd, deviceScreenDensity: 420, deviceScreenSize: 1080x1920, deviceUDID: 52006c45b4f164dd, javascriptEnabled: true, locationContextEnabled: false, networkConnectionEnabled: true, newCommandTimeout: 60, pixelRatio: 2.625, platform: LINUX, platformName: Android, platformVersion: 7.0, resetKeyboard: false, statBarHeight: 63, takesScreenshot: true, udid: 52006c45b4f164dd, unicodeKeyboard: false, viewportRect: {height: 1857, left: 0, top: 63, width: 1080}, warnings: {}, webStorageEnabled: false}
Session ID: c8a07a5c-4755-4dc1-8220-f1c5c9fe6ad0
*** Element info: {Using=id, value=com.Infosun.AbbeySwiftCars:id/tv_date_time}">
      <![CDATA[org.openqa.selenium.NoSuchElementException: An element could not be located on the page using the given search parameters.
For documentation on this error, please visit: https://www.seleniumhq.org/exceptions/no_such_element.html
Build info: version: '3.141.59', revision: 'e82be7d358', time: '2018-11-14T08:17:03'
System info: host: 'DESKTOP-CSMSJ8J', ip: '192.168.0.199', os.name: 'Windows 10', os.arch: 'amd64', os.version: '10.0', java.version: '1.8.0_261'
Driver info: io.appium.java_client.android.AndroidDriver
Capabilities {app: C:\Users\92336\git\InfoCabs..., appActivity: com.infosun.csandroidx.acti..., appPackage: com.Infosun.AbbeySwiftCars, autoAcceptAlerts: true, autoGrantPermissions: true, databaseEnabled: false, desired: {app: C:\Users\92336\git\InfoCabs..., appActivity: com.infosun.csandroidx.acti..., appPackage: com.Infosun.AbbeySwiftCars, autoAcceptAlerts: true, autoGrantPermissions: true, deviceName: Galaxy J7 Pro, newCommandTimeout: 60, platformName: android, platformVersion: 7, resetKeyboard: false, udid: 52006c45b4f164dd, unicodeKeyboard: false}, deviceApiLevel: 24, deviceManufacturer: samsung, deviceModel: SM-J730F, deviceName: 52006c45b4f164dd, deviceScreenDensity: 420, deviceScreenSize: 1080x1920, deviceUDID: 52006c45b4f164dd, javascriptEnabled: true, locationContextEnabled: false, networkConnectionEnabled: true, newCommandTimeout: 60, pixelRatio: 2.625, platform: LINUX, platformName: Android, platformVersion: 7.0, resetKeyboard: false, statBarHeight: 63, takesScreenshot: true, udid: 52006c45b4f164dd, unicodeKeyboard: false, viewportRect: {height: 1857, left: 0, top: 63, width: 1080}, warnings: {}, webStorageEnabled: false}
Session ID: c8a07a5c-4755-4dc1-8220-f1c5c9fe6ad0
*** Element info: {Using=id, value=com.Infosun.AbbeySwiftCars:id/tv_date_time}
at sun.reflect.NativeConstructorAccessorImpl.newInstance0(Native Method)
at sun.reflect.NativeConstructorAccessorImpl.newInstance(NativeConstructorAccessorImpl.java:62)
at sun.reflect.DelegatingConstructorAccessorImpl.newInstance(DelegatingConstructorAccessorImpl.java:45)
at java.lang.reflect.Constructor.newInstance(Constructor.java:423)
at org.openqa.selenium.remote.http.W3CHttpResponseCodec.createException(W3CHttpResponseCodec.java:187)
at org.openqa.selenium.remote.http.W3CHttpResponseCodec.decode(W3CHttpResponseCodec.java:122)
at org.openqa.selenium.remote.http.W3CHttpResponseCodec.decode(W3CHttpResponseCodec.java:49)
at org.openqa.selenium.remote.HttpCommandExecutor.execute(HttpCommandExecutor.java:158)
at io.appium.java_client.remote.AppiumCommandExecutor.execute(AppiumCommandExecutor.java:239)
at org.openqa.selenium.remote.RemoteWebDriver.execute(RemoteWebDriver.java:552)
at io.appium.java_client.DefaultGenericMobileDriver.execute(DefaultGenericMobileDriver.java:41)
at io.appium.java_client.AppiumDriver.execute(AppiumDriver.java:1)
at io.appium.java_client.android.AndroidDriver.execute(AndroidDriver.java:1)
at org.openqa.selenium.remote.RemoteWebDriver.findElement(RemoteWebDriver.java:323)
at io.appium.java_client.DefaultGenericMobileDriver.findElement(DefaultGenericMobileDriver.java:61)
at io.appium.java_client.AppiumDriver.findElement(AppiumDriver.java:1)
at io.appium.java_client.android.AndroidDriver.findElement(AndroidDriver.java:1)
at org.openqa.selenium.remote.RemoteWebDriver.findElementById(RemoteWebDriver.java:372)
at io.appium.java_client.DefaultGenericMobileDriver.findElementById(DefaultGenericMobileDriver.java:69)
at io.appium.java_client.AppiumDriver.findElementById(AppiumDriver.java:1)
at io.appium.java_client.android.AndroidDriver.findElementById(AndroidDriver.java:1)
at org.openqa.selenium.By$ById.findElement(By.java:188)
at org.openqa.selenium.remote.RemoteWebDriver.findElement(RemoteWebDriver.java:315)
at io.appium.java_client.DefaultGenericMobileDriver.findElement(DefaultGenericMobileDriver.java:57)
at io.appium.java_client.AppiumDriver.findElement(AppiumDriver.java:1)
at io.appium.java_client.android.AndroidDriver.findElement(AndroidDriver.java:1)
at com.InfoCabs.testcases.Schedule_Saloon_Ride_263_299.Test_Schedule_Saloon_Ride_Check_Time_and_Date_areSelected_283(Schedule_Saloon_Ride_263_299.java:367)
at sun.reflect.NativeMethodAccessorImpl.invoke0(Native Method)
at sun.reflect.NativeMethodAccessorImpl.invoke(NativeMethodAccessorImpl.java:62)
at sun.reflect.DelegatingMethodAccessorImpl.invoke(DelegatingMethodAccessorImpl.java:43)
at java.lang.reflect.Method.invoke(Method.java:498)
at org.testng.internal.MethodInvocationHelper.invokeMethod(MethodInvocationHelper.java:133)
at org.testng.internal.TestInvoker.invokeMethod(TestInvoker.java:584)
at org.testng.internal.TestInvoker.invokeTestMethod(TestInvoker.java:172)
at org.testng.internal.MethodRunner.runInSequence(MethodRunner.java:46)
at org.testng.internal.TestInvoker$MethodInvocationAgent.invoke(TestInvoker.java:804)
at org.testng.internal.TestInvoker.invokeTestMethods(TestInvoker.java:145)
at org.testng.internal.TestMethodWorker.invokeTestMethods(TestMethodWorker.java:146)
at org.testng.internal.TestMethodWorker.run(TestMethodWorker.java:128)
at java.util.ArrayList.forEach(ArrayList.java:1259)
at org.testng.TestRunner.privateRun(TestRunner.java:770)
at org.testng.TestRunner.run(TestRunner.java:591)
at org.testng.SuiteRunner.runTest(SuiteRunner.java:402)
at org.testng.SuiteRunner.runSequentially(SuiteRunner.java:396)
at org.testng.SuiteRunner.privateRun(SuiteRunner.java:355)
at org.testng.SuiteRunner.run(SuiteRunner.java:304)
at org.testng.SuiteRunnerWorker.runSuite(SuiteRunnerWorker.java:53)
at org.testng.SuiteRunnerWorker.run(SuiteRunnerWorker.java:96)
at org.testng.TestNG.runSuitesSequentially(TestNG.java:1180)
at org.testng.TestNG.runSuitesLocally(TestNG.java:1102)
at org.testng.TestNG.runSuites(TestNG.java:1032)
at org.testng.TestNG.run(TestNG.java:1000)
at org.testng.remote.AbstractRemoteTestNG.run(AbstractRemoteTestNG.java:115)
at org.testng.remote.RemoteTestNG.initAndRun(RemoteTestNG.java:251)
at org.testng.remote.RemoteTestNG.main(RemoteTestNG.java:77)
]]>
    </error>
  </testcase> <!-- Test_Schedule_Saloon_Ride_Check_Time_and_Date_areSelected_283 -->
  <testcase name="Test_Schedule_Saloon_Ride_ClickOnBookConfirmButton_284" time="30.360" classname="com.InfoCabs.testcases.Schedule_Saloon_Ride_263_299"/>
  <testcase name="Test_Schedule_Saloon_Ride_Check_Schedule_Screen_image_Tick_Icon_285" time="2.262" classname="com.InfoCabs.testcases.Schedule_Saloon_Ride_263_299"/>
  <testcase name="Test_Schedule_Saloon_Ride_check_Your_Ride_ScheduleText_286" time="2.154" classname="com.InfoCabs.testcases.Schedule_Saloon_Ride_263_299"/>
  <testcase name="Test_Schedule_Saloon_Ride_Check_Schedule_Screen_Time_are_Selected_287" time="2.303" classname="com.InfoCabs.testcases.Schedule_Saloon_Ride_263_299"/>
  <testcase name="Test_Schedule_Saloon_Ride_check_View_Your_Text_288" time="2.260" classname="com.InfoCabs.testcases.Schedule_Saloon_Ride_263_299"/>
  <testcase name="Test_Schedule_Saloon_Ride_ClickOn_Done_Button_289" time="5.291" classname="com.InfoCabs.testcases.Schedule_Saloon_Ride_263_299"/>
  <testcase name="Test_Schedule_Saloon_Ride_ClickOn_SideMenu_Button_290" time="15.511" classname="com.InfoCabs.testcases.Schedule_Saloon_Ride_263_299"/>
  <testcase name="Test_Schedule_Saloon_Ride_ClickOn_SideMenu__MyTrips_Button_291" time="9.809" classname="com.InfoCabs.testcases.Schedule_Saloon_Ride_263_299"/>
  <testcase name="Test_Schedule_Saloon_Ride_check_MyTrips_Text_292" time="2.716" classname="com.InfoCabs.testcases.Schedule_Saloon_Ride_263_299"/>
  <testcase name="Test_Schedule_Saloon_Ride_ClickOn_Done_Button_293" time="5.883" classname="com.InfoCabs.testcases.Schedule_Saloon_Ride_263_299"/>
  <testcase name="Test_Schedule_Saloon_Ride_Check_UpComingRide_PickUp_Icon_294" time="2.297" classname="com.InfoCabs.testcases.Schedule_Saloon_Ride_263_299"/>
  <testcase name="Test_Schedule_Saloon_Ride_Check_UpComingRide_DropOff_Icon_295" time="2.389" classname="com.InfoCabs.testcases.Schedule_Saloon_Ride_263_299"/>
  <testcase name="Test_Schedule_Saloon_Ride_Check_UpComingRide_PickUp_Address_296" time="2.322" classname="com.InfoCabs.testcases.Schedule_Saloon_Ride_263_299"/>
  <testcase name="Test_Schedule_Saloon_Ride_Check_UpComingRide_Dropoff_Address_297" time="2.840" classname="com.InfoCabs.testcases.Schedule_Saloon_Ride_263_299"/>
  <testcase name="Test_Schedule_Saloon_Ride_Check_UpComingRide_PickUp_Time_298" time="2.223" classname="com.InfoCabs.testcases.Schedule_Saloon_Ride_263_299"/>
  <testcase name="Test_Schedule_Saloon_Ride_ClickOn_Cancel_Button_299" time="11.698" classname="com.InfoCabs.testcases.Schedule_Saloon_Ride_263_299"/>
</testsuite> <!-- com.InfoCabs.testcases.Schedule_Saloon_Ride_263_299 -->
