<?xml version="1.0" encoding="UTF-8"?>
<testng-results skipped="0" failed="3" ignored="26" total="211" passed="182">
  <reporter-output>
    <line>
      <![CDATA[Timeout waiting for Page Load Request to complete.]]>
    </line>
    <line>
      <![CDATA[Timeout waiting for Page Load Request to complete.]]>
    </line>
    <line>
      <![CDATA[Timeout waiting for Page Load Request to complete.]]>
    </line>
    <line>
      <![CDATA[Timeout waiting for Page Load Request to complete.]]>
    </line>
    <line>
      <![CDATA[Timeout waiting for Page Load Request to complete.]]>
    </line>
    <line>
      <![CDATA[Timeout waiting for Page Load Request to complete.]]>
    </line>
    <line>
      <![CDATA[Timeout waiting for Page Load Request to complete.]]>
    </line>
    <line>
      <![CDATA[Timeout waiting for Page Load Request to complete.]]>
    </line>
    <line>
      <![CDATA[Timeout waiting for Page Load Request to complete.]]>
    </line>
    <line>
      <![CDATA[Timeout waiting for Page Load Request to complete.]]>
    </line>
    <line>
      <![CDATA[Timeout waiting for Page Load Request to complete.]]>
    </line>
    <line>
      <![CDATA[Timeout waiting for Page Load Request to complete.]]>
    </line>
    <line>
      <![CDATA[Timeout waiting for Page Load Request to complete.]]>
    </line>
    <line>
      <![CDATA[Timeout waiting for Page Load Request to complete.]]>
    </line>
    <line>
      <![CDATA[Timeout waiting for Page Load Request to complete.]]>
    </line>
    <line>
      <![CDATA[Timeout waiting for Page Load Request to complete.]]>
    </line>
    <line>
      <![CDATA[Timeout waiting for Page Load Request to complete.]]>
    </line>
    <line>
      <![CDATA[Timeout waiting for Page Load Request to complete.]]>
    </line>
    <line>
      <![CDATA[Timeout waiting for Page Load Request to complete.]]>
    </line>
    <line>
      <![CDATA[Timeout waiting for Page Load Request to complete.]]>
    </line>
    <line>
      <![CDATA[Timeout waiting for Page Load Request to complete.]]>
    </line>
    <line>
      <![CDATA[Timeout waiting for Page Load Request to complete.]]>
    </line>
    <line>
      <![CDATA[Timeout waiting for Page Load Request to complete.]]>
    </line>
    <line>
      <![CDATA[Timeout waiting for Page Load Request to complete.]]>
    </line>
    <line>
      <![CDATA[Timeout waiting for Page Load Request to complete.]]>
    </line>
    <line>
      <![CDATA[Timeout waiting for Page Load Request to complete.]]>
    </line>
    <line>
      <![CDATA[Timeout waiting for Page Load Request to complete.]]>
    </line>
    <line>
      <![CDATA[Timeout waiting for Page Load Request to complete.]]>
    </line>
    <line>
      <![CDATA[Timeout waiting for Page Load Request to complete.]]>
    </line>
    <line>
      <![CDATA[Timeout waiting for Page Load Request to complete.]]>
    </line>
    <line>
      <![CDATA[Timeout waiting for Page Load Request to complete.]]>
    </line>
    <line>
      <![CDATA[Timeout waiting for Page Load Request to complete.]]>
    </line>
    <line>
      <![CDATA[Timeout waiting for Page Load Request to complete.]]>
    </line>
    <line>
      <![CDATA[Timeout waiting for Page Load Request to complete.]]>
    </line>
    <line>
      <![CDATA[Timeout waiting for Page Load Request to complete.]]>
    </line>
    <line>
      <![CDATA[Timeout waiting for Page Load Request to complete.]]>
    </line>
    <line>
      <![CDATA[Timeout waiting for Page Load Request to complete.]]>
    </line>
    <line>
      <![CDATA[Timeout waiting for Page Load Request to complete.]]>
    </line>
    <line>
      <![CDATA[Timeout waiting for Page Load Request to complete.]]>
    </line>
    <line>
      <![CDATA[Timeout waiting for Page Load Request to complete.]]>
    </line>
    <line>
      <![CDATA[Timeout waiting for Page Load Request to complete.]]>
    </line>
    <line>
      <![CDATA[Timeout waiting for Page Load Request to complete.]]>
    </line>
    <line>
      <![CDATA[Timeout waiting for Page Load Request to complete.]]>
    </line>
    <line>
      <![CDATA[Timeout waiting for Page Load Request to complete.]]>
    </line>
    <line>
      <![CDATA[Timeout waiting for Page Load Request to complete.]]>
    </line>
    <line>
      <![CDATA[Timeout waiting for Page Load Request to complete.]]>
    </line>
    <line>
      <![CDATA[Timeout waiting for Page Load Request to complete.]]>
    </line>
    <line>
      <![CDATA[Timeout waiting for Page Load Request to complete.]]>
    </line>
    <line>
      <![CDATA[Timeout waiting for Page Load Request to complete.]]>
    </line>
    <line>
      <![CDATA[Timeout waiting for Page Load Request to complete.]]>
    </line>
    <line>
      <![CDATA[Timeout waiting for Page Load Request to complete.]]>
    </line>
    <line>
      <![CDATA[Timeout waiting for Page Load Request to complete.]]>
    </line>
    <line>
      <![CDATA[Timeout waiting for Page Load Request to complete.]]>
    </line>
    <line>
      <![CDATA[Timeout waiting for Page Load Request to complete.]]>
    </line>
    <line>
      <![CDATA[Timeout waiting for Page Load Request to complete.]]>
    </line>
    <line>
      <![CDATA[Timeout waiting for Page Load Request to complete.]]>
    </line>
    <line>
      <![CDATA[Timeout waiting for Page Load Request to complete.]]>
    </line>
    <line>
      <![CDATA[Timeout waiting for Page Load Request to complete.]]>
    </line>
    <line>
      <![CDATA[Timeout waiting for Page Load Request to complete.]]>
    </line>
    <line>
      <![CDATA[Timeout waiting for Page Load Request to complete.]]>
    </line>
    <line>
      <![CDATA[Timeout waiting for Page Load Request to complete.]]>
    </line>
    <line>
      <![CDATA[Timeout waiting for Page Load Request to complete.]]>
    </line>
    <line>
      <![CDATA[Timeout waiting for Page Load Request to complete.]]>
    </line>
    <line>
      <![CDATA[Timeout waiting for Page Load Request to complete.]]>
    </line>
    <line>
      <![CDATA[Timeout waiting for Page Load Request to complete.]]>
    </line>
    <line>
      <![CDATA[Timeout waiting for Page Load Request to complete.]]>
    </line>
    <line>
      <![CDATA[Timeout waiting for Page Load Request to complete.]]>
    </line>
    <line>
      <![CDATA[Timeout waiting for Page Load Request to complete.]]>
    </line>
    <line>
      <![CDATA[Timeout waiting for Page Load Request to complete.]]>
    </line>
    <line>
      <![CDATA[Timeout waiting for Page Load Request to complete.]]>
    </line>
    <line>
      <![CDATA[Timeout waiting for Page Load Request to complete.]]>
    </line>
    <line>
      <![CDATA[Timeout waiting for Page Load Request to complete.]]>
    </line>
    <line>
      <![CDATA[Timeout waiting for Page Load Request to complete.]]>
    </line>
    <line>
      <![CDATA[Timeout waiting for Page Load Request to complete.]]>
    </line>
    <line>
      <![CDATA[Timeout waiting for Page Load Request to complete.]]>
    </line>
    <line>
      <![CDATA[Timeout waiting for Page Load Request to complete.]]>
    </line>
    <line>
      <![CDATA[Timeout waiting for Page Load Request to complete.]]>
    </line>
    <line>
      <![CDATA[Timeout waiting for Page Load Request to complete.]]>
    </line>
    <line>
      <![CDATA[Timeout waiting for Page Load Request to complete.]]>
    </line>
    <line>
      <![CDATA[Timeout waiting for Page Load Request to complete.]]>
    </line>
    <line>
      <![CDATA[Timeout waiting for Page Load Request to complete.]]>
    </line>
    <line>
      <![CDATA[Timeout waiting for Page Load Request to complete.]]>
    </line>
    <line>
      <![CDATA[Timeout waiting for Page Load Request to complete.]]>
    </line>
    <line>
      <![CDATA[Timeout waiting for Page Load Request to complete.]]>
    </line>
    <line>
      <![CDATA[Timeout waiting for Page Load Request to complete.]]>
    </line>
    <line>
      <![CDATA[Timeout waiting for Page Load Request to complete.]]>
    </line>
    <line>
      <![CDATA[Timeout waiting for Page Load Request to complete.]]>
    </line>
    <line>
      <![CDATA[Timeout waiting for Page Load Request to complete.]]>
    </line>
    <line>
      <![CDATA[Timeout waiting for Page Load Request to complete.]]>
    </line>
    <line>
      <![CDATA[Timeout waiting for Page Load Request to complete.]]>
    </line>
    <line>
      <![CDATA[Timeout waiting for Page Load Request to complete.]]>
    </line>
    <line>
      <![CDATA[Timeout waiting for Page Load Request to complete.]]>
    </line>
    <line>
      <![CDATA[Timeout waiting for Page Load Request to complete.]]>
    </line>
    <line>
      <![CDATA[Timeout waiting for Page Load Request to complete.]]>
    </line>
    <line>
      <![CDATA[Timeout waiting for Page Load Request to complete.]]>
    </line>
    <line>
      <![CDATA[Timeout waiting for Page Load Request to complete.]]>
    </line>
    <line>
      <![CDATA[Timeout waiting for Page Load Request to complete.]]>
    </line>
    <line>
      <![CDATA[Timeout waiting for Page Load Request to complete.]]>
    </line>
    <line>
      <![CDATA[Timeout waiting for Page Load Request to complete.]]>
    </line>
    <line>
      <![CDATA[Timeout waiting for Page Load Request to complete.]]>
    </line>
    <line>
      <![CDATA[Timeout waiting for Page Load Request to complete.]]>
    </line>
    <line>
      <![CDATA[Timeout waiting for Page Load Request to complete.]]>
    </line>
    <line>
      <![CDATA[Timeout waiting for Page Load Request to complete.]]>
    </line>
    <line>
      <![CDATA[Timeout waiting for Page Load Request to complete.]]>
    </line>
    <line>
      <![CDATA[Timeout waiting for Page Load Request to complete.]]>
    </line>
    <line>
      <![CDATA[Timeout waiting for Page Load Request to complete.]]>
    </line>
    <line>
      <![CDATA[Timeout waiting for Page Load Request to complete.]]>
    </line>
    <line>
      <![CDATA[Timeout waiting for Page Load Request to complete.]]>
    </line>
    <line>
      <![CDATA[Timeout waiting for Page Load Request to complete.]]>
    </line>
    <line>
      <![CDATA[Timeout waiting for Page Load Request to complete.]]>
    </line>
    <line>
      <![CDATA[Timeout waiting for Page Load Request to complete.]]>
    </line>
    <line>
      <![CDATA[Timeout waiting for Page Load Request to complete.]]>
    </line>
    <line>
      <![CDATA[Timeout waiting for Page Load Request to complete.]]>
    </line>
    <line>
      <![CDATA[Timeout waiting for Page Load Request to complete.]]>
    </line>
    <line>
      <![CDATA[Timeout waiting for Page Load Request to complete.]]>
    </line>
    <line>
      <![CDATA[Timeout waiting for Page Load Request to complete.]]>
    </line>
    <line>
      <![CDATA[Timeout waiting for Page Load Request to complete.]]>
    </line>
    <line>
      <![CDATA[Timeout waiting for Page Load Request to complete.]]>
    </line>
    <line>
      <![CDATA[Timeout waiting for Page Load Request to complete.]]>
    </line>
    <line>
      <![CDATA[Timeout waiting for Page Load Request to complete.]]>
    </line>
    <line>
      <![CDATA[Timeout waiting for Page Load Request to complete.]]>
    </line>
    <line>
      <![CDATA[Timeout waiting for Page Load Request to complete.]]>
    </line>
    <line>
      <![CDATA[Timeout waiting for Page Load Request to complete.]]>
    </line>
    <line>
      <![CDATA[Timeout waiting for Page Load Request to complete.]]>
    </line>
    <line>
      <![CDATA[Timeout waiting for Page Load Request to complete.]]>
    </line>
    <line>
      <![CDATA[Timeout waiting for Page Load Request to complete.]]>
    </line>
    <line>
      <![CDATA[Timeout waiting for Page Load Request to complete.]]>
    </line>
    <line>
      <![CDATA[Timeout waiting for Page Load Request to complete.]]>
    </line>
    <line>
      <![CDATA[Timeout waiting for Page Load Request to complete.]]>
    </line>
    <line>
      <![CDATA[Timeout waiting for Page Load Request to complete.]]>
    </line>
    <line>
      <![CDATA[Timeout waiting for Page Load Request to complete.]]>
    </line>
    <line>
      <![CDATA[Timeout waiting for Page Load Request to complete.]]>
    </line>
    <line>
      <![CDATA[Timeout waiting for Page Load Request to complete.]]>
    </line>
    <line>
      <![CDATA[Timeout waiting for Page Load Request to complete.]]>
    </line>
    <line>
      <![CDATA[Timeout waiting for Page Load Request to complete.]]>
    </line>
    <line>
      <![CDATA[Timeout waiting for Page Load Request to complete.]]>
    </line>
    <line>
      <![CDATA[Timeout waiting for Page Load Request to complete.]]>
    </line>
    <line>
      <![CDATA[Timeout waiting for Page Load Request to complete.]]>
    </line>
    <line>
      <![CDATA[Timeout waiting for Page Load Request to complete.]]>
    </line>
    <line>
      <![CDATA[Timeout waiting for Page Load Request to complete.]]>
    </line>
    <line>
      <![CDATA[Timeout waiting for Page Load Request to complete.]]>
    </line>
    <line>
      <![CDATA[Timeout waiting for Page Load Request to complete.]]>
    </line>
    <line>
      <![CDATA[Timeout waiting for Page Load Request to complete.]]>
    </line>
    <line>
      <![CDATA[Timeout waiting for Page Load Request to complete.]]>
    </line>
    <line>
      <![CDATA[Timeout waiting for Page Load Request to complete.]]>
    </line>
    <line>
      <![CDATA[Timeout waiting for Page Load Request to complete.]]>
    </line>
    <line>
      <![CDATA[Timeout waiting for Page Load Request to complete.]]>
    </line>
    <line>
      <![CDATA[Timeout waiting for Page Load Request to complete.]]>
    </line>
    <line>
      <![CDATA[Timeout waiting for Page Load Request to complete.]]>
    </line>
    <line>
      <![CDATA[Timeout waiting for Page Load Request to complete.]]>
    </line>
    <line>
      <![CDATA[Timeout waiting for Page Load Request to complete.]]>
    </line>
    <line>
      <![CDATA[Timeout waiting for Page Load Request to complete.]]>
    </line>
    <line>
      <![CDATA[Timeout waiting for Page Load Request to complete.]]>
    </line>
    <line>
      <![CDATA[Timeout waiting for Page Load Request to complete.]]>
    </line>
    <line>
      <![CDATA[Timeout waiting for Page Load Request to complete.]]>
    </line>
    <line>
      <![CDATA[Timeout waiting for Page Load Request to complete.]]>
    </line>
    <line>
      <![CDATA[Timeout waiting for Page Load Request to complete.]]>
    </line>
    <line>
      <![CDATA[Timeout waiting for Page Load Request to complete.]]>
    </line>
    <line>
      <![CDATA[Timeout waiting for Page Load Request to complete.]]>
    </line>
    <line>
      <![CDATA[Timeout waiting for Page Load Request to complete.]]>
    </line>
    <line>
      <![CDATA[Timeout waiting for Page Load Request to complete.]]>
    </line>
    <line>
      <![CDATA[Timeout waiting for Page Load Request to complete.]]>
    </line>
    <line>
      <![CDATA[Timeout waiting for Page Load Request to complete.]]>
    </line>
    <line>
      <![CDATA[Timeout waiting for Page Load Request to complete.]]>
    </line>
    <line>
      <![CDATA[Timeout waiting for Page Load Request to complete.]]>
    </line>
    <line>
      <![CDATA[Timeout waiting for Page Load Request to complete.]]>
    </line>
    <line>
      <![CDATA[Timeout waiting for Page Load Request to complete.]]>
    </line>
    <line>
      <![CDATA[Timeout waiting for Page Load Request to complete.]]>
    </line>
    <line>
      <![CDATA[Timeout waiting for Page Load Request to complete.]]>
    </line>
    <line>
      <![CDATA[Timeout waiting for Page Load Request to complete.]]>
    </line>
    <line>
      <![CDATA[Timeout waiting for Page Load Request to complete.]]>
    </line>
    <line>
      <![CDATA[Timeout waiting for Page Load Request to complete.]]>
    </line>
    <line>
      <![CDATA[Timeout waiting for Page Load Request to complete.]]>
    </line>
    <line>
      <![CDATA[Timeout waiting for Page Load Request to complete.]]>
    </line>
    <line>
      <![CDATA[Timeout waiting for Page Load Request to complete.]]>
    </line>
    <line>
      <![CDATA[Timeout waiting for Page Load Request to complete.]]>
    </line>
    <line>
      <![CDATA[Timeout waiting for Page Load Request to complete.]]>
    </line>
    <line>
      <![CDATA[Timeout waiting for Page Load Request to complete.]]>
    </line>
    <line>
      <![CDATA[Timeout waiting for Page Load Request to complete.]]>
    </line>
    <line>
      <![CDATA[Timeout waiting for Page Load Request to complete.]]>
    </line>
    <line>
      <![CDATA[Timeout waiting for Page Load Request to complete.]]>
    </line>
    <line>
      <![CDATA[Timeout waiting for Page Load Request to complete.]]>
    </line>
    <line>
      <![CDATA[Timeout waiting for Page Load Request to complete.]]>
    </line>
    <line>
      <![CDATA[Timeout waiting for Page Load Request to complete.]]>
    </line>
    <line>
      <![CDATA[Timeout waiting for Page Load Request to complete.]]>
    </line>
    <line>
      <![CDATA[Timeout waiting for Page Load Request to complete.]]>
    </line>
    <line>
      <![CDATA[Timeout waiting for Page Load Request to complete.]]>
    </line>
    <line>
      <![CDATA[Timeout waiting for Page Load Request to complete.]]>
    </line>
    <line>
      <![CDATA[Timeout waiting for Page Load Request to complete.]]>
    </line>
    <line>
      <![CDATA[Timeout waiting for Page Load Request to complete.]]>
    </line>
    <line>
      <![CDATA[Timeout waiting for Page Load Request to complete.]]>
    </line>
    <line>
      <![CDATA[Timeout waiting for Page Load Request to complete.]]>
    </line>
    <line>
      <![CDATA[Timeout waiting for Page Load Request to complete.]]>
    </line>
    <line>
      <![CDATA[Timeout waiting for Page Load Request to complete.]]>
    </line>
    <line>
      <![CDATA[Timeout waiting for Page Load Request to complete.]]>
    </line>
    <line>
      <![CDATA[Timeout waiting for Page Load Request to complete.]]>
    </line>
    <line>
      <![CDATA[Timeout waiting for Page Load Request to complete.]]>
    </line>
    <line>
      <![CDATA[Timeout waiting for Page Load Request to complete.]]>
    </line>
    <line>
      <![CDATA[Timeout waiting for Page Load Request to complete.]]>
    </line>
    <line>
      <![CDATA[Timeout waiting for Page Load Request to complete.]]>
    </line>
    <line>
      <![CDATA[Timeout waiting for Page Load Request to complete.]]>
    </line>
    <line>
      <![CDATA[Timeout waiting for Page Load Request to complete.]]>
    </line>
    <line>
      <![CDATA[Timeout waiting for Page Load Request to complete.]]>
    </line>
    <line>
      <![CDATA[Timeout waiting for Page Load Request to complete.]]>
    </line>
    <line>
      <![CDATA[Timeout waiting for Page Load Request to complete.]]>
    </line>
    <line>
      <![CDATA[Timeout waiting for Page Load Request to complete.]]>
    </line>
    <line>
      <![CDATA[Timeout waiting for Page Load Request to complete.]]>
    </line>
    <line>
      <![CDATA[Timeout waiting for Page Load Request to complete.]]>
    </line>
    <line>
      <![CDATA[Timeout waiting for Page Load Request to complete.]]>
    </line>
    <line>
      <![CDATA[Timeout waiting for Page Load Request to complete.]]>
    </line>
    <line>
      <![CDATA[Timeout waiting for Page Load Request to complete.]]>
    </line>
    <line>
      <![CDATA[Timeout waiting for Page Load Request to complete.]]>
    </line>
    <line>
      <![CDATA[Timeout waiting for Page Load Request to complete.]]>
    </line>
    <line>
      <![CDATA[Timeout waiting for Page Load Request to complete.]]>
    </line>
    <line>
      <![CDATA[Timeout waiting for Page Load Request to complete.]]>
    </line>
    <line>
      <![CDATA[Timeout waiting for Page Load Request to complete.]]>
    </line>
    <line>
      <![CDATA[Timeout waiting for Page Load Request to complete.]]>
    </line>
    <line>
      <![CDATA[Timeout waiting for Page Load Request to complete.]]>
    </line>
    <line>
      <![CDATA[Timeout waiting for Page Load Request to complete.]]>
    </line>
    <line>
      <![CDATA[Timeout waiting for Page Load Request to complete.]]>
    </line>
    <line>
      <![CDATA[Timeout waiting for Page Load Request to complete.]]>
    </line>
    <line>
      <![CDATA[Timeout waiting for Page Load Request to complete.]]>
    </line>
    <line>
      <![CDATA[Timeout waiting for Page Load Request to complete.]]>
    </line>
    <line>
      <![CDATA[Timeout waiting for Page Load Request to complete.]]>
    </line>
    <line>
      <![CDATA[Timeout waiting for Page Load Request to complete.]]>
    </line>
    <line>
      <![CDATA[Timeout waiting for Page Load Request to complete.]]>
    </line>
    <line>
      <![CDATA[Timeout waiting for Page Load Request to complete.]]>
    </line>
    <line>
      <![CDATA[Timeout waiting for Page Load Request to complete.]]>
    </line>
    <line>
      <![CDATA[Timeout waiting for Page Load Request to complete.]]>
    </line>
    <line>
      <![CDATA[Timeout waiting for Page Load Request to complete.]]>
    </line>
    <line>
      <![CDATA[Timeout waiting for Page Load Request to complete.]]>
    </line>
    <line>
      <![CDATA[Timeout waiting for Page Load Request to complete.]]>
    </line>
    <line>
      <![CDATA[Timeout waiting for Page Load Request to complete.]]>
    </line>
    <line>
      <![CDATA[Timeout waiting for Page Load Request to complete.]]>
    </line>
    <line>
      <![CDATA[Timeout waiting for Page Load Request to complete.]]>
    </line>
    <line>
      <![CDATA[Timeout waiting for Page Load Request to complete.]]>
    </line>
    <line>
      <![CDATA[Timeout waiting for Page Load Request to complete.]]>
    </line>
    <line>
      <![CDATA[Timeout waiting for Page Load Request to complete.]]>
    </line>
    <line>
      <![CDATA[Timeout waiting for Page Load Request to complete.]]>
    </line>
    <line>
      <![CDATA[Timeout waiting for Page Load Request to complete.]]>
    </line>
    <line>
      <![CDATA[Timeout waiting for Page Load Request to complete.]]>
    </line>
    <line>
      <![CDATA[Timeout waiting for Page Load Request to complete.]]>
    </line>
    <line>
      <![CDATA[Timeout waiting for Page Load Request to complete.]]>
    </line>
    <line>
      <![CDATA[Timeout waiting for Page Load Request to complete.]]>
    </line>
    <line>
      <![CDATA[Timeout waiting for Page Load Request to complete.]]>
    </line>
    <line>
      <![CDATA[Timeout waiting for Page Load Request to complete.]]>
    </line>
    <line>
      <![CDATA[Timeout waiting for Page Load Request to complete.]]>
    </line>
    <line>
      <![CDATA[Timeout waiting for Page Load Request to complete.]]>
    </line>
    <line>
      <![CDATA[Timeout waiting for Page Load Request to complete.]]>
    </line>
    <line>
      <![CDATA[Timeout waiting for Page Load Request to complete.]]>
    </line>
    <line>
      <![CDATA[Timeout waiting for Page Load Request to complete.]]>
    </line>
    <line>
      <![CDATA[Timeout waiting for Page Load Request to complete.]]>
    </line>
    <line>
      <![CDATA[Timeout waiting for Page Load Request to complete.]]>
    </line>
    <line>
      <![CDATA[Timeout waiting for Page Load Request to complete.]]>
    </line>
    <line>
      <![CDATA[Timeout waiting for Page Load Request to complete.]]>
    </line>
    <line>
      <![CDATA[Timeout waiting for Page Load Request to complete.]]>
    </line>
    <line>
      <![CDATA[Timeout waiting for Page Load Request to complete.]]>
    </line>
    <line>
      <![CDATA[Timeout waiting for Page Load Request to complete.]]>
    </line>
    <line>
      <![CDATA[Timeout waiting for Page Load Request to complete.]]>
    </line>
    <line>
      <![CDATA[Timeout waiting for Page Load Request to complete.]]>
    </line>
    <line>
      <![CDATA[Timeout waiting for Page Load Request to complete.]]>
    </line>
    <line>
      <![CDATA[Timeout waiting for Page Load Request to complete.]]>
    </line>
    <line>
      <![CDATA[Timeout waiting for Page Load Request to complete.]]>
    </line>
    <line>
      <![CDATA[Timeout waiting for Page Load Request to complete.]]>
    </line>
    <line>
      <![CDATA[Timeout waiting for Page Load Request to complete.]]>
    </line>
    <line>
      <![CDATA[Timeout waiting for Page Load Request to complete.]]>
    </line>
    <line>
      <![CDATA[Timeout waiting for Page Load Request to complete.]]>
    </line>
  </reporter-output>
  <suite name="Suite" duration-ms="1286443" started-at="2021-01-30T02:04:06 PKT" finished-at="2021-01-30T02:25:33 PKT">
    <groups>
    </groups>
    <test name="InfoCab App Complete Testing Flow" duration-ms="16" started-at="2021-01-30T02:04:06 PKT" finished-at="2021-01-30T02:04:06 PKT">
    </test> <!-- InfoCab App Complete Testing Flow -->
    <test name="InfoCabSnapperApp.com" duration-ms="1286395" started-at="2021-01-30T02:04:06 PKT" finished-at="2021-01-30T02:25:33 PKT">
      <class name="com.InfoCabs.common.TestBase">
        <test-method status="PASS" signature="setup(java.lang.String, java.lang.String, java.lang.String, java.lang.String, java.lang.String, java.lang.String, java.lang.String)[pri:0, instance:com.InfoCabs.common.TestBase@5762806e]" name="setup" is-config="true" duration-ms="23311" started-at="2021-01-30T02:04:06 PKT" finished-at="2021-01-30T02:04:29 PKT">
          <params>
            <param index="0">
              <value>
                <![CDATA[Android]]>
              </value>
            </param>
            <param index="1">
              <value>
                <![CDATA[7]]>
              </value>
            </param>
            <param index="2">
              <value>
                <![CDATA[Galaxy J7 Pro]]>
              </value>
            </param>
            <param index="3">
              <value>
                <![CDATA[52006c45b4f164dd]]>
              </value>
            </param>
            <param index="4">
              <value>
                <![CDATA[com.Infosun.AbbeySwiftCars]]>
              </value>
            </param>
            <param index="5">
              <value>
                <![CDATA[com.infosun.csandroidx.activities.MainActivity]]>
              </value>
            </param>
            <param index="6">
              <value>
                <![CDATA[http://127.0.0.1:4723/wd/hub]]>
              </value>
            </param>
          </params>
          <reporter-output>
          </reporter-output>
        </test-method> <!-- setup -->
        <test-method status="PASS" signature="teardown()[pri:0, instance:com.InfoCabs.common.TestBase@5762806e]" name="teardown" is-config="true" duration-ms="1" started-at="2021-01-30T02:25:33 PKT" finished-at="2021-01-30T02:25:33 PKT">
          <reporter-output>
          </reporter-output>
        </test-method> <!-- teardown -->
      </class> <!-- com.InfoCabs.common.TestBase -->
      <class name="com.InfoCabs.testcases.LogOut_Page_TestCases_750_753">
        <test-method status="PASS" signature="Test_LogOut_Page_ClickTO_Open_Share_Page_750(java.lang.String, java.lang.String)[pri:750, instance:com.InfoCabs.testcases.LogOut_Page_TestCases_750_753@4034c28c]" name="Test_LogOut_Page_ClickTO_Open_Share_Page_750" duration-ms="20123" started-at="2021-01-30T02:21:09 PKT" finished-at="2021-01-30T02:21:29 PKT">
          <params>
            <param index="0">
              <value>
                <![CDATA[com.Infosun.AbbeySwiftCars:id/]]>
              </value>
            </param>
            <param index="1">
              <value>
                <![CDATA[//android.widget.CheckedTextView]]>
              </value>
            </param>
          </params>
          <reporter-output>
            <line>
              <![CDATA[Timeout waiting for Page Load Request to complete.]]>
            </line>
            <line>
              <![CDATA[Timeout waiting for Page Load Request to complete.]]>
            </line>
          </reporter-output>
        </test-method> <!-- Test_LogOut_Page_ClickTO_Open_Share_Page_750 -->
        <test-method status="PASS" signature="Test_LogOut_Page_check_Do_youwant_Logout_Text_751(java.lang.String, java.lang.String)[pri:751, instance:com.InfoCabs.testcases.LogOut_Page_TestCases_750_753@4034c28c]" name="Test_LogOut_Page_check_Do_youwant_Logout_Text_751" duration-ms="2116" started-at="2021-01-30T02:21:29 PKT" finished-at="2021-01-30T02:21:31 PKT">
          <params>
            <param index="0">
              <value>
                <![CDATA[com.Infosun.AbbeySwiftCars:id/]]>
              </value>
            </param>
            <param index="1">
              <value>
                <![CDATA[android.widget.TextView]]>
              </value>
            </param>
          </params>
          <reporter-output>
            <line>
              <![CDATA[Timeout waiting for Page Load Request to complete.]]>
            </line>
          </reporter-output>
        </test-method> <!-- Test_LogOut_Page_check_Do_youwant_Logout_Text_751 -->
        <test-method status="PASS" signature="Test_LogOut_Page_check_No_Keep_me_Login_Text_752(java.lang.String, java.lang.String)[pri:752, instance:com.InfoCabs.testcases.LogOut_Page_TestCases_750_753@4034c28c]" name="Test_LogOut_Page_check_No_Keep_me_Login_Text_752" duration-ms="2115" started-at="2021-01-30T02:21:31 PKT" finished-at="2021-01-30T02:21:33 PKT">
          <params>
            <param index="0">
              <value>
                <![CDATA[com.Infosun.AbbeySwiftCars:id/]]>
              </value>
            </param>
            <param index="1">
              <value>
                <![CDATA[android.widget.TextView]]>
              </value>
            </param>
          </params>
          <reporter-output>
            <line>
              <![CDATA[Timeout waiting for Page Load Request to complete.]]>
            </line>
          </reporter-output>
        </test-method> <!-- Test_LogOut_Page_check_No_Keep_me_Login_Text_752 -->
        <test-method status="PASS" signature="Test_LogOut_Page_check_Yes_ill_ComeBack_Text_753(java.lang.String, java.lang.String)[pri:753, instance:com.InfoCabs.testcases.LogOut_Page_TestCases_750_753@4034c28c]" name="Test_LogOut_Page_check_Yes_ill_ComeBack_Text_753" duration-ms="7240" started-at="2021-01-30T02:21:33 PKT" finished-at="2021-01-30T02:21:41 PKT">
          <params>
            <param index="0">
              <value>
                <![CDATA[com.Infosun.AbbeySwiftCars:id/]]>
              </value>
            </param>
            <param index="1">
              <value>
                <![CDATA[android.widget.TextView]]>
              </value>
            </param>
          </params>
          <reporter-output>
            <line>
              <![CDATA[Timeout waiting for Page Load Request to complete.]]>
            </line>
            <line>
              <![CDATA[Timeout waiting for Page Load Request to complete.]]>
            </line>
          </reporter-output>
        </test-method> <!-- Test_LogOut_Page_check_Yes_ill_ComeBack_Text_753 -->
      </class> <!-- com.InfoCabs.testcases.LogOut_Page_TestCases_750_753 -->
      <class name="com.InfoCabs.testcases.Add_CreditCards_TestCases_623_639">
        <test-method status="PASS" signature="Test_Add_CreditCards_Click_to_Open_CardMenu_623(java.lang.String, java.lang.String)[pri:623, instance:com.InfoCabs.testcases.Add_CreditCards_TestCases_623_639@16aa0a0a]" name="Test_Add_CreditCards_Click_to_Open_CardMenu_623" duration-ms="2445" started-at="2021-01-30T02:09:49 PKT" finished-at="2021-01-30T02:09:51 PKT">
          <params>
            <param index="0">
              <value>
                <![CDATA[com.Infosun.AbbeySwiftCars:id/]]>
              </value>
            </param>
            <param index="1">
              <value>
                <![CDATA[android.widget.TextView]]>
              </value>
            </param>
          </params>
          <reporter-output>
            <line>
              <![CDATA[Timeout waiting for Page Load Request to complete.]]>
            </line>
          </reporter-output>
        </test-method> <!-- Test_Add_CreditCards_Click_to_Open_CardMenu_623 -->
        <test-method status="PASS" signature="Test_Add_CreditCards_Click_to_Cross_Button_624(java.lang.String, java.lang.String)[pri:624, instance:com.InfoCabs.testcases.Add_CreditCards_TestCases_623_639@16aa0a0a]" name="Test_Add_CreditCards_Click_to_Cross_Button_624" duration-ms="4300" started-at="2021-01-30T02:09:51 PKT" finished-at="2021-01-30T02:09:56 PKT">
          <params>
            <param index="0">
              <value>
                <![CDATA[com.Infosun.AbbeySwiftCars:id/]]>
              </value>
            </param>
            <param index="1">
              <value>
                <![CDATA[android.widget.TextView]]>
              </value>
            </param>
          </params>
          <reporter-output>
            <line>
              <![CDATA[Timeout waiting for Page Load Request to complete.]]>
            </line>
          </reporter-output>
        </test-method> <!-- Test_Add_CreditCards_Click_to_Cross_Button_624 -->
        <test-method status="PASS" signature="Test_Add_CreditCards_Again_Back_to_CreditCardPage_625(java.lang.String, java.lang.String)[pri:625, instance:com.InfoCabs.testcases.Add_CreditCards_TestCases_623_639@16aa0a0a]" name="Test_Add_CreditCards_Again_Back_to_CreditCardPage_625" duration-ms="3766" started-at="2021-01-30T02:09:56 PKT" finished-at="2021-01-30T02:09:59 PKT">
          <params>
            <param index="0">
              <value>
                <![CDATA[com.Infosun.AbbeySwiftCars:id/]]>
              </value>
            </param>
            <param index="1">
              <value>
                <![CDATA[//android.widget.CheckedTextView]]>
              </value>
            </param>
          </params>
          <reporter-output>
            <line>
              <![CDATA[Timeout waiting for Page Load Request to complete.]]>
            </line>
          </reporter-output>
        </test-method> <!-- Test_Add_CreditCards_Again_Back_to_CreditCardPage_625 -->
        <test-method status="PASS" signature="Test_Add_CreditCards_AddCreditCards_text_626(java.lang.String, java.lang.String)[pri:626, instance:com.InfoCabs.testcases.Add_CreditCards_TestCases_623_639@16aa0a0a]" name="Test_Add_CreditCards_AddCreditCards_text_626" duration-ms="4116" started-at="2021-01-30T02:09:59 PKT" finished-at="2021-01-30T02:10:04 PKT">
          <params>
            <param index="0">
              <value>
                <![CDATA[com.Infosun.AbbeySwiftCars:id/]]>
              </value>
            </param>
            <param index="1">
              <value>
                <![CDATA[android.widget.TextView]]>
              </value>
            </param>
          </params>
          <reporter-output>
            <line>
              <![CDATA[Timeout waiting for Page Load Request to complete.]]>
            </line>
          </reporter-output>
        </test-method> <!-- Test_Add_CreditCards_AddCreditCards_text_626 -->
        <test-method status="PASS" signature="Test_Add_CreditCards_CardHolder_text_627(java.lang.String, java.lang.String)[pri:627, instance:com.InfoCabs.testcases.Add_CreditCards_TestCases_623_639@16aa0a0a]" name="Test_Add_CreditCards_CardHolder_text_627" duration-ms="2381" started-at="2021-01-30T02:10:04 PKT" finished-at="2021-01-30T02:10:06 PKT">
          <params>
            <param index="0">
              <value>
                <![CDATA[com.Infosun.AbbeySwiftCars:id/]]>
              </value>
            </param>
            <param index="1">
              <value>
                <![CDATA[android.widget.TextView]]>
              </value>
            </param>
          </params>
          <reporter-output>
            <line>
              <![CDATA[Timeout waiting for Page Load Request to complete.]]>
            </line>
          </reporter-output>
        </test-method> <!-- Test_Add_CreditCards_CardHolder_text_627 -->
        <test-method status="PASS" signature="Test_Add_CreditCards_Card_number_text_628(java.lang.String, java.lang.String)[pri:628, instance:com.InfoCabs.testcases.Add_CreditCards_TestCases_623_639@16aa0a0a]" name="Test_Add_CreditCards_Card_number_text_628" duration-ms="2308" started-at="2021-01-30T02:10:06 PKT" finished-at="2021-01-30T02:10:08 PKT">
          <params>
            <param index="0">
              <value>
                <![CDATA[com.Infosun.AbbeySwiftCars:id/]]>
              </value>
            </param>
            <param index="1">
              <value>
                <![CDATA[android.widget.TextView]]>
              </value>
            </param>
          </params>
          <reporter-output>
            <line>
              <![CDATA[Timeout waiting for Page Load Request to complete.]]>
            </line>
          </reporter-output>
        </test-method> <!-- Test_Add_CreditCards_Card_number_text_628 -->
        <test-method status="PASS" signature="Test_Add_CreditCards_Expiry_text_629(java.lang.String, java.lang.String)[pri:629, instance:com.InfoCabs.testcases.Add_CreditCards_TestCases_623_639@16aa0a0a]" name="Test_Add_CreditCards_Expiry_text_629" duration-ms="2303" started-at="2021-01-30T02:10:08 PKT" finished-at="2021-01-30T02:10:11 PKT">
          <params>
            <param index="0">
              <value>
                <![CDATA[com.Infosun.AbbeySwiftCars:id/]]>
              </value>
            </param>
            <param index="1">
              <value>
                <![CDATA[android.widget.TextView]]>
              </value>
            </param>
          </params>
          <reporter-output>
            <line>
              <![CDATA[Timeout waiting for Page Load Request to complete.]]>
            </line>
          </reporter-output>
        </test-method> <!-- Test_Add_CreditCards_Expiry_text_629 -->
        <test-method status="PASS" signature="Test_Add_CreditCards_Expiry_text_630(java.lang.String, java.lang.String)[pri:630, instance:com.InfoCabs.testcases.Add_CreditCards_TestCases_623_639@16aa0a0a]" name="Test_Add_CreditCards_Expiry_text_630" duration-ms="2344" started-at="2021-01-30T02:10:11 PKT" finished-at="2021-01-30T02:10:13 PKT">
          <params>
            <param index="0">
              <value>
                <![CDATA[com.Infosun.AbbeySwiftCars:id/]]>
              </value>
            </param>
            <param index="1">
              <value>
                <![CDATA[android.widget.TextView]]>
              </value>
            </param>
          </params>
          <reporter-output>
            <line>
              <![CDATA[Timeout waiting for Page Load Request to complete.]]>
            </line>
          </reporter-output>
        </test-method> <!-- Test_Add_CreditCards_Expiry_text_630 -->
        <test-method status="PASS" signature="Test_Add_CreditCards_Expiry_text_631(java.lang.String, java.lang.String)[pri:631, instance:com.InfoCabs.testcases.Add_CreditCards_TestCases_623_639@16aa0a0a]" name="Test_Add_CreditCards_Expiry_text_631" duration-ms="2287" started-at="2021-01-30T02:10:13 PKT" finished-at="2021-01-30T02:10:15 PKT">
          <params>
            <param index="0">
              <value>
                <![CDATA[com.Infosun.AbbeySwiftCars:id/]]>
              </value>
            </param>
            <param index="1">
              <value>
                <![CDATA[android.widget.TextView]]>
              </value>
            </param>
          </params>
          <reporter-output>
            <line>
              <![CDATA[Timeout waiting for Page Load Request to complete.]]>
            </line>
          </reporter-output>
        </test-method> <!-- Test_Add_CreditCards_Expiry_text_631 -->
        <test-method status="PASS" signature="Test_Add_CreditCards_To_Verify_YourCard_text_632(java.lang.String, java.lang.String)[pri:632, instance:com.InfoCabs.testcases.Add_CreditCards_TestCases_623_639@16aa0a0a]" name="Test_Add_CreditCards_To_Verify_YourCard_text_632" duration-ms="2333" started-at="2021-01-30T02:10:15 PKT" finished-at="2021-01-30T02:10:17 PKT">
          <params>
            <param index="0">
              <value>
                <![CDATA[com.Infosun.AbbeySwiftCars:id/]]>
              </value>
            </param>
            <param index="1">
              <value>
                <![CDATA[android.widget.TextView]]>
              </value>
            </param>
          </params>
          <reporter-output>
            <line>
              <![CDATA[Timeout waiting for Page Load Request to complete.]]>
            </line>
          </reporter-output>
        </test-method> <!-- Test_Add_CreditCards_To_Verify_YourCard_text_632 -->
        <test-method status="PASS" signature="Test_Add_CreditCards_Check_CardHoldername_errorMessage_633(java.lang.String, java.lang.String)[pri:633, instance:com.InfoCabs.testcases.Add_CreditCards_TestCases_623_639@16aa0a0a]" name="Test_Add_CreditCards_Check_CardHoldername_errorMessage_633" duration-ms="5369" started-at="2021-01-30T02:10:17 PKT" finished-at="2021-01-30T02:10:23 PKT">
          <params>
            <param index="0">
              <value>
                <![CDATA[com.Infosun.AbbeySwiftCars:id/]]>
              </value>
            </param>
            <param index="1">
              <value>
                <![CDATA[12345678]]>
              </value>
            </param>
          </params>
          <reporter-output>
            <line>
              <![CDATA[Timeout waiting for Page Load Request to complete.]]>
            </line>
          </reporter-output>
        </test-method> <!-- Test_Add_CreditCards_Check_CardHoldername_errorMessage_633 -->
        <test-method status="PASS" signature="Test_Add_CreditCards_EnterCreditCardname_634(java.lang.String, java.lang.String)[pri:634, instance:com.InfoCabs.testcases.Add_CreditCards_TestCases_623_639@16aa0a0a]" name="Test_Add_CreditCards_EnterCreditCardname_634" duration-ms="4762" started-at="2021-01-30T02:10:23 PKT" finished-at="2021-01-30T02:10:28 PKT">
          <params>
            <param index="0">
              <value>
                <![CDATA[com.Infosun.AbbeySwiftCars:id/]]>
              </value>
            </param>
            <param index="1">
              <value>
                <![CDATA[QA Tester]]>
              </value>
            </param>
          </params>
          <reporter-output>
            <line>
              <![CDATA[Timeout waiting for Page Load Request to complete.]]>
            </line>
          </reporter-output>
        </test-method> <!-- Test_Add_CreditCards_EnterCreditCardname_634 -->
        <test-method status="PASS" signature="Test__Add_CreditCards_EnterCreditCardnumber_check_Validation_635(java.lang.String, java.lang.String)[pri:635, instance:com.InfoCabs.testcases.Add_CreditCards_TestCases_623_639@16aa0a0a]" name="Test__Add_CreditCards_EnterCreditCardnumber_check_Validation_635" duration-ms="6295" started-at="2021-01-30T02:10:28 PKT" finished-at="2021-01-30T02:10:34 PKT">
          <params>
            <param index="0">
              <value>
                <![CDATA[com.Infosun.AbbeySwiftCars:id/]]>
              </value>
            </param>
            <param index="1">
              <value>
                <![CDATA[123]]>
              </value>
            </param>
          </params>
          <reporter-output>
            <line>
              <![CDATA[Timeout waiting for Page Load Request to complete.]]>
            </line>
          </reporter-output>
        </test-method> <!-- Test__Add_CreditCards_EnterCreditCardnumber_check_Validation_635 -->
        <test-method status="PASS" signature="Test__Add_CreditCards_EnterCreditCardnumber_check_for_Incorrect_Validation_636(java.lang.String, java.lang.String, java.lang.String, java.lang.String, java.lang.String)[pri:636, instance:com.InfoCabs.testcases.Add_CreditCards_TestCases_623_639@16aa0a0a]" name="Test__Add_CreditCards_EnterCreditCardnumber_check_for_Incorrect_Validation_636" duration-ms="10321" started-at="2021-01-30T02:10:34 PKT" finished-at="2021-01-30T02:10:44 PKT">
          <params>
            <param index="0">
              <value>
                <![CDATA[com.Infosun.AbbeySwiftCars:id/]]>
              </value>
            </param>
            <param index="1">
              <value>
                <![CDATA[12334567890123456]]>
              </value>
            </param>
            <param index="2">
              <value>
                <![CDATA[2/2023]]>
              </value>
            </param>
            <param index="3">
              <value>
                <![CDATA[123]]>
              </value>
            </param>
            <param index="4">
              <value>
                <![CDATA[android.widget.Button]]>
              </value>
            </param>
          </params>
          <reporter-output>
          </reporter-output>
        </test-method> <!-- Test__Add_CreditCards_EnterCreditCardnumber_check_for_Incorrect_Validation_636 -->
        <test-method status="PASS" signature="Test_dd_CreditCards_Number_Expire_CVV_637(java.lang.String, java.lang.String, java.lang.String)[pri:637, instance:com.InfoCabs.testcases.Add_CreditCards_TestCases_623_639@16aa0a0a]" name="Test_dd_CreditCards_Number_Expire_CVV_637" duration-ms="7229" started-at="2021-01-30T02:10:44 PKT" finished-at="2021-01-30T02:10:51 PKT">
          <params>
            <param index="0">
              <value>
                <![CDATA[com.Infosun.AbbeySwiftCars:id/]]>
              </value>
            </param>
            <param index="1">
              <value>
                <![CDATA[1234567ab]]>
              </value>
            </param>
            <param index="2">
              <value>
                <![CDATA[12345678]]>
              </value>
            </param>
          </params>
          <reporter-output>
            <line>
              <![CDATA[Timeout waiting for Page Load Request to complete.]]>
            </line>
            <line>
              <![CDATA[Timeout waiting for Page Load Request to complete.]]>
            </line>
            <line>
              <![CDATA[Timeout waiting for Page Load Request to complete.]]>
            </line>
          </reporter-output>
        </test-method> <!-- Test_dd_CreditCards_Number_Expire_CVV_637 -->
        <test-method status="PASS" signature="Test__Add_CreditCards_EnterCreditCardnumber_check_CVVValidation_638(java.lang.String, java.lang.String)[pri:638, instance:com.InfoCabs.testcases.Add_CreditCards_TestCases_623_639@16aa0a0a]" name="Test__Add_CreditCards_EnterCreditCardnumber_check_CVVValidation_638" duration-ms="4554" started-at="2021-01-30T02:10:51 PKT" finished-at="2021-01-30T02:10:56 PKT">
          <params>
            <param index="0">
              <value>
                <![CDATA[com.Infosun.AbbeySwiftCars:id/]]>
              </value>
            </param>
            <param index="1">
              <value>
                <![CDATA[4242424242424242]]>
              </value>
            </param>
          </params>
          <reporter-output>
            <line>
              <![CDATA[Timeout waiting for Page Load Request to complete.]]>
            </line>
          </reporter-output>
        </test-method> <!-- Test__Add_CreditCards_EnterCreditCardnumber_check_CVVValidation_638 -->
        <test-method status="PASS" signature="Test__Add_CreditCards_check_CVValidation_message_639(java.lang.String, java.lang.String)[pri:639, instance:com.InfoCabs.testcases.Add_CreditCards_TestCases_623_639@16aa0a0a]" name="Test__Add_CreditCards_check_CVValidation_message_639" duration-ms="7592" started-at="2021-01-30T02:10:56 PKT" finished-at="2021-01-30T02:11:04 PKT">
          <params>
            <param index="0">
              <value>
                <![CDATA[com.Infosun.AbbeySwiftCars:id/]]>
              </value>
            </param>
            <param index="1">
              <value>
                <![CDATA[1]]>
              </value>
            </param>
          </params>
          <reporter-output>
            <line>
              <![CDATA[Timeout waiting for Page Load Request to complete.]]>
            </line>
          </reporter-output>
        </test-method> <!-- Test__Add_CreditCards_check_CVValidation_message_639 -->
        <test-method status="PASS" signature="Test__Add_CreditCards_EnterCVV_640(java.lang.String, java.lang.String, java.lang.String)[pri:640, instance:com.InfoCabs.testcases.Add_CreditCards_TestCases_623_639@16aa0a0a]" name="Test__Add_CreditCards_EnterCVV_640" duration-ms="6690" started-at="2021-01-30T02:11:04 PKT" finished-at="2021-01-30T02:11:10 PKT">
          <params>
            <param index="0">
              <value>
                <![CDATA[com.Infosun.AbbeySwiftCars:id/]]>
              </value>
            </param>
            <param index="1">
              <value>
                <![CDATA[123]]>
              </value>
            </param>
            <param index="2">
              <value>
                <![CDATA[android.widget.Button]]>
              </value>
            </param>
          </params>
          <reporter-output>
            <line>
              <![CDATA[Timeout waiting for Page Load Request to complete.]]>
            </line>
          </reporter-output>
        </test-method> <!-- Test__Add_CreditCards_EnterCVV_640 -->
      </class> <!-- com.InfoCabs.testcases.Add_CreditCards_TestCases_623_639 -->
      <class name="com.InfoCabs.testcases.Change_Password_TestCases_588_610">
        <test-method status="PASS" signature="Test_Change_Password_Click_On_ChangePwd_Button_588(java.lang.String, java.lang.String)[pri:588, instance:com.InfoCabs.testcases.Change_Password_TestCases_588_610@5ef60048]" name="Test_Change_Password_Click_On_ChangePwd_Button_588" duration-ms="2690" started-at="2021-01-30T02:05:53 PKT" finished-at="2021-01-30T02:05:55 PKT">
          <params>
            <param index="0">
              <value>
                <![CDATA[com.Infosun.AbbeySwiftCars:id/]]>
              </value>
            </param>
            <param index="1">
              <value>
                <![CDATA[android.widget.TextView]]>
              </value>
            </param>
          </params>
          <reporter-output>
            <line>
              <![CDATA[Timeout waiting for Page Load Request to complete.]]>
            </line>
          </reporter-output>
        </test-method> <!-- Test_Change_Password_Click_On_ChangePwd_Button_588 -->
        <test-method status="PASS" signature="Test_Change_Password_Click_On_Cross_Button_Icon_589(java.lang.String, java.lang.String)[pri:589, instance:com.InfoCabs.testcases.Change_Password_TestCases_588_610@5ef60048]" name="Test_Change_Password_Click_On_Cross_Button_Icon_589" duration-ms="5942" started-at="2021-01-30T02:05:55 PKT" finished-at="2021-01-30T02:06:01 PKT">
          <params>
            <param index="0">
              <value>
                <![CDATA[com.Infosun.AbbeySwiftCars:id/]]>
              </value>
            </param>
            <param index="1">
              <value>
                <![CDATA[android.widget.TextView]]>
              </value>
            </param>
          </params>
          <reporter-output>
            <line>
              <![CDATA[Timeout waiting for Page Load Request to complete.]]>
            </line>
          </reporter-output>
        </test-method> <!-- Test_Change_Password_Click_On_Cross_Button_Icon_589 -->
        <test-method status="PASS" signature="Test_Change_Password_check_Change_Password_is_present_590(java.lang.String, java.lang.String)[pri:590, instance:com.InfoCabs.testcases.Change_Password_TestCases_588_610@5ef60048]" name="Test_Change_Password_check_Change_Password_is_present_590" duration-ms="4251" started-at="2021-01-30T02:06:01 PKT" finished-at="2021-01-30T02:06:06 PKT">
          <params>
            <param index="0">
              <value>
                <![CDATA[com.Infosun.AbbeySwiftCars:id/]]>
              </value>
            </param>
            <param index="1">
              <value>
                <![CDATA[android.widget.TextView]]>
              </value>
            </param>
          </params>
          <reporter-output>
            <line>
              <![CDATA[Timeout waiting for Page Load Request to complete.]]>
            </line>
          </reporter-output>
        </test-method> <!-- Test_Change_Password_check_Change_Password_is_present_590 -->
        <test-method status="PASS" signature="Test_Change_Password_check_Current_Password_is_present_591(java.lang.String, java.lang.String)[pri:591, instance:com.InfoCabs.testcases.Change_Password_TestCases_588_610@5ef60048]" name="Test_Change_Password_check_Current_Password_is_present_591" duration-ms="2223" started-at="2021-01-30T02:06:06 PKT" finished-at="2021-01-30T02:06:08 PKT">
          <params>
            <param index="0">
              <value>
                <![CDATA[com.Infosun.AbbeySwiftCars:id/]]>
              </value>
            </param>
            <param index="1">
              <value>
                <![CDATA[android.widget.TextView]]>
              </value>
            </param>
          </params>
          <reporter-output>
            <line>
              <![CDATA[Timeout waiting for Page Load Request to complete.]]>
            </line>
          </reporter-output>
        </test-method> <!-- Test_Change_Password_check_Current_Password_is_present_591 -->
        <test-method status="PASS" signature="Test_Change_Password_check_New_Password_is_present_592(java.lang.String, java.lang.String)[pri:592, instance:com.InfoCabs.testcases.Change_Password_TestCases_588_610@5ef60048]" name="Test_Change_Password_check_New_Password_is_present_592" duration-ms="2337" started-at="2021-01-30T02:06:08 PKT" finished-at="2021-01-30T02:06:10 PKT">
          <params>
            <param index="0">
              <value>
                <![CDATA[com.Infosun.AbbeySwiftCars:id/]]>
              </value>
            </param>
            <param index="1">
              <value>
                <![CDATA[android.widget.TextView]]>
              </value>
            </param>
          </params>
          <reporter-output>
            <line>
              <![CDATA[Timeout waiting for Page Load Request to complete.]]>
            </line>
          </reporter-output>
        </test-method> <!-- Test_Change_Password_check_New_Password_is_present_592 -->
        <test-method status="PASS" signature="Test_Change_Password_check_Confirm_Password_is_present_593(java.lang.String, java.lang.String)[pri:593, instance:com.InfoCabs.testcases.Change_Password_TestCases_588_610@5ef60048]" name="Test_Change_Password_check_Confirm_Password_is_present_593" duration-ms="2342" started-at="2021-01-30T02:06:10 PKT" finished-at="2021-01-30T02:06:12 PKT">
          <params>
            <param index="0">
              <value>
                <![CDATA[com.Infosun.AbbeySwiftCars:id/]]>
              </value>
            </param>
            <param index="1">
              <value>
                <![CDATA[android.widget.TextView]]>
              </value>
            </param>
          </params>
          <reporter-output>
            <line>
              <![CDATA[Timeout waiting for Page Load Request to complete.]]>
            </line>
          </reporter-output>
        </test-method> <!-- Test_Change_Password_check_Confirm_Password_is_present_593 -->
        <test-method status="PASS" signature="Test_Change_Password_check_Change_Password_is_present_594(java.lang.String, java.lang.String)[pri:594, instance:com.InfoCabs.testcases.Change_Password_TestCases_588_610@5ef60048]" name="Test_Change_Password_check_Change_Password_is_present_594" duration-ms="2307" started-at="2021-01-30T02:06:13 PKT" finished-at="2021-01-30T02:06:15 PKT">
          <params>
            <param index="0">
              <value>
                <![CDATA[com.Infosun.AbbeySwiftCars:id/]]>
              </value>
            </param>
            <param index="1">
              <value>
                <![CDATA[android.widget.TextView]]>
              </value>
            </param>
          </params>
          <reporter-output>
            <line>
              <![CDATA[Timeout waiting for Page Load Request to complete.]]>
            </line>
          </reporter-output>
        </test-method> <!-- Test_Change_Password_check_Change_Password_is_present_594 -->
        <test-method status="PASS" signature="Test_Change_Password_To_Click_On_ChangePwdButton_without_Entering_Pwd_595(java.lang.String)[pri:595, instance:com.InfoCabs.testcases.Change_Password_TestCases_588_610@5ef60048]" name="Test_Change_Password_To_Click_On_ChangePwdButton_without_Entering_Pwd_595" duration-ms="1260" started-at="2021-01-30T02:06:15 PKT" finished-at="2021-01-30T02:06:16 PKT">
          <params>
            <param index="0">
              <value>
                <![CDATA[com.Infosun.AbbeySwiftCars:id/]]>
              </value>
            </param>
          </params>
          <reporter-output>
          </reporter-output>
        </test-method> <!-- Test_Change_Password_To_Click_On_ChangePwdButton_without_Entering_Pwd_595 -->
        <test-method status="PASS" signature="Test_Change_Password_To_Click_On_ChangePwdButton_to_check_Minimum_Validation_596(java.lang.String, java.lang.String)[pri:596, instance:com.InfoCabs.testcases.Change_Password_TestCases_588_610@5ef60048]" name="Test_Change_Password_To_Click_On_ChangePwdButton_to_check_Minimum_Validation_596" duration-ms="8338" started-at="2021-01-30T02:06:16 PKT" finished-at="2021-01-30T02:06:24 PKT">
          <params>
            <param index="0">
              <value>
                <![CDATA[com.Infosun.AbbeySwiftCars:id/]]>
              </value>
            </param>
            <param index="1">
              <value>
                <![CDATA[123a]]>
              </value>
            </param>
          </params>
          <reporter-output>
            <line>
              <![CDATA[Timeout waiting for Page Load Request to complete.]]>
            </line>
          </reporter-output>
        </test-method> <!-- Test_Change_Password_To_Click_On_ChangePwdButton_to_check_Minimum_Validation_596 -->
        <test-method status="PASS" signature="Test_Change_Password_To_Click_On_ChangePwdButton_to_check_IncorrectPWD_Validation_597(java.lang.String, java.lang.String, java.lang.String)[pri:597, instance:com.InfoCabs.testcases.Change_Password_TestCases_588_610@5ef60048]" name="Test_Change_Password_To_Click_On_ChangePwdButton_to_check_IncorrectPWD_Validation_597" duration-ms="16142" started-at="2021-01-30T02:06:24 PKT" finished-at="2021-01-30T02:06:41 PKT">
          <params>
            <param index="0">
              <value>
                <![CDATA[com.Infosun.AbbeySwiftCars:id/]]>
              </value>
            </param>
            <param index="1">
              <value>
                <![CDATA[1234567ab]]>
              </value>
            </param>
            <param index="2">
              <value>
                <![CDATA[12345678]]>
              </value>
            </param>
          </params>
          <reporter-output>
            <line>
              <![CDATA[Timeout waiting for Page Load Request to complete.]]>
            </line>
            <line>
              <![CDATA[Timeout waiting for Page Load Request to complete.]]>
            </line>
            <line>
              <![CDATA[Timeout waiting for Page Load Request to complete.]]>
            </line>
          </reporter-output>
        </test-method> <!-- Test_Change_Password_To_Click_On_ChangePwdButton_to_check_IncorrectPWD_Validation_597 -->
        <test-method status="PASS" signature="Test_Change_Password_To_Click_On_ChangePwdButton_to_check_Same_PWD_Validation_598(java.lang.String, java.lang.String)[pri:598, instance:com.InfoCabs.testcases.Change_Password_TestCases_588_610@5ef60048]" name="Test_Change_Password_To_Click_On_ChangePwdButton_to_check_Same_PWD_Validation_598" duration-ms="8638" started-at="2021-01-30T02:06:41 PKT" finished-at="2021-01-30T02:06:49 PKT">
          <params>
            <param index="0">
              <value>
                <![CDATA[com.Infosun.AbbeySwiftCars:id/]]>
              </value>
            </param>
            <param index="1">
              <value>
                <![CDATA[12345678]]>
              </value>
            </param>
          </params>
          <reporter-output>
            <line>
              <![CDATA[Timeout waiting for Page Load Request to complete.]]>
            </line>
          </reporter-output>
        </test-method> <!-- Test_Change_Password_To_Click_On_ChangePwdButton_to_check_Same_PWD_Validation_598 -->
        <test-method status="PASS" signature="Test_Change_Password_Clear_New_and_ConfirmPWD_599(java.lang.String, java.lang.String, java.lang.String)[pri:599, instance:com.InfoCabs.testcases.Change_Password_TestCases_588_610@5ef60048]" name="Test_Change_Password_Clear_New_and_ConfirmPWD_599" duration-ms="4566" started-at="2021-01-30T02:06:49 PKT" finished-at="2021-01-30T02:06:54 PKT">
          <params>
            <param index="0">
              <value>
                <![CDATA[com.Infosun.AbbeySwiftCars:id/]]>
              </value>
            </param>
            <param index="1">
              <value>
                <![CDATA[1234567ab]]>
              </value>
            </param>
            <param index="2">
              <value>
                <![CDATA[12345678]]>
              </value>
            </param>
          </params>
          <reporter-output>
            <line>
              <![CDATA[Timeout waiting for Page Load Request to complete.]]>
            </line>
            <line>
              <![CDATA[Timeout waiting for Page Load Request to complete.]]>
            </line>
          </reporter-output>
        </test-method> <!-- Test_Change_Password_Clear_New_and_ConfirmPWD_599 -->
        <test-method status="PASS" signature="Test_Change_Password_To_Click_On_ChangePwdButton_to_check_NewPwd_requiredMsg_600(java.lang.String, java.lang.String)[pri:600, instance:com.InfoCabs.testcases.Change_Password_TestCases_588_610@5ef60048]" name="Test_Change_Password_To_Click_On_ChangePwdButton_to_check_NewPwd_requiredMsg_600" duration-ms="5360" started-at="2021-01-30T02:06:54 PKT" finished-at="2021-01-30T02:06:59 PKT">
          <params>
            <param index="0">
              <value>
                <![CDATA[com.Infosun.AbbeySwiftCars:id/]]>
              </value>
            </param>
            <param index="1">
              <value>
                <![CDATA[12345678]]>
              </value>
            </param>
          </params>
          <reporter-output>
          </reporter-output>
        </test-method> <!-- Test_Change_Password_To_Click_On_ChangePwdButton_to_check_NewPwd_requiredMsg_600 -->
        <test-method status="PASS" signature="Test_Change_Password_To_Click_On_ChangePwdButton_to_check_Newpwd_Minimum_Validation_601(java.lang.String, java.lang.String)[pri:601, instance:com.InfoCabs.testcases.Change_Password_TestCases_588_610@5ef60048]" name="Test_Change_Password_To_Click_On_ChangePwdButton_to_check_Newpwd_Minimum_Validation_601" duration-ms="8266" started-at="2021-01-30T02:06:59 PKT" finished-at="2021-01-30T02:07:07 PKT">
          <params>
            <param index="0">
              <value>
                <![CDATA[com.Infosun.AbbeySwiftCars:id/]]>
              </value>
            </param>
            <param index="1">
              <value>
                <![CDATA[123a]]>
              </value>
            </param>
          </params>
          <reporter-output>
            <line>
              <![CDATA[Timeout waiting for Page Load Request to complete.]]>
            </line>
          </reporter-output>
        </test-method> <!-- Test_Change_Password_To_Click_On_ChangePwdButton_to_check_Newpwd_Minimum_Validation_601 -->
        <test-method status="PASS" signature="Test_Change_Password_To_Click_On_ChangePwdButton_to_check_Confirmpwd_Minimum_Validation_602(java.lang.String, java.lang.String)[pri:602, instance:com.InfoCabs.testcases.Change_Password_TestCases_588_610@5ef60048]" name="Test_Change_Password_To_Click_On_ChangePwdButton_to_check_Confirmpwd_Minimum_Validation_602" duration-ms="7828" started-at="2021-01-30T02:07:07 PKT" finished-at="2021-01-30T02:07:15 PKT">
          <params>
            <param index="0">
              <value>
                <![CDATA[com.Infosun.AbbeySwiftCars:id/]]>
              </value>
            </param>
            <param index="1">
              <value>
                <![CDATA[12345678]]>
              </value>
            </param>
          </params>
          <reporter-output>
            <line>
              <![CDATA[Timeout waiting for Page Load Request to complete.]]>
            </line>
          </reporter-output>
        </test-method> <!-- Test_Change_Password_To_Click_On_ChangePwdButton_to_check_Confirmpwd_Minimum_Validation_602 -->
        <test-method status="PASS" signature="Test_Change_Password_To_Click_On_ChangePwdButton_to_check_ConfirmPwd_requiredMsg_603(java.lang.String, java.lang.String)[pri:603, instance:com.InfoCabs.testcases.Change_Password_TestCases_588_610@5ef60048]" name="Test_Change_Password_To_Click_On_ChangePwdButton_to_check_ConfirmPwd_requiredMsg_603" duration-ms="922" started-at="2021-01-30T02:07:15 PKT" finished-at="2021-01-30T02:07:16 PKT">
          <params>
            <param index="0">
              <value>
                <![CDATA[com.Infosun.AbbeySwiftCars:id/]]>
              </value>
            </param>
            <param index="1">
              <value>
                <![CDATA[12345678]]>
              </value>
            </param>
          </params>
          <reporter-output>
          </reporter-output>
        </test-method> <!-- Test_Change_Password_To_Click_On_ChangePwdButton_to_check_ConfirmPwd_requiredMsg_603 -->
        <test-method status="PASS" signature="Test_Change_Password_To_Click_On_ChangePwdButton_to_check_Confirmpwd_Notmached_Validation_604(java.lang.String, java.lang.String)[pri:604, instance:com.InfoCabs.testcases.Change_Password_TestCases_588_610@5ef60048]" name="Test_Change_Password_To_Click_On_ChangePwdButton_to_check_Confirmpwd_Notmached_Validation_604" duration-ms="3800" started-at="2021-01-30T02:07:16 PKT" finished-at="2021-01-30T02:07:20 PKT">
          <params>
            <param index="0">
              <value>
                <![CDATA[com.Infosun.AbbeySwiftCars:id/]]>
              </value>
            </param>
            <param index="1">
              <value>
                <![CDATA[1234567ab]]>
              </value>
            </param>
          </params>
          <reporter-output>
            <line>
              <![CDATA[Timeout waiting for Page Load Request to complete.]]>
            </line>
          </reporter-output>
        </test-method> <!-- Test_Change_Password_To_Click_On_ChangePwdButton_to_check_Confirmpwd_Notmached_Validation_604 -->
        <test-method status="PASS" signature="Test_Change_Password_Clear_New_and_ConfirmPWD_On2nd_time_605(java.lang.String, java.lang.String, java.lang.String)[pri:605, instance:com.InfoCabs.testcases.Change_Password_TestCases_588_610@5ef60048]" name="Test_Change_Password_Clear_New_and_ConfirmPWD_On2nd_time_605" duration-ms="4535" started-at="2021-01-30T02:07:20 PKT" finished-at="2021-01-30T02:07:24 PKT">
          <params>
            <param index="0">
              <value>
                <![CDATA[com.Infosun.AbbeySwiftCars:id/]]>
              </value>
            </param>
            <param index="1">
              <value>
                <![CDATA[1234567ab]]>
              </value>
            </param>
            <param index="2">
              <value>
                <![CDATA[12345678]]>
              </value>
            </param>
          </params>
          <reporter-output>
            <line>
              <![CDATA[Timeout waiting for Page Load Request to complete.]]>
            </line>
            <line>
              <![CDATA[Timeout waiting for Page Load Request to complete.]]>
            </line>
          </reporter-output>
        </test-method> <!-- Test_Change_Password_Clear_New_and_ConfirmPWD_On2nd_time_605 -->
        <test-method status="PASS" signature="Test_Change_Password_To_Click_On_ChangePwdButton_to_ChangePWD_606(java.lang.String, java.lang.String, java.lang.String)[pri:606, instance:com.InfoCabs.testcases.Change_Password_TestCases_588_610@5ef60048]" name="Test_Change_Password_To_Click_On_ChangePwdButton_to_ChangePWD_606" duration-ms="10097" started-at="2021-01-30T02:07:24 PKT" finished-at="2021-01-30T02:07:35 PKT">
          <params>
            <param index="0">
              <value>
                <![CDATA[com.Infosun.AbbeySwiftCars:id/]]>
              </value>
            </param>
            <param index="1">
              <value>
                <![CDATA[12345677]]>
              </value>
            </param>
            <param index="2">
              <value>
                <![CDATA[12345678]]>
              </value>
            </param>
          </params>
          <reporter-output>
            <line>
              <![CDATA[Timeout waiting for Page Load Request to complete.]]>
            </line>
            <line>
              <![CDATA[Timeout waiting for Page Load Request to complete.]]>
            </line>
          </reporter-output>
        </test-method> <!-- Test_Change_Password_To_Click_On_ChangePwdButton_to_ChangePWD_606 -->
        <test-method status="PASS" signature="Test_Change_Password_Go_Back_to_HomeScreen_and_Logout_607(java.lang.String, java.lang.String)[pri:607, instance:com.InfoCabs.testcases.Change_Password_TestCases_588_610@5ef60048]" name="Test_Change_Password_Go_Back_to_HomeScreen_and_Logout_607" duration-ms="31011" started-at="2021-01-30T02:07:35 PKT" finished-at="2021-01-30T02:08:06 PKT">
          <params>
            <param index="0">
              <value>
                <![CDATA[com.Infosun.AbbeySwiftCars:id/]]>
              </value>
            </param>
            <param index="1">
              <value>
                <![CDATA[//android.widget.CheckedTextView]]>
              </value>
            </param>
          </params>
          <reporter-output>
            <line>
              <![CDATA[Timeout waiting for Page Load Request to complete.]]>
            </line>
            <line>
              <![CDATA[Timeout waiting for Page Load Request to complete.]]>
            </line>
            <line>
              <![CDATA[Timeout waiting for Page Load Request to complete.]]>
            </line>
            <line>
              <![CDATA[Timeout waiting for Page Load Request to complete.]]>
            </line>
            <line>
              <![CDATA[Timeout waiting for Page Load Request to complete.]]>
            </line>
          </reporter-output>
        </test-method> <!-- Test_Change_Password_Go_Back_to_HomeScreen_and_Logout_607 -->
        <test-method status="PASS" signature="Test__Change_Password_Allow_user_to_LoginWith_ChangePWD_608(java.lang.String, java.lang.String, java.lang.String)[pri:608, instance:com.InfoCabs.testcases.Change_Password_TestCases_588_610@5ef60048]" name="Test__Change_Password_Allow_user_to_LoginWith_ChangePWD_608" duration-ms="9272" started-at="2021-01-30T02:08:06 PKT" finished-at="2021-01-30T02:08:15 PKT">
          <params>
            <param index="0">
              <value>
                <![CDATA[00923358391478]]>
              </value>
            </param>
            <param index="1">
              <value>
                <![CDATA[12345677]]>
              </value>
            </param>
            <param index="2">
              <value>
                <![CDATA[com.Infosun.AbbeySwiftCars:id/]]>
              </value>
            </param>
          </params>
          <reporter-output>
            <line>
              <![CDATA[Timeout waiting for Page Load Request to complete.]]>
            </line>
            <line>
              <![CDATA[Timeout waiting for Page Load Request to complete.]]>
            </line>
          </reporter-output>
        </test-method> <!-- Test__Change_Password_Allow_user_to_LoginWith_ChangePWD_608 -->
        <test-method status="PASS" signature="Test_Change_Password_Go_Back_ChangePWD_page_609(java.lang.String, java.lang.String, java.lang.String)[pri:609, instance:com.InfoCabs.testcases.Change_Password_TestCases_588_610@5ef60048]" name="Test_Change_Password_Go_Back_ChangePWD_page_609" duration-ms="6972" started-at="2021-01-30T02:08:15 PKT" finished-at="2021-01-30T02:08:22 PKT">
          <params>
            <param index="0">
              <value>
                <![CDATA[//android.widget.CheckedTextView]]>
              </value>
            </param>
            <param index="1">
              <value>
                <![CDATA[android.widget.TextView]]>
              </value>
            </param>
            <param index="2">
              <value>
                <![CDATA[com.Infosun.AbbeySwiftCars:id/]]>
              </value>
            </param>
          </params>
          <reporter-output>
            <line>
              <![CDATA[Timeout waiting for Page Load Request to complete.]]>
            </line>
          </reporter-output>
        </test-method> <!-- Test_Change_Password_Go_Back_ChangePWD_page_609 -->
        <test-method status="PASS" signature="Test_Change_Password_Change_PWD_again_to_Orignal_610(java.lang.String, java.lang.String, java.lang.String)[pri:610, instance:com.InfoCabs.testcases.Change_Password_TestCases_588_610@5ef60048]" name="Test_Change_Password_Change_PWD_again_to_Orignal_610" duration-ms="27770" started-at="2021-01-30T02:08:22 PKT" finished-at="2021-01-30T02:08:50 PKT">
          <params>
            <param index="0">
              <value>
                <![CDATA[com.Infosun.AbbeySwiftCars:id/]]>
              </value>
            </param>
            <param index="1">
              <value>
                <![CDATA[12345677]]>
              </value>
            </param>
            <param index="2">
              <value>
                <![CDATA[12345678]]>
              </value>
            </param>
          </params>
          <reporter-output>
            <line>
              <![CDATA[Timeout waiting for Page Load Request to complete.]]>
            </line>
            <line>
              <![CDATA[Timeout waiting for Page Load Request to complete.]]>
            </line>
            <line>
              <![CDATA[Timeout waiting for Page Load Request to complete.]]>
            </line>
            <line>
              <![CDATA[Timeout waiting for Page Load Request to complete.]]>
            </line>
            <line>
              <![CDATA[Timeout waiting for Page Load Request to complete.]]>
            </line>
            <line>
              <![CDATA[Timeout waiting for Page Load Request to complete.]]>
            </line>
          </reporter-output>
        </test-method> <!-- Test_Change_Password_Change_PWD_again_to_Orignal_610 -->
      </class> <!-- com.InfoCabs.testcases.Change_Password_TestCases_588_610 -->
      <class name="com.InfoCabs.testcases.MyTrips_CompletedRide_with_Different_fedback_TestCases_686_710">
        <test-method status="PASS" signature="Test_MyTrips_CompletedRide_with_Different_fedback_LunchNewDriver_App_686(java.lang.String, java.lang.String)[pri:686, instance:com.InfoCabs.testcases.MyTrips_CompletedRide_with_Different_fedback_TestCases_686_710@17c1bced]" name="Test_MyTrips_CompletedRide_with_Different_fedback_LunchNewDriver_App_686" duration-ms="4626" started-at="2021-01-30T02:15:36 PKT" finished-at="2021-01-30T02:15:41 PKT">
          <params>
            <param index="0">
              <value>
                <![CDATA[com.infosun.infocabs]]>
              </value>
            </param>
            <param index="1">
              <value>
                <![CDATA[com.infosun.infocabs.SplashActivity]]>
              </value>
            </param>
          </params>
          <reporter-output>
            <line>
              <![CDATA[Timeout waiting for Page Load Request to complete.]]>
            </line>
          </reporter-output>
        </test-method> <!-- Test_MyTrips_CompletedRide_with_Different_fedback_LunchNewDriver_App_686 -->
        <test-method status="PASS" signature="Test_MyTrips_CompletedRide_with_Different_fedback_LogintoRiderApp_688(java.lang.String)[pri:688, instance:com.InfoCabs.testcases.MyTrips_CompletedRide_with_Different_fedback_TestCases_686_710@17c1bced]" name="Test_MyTrips_CompletedRide_with_Different_fedback_LogintoRiderApp_688" duration-ms="41026" started-at="2021-01-30T02:15:41 PKT" finished-at="2021-01-30T02:16:22 PKT">
          <params>
            <param index="0">
              <value>
                <![CDATA[2222]]>
              </value>
            </param>
          </params>
          <reporter-output>
            <line>
              <![CDATA[Timeout waiting for Page Load Request to complete.]]>
            </line>
            <line>
              <![CDATA[Timeout waiting for Page Load Request to complete.]]>
            </line>
            <line>
              <![CDATA[Timeout waiting for Page Load Request to complete.]]>
            </line>
            <line>
              <![CDATA[Timeout waiting for Page Load Request to complete.]]>
            </line>
            <line>
              <![CDATA[Timeout waiting for Page Load Request to complete.]]>
            </line>
            <line>
              <![CDATA[Timeout waiting for Page Load Request to complete.]]>
            </line>
          </reporter-output>
        </test-method> <!-- Test_MyTrips_CompletedRide_with_Different_fedback_LogintoRiderApp_688 -->
        <test-method status="PASS" signature="Test_MyTrips_CompletedRide_with_Different_fedback_Backto_CustomerApp_689(java.lang.String)[pri:689, instance:com.InfoCabs.testcases.MyTrips_CompletedRide_with_Different_fedback_TestCases_686_710@17c1bced]" name="Test_MyTrips_CompletedRide_with_Different_fedback_Backto_CustomerApp_689" duration-ms="7113" started-at="2021-01-30T02:16:22 PKT" finished-at="2021-01-30T02:16:29 PKT">
          <params>
            <param index="0">
              <value>
                <![CDATA[com.Infosun.AbbeySwiftCars]]>
              </value>
            </param>
          </params>
          <reporter-output>
            <line>
              <![CDATA[Timeout waiting for Page Load Request to complete.]]>
            </line>
            <line>
              <![CDATA[Timeout waiting for Page Load Request to complete.]]>
            </line>
          </reporter-output>
        </test-method> <!-- Test_MyTrips_CompletedRide_with_Different_fedback_Backto_CustomerApp_689 -->
        <test-method status="PASS" signature="Test_MyTrips_CompletedRide_with_Different_fedback_ClickOnBookNow_Button_Cab_690(java.lang.String, java.lang.String)[pri:690, instance:com.InfoCabs.testcases.MyTrips_CompletedRide_with_Different_fedback_TestCases_686_710@17c1bced]" name="Test_MyTrips_CompletedRide_with_Different_fedback_ClickOnBookNow_Button_Cab_690" duration-ms="9509" started-at="2021-01-30T02:16:29 PKT" finished-at="2021-01-30T02:16:39 PKT">
          <params>
            <param index="0">
              <value>
                <![CDATA[com.Infosun.AbbeySwiftCars:id/]]>
              </value>
            </param>
            <param index="1">
              <value>
                <![CDATA[21 Newsome Road, Huddersfield, UK]]>
              </value>
            </param>
          </params>
          <reporter-output>
            <line>
              <![CDATA[Timeout waiting for Page Load Request to complete.]]>
            </line>
            <line>
              <![CDATA[Timeout waiting for Page Load Request to complete.]]>
            </line>
            <line>
              <![CDATA[Timeout waiting for Page Load Request to complete.]]>
            </line>
          </reporter-output>
        </test-method> <!-- Test_MyTrips_CompletedRide_with_Different_fedback_ClickOnBookNow_Button_Cab_690 -->
        <test-method status="PASS" signature="Test_MyTrips_CompletedRide_with_Different_fedback_ClickOnBookConfirmButton_691(java.lang.String, java.lang.String)[pri:691, instance:com.InfoCabs.testcases.MyTrips_CompletedRide_with_Different_fedback_TestCases_686_710@17c1bced]" name="Test_MyTrips_CompletedRide_with_Different_fedback_ClickOnBookConfirmButton_691" duration-ms="9566" started-at="2021-01-30T02:16:39 PKT" finished-at="2021-01-30T02:16:48 PKT">
          <params>
            <param index="0">
              <value>
                <![CDATA[com.Infosun.AbbeySwiftCars:id/]]>
              </value>
            </param>
            <param index="1">
              <value>
                <![CDATA[21 Newsome Road, Huddersfield, UK]]>
              </value>
            </param>
          </params>
          <reporter-output>
            <line>
              <![CDATA[Timeout waiting for Page Load Request to complete.]]>
            </line>
            <line>
              <![CDATA[Timeout waiting for Page Load Request to complete.]]>
            </line>
            <line>
              <![CDATA[Timeout waiting for Page Load Request to complete.]]>
            </line>
          </reporter-output>
        </test-method> <!-- Test_MyTrips_CompletedRide_with_Different_fedback_ClickOnBookConfirmButton_691 -->
        <test-method status="PASS" signature="Test_Book_Saloon_With_CreditCard_Push_CustomerApp_toBackground_and_start_RiderApp_692(java.lang.String)[pri:692, instance:com.InfoCabs.testcases.MyTrips_CompletedRide_with_Different_fedback_TestCases_686_710@17c1bced]" name="Test_Book_Saloon_With_CreditCard_Push_CustomerApp_toBackground_and_start_RiderApp_692" duration-ms="7665" started-at="2021-01-30T02:16:48 PKT" finished-at="2021-01-30T02:16:56 PKT">
          <params>
            <param index="0">
              <value>
                <![CDATA[com.infosun.infocabs]]>
              </value>
            </param>
          </params>
          <reporter-output>
            <line>
              <![CDATA[Timeout waiting for Page Load Request to complete.]]>
            </line>
            <line>
              <![CDATA[Timeout waiting for Page Load Request to complete.]]>
            </line>
            <line>
              <![CDATA[Timeout waiting for Page Load Request to complete.]]>
            </line>
          </reporter-output>
        </test-method> <!-- Test_Book_Saloon_With_CreditCard_Push_CustomerApp_toBackground_and_start_RiderApp_692 -->
        <test-method status="FAIL" signature="Test_MyTrips_CompletedRide_with_Different_fedback_AcceptCustomer_ride_693(java.lang.String)[pri:693, instance:com.InfoCabs.testcases.MyTrips_CompletedRide_with_Different_fedback_TestCases_686_710@17c1bced]" name="Test_MyTrips_CompletedRide_with_Different_fedback_AcceptCustomer_ride_693" duration-ms="71781" started-at="2021-01-30T02:16:56 PKT" finished-at="2021-01-30T02:18:08 PKT">
          <params>
            <param index="0">
              <value>
                <![CDATA[com.Infosun.AbbeySwiftCars]]>
              </value>
            </param>
          </params>
          <exception class="org.openqa.selenium.NoSuchElementException">
            <message>
              <![CDATA[An element could not be located on the page using the given search parameters.
For documentation on this error, please visit: https://www.seleniumhq.org/exceptions/no_such_element.html
Build info: version: '3.141.59', revision: 'e82be7d358', time: '2018-11-14T08:17:03'
System info: host: 'DESKTOP-CSMSJ8J', ip: '192.168.0.199', os.name: 'Windows 10', os.arch: 'amd64', os.version: '10.0', java.version: '1.8.0_261'
Driver info: io.appium.java_client.android.AndroidDriver
Capabilities {app: C:\Users\92336\git\InfoCabs..., appActivity: com.infosun.csandroidx.acti..., appPackage: com.Infosun.AbbeySwiftCars, autoAcceptAlerts: true, autoGrantPermissions: true, databaseEnabled: false, desired: {app: C:\Users\92336\git\InfoCabs..., appActivity: com.infosun.csandroidx.acti..., appPackage: com.Infosun.AbbeySwiftCars, autoAcceptAlerts: true, autoGrantPermissions: true, deviceName: Galaxy J7 Pro, newCommandTimeout: 60, platformName: android, platformVersion: 7, resetKeyboard: false, udid: 52006c45b4f164dd, unicodeKeyboard: false}, deviceApiLevel: 24, deviceManufacturer: samsung, deviceModel: SM-J730F, deviceName: 52006c45b4f164dd, deviceScreenDensity: 420, deviceScreenSize: 1080x1920, deviceUDID: 52006c45b4f164dd, javascriptEnabled: true, locationContextEnabled: false, networkConnectionEnabled: true, newCommandTimeout: 60, pixelRatio: 2.625, platform: LINUX, platformName: Android, platformVersion: 7.0, resetKeyboard: false, statBarHeight: 63, takesScreenshot: true, udid: 52006c45b4f164dd, unicodeKeyboard: false, viewportRect: {height: 1857, left: 0, top: 63, width: 1080}, warnings: {}, webStorageEnabled: false}
Session ID: 92fb44d0-ba04-46aa-9652-3437e62c7e1b
*** Element info: {Using=id, value=com.infosun.infocabs:id/button_accept}]]>
            </message>
            <full-stacktrace>
              <![CDATA[org.openqa.selenium.NoSuchElementException: An element could not be located on the page using the given search parameters.
For documentation on this error, please visit: https://www.seleniumhq.org/exceptions/no_such_element.html
Build info: version: '3.141.59', revision: 'e82be7d358', time: '2018-11-14T08:17:03'
System info: host: 'DESKTOP-CSMSJ8J', ip: '192.168.0.199', os.name: 'Windows 10', os.arch: 'amd64', os.version: '10.0', java.version: '1.8.0_261'
Driver info: io.appium.java_client.android.AndroidDriver
Capabilities {app: C:\Users\92336\git\InfoCabs..., appActivity: com.infosun.csandroidx.acti..., appPackage: com.Infosun.AbbeySwiftCars, autoAcceptAlerts: true, autoGrantPermissions: true, databaseEnabled: false, desired: {app: C:\Users\92336\git\InfoCabs..., appActivity: com.infosun.csandroidx.acti..., appPackage: com.Infosun.AbbeySwiftCars, autoAcceptAlerts: true, autoGrantPermissions: true, deviceName: Galaxy J7 Pro, newCommandTimeout: 60, platformName: android, platformVersion: 7, resetKeyboard: false, udid: 52006c45b4f164dd, unicodeKeyboard: false}, deviceApiLevel: 24, deviceManufacturer: samsung, deviceModel: SM-J730F, deviceName: 52006c45b4f164dd, deviceScreenDensity: 420, deviceScreenSize: 1080x1920, deviceUDID: 52006c45b4f164dd, javascriptEnabled: true, locationContextEnabled: false, networkConnectionEnabled: true, newCommandTimeout: 60, pixelRatio: 2.625, platform: LINUX, platformName: Android, platformVersion: 7.0, resetKeyboard: false, statBarHeight: 63, takesScreenshot: true, udid: 52006c45b4f164dd, unicodeKeyboard: false, viewportRect: {height: 1857, left: 0, top: 63, width: 1080}, warnings: {}, webStorageEnabled: false}
Session ID: 92fb44d0-ba04-46aa-9652-3437e62c7e1b
*** Element info: {Using=id, value=com.infosun.infocabs:id/button_accept}
at sun.reflect.NativeConstructorAccessorImpl.newInstance0(Native Method)
at sun.reflect.NativeConstructorAccessorImpl.newInstance(NativeConstructorAccessorImpl.java:62)
at sun.reflect.DelegatingConstructorAccessorImpl.newInstance(DelegatingConstructorAccessorImpl.java:45)
at java.lang.reflect.Constructor.newInstance(Constructor.java:423)
at org.openqa.selenium.remote.http.W3CHttpResponseCodec.createException(W3CHttpResponseCodec.java:187)
at org.openqa.selenium.remote.http.W3CHttpResponseCodec.decode(W3CHttpResponseCodec.java:122)
at org.openqa.selenium.remote.http.W3CHttpResponseCodec.decode(W3CHttpResponseCodec.java:49)
at org.openqa.selenium.remote.HttpCommandExecutor.execute(HttpCommandExecutor.java:158)
at io.appium.java_client.remote.AppiumCommandExecutor.execute(AppiumCommandExecutor.java:239)
at org.openqa.selenium.remote.RemoteWebDriver.execute(RemoteWebDriver.java:552)
at io.appium.java_client.DefaultGenericMobileDriver.execute(DefaultGenericMobileDriver.java:41)
at io.appium.java_client.AppiumDriver.execute(AppiumDriver.java:1)
at io.appium.java_client.android.AndroidDriver.execute(AndroidDriver.java:1)
at org.openqa.selenium.remote.RemoteWebDriver.findElement(RemoteWebDriver.java:323)
at io.appium.java_client.DefaultGenericMobileDriver.findElement(DefaultGenericMobileDriver.java:61)
at io.appium.java_client.AppiumDriver.findElement(AppiumDriver.java:1)
at io.appium.java_client.android.AndroidDriver.findElement(AndroidDriver.java:1)
at org.openqa.selenium.remote.RemoteWebDriver.findElementById(RemoteWebDriver.java:372)
at io.appium.java_client.DefaultGenericMobileDriver.findElementById(DefaultGenericMobileDriver.java:69)
at io.appium.java_client.AppiumDriver.findElementById(AppiumDriver.java:1)
at io.appium.java_client.android.AndroidDriver.findElementById(AndroidDriver.java:1)
at org.openqa.selenium.By$ById.findElement(By.java:188)
at org.openqa.selenium.remote.RemoteWebDriver.findElement(RemoteWebDriver.java:315)
at io.appium.java_client.DefaultGenericMobileDriver.findElement(DefaultGenericMobileDriver.java:57)
at io.appium.java_client.AppiumDriver.findElement(AppiumDriver.java:1)
at io.appium.java_client.android.AndroidDriver.findElement(AndroidDriver.java:1)
at com.InfoCabs.testcases.MyTrips_CompletedRide_with_Different_fedback_TestCases_686_710.Test_MyTrips_CompletedRide_with_Different_fedback_AcceptCustomer_ride_693(MyTrips_CompletedRide_with_Different_fedback_TestCases_686_710.java:135)
at sun.reflect.NativeMethodAccessorImpl.invoke0(Native Method)
at sun.reflect.NativeMethodAccessorImpl.invoke(NativeMethodAccessorImpl.java:62)
at sun.reflect.DelegatingMethodAccessorImpl.invoke(DelegatingMethodAccessorImpl.java:43)
at java.lang.reflect.Method.invoke(Method.java:498)
at org.testng.internal.MethodInvocationHelper.invokeMethod(MethodInvocationHelper.java:133)
at org.testng.internal.TestInvoker.invokeMethod(TestInvoker.java:584)
at org.testng.internal.TestInvoker.invokeTestMethod(TestInvoker.java:172)
at org.testng.internal.MethodRunner.runInSequence(MethodRunner.java:46)
at org.testng.internal.TestInvoker$MethodInvocationAgent.invoke(TestInvoker.java:804)
at org.testng.internal.TestInvoker.invokeTestMethods(TestInvoker.java:145)
at org.testng.internal.TestMethodWorker.invokeTestMethods(TestMethodWorker.java:146)
at org.testng.internal.TestMethodWorker.run(TestMethodWorker.java:128)
at java.util.ArrayList.forEach(ArrayList.java:1259)
at org.testng.TestRunner.privateRun(TestRunner.java:770)
at org.testng.TestRunner.run(TestRunner.java:591)
at org.testng.SuiteRunner.runTest(SuiteRunner.java:402)
at org.testng.SuiteRunner.runSequentially(SuiteRunner.java:396)
at org.testng.SuiteRunner.privateRun(SuiteRunner.java:355)
at org.testng.SuiteRunner.run(SuiteRunner.java:304)
at org.testng.SuiteRunnerWorker.runSuite(SuiteRunnerWorker.java:53)
at org.testng.SuiteRunnerWorker.run(SuiteRunnerWorker.java:96)
at org.testng.TestNG.runSuitesSequentially(TestNG.java:1180)
at org.testng.TestNG.runSuitesLocally(TestNG.java:1102)
at org.testng.TestNG.runSuites(TestNG.java:1032)
at org.testng.TestNG.run(TestNG.java:1000)
at org.testng.remote.AbstractRemoteTestNG.run(AbstractRemoteTestNG.java:115)
at org.testng.remote.RemoteTestNG.initAndRun(RemoteTestNG.java:251)
at org.testng.remote.RemoteTestNG.main(RemoteTestNG.java:77)
]]>
            </full-stacktrace>
          </exception> <!-- org.openqa.selenium.NoSuchElementException -->
          <reporter-output>
            <line>
              <![CDATA[Timeout waiting for Page Load Request to complete.]]>
            </line>
          </reporter-output>
        </test-method> <!-- Test_MyTrips_CompletedRide_with_Different_fedback_AcceptCustomer_ride_693 -->
        <test-method status="PASS" signature="Test_MyTrips_CompletedRide_with_Different_fedback_ClickOnWait_ride_694(java.lang.String)[pri:694, instance:com.InfoCabs.testcases.MyTrips_CompletedRide_with_Different_fedback_TestCases_686_710@17c1bced]" name="Test_MyTrips_CompletedRide_with_Different_fedback_ClickOnWait_ride_694" duration-ms="30629" started-at="2021-01-30T02:18:09 PKT" finished-at="2021-01-30T02:18:39 PKT">
          <params>
            <param index="0">
              <value>
                <![CDATA[com.Infosun.AbbeySwiftCars]]>
              </value>
            </param>
          </params>
          <reporter-output>
            <line>
              <![CDATA[Timeout waiting for Page Load Request to complete.]]>
            </line>
            <line>
              <![CDATA[Timeout waiting for Page Load Request to complete.]]>
            </line>
          </reporter-output>
        </test-method> <!-- Test_MyTrips_CompletedRide_with_Different_fedback_ClickOnWait_ride_694 -->
        <test-method status="PASS" signature="Test_MyTrips_CompletedRide_with_Different_fedback_ClickOnPOB_Button_ride_695(java.lang.String)[pri:695, instance:com.InfoCabs.testcases.MyTrips_CompletedRide_with_Different_fedback_TestCases_686_710@17c1bced]" name="Test_MyTrips_CompletedRide_with_Different_fedback_ClickOnPOB_Button_ride_695" duration-ms="8302" started-at="2021-01-30T02:18:39 PKT" finished-at="2021-01-30T02:18:47 PKT">
          <params>
            <param index="0">
              <value>
                <![CDATA[com.Infosun.AbbeySwiftCars]]>
              </value>
            </param>
          </params>
          <reporter-output>
            <line>
              <![CDATA[Timeout waiting for Page Load Request to complete.]]>
            </line>
            <line>
              <![CDATA[Timeout waiting for Page Load Request to complete.]]>
            </line>
          </reporter-output>
        </test-method> <!-- Test_MyTrips_CompletedRide_with_Different_fedback_ClickOnPOB_Button_ride_695 -->
        <test-method status="PASS" signature="Test_MyTrips_CompletedRide_with_Different_fedback_ClickOnSTC_ride_696(java.lang.String)[pri:696, instance:com.InfoCabs.testcases.MyTrips_CompletedRide_with_Different_fedback_TestCases_686_710@17c1bced]" name="Test_MyTrips_CompletedRide_with_Different_fedback_ClickOnSTC_ride_696" duration-ms="7862" started-at="2021-01-30T02:18:47 PKT" finished-at="2021-01-30T02:18:55 PKT">
          <params>
            <param index="0">
              <value>
                <![CDATA[com.Infosun.AbbeySwiftCars]]>
              </value>
            </param>
          </params>
          <reporter-output>
            <line>
              <![CDATA[Timeout waiting for Page Load Request to complete.]]>
            </line>
            <line>
              <![CDATA[Timeout waiting for Page Load Request to complete.]]>
            </line>
          </reporter-output>
        </test-method> <!-- Test_MyTrips_CompletedRide_with_Different_fedback_ClickOnSTC_ride_696 -->
        <test-method status="PASS" signature="Test_MyTrips_CompletedRide_with_Different_fedback_ClickOn_Clear_ride_697(java.lang.String)[pri:697, instance:com.InfoCabs.testcases.MyTrips_CompletedRide_with_Different_fedback_TestCases_686_710@17c1bced]" name="Test_MyTrips_CompletedRide_with_Different_fedback_ClickOn_Clear_ride_697" duration-ms="7996" started-at="2021-01-30T02:18:55 PKT" finished-at="2021-01-30T02:19:03 PKT">
          <params>
            <param index="0">
              <value>
                <![CDATA[com.Infosun.AbbeySwiftCars]]>
              </value>
            </param>
          </params>
          <reporter-output>
            <line>
              <![CDATA[Timeout waiting for Page Load Request to complete.]]>
            </line>
            <line>
              <![CDATA[Timeout waiting for Page Load Request to complete.]]>
            </line>
          </reporter-output>
        </test-method> <!-- Test_MyTrips_CompletedRide_with_Different_fedback_ClickOn_Clear_ride_697 -->
        <test-method status="PASS" signature="Test_MyTrips_CompletedRide_with_Different_fedback_start_CustomerApp_698(java.lang.String)[pri:698, instance:com.InfoCabs.testcases.MyTrips_CompletedRide_with_Different_fedback_TestCases_686_710@17c1bced]" name="Test_MyTrips_CompletedRide_with_Different_fedback_start_CustomerApp_698" duration-ms="7088" started-at="2021-01-30T02:19:03 PKT" finished-at="2021-01-30T02:19:10 PKT">
          <params>
            <param index="0">
              <value>
                <![CDATA[com.Infosun.AbbeySwiftCars]]>
              </value>
            </param>
          </params>
          <reporter-output>
            <line>
              <![CDATA[Timeout waiting for Page Load Request to complete.]]>
            </line>
            <line>
              <![CDATA[Timeout waiting for Page Load Request to complete.]]>
            </line>
          </reporter-output>
        </test-method> <!-- Test_MyTrips_CompletedRide_with_Different_fedback_start_CustomerApp_698 -->
        <test-method status="PASS" signature="Test_MyTrips_CompletedRide_with_Different_fedback_Rate_your_ride_Text_arePresent_699(java.lang.String)[pri:699, instance:com.InfoCabs.testcases.MyTrips_CompletedRide_with_Different_fedback_TestCases_686_710@17c1bced]" name="Test_MyTrips_CompletedRide_with_Different_fedback_Rate_your_ride_Text_arePresent_699" duration-ms="5360" started-at="2021-01-30T02:19:10 PKT" finished-at="2021-01-30T02:19:16 PKT">
          <params>
            <param index="0">
              <value>
                <![CDATA[android.widget.TextView]]>
              </value>
            </param>
          </params>
          <reporter-output>
            <line>
              <![CDATA[Timeout waiting for Page Load Request to complete.]]>
            </line>
          </reporter-output>
        </test-method> <!-- Test_MyTrips_CompletedRide_with_Different_fedback_Rate_your_ride_Text_arePresent_699 -->
        <test-method status="PASS" signature="Test_MyTrips_CompletedRide_with_Different_fedback_Feedback_Field_arePresent_700(java.lang.String, java.lang.String)[pri:700, instance:com.InfoCabs.testcases.MyTrips_CompletedRide_with_Different_fedback_TestCases_686_710@17c1bced]" name="Test_MyTrips_CompletedRide_with_Different_fedback_Feedback_Field_arePresent_700" duration-ms="2737" started-at="2021-01-30T02:19:16 PKT" finished-at="2021-01-30T02:19:19 PKT">
          <params>
            <param index="0">
              <value>
                <![CDATA[com.Infosun.AbbeySwiftCars:id/]]>
              </value>
            </param>
            <param index="1">
              <value>
                <![CDATA[Rider was good and drive well his behavior was out standings]]>
              </value>
            </param>
          </params>
          <reporter-output>
            <line>
              <![CDATA[Timeout waiting for Page Load Request to complete.]]>
            </line>
          </reporter-output>
        </test-method> <!-- Test_MyTrips_CompletedRide_with_Different_fedback_Feedback_Field_arePresent_700 -->
        <test-method status="PASS" signature="Test_MyTrips_CompletedRide_with_Different_fedback_SubmitFeedback_ButtonAndText_701(java.lang.String)[pri:701, instance:com.InfoCabs.testcases.MyTrips_CompletedRide_with_Different_fedback_TestCases_686_710@17c1bced]" name="Test_MyTrips_CompletedRide_with_Different_fedback_SubmitFeedback_ButtonAndText_701" duration-ms="4242" started-at="2021-01-30T02:19:19 PKT" finished-at="2021-01-30T02:19:23 PKT">
          <params>
            <param index="0">
              <value>
                <![CDATA[com.Infosun.AbbeySwiftCars:id/]]>
              </value>
            </param>
          </params>
          <reporter-output>
            <line>
              <![CDATA[Timeout waiting for Page Load Request to complete.]]>
            </line>
            <line>
              <![CDATA[Timeout waiting for Page Load Request to complete.]]>
            </line>
          </reporter-output>
        </test-method> <!-- Test_MyTrips_CompletedRide_with_Different_fedback_SubmitFeedback_ButtonAndText_701 -->
        <test-method status="PASS" signature="Test_MyTrips_CompletedRide_with_Different_fedback_ClickOn_SideMenu_Button_702(java.lang.String, java.lang.String)[pri:702, instance:com.InfoCabs.testcases.MyTrips_CompletedRide_with_Different_fedback_TestCases_686_710@17c1bced]" name="Test_MyTrips_CompletedRide_with_Different_fedback_ClickOn_SideMenu_Button_702" duration-ms="14357" started-at="2021-01-30T02:19:23 PKT" finished-at="2021-01-30T02:19:37 PKT">
          <params>
            <param index="0">
              <value>
                <![CDATA[com.Infosun.AbbeySwiftCars:id/]]>
              </value>
            </param>
            <param index="1">
              <value>
                <![CDATA[21 Newsome Road, Huddersfield, UK]]>
              </value>
            </param>
          </params>
          <reporter-output>
            <line>
              <![CDATA[Timeout waiting for Page Load Request to complete.]]>
            </line>
            <line>
              <![CDATA[Timeout waiting for Page Load Request to complete.]]>
            </line>
            <line>
              <![CDATA[Timeout waiting for Page Load Request to complete.]]>
            </line>
          </reporter-output>
        </test-method> <!-- Test_MyTrips_CompletedRide_with_Different_fedback_ClickOn_SideMenu_Button_702 -->
        <test-method status="PASS" signature="Test_MyTrips_CompletedRide_with_Different_fedback_ClickOn_SideMenu__MyTrips_Button_703(java.lang.String, java.lang.String)[pri:703, instance:com.InfoCabs.testcases.MyTrips_CompletedRide_with_Different_fedback_TestCases_686_710@17c1bced]" name="Test_MyTrips_CompletedRide_with_Different_fedback_ClickOn_SideMenu__MyTrips_Button_703" duration-ms="12768" started-at="2021-01-30T02:19:37 PKT" finished-at="2021-01-30T02:19:50 PKT">
          <params>
            <param index="0">
              <value>
                <![CDATA[com.Infosun.AbbeySwiftCars:id/]]>
              </value>
            </param>
            <param index="1">
              <value>
                <![CDATA[//android.widget.CheckedTextView]]>
              </value>
            </param>
          </params>
          <reporter-output>
            <line>
              <![CDATA[Timeout waiting for Page Load Request to complete.]]>
            </line>
            <line>
              <![CDATA[Timeout waiting for Page Load Request to complete.]]>
            </line>
            <line>
              <![CDATA[Timeout waiting for Page Load Request to complete.]]>
            </line>
          </reporter-output>
        </test-method> <!-- Test_MyTrips_CompletedRide_with_Different_fedback_ClickOn_SideMenu__MyTrips_Button_703 -->
        <test-method status="PASS" signature="Test_MyTrips_CompletedRide_with_Different_fedback_Check_for_index1_CancelRide_Option_704(java.lang.String)[pri:704, instance:com.InfoCabs.testcases.MyTrips_CompletedRide_with_Different_fedback_TestCases_686_710@17c1bced]" name="Test_MyTrips_CompletedRide_with_Different_fedback_Check_for_index1_CancelRide_Option_704" duration-ms="2415" started-at="2021-01-30T02:19:50 PKT" finished-at="2021-01-30T02:19:52 PKT">
          <params>
            <param index="0">
              <value>
                <![CDATA[android.widget.RelativeLayout]]>
              </value>
            </param>
          </params>
          <reporter-output>
            <line>
              <![CDATA[Timeout waiting for Page Load Request to complete.]]>
            </line>
          </reporter-output>
        </test-method> <!-- Test_MyTrips_CompletedRide_with_Different_fedback_Check_for_index1_CancelRide_Option_704 -->
        <test-method status="PASS" signature="Test_MyTrips_CompletedRide_with_Different_fedback_CheckPickoff_Address_705(java.lang.String)[pri:705, instance:com.InfoCabs.testcases.MyTrips_CompletedRide_with_Different_fedback_TestCases_686_710@17c1bced]" name="Test_MyTrips_CompletedRide_with_Different_fedback_CheckPickoff_Address_705" duration-ms="2269" started-at="2021-01-30T02:19:52 PKT" finished-at="2021-01-30T02:19:55 PKT">
          <params>
            <param index="0">
              <value>
                <![CDATA[com.Infosun.AbbeySwiftCars:id/]]>
              </value>
            </param>
          </params>
          <reporter-output>
            <line>
              <![CDATA[Timeout waiting for Page Load Request to complete.]]>
            </line>
          </reporter-output>
        </test-method> <!-- Test_MyTrips_CompletedRide_with_Different_fedback_CheckPickoff_Address_705 -->
        <test-method status="PASS" signature="Test_MyTrips_CompletedRide_with_Different_fedback_CheckDropOff_Address_706(java.lang.String)[pri:706, instance:com.InfoCabs.testcases.MyTrips_CompletedRide_with_Different_fedback_TestCases_686_710@17c1bced]" name="Test_MyTrips_CompletedRide_with_Different_fedback_CheckDropOff_Address_706" duration-ms="2321" started-at="2021-01-30T02:19:55 PKT" finished-at="2021-01-30T02:19:57 PKT">
          <params>
            <param index="0">
              <value>
                <![CDATA[com.Infosun.AbbeySwiftCars:id/]]>
              </value>
            </param>
          </params>
          <reporter-output>
            <line>
              <![CDATA[Timeout waiting for Page Load Request to complete.]]>
            </line>
          </reporter-output>
        </test-method> <!-- Test_MyTrips_CompletedRide_with_Different_fedback_CheckDropOff_Address_706 -->
        <test-method status="PASS" signature="Test_MyTrips_CompletedRide_with_Different_fedback_Date_and_Time_707(java.lang.String)[pri:707, instance:com.InfoCabs.testcases.MyTrips_CompletedRide_with_Different_fedback_TestCases_686_710@17c1bced]" name="Test_MyTrips_CompletedRide_with_Different_fedback_Date_and_Time_707" duration-ms="2262" started-at="2021-01-30T02:19:57 PKT" finished-at="2021-01-30T02:19:59 PKT">
          <params>
            <param index="0">
              <value>
                <![CDATA[com.Infosun.AbbeySwiftCars:id/]]>
              </value>
            </param>
          </params>
          <reporter-output>
            <line>
              <![CDATA[Timeout waiting for Page Load Request to complete.]]>
            </line>
          </reporter-output>
        </test-method> <!-- Test_MyTrips_CompletedRide_with_Different_fedback_Date_and_Time_707 -->
        <test-method status="PASS" signature="Test_MyTrips_Cancelled_Ride_And_Rebook_Check_for_Cancelled_Text_and_Button_708(java.lang.String)[pri:708, instance:com.InfoCabs.testcases.MyTrips_CompletedRide_with_Different_fedback_TestCases_686_710@17c1bced]" name="Test_MyTrips_Cancelled_Ride_And_Rebook_Check_for_Cancelled_Text_and_Button_708" duration-ms="2298" started-at="2021-01-30T02:19:59 PKT" finished-at="2021-01-30T02:20:01 PKT">
          <params>
            <param index="0">
              <value>
                <![CDATA[com.Infosun.AbbeySwiftCars:id/]]>
              </value>
            </param>
          </params>
          <reporter-output>
            <line>
              <![CDATA[Timeout waiting for Page Load Request to complete.]]>
            </line>
          </reporter-output>
        </test-method> <!-- Test_MyTrips_Cancelled_Ride_And_Rebook_Check_for_Cancelled_Text_and_Button_708 -->
        <test-method status="PASS" signature="Test_MyTrips_Cancelled_Ride_And_Rebook_Check_for_Amount_Text_and_Button_709(java.lang.String)[pri:709, instance:com.InfoCabs.testcases.MyTrips_CompletedRide_with_Different_fedback_TestCases_686_710@17c1bced]" name="Test_MyTrips_Cancelled_Ride_And_Rebook_Check_for_Amount_Text_and_Button_709" duration-ms="2245" started-at="2021-01-30T02:20:01 PKT" finished-at="2021-01-30T02:20:04 PKT">
          <params>
            <param index="0">
              <value>
                <![CDATA[com.Infosun.AbbeySwiftCars:id/]]>
              </value>
            </param>
          </params>
          <reporter-output>
            <line>
              <![CDATA[Timeout waiting for Page Load Request to complete.]]>
            </line>
          </reporter-output>
        </test-method> <!-- Test_MyTrips_Cancelled_Ride_And_Rebook_Check_for_Amount_Text_and_Button_709 -->
        <test-method status="PASS" signature="Test_MyTrips_Cancelled_Ride_And_Rebook_ClickOn_Price_Button_710(java.lang.String, java.lang.String)[pri:710, instance:com.InfoCabs.testcases.MyTrips_CompletedRide_with_Different_fedback_TestCases_686_710@17c1bced]" name="Test_MyTrips_Cancelled_Ride_And_Rebook_ClickOn_Price_Button_710" duration-ms="9551" started-at="2021-01-30T02:20:04 PKT" finished-at="2021-01-30T02:20:13 PKT">
          <params>
            <param index="0">
              <value>
                <![CDATA[com.Infosun.AbbeySwiftCars:id/]]>
              </value>
            </param>
            <param index="1">
              <value>
                <![CDATA[21 Newsome Road, Huddersfield, UK]]>
              </value>
            </param>
          </params>
          <reporter-output>
            <line>
              <![CDATA[Timeout waiting for Page Load Request to complete.]]>
            </line>
            <line>
              <![CDATA[Timeout waiting for Page Load Request to complete.]]>
            </line>
            <line>
              <![CDATA[Timeout waiting for Page Load Request to complete.]]>
            </line>
          </reporter-output>
        </test-method> <!-- Test_MyTrips_Cancelled_Ride_And_Rebook_ClickOn_Price_Button_710 -->
      </class> <!-- com.InfoCabs.testcases.MyTrips_CompletedRide_with_Different_fedback_TestCases_686_710 -->
      <class name="com.InfoCabs.testcases.Completed_trip_Details_TestCases_711_724">
        <test-method status="PASS" signature="Test_Completed_trip_Details_BackArrow_711(java.lang.String)[pri:711, instance:com.InfoCabs.testcases.Completed_trip_Details_TestCases_711_724@2d9d4f9d]" name="Test_Completed_trip_Details_BackArrow_711" duration-ms="2580" started-at="2021-01-30T02:20:13 PKT" finished-at="2021-01-30T02:20:16 PKT">
          <params>
            <param index="0">
              <value>
                <![CDATA[com.Infosun.AbbeySwiftCars:id/]]>
              </value>
            </param>
          </params>
          <reporter-output>
            <line>
              <![CDATA[Timeout waiting for Page Load Request to complete.]]>
            </line>
          </reporter-output>
        </test-method> <!-- Test_Completed_trip_Details_BackArrow_711 -->
        <test-method status="PASS" signature="Test_Completed_trip_Details_Trip_Details_Text_712(java.lang.String)[pri:712, instance:com.InfoCabs.testcases.Completed_trip_Details_TestCases_711_724@2d9d4f9d]" name="Test_Completed_trip_Details_Trip_Details_Text_712" duration-ms="2120" started-at="2021-01-30T02:20:16 PKT" finished-at="2021-01-30T02:20:18 PKT">
          <params>
            <param index="0">
              <value>
                <![CDATA[com.Infosun.AbbeySwiftCars:id/]]>
              </value>
            </param>
          </params>
          <reporter-output>
            <line>
              <![CDATA[Timeout waiting for Page Load Request to complete.]]>
            </line>
          </reporter-output>
        </test-method> <!-- Test_Completed_trip_Details_Trip_Details_Text_712 -->
        <test-method status="PASS" signature="Test_Completed_trip_Details_Your_Ride_with_Driver_713(java.lang.String)[pri:713, instance:com.InfoCabs.testcases.Completed_trip_Details_TestCases_711_724@2d9d4f9d]" name="Test_Completed_trip_Details_Your_Ride_with_Driver_713" duration-ms="2255" started-at="2021-01-30T02:20:18 PKT" finished-at="2021-01-30T02:20:20 PKT">
          <params>
            <param index="0">
              <value>
                <![CDATA[com.Infosun.AbbeySwiftCars:id/]]>
              </value>
            </param>
          </params>
          <reporter-output>
            <line>
              <![CDATA[Timeout waiting for Page Load Request to complete.]]>
            </line>
          </reporter-output>
        </test-method> <!-- Test_Completed_trip_Details_Your_Ride_with_Driver_713 -->
        <test-method status="PASS" signature="Test_Completed_trip_Details_Start_Address_714(java.lang.String)[pri:714, instance:com.InfoCabs.testcases.Completed_trip_Details_TestCases_711_724@2d9d4f9d]" name="Test_Completed_trip_Details_Start_Address_714" duration-ms="2269" started-at="2021-01-30T02:20:20 PKT" finished-at="2021-01-30T02:20:22 PKT">
          <params>
            <param index="0">
              <value>
                <![CDATA[com.Infosun.AbbeySwiftCars:id/]]>
              </value>
            </param>
          </params>
          <reporter-output>
            <line>
              <![CDATA[Timeout waiting for Page Load Request to complete.]]>
            </line>
          </reporter-output>
        </test-method> <!-- Test_Completed_trip_Details_Start_Address_714 -->
        <test-method status="PASS" signature="Test_Completed_trip_Details_End_Address_715(java.lang.String)[pri:715, instance:com.InfoCabs.testcases.Completed_trip_Details_TestCases_711_724@2d9d4f9d]" name="Test_Completed_trip_Details_End_Address_715" duration-ms="2246" started-at="2021-01-30T02:20:22 PKT" finished-at="2021-01-30T02:20:25 PKT">
          <params>
            <param index="0">
              <value>
                <![CDATA[com.Infosun.AbbeySwiftCars:id/]]>
              </value>
            </param>
          </params>
          <reporter-output>
            <line>
              <![CDATA[Timeout waiting for Page Load Request to complete.]]>
            </line>
          </reporter-output>
        </test-method> <!-- Test_Completed_trip_Details_End_Address_715 -->
        <test-method status="PASS" signature="Test_Completed_trip_Details_DriverName_716(java.lang.String)[pri:716, instance:com.InfoCabs.testcases.Completed_trip_Details_TestCases_711_724@2d9d4f9d]" name="Test_Completed_trip_Details_DriverName_716" duration-ms="2256" started-at="2021-01-30T02:20:25 PKT" finished-at="2021-01-30T02:20:27 PKT">
          <params>
            <param index="0">
              <value>
                <![CDATA[com.Infosun.AbbeySwiftCars:id/]]>
              </value>
            </param>
          </params>
          <reporter-output>
            <line>
              <![CDATA[Timeout waiting for Page Load Request to complete.]]>
            </line>
          </reporter-output>
        </test-method> <!-- Test_Completed_trip_Details_DriverName_716 -->
        <test-method status="PASS" signature="Test_Completed_trip_Details_CarNumber_717(java.lang.String)[pri:717, instance:com.InfoCabs.testcases.Completed_trip_Details_TestCases_711_724@2d9d4f9d]" name="Test_Completed_trip_Details_CarNumber_717" duration-ms="2254" started-at="2021-01-30T02:20:27 PKT" finished-at="2021-01-30T02:20:29 PKT">
          <params>
            <param index="0">
              <value>
                <![CDATA[com.Infosun.AbbeySwiftCars:id/]]>
              </value>
            </param>
          </params>
          <reporter-output>
            <line>
              <![CDATA[Timeout waiting for Page Load Request to complete.]]>
            </line>
          </reporter-output>
        </test-method> <!-- Test_Completed_trip_Details_CarNumber_717 -->
        <test-method status="PASS" signature="Test_Completed_trip_Details_CarRating_718(java.lang.String)[pri:718, instance:com.InfoCabs.testcases.Completed_trip_Details_TestCases_711_724@2d9d4f9d]" name="Test_Completed_trip_Details_CarRating_718" duration-ms="2250" started-at="2021-01-30T02:20:29 PKT" finished-at="2021-01-30T02:20:32 PKT">
          <params>
            <param index="0">
              <value>
                <![CDATA[com.Infosun.AbbeySwiftCars:id/]]>
              </value>
            </param>
          </params>
          <reporter-output>
            <line>
              <![CDATA[Timeout waiting for Page Load Request to complete.]]>
            </line>
          </reporter-output>
        </test-method> <!-- Test_Completed_trip_Details_CarRating_718 -->
        <test-method status="PASS" signature="Test_Completed_trip_Details_TV_Help_Text_719(java.lang.String)[pri:719, instance:com.InfoCabs.testcases.Completed_trip_Details_TestCases_711_724@2d9d4f9d]" name="Test_Completed_trip_Details_TV_Help_Text_719" duration-ms="2129" started-at="2021-01-30T02:20:32 PKT" finished-at="2021-01-30T02:20:34 PKT">
          <params>
            <param index="0">
              <value>
                <![CDATA[com.Infosun.AbbeySwiftCars:id/]]>
              </value>
            </param>
          </params>
          <reporter-output>
            <line>
              <![CDATA[Timeout waiting for Page Load Request to complete.]]>
            </line>
          </reporter-output>
        </test-method> <!-- Test_Completed_trip_Details_TV_Help_Text_719 -->
        <test-method status="PASS" signature="Test_Completed_trip_Details_ReBookButton_ButtonAndText_720(java.lang.String)[pri:720, instance:com.InfoCabs.testcases.Completed_trip_Details_TestCases_711_724@2d9d4f9d]" name="Test_Completed_trip_Details_ReBookButton_ButtonAndText_720" duration-ms="4330" started-at="2021-01-30T02:20:34 PKT" finished-at="2021-01-30T02:20:38 PKT">
          <params>
            <param index="0">
              <value>
                <![CDATA[com.Infosun.AbbeySwiftCars:id/]]>
              </value>
            </param>
          </params>
          <reporter-output>
            <line>
              <![CDATA[Timeout waiting for Page Load Request to complete.]]>
            </line>
            <line>
              <![CDATA[Timeout waiting for Page Load Request to complete.]]>
            </line>
          </reporter-output>
        </test-method> <!-- Test_Completed_trip_Details_ReBookButton_ButtonAndText_720 -->
        <test-method status="PASS" signature="Test_Completed_trip_Details_ClickOnBookNow_Button_Cab_721(java.lang.String, java.lang.String)[pri:721, instance:com.InfoCabs.testcases.Completed_trip_Details_TestCases_711_724@2d9d4f9d]" name="Test_Completed_trip_Details_ClickOnBookNow_Button_Cab_721" duration-ms="9496" started-at="2021-01-30T02:20:38 PKT" finished-at="2021-01-30T02:20:47 PKT">
          <params>
            <param index="0">
              <value>
                <![CDATA[com.Infosun.AbbeySwiftCars:id/]]>
              </value>
            </param>
            <param index="1">
              <value>
                <![CDATA[21 Newsome Road, Huddersfield, UK]]>
              </value>
            </param>
          </params>
          <reporter-output>
            <line>
              <![CDATA[Timeout waiting for Page Load Request to complete.]]>
            </line>
            <line>
              <![CDATA[Timeout waiting for Page Load Request to complete.]]>
            </line>
            <line>
              <![CDATA[Timeout waiting for Page Load Request to complete.]]>
            </line>
          </reporter-output>
        </test-method> <!-- Test_Completed_trip_Details_ClickOnBookNow_Button_Cab_721 -->
        <test-method status="PASS" signature="TestCompleted_trip_Details_Select_CeditCard_FromDrop_722(java.lang.String, java.lang.String)[pri:722, instance:com.InfoCabs.testcases.Completed_trip_Details_TestCases_711_724@2d9d4f9d]" name="TestCompleted_trip_Details_Select_CeditCard_FromDrop_722" duration-ms="8337" started-at="2021-01-30T02:20:47 PKT" finished-at="2021-01-30T02:20:56 PKT">
          <params>
            <param index="0">
              <value>
                <![CDATA[com.Infosun.AbbeySwiftCars:id/]]>
              </value>
            </param>
            <param index="1">
              <value>
                <![CDATA[android.widget.RelativeLayout]]>
              </value>
            </param>
          </params>
          <reporter-output>
            <line>
              <![CDATA[Timeout waiting for Page Load Request to complete.]]>
            </line>
          </reporter-output>
        </test-method> <!-- TestCompleted_trip_Details_Select_CeditCard_FromDrop_722 -->
        <test-method status="PASS" signature="Test_Completed_trip_Details_ClickOnBookConfirmButton_723(java.lang.String, java.lang.String)[pri:723, instance:com.InfoCabs.testcases.Completed_trip_Details_TestCases_711_724@2d9d4f9d]" name="Test_Completed_trip_Details_ClickOnBookConfirmButton_723" duration-ms="9888" started-at="2021-01-30T02:20:56 PKT" finished-at="2021-01-30T02:21:06 PKT">
          <params>
            <param index="0">
              <value>
                <![CDATA[com.Infosun.AbbeySwiftCars:id/]]>
              </value>
            </param>
            <param index="1">
              <value>
                <![CDATA[21 Newsome Road, Huddersfield, UK]]>
              </value>
            </param>
          </params>
          <reporter-output>
            <line>
              <![CDATA[Timeout waiting for Page Load Request to complete.]]>
            </line>
            <line>
              <![CDATA[Timeout waiting for Page Load Request to complete.]]>
            </line>
            <line>
              <![CDATA[Timeout waiting for Page Load Request to complete.]]>
            </line>
          </reporter-output>
        </test-method> <!-- Test_Completed_trip_Details_ClickOnBookConfirmButton_723 -->
        <test-method status="PASS" signature="Test_Completed_trip_Details_CancleRide_Button_Text_arePresent_724(java.lang.String)[pri:724, instance:com.InfoCabs.testcases.Completed_trip_Details_TestCases_711_724@2d9d4f9d]" name="Test_Completed_trip_Details_CancleRide_Button_Text_arePresent_724" duration-ms="3304" started-at="2021-01-30T02:21:06 PKT" finished-at="2021-01-30T02:21:09 PKT">
          <params>
            <param index="0">
              <value>
                <![CDATA[com.Infosun.AbbeySwiftCars:id/]]>
              </value>
            </param>
          </params>
          <reporter-output>
            <line>
              <![CDATA[Timeout waiting for Page Load Request to complete.]]>
            </line>
          </reporter-output>
        </test-method> <!-- Test_Completed_trip_Details_CancleRide_Button_Text_arePresent_724 -->
      </class> <!-- com.InfoCabs.testcases.Completed_trip_Details_TestCases_711_724 -->
      <class name="com.InfoCabs.testcases.Check_Remeber_Feature_TestCases_754_768">
        <test-method status="PASS" signature="Test_Check_Remeber_Featur_Allow_user_to_LoginWith_valid_credential_754(java.lang.String, java.lang.String, java.lang.String)[pri:754, instance:com.InfoCabs.testcases.Check_Remeber_Feature_TestCases_754_768@e50a6f6]" name="Test_Check_Remeber_Featur_Allow_user_to_LoginWith_valid_credential_754" duration-ms="15149" started-at="2021-01-30T02:21:41 PKT" finished-at="2021-01-30T02:21:56 PKT">
          <params>
            <param index="0">
              <value>
                <![CDATA[00923358391478]]>
              </value>
            </param>
            <param index="1">
              <value>
                <![CDATA[12345678]]>
              </value>
            </param>
            <param index="2">
              <value>
                <![CDATA[com.Infosun.AbbeySwiftCars:id/]]>
              </value>
            </param>
          </params>
          <reporter-output>
            <line>
              <![CDATA[Timeout waiting for Page Load Request to complete.]]>
            </line>
            <line>
              <![CDATA[Timeout waiting for Page Load Request to complete.]]>
            </line>
          </reporter-output>
        </test-method> <!-- Test_Check_Remeber_Featur_Allow_user_to_LoginWith_valid_credential_754 -->
        <test-method status="FAIL" signature="Test_Check_Remeber_Featur_User_Logout_from_Application_755(java.lang.String, java.lang.String)[pri:755, instance:com.InfoCabs.testcases.Check_Remeber_Feature_TestCases_754_768@e50a6f6]" name="Test_Check_Remeber_Featur_User_Logout_from_Application_755" duration-ms="14005" started-at="2021-01-30T02:21:56 PKT" finished-at="2021-01-30T02:22:10 PKT">
          <params>
            <param index="0">
              <value>
                <![CDATA[com.Infosun.AbbeySwiftCars:id/]]>
              </value>
            </param>
            <param index="1">
              <value>
                <![CDATA[//android.widget.CheckedTextView]]>
              </value>
            </param>
          </params>
          <exception class="org.openqa.selenium.StaleElementReferenceException">
            <message>
              <![CDATA[The element 'By.id: com.Infosun.AbbeySwiftCars:id/btn_menu' does not exist in DOM anymore
For documentation on this error, please visit: https://www.seleniumhq.org/exceptions/stale_element_reference.html
Build info: version: '3.141.59', revision: 'e82be7d358', time: '2018-11-14T08:17:03'
System info: host: 'DESKTOP-CSMSJ8J', ip: '192.168.0.199', os.name: 'Windows 10', os.arch: 'amd64', os.version: '10.0', java.version: '1.8.0_261'
Driver info: io.appium.java_client.android.AndroidDriver
Capabilities {app: C:\Users\92336\git\InfoCabs..., appActivity: com.infosun.csandroidx.acti..., appPackage: com.Infosun.AbbeySwiftCars, autoAcceptAlerts: true, autoGrantPermissions: true, databaseEnabled: false, desired: {app: C:\Users\92336\git\InfoCabs..., appActivity: com.infosun.csandroidx.acti..., appPackage: com.Infosun.AbbeySwiftCars, autoAcceptAlerts: true, autoGrantPermissions: true, deviceName: Galaxy J7 Pro, newCommandTimeout: 60, platformName: android, platformVersion: 7, resetKeyboard: false, udid: 52006c45b4f164dd, unicodeKeyboard: false}, deviceApiLevel: 24, deviceManufacturer: samsung, deviceModel: SM-J730F, deviceName: 52006c45b4f164dd, deviceScreenDensity: 420, deviceScreenSize: 1080x1920, deviceUDID: 52006c45b4f164dd, javascriptEnabled: true, locationContextEnabled: false, networkConnectionEnabled: true, newCommandTimeout: 60, pixelRatio: 2.625, platform: LINUX, platformName: Android, platformVersion: 7.0, resetKeyboard: false, statBarHeight: 63, takesScreenshot: true, udid: 52006c45b4f164dd, unicodeKeyboard: false, viewportRect: {height: 1857, left: 0, top: 63, width: 1080}, warnings: {}, webStorageEnabled: false}
Session ID: 92fb44d0-ba04-46aa-9652-3437e62c7e1b]]>
            </message>
            <full-stacktrace>
              <![CDATA[org.openqa.selenium.StaleElementReferenceException: The element 'By.id: com.Infosun.AbbeySwiftCars:id/btn_menu' does not exist in DOM anymore
For documentation on this error, please visit: https://www.seleniumhq.org/exceptions/stale_element_reference.html
Build info: version: '3.141.59', revision: 'e82be7d358', time: '2018-11-14T08:17:03'
System info: host: 'DESKTOP-CSMSJ8J', ip: '192.168.0.199', os.name: 'Windows 10', os.arch: 'amd64', os.version: '10.0', java.version: '1.8.0_261'
Driver info: io.appium.java_client.android.AndroidDriver
Capabilities {app: C:\Users\92336\git\InfoCabs..., appActivity: com.infosun.csandroidx.acti..., appPackage: com.Infosun.AbbeySwiftCars, autoAcceptAlerts: true, autoGrantPermissions: true, databaseEnabled: false, desired: {app: C:\Users\92336\git\InfoCabs..., appActivity: com.infosun.csandroidx.acti..., appPackage: com.Infosun.AbbeySwiftCars, autoAcceptAlerts: true, autoGrantPermissions: true, deviceName: Galaxy J7 Pro, newCommandTimeout: 60, platformName: android, platformVersion: 7, resetKeyboard: false, udid: 52006c45b4f164dd, unicodeKeyboard: false}, deviceApiLevel: 24, deviceManufacturer: samsung, deviceModel: SM-J730F, deviceName: 52006c45b4f164dd, deviceScreenDensity: 420, deviceScreenSize: 1080x1920, deviceUDID: 52006c45b4f164dd, javascriptEnabled: true, locationContextEnabled: false, networkConnectionEnabled: true, newCommandTimeout: 60, pixelRatio: 2.625, platform: LINUX, platformName: Android, platformVersion: 7.0, resetKeyboard: false, statBarHeight: 63, takesScreenshot: true, udid: 52006c45b4f164dd, unicodeKeyboard: false, viewportRect: {height: 1857, left: 0, top: 63, width: 1080}, warnings: {}, webStorageEnabled: false}
Session ID: 92fb44d0-ba04-46aa-9652-3437e62c7e1b
at sun.reflect.NativeConstructorAccessorImpl.newInstance0(Native Method)
at sun.reflect.NativeConstructorAccessorImpl.newInstance(NativeConstructorAccessorImpl.java:62)
at sun.reflect.DelegatingConstructorAccessorImpl.newInstance(DelegatingConstructorAccessorImpl.java:45)
at java.lang.reflect.Constructor.newInstance(Constructor.java:423)
at org.openqa.selenium.remote.http.W3CHttpResponseCodec.createException(W3CHttpResponseCodec.java:187)
at org.openqa.selenium.remote.http.W3CHttpResponseCodec.decode(W3CHttpResponseCodec.java:122)
at org.openqa.selenium.remote.http.W3CHttpResponseCodec.decode(W3CHttpResponseCodec.java:49)
at org.openqa.selenium.remote.HttpCommandExecutor.execute(HttpCommandExecutor.java:158)
at io.appium.java_client.remote.AppiumCommandExecutor.execute(AppiumCommandExecutor.java:239)
at org.openqa.selenium.remote.RemoteWebDriver.execute(RemoteWebDriver.java:552)
at io.appium.java_client.DefaultGenericMobileDriver.execute(DefaultGenericMobileDriver.java:41)
at io.appium.java_client.AppiumDriver.execute(AppiumDriver.java:1)
at io.appium.java_client.android.AndroidDriver.execute(AndroidDriver.java:1)
at org.openqa.selenium.remote.RemoteWebElement.execute(RemoteWebElement.java:285)
at io.appium.java_client.DefaultGenericMobileElement.execute(DefaultGenericMobileElement.java:45)
at io.appium.java_client.MobileElement.execute(MobileElement.java:1)
at io.appium.java_client.android.AndroidElement.execute(AndroidElement.java:1)
at org.openqa.selenium.remote.RemoteWebElement.isDisplayed(RemoteWebElement.java:326)
at org.openqa.selenium.support.ui.ExpectedConditions.elementIfVisible(ExpectedConditions.java:314)
at org.openqa.selenium.support.ui.ExpectedConditions.access$000(ExpectedConditions.java:43)
at org.openqa.selenium.support.ui.ExpectedConditions$10.apply(ExpectedConditions.java:300)
at org.openqa.selenium.support.ui.ExpectedConditions$10.apply(ExpectedConditions.java:297)
at org.openqa.selenium.support.ui.ExpectedConditions$23.apply(ExpectedConditions.java:670)
at org.openqa.selenium.support.ui.ExpectedConditions$23.apply(ExpectedConditions.java:666)
at org.openqa.selenium.support.ui.FluentWait.until(FluentWait.java:249)
at com.InfoCabs.common.HelperMethods.waitForElementToBeClickable(HelperMethods.java:68)
at com.InfoCabs.testcases.Check_Remeber_Feature_TestCases_754_768.Test_Check_Remeber_Featur_User_Logout_from_Application_755(Check_Remeber_Feature_TestCases_754_768.java:63)
at sun.reflect.NativeMethodAccessorImpl.invoke0(Native Method)
at sun.reflect.NativeMethodAccessorImpl.invoke(NativeMethodAccessorImpl.java:62)
at sun.reflect.DelegatingMethodAccessorImpl.invoke(DelegatingMethodAccessorImpl.java:43)
at java.lang.reflect.Method.invoke(Method.java:498)
at org.testng.internal.MethodInvocationHelper.invokeMethod(MethodInvocationHelper.java:133)
at org.testng.internal.TestInvoker.invokeMethod(TestInvoker.java:584)
at org.testng.internal.TestInvoker.invokeTestMethod(TestInvoker.java:172)
at org.testng.internal.MethodRunner.runInSequence(MethodRunner.java:46)
at org.testng.internal.TestInvoker$MethodInvocationAgent.invoke(TestInvoker.java:804)
at org.testng.internal.TestInvoker.invokeTestMethods(TestInvoker.java:145)
at org.testng.internal.TestMethodWorker.invokeTestMethods(TestMethodWorker.java:146)
at org.testng.internal.TestMethodWorker.run(TestMethodWorker.java:128)
at java.util.ArrayList.forEach(ArrayList.java:1259)
at org.testng.TestRunner.privateRun(TestRunner.java:770)
at org.testng.TestRunner.run(TestRunner.java:591)
at org.testng.SuiteRunner.runTest(SuiteRunner.java:402)
at org.testng.SuiteRunner.runSequentially(SuiteRunner.java:396)
at org.testng.SuiteRunner.privateRun(SuiteRunner.java:355)
at org.testng.SuiteRunner.run(SuiteRunner.java:304)
at org.testng.SuiteRunnerWorker.runSuite(SuiteRunnerWorker.java:53)
at org.testng.SuiteRunnerWorker.run(SuiteRunnerWorker.java:96)
at org.testng.TestNG.runSuitesSequentially(TestNG.java:1180)
at org.testng.TestNG.runSuitesLocally(TestNG.java:1102)
at org.testng.TestNG.runSuites(TestNG.java:1032)
at org.testng.TestNG.run(TestNG.java:1000)
at org.testng.remote.AbstractRemoteTestNG.run(AbstractRemoteTestNG.java:115)
at org.testng.remote.RemoteTestNG.initAndRun(RemoteTestNG.java:251)
at org.testng.remote.RemoteTestNG.main(RemoteTestNG.java:77)
]]>
            </full-stacktrace>
          </exception> <!-- org.openqa.selenium.StaleElementReferenceException -->
          <reporter-output>
            <line>
              <![CDATA[Timeout waiting for Page Load Request to complete.]]>
            </line>
          </reporter-output>
        </test-method> <!-- Test_Check_Remeber_Featur_User_Logout_from_Application_755 -->
        <test-method status="FAIL" signature="Test_Check_Remeber_Featur_ForgotPhone_Number_Text_756(java.lang.String, java.lang.String)[pri:756, instance:com.InfoCabs.testcases.Check_Remeber_Feature_TestCases_754_768@e50a6f6]" name="Test_Check_Remeber_Featur_ForgotPhone_Number_Text_756" duration-ms="65532" started-at="2021-01-30T02:22:10 PKT" finished-at="2021-01-30T02:23:16 PKT">
          <params>
            <param index="0">
              <value>
                <![CDATA[com.Infosun.AbbeySwiftCars:id/]]>
              </value>
            </param>
            <param index="1">
              <value>
                <![CDATA[00923358391478]]>
              </value>
            </param>
          </params>
          <exception class="org.openqa.selenium.NoSuchElementException">
            <message>
              <![CDATA[An element could not be located on the page using the given search parameters.
For documentation on this error, please visit: https://www.seleniumhq.org/exceptions/no_such_element.html
Build info: version: '3.141.59', revision: 'e82be7d358', time: '2018-11-14T08:17:03'
System info: host: 'DESKTOP-CSMSJ8J', ip: '192.168.0.199', os.name: 'Windows 10', os.arch: 'amd64', os.version: '10.0', java.version: '1.8.0_261'
Driver info: io.appium.java_client.android.AndroidDriver
Capabilities {app: C:\Users\92336\git\InfoCabs..., appActivity: com.infosun.csandroidx.acti..., appPackage: com.Infosun.AbbeySwiftCars, autoAcceptAlerts: true, autoGrantPermissions: true, databaseEnabled: false, desired: {app: C:\Users\92336\git\InfoCabs..., appActivity: com.infosun.csandroidx.acti..., appPackage: com.Infosun.AbbeySwiftCars, autoAcceptAlerts: true, autoGrantPermissions: true, deviceName: Galaxy J7 Pro, newCommandTimeout: 60, platformName: android, platformVersion: 7, resetKeyboard: false, udid: 52006c45b4f164dd, unicodeKeyboard: false}, deviceApiLevel: 24, deviceManufacturer: samsung, deviceModel: SM-J730F, deviceName: 52006c45b4f164dd, deviceScreenDensity: 420, deviceScreenSize: 1080x1920, deviceUDID: 52006c45b4f164dd, javascriptEnabled: true, locationContextEnabled: false, networkConnectionEnabled: true, newCommandTimeout: 60, pixelRatio: 2.625, platform: LINUX, platformName: Android, platformVersion: 7.0, resetKeyboard: false, statBarHeight: 63, takesScreenshot: true, udid: 52006c45b4f164dd, unicodeKeyboard: false, viewportRect: {height: 1857, left: 0, top: 63, width: 1080}, warnings: {}, webStorageEnabled: false}
Session ID: 92fb44d0-ba04-46aa-9652-3437e62c7e1b
*** Element info: {Using=id, value=com.Infosun.AbbeySwiftCars:id/et_phone}]]>
            </message>
            <full-stacktrace>
              <![CDATA[org.openqa.selenium.NoSuchElementException: An element could not be located on the page using the given search parameters.
For documentation on this error, please visit: https://www.seleniumhq.org/exceptions/no_such_element.html
Build info: version: '3.141.59', revision: 'e82be7d358', time: '2018-11-14T08:17:03'
System info: host: 'DESKTOP-CSMSJ8J', ip: '192.168.0.199', os.name: 'Windows 10', os.arch: 'amd64', os.version: '10.0', java.version: '1.8.0_261'
Driver info: io.appium.java_client.android.AndroidDriver
Capabilities {app: C:\Users\92336\git\InfoCabs..., appActivity: com.infosun.csandroidx.acti..., appPackage: com.Infosun.AbbeySwiftCars, autoAcceptAlerts: true, autoGrantPermissions: true, databaseEnabled: false, desired: {app: C:\Users\92336\git\InfoCabs..., appActivity: com.infosun.csandroidx.acti..., appPackage: com.Infosun.AbbeySwiftCars, autoAcceptAlerts: true, autoGrantPermissions: true, deviceName: Galaxy J7 Pro, newCommandTimeout: 60, platformName: android, platformVersion: 7, resetKeyboard: false, udid: 52006c45b4f164dd, unicodeKeyboard: false}, deviceApiLevel: 24, deviceManufacturer: samsung, deviceModel: SM-J730F, deviceName: 52006c45b4f164dd, deviceScreenDensity: 420, deviceScreenSize: 1080x1920, deviceUDID: 52006c45b4f164dd, javascriptEnabled: true, locationContextEnabled: false, networkConnectionEnabled: true, newCommandTimeout: 60, pixelRatio: 2.625, platform: LINUX, platformName: Android, platformVersion: 7.0, resetKeyboard: false, statBarHeight: 63, takesScreenshot: true, udid: 52006c45b4f164dd, unicodeKeyboard: false, viewportRect: {height: 1857, left: 0, top: 63, width: 1080}, warnings: {}, webStorageEnabled: false}
Session ID: 92fb44d0-ba04-46aa-9652-3437e62c7e1b
*** Element info: {Using=id, value=com.Infosun.AbbeySwiftCars:id/et_phone}
at sun.reflect.NativeConstructorAccessorImpl.newInstance0(Native Method)
at sun.reflect.NativeConstructorAccessorImpl.newInstance(NativeConstructorAccessorImpl.java:62)
at sun.reflect.DelegatingConstructorAccessorImpl.newInstance(DelegatingConstructorAccessorImpl.java:45)
at java.lang.reflect.Constructor.newInstance(Constructor.java:423)
at org.openqa.selenium.remote.http.W3CHttpResponseCodec.createException(W3CHttpResponseCodec.java:187)
at org.openqa.selenium.remote.http.W3CHttpResponseCodec.decode(W3CHttpResponseCodec.java:122)
at org.openqa.selenium.remote.http.W3CHttpResponseCodec.decode(W3CHttpResponseCodec.java:49)
at org.openqa.selenium.remote.HttpCommandExecutor.execute(HttpCommandExecutor.java:158)
at io.appium.java_client.remote.AppiumCommandExecutor.execute(AppiumCommandExecutor.java:239)
at org.openqa.selenium.remote.RemoteWebDriver.execute(RemoteWebDriver.java:552)
at io.appium.java_client.DefaultGenericMobileDriver.execute(DefaultGenericMobileDriver.java:41)
at io.appium.java_client.AppiumDriver.execute(AppiumDriver.java:1)
at io.appium.java_client.android.AndroidDriver.execute(AndroidDriver.java:1)
at org.openqa.selenium.remote.RemoteWebDriver.findElement(RemoteWebDriver.java:323)
at io.appium.java_client.DefaultGenericMobileDriver.findElement(DefaultGenericMobileDriver.java:61)
at io.appium.java_client.AppiumDriver.findElement(AppiumDriver.java:1)
at io.appium.java_client.android.AndroidDriver.findElement(AndroidDriver.java:1)
at org.openqa.selenium.remote.RemoteWebDriver.findElementById(RemoteWebDriver.java:372)
at io.appium.java_client.DefaultGenericMobileDriver.findElementById(DefaultGenericMobileDriver.java:69)
at io.appium.java_client.AppiumDriver.findElementById(AppiumDriver.java:1)
at io.appium.java_client.android.AndroidDriver.findElementById(AndroidDriver.java:1)
at org.openqa.selenium.By$ById.findElement(By.java:188)
at org.openqa.selenium.remote.RemoteWebDriver.findElement(RemoteWebDriver.java:315)
at io.appium.java_client.DefaultGenericMobileDriver.findElement(DefaultGenericMobileDriver.java:57)
at io.appium.java_client.AppiumDriver.findElement(AppiumDriver.java:1)
at io.appium.java_client.android.AndroidDriver.findElement(AndroidDriver.java:1)
at com.InfoCabs.testcases.Check_Remeber_Feature_TestCases_754_768.Test_Check_Remeber_Featur_ForgotPhone_Number_Text_756(Check_Remeber_Feature_TestCases_754_768.java:96)
at sun.reflect.NativeMethodAccessorImpl.invoke0(Native Method)
at sun.reflect.NativeMethodAccessorImpl.invoke(NativeMethodAccessorImpl.java:62)
at sun.reflect.DelegatingMethodAccessorImpl.invoke(DelegatingMethodAccessorImpl.java:43)
at java.lang.reflect.Method.invoke(Method.java:498)
at org.testng.internal.MethodInvocationHelper.invokeMethod(MethodInvocationHelper.java:133)
at org.testng.internal.TestInvoker.invokeMethod(TestInvoker.java:584)
at org.testng.internal.TestInvoker.invokeTestMethod(TestInvoker.java:172)
at org.testng.internal.MethodRunner.runInSequence(MethodRunner.java:46)
at org.testng.internal.TestInvoker$MethodInvocationAgent.invoke(TestInvoker.java:804)
at org.testng.internal.TestInvoker.invokeTestMethods(TestInvoker.java:145)
at org.testng.internal.TestMethodWorker.invokeTestMethods(TestMethodWorker.java:146)
at org.testng.internal.TestMethodWorker.run(TestMethodWorker.java:128)
at java.util.ArrayList.forEach(ArrayList.java:1259)
at org.testng.TestRunner.privateRun(TestRunner.java:770)
at org.testng.TestRunner.run(TestRunner.java:591)
at org.testng.SuiteRunner.runTest(SuiteRunner.java:402)
at org.testng.SuiteRunner.runSequentially(SuiteRunner.java:396)
at org.testng.SuiteRunner.privateRun(SuiteRunner.java:355)
at org.testng.SuiteRunner.run(SuiteRunner.java:304)
at org.testng.SuiteRunnerWorker.runSuite(SuiteRunnerWorker.java:53)
at org.testng.SuiteRunnerWorker.run(SuiteRunnerWorker.java:96)
at org.testng.TestNG.runSuitesSequentially(TestNG.java:1180)
at org.testng.TestNG.runSuitesLocally(TestNG.java:1102)
at org.testng.TestNG.runSuites(TestNG.java:1032)
at org.testng.TestNG.run(TestNG.java:1000)
at org.testng.remote.AbstractRemoteTestNG.run(AbstractRemoteTestNG.java:115)
at org.testng.remote.RemoteTestNG.initAndRun(RemoteTestNG.java:251)
at org.testng.remote.RemoteTestNG.main(RemoteTestNG.java:77)
]]>
            </full-stacktrace>
          </exception> <!-- org.openqa.selenium.NoSuchElementException -->
          <reporter-output>
            <line>
              <![CDATA[Timeout waiting for Page Load Request to complete.]]>
            </line>
          </reporter-output>
        </test-method> <!-- Test_Check_Remeber_Featur_ForgotPhone_Number_Text_756 -->
        <test-method status="PASS" signature="Test_Check_Remeber_Featur_ForgotPhone_Number_Text_757(java.lang.String, java.lang.String)[pri:757, instance:com.InfoCabs.testcases.Check_Remeber_Feature_TestCases_754_768@e50a6f6]" name="Test_Check_Remeber_Featur_ForgotPhone_Number_Text_757" duration-ms="43402" started-at="2021-01-30T02:23:16 PKT" finished-at="2021-01-30T02:24:00 PKT">
          <params>
            <param index="0">
              <value>
                <![CDATA[com.Infosun.AbbeySwiftCars:id/]]>
              </value>
            </param>
            <param index="1">
              <value>
                <![CDATA[12345678]]>
              </value>
            </param>
          </params>
          <reporter-output>
          </reporter-output>
        </test-method> <!-- Test_Check_Remeber_Featur_ForgotPhone_Number_Text_757 -->
        <test-method status="PASS" signature="Test_Check_Remeber_Featur_Allow_user_to_LoginWith_valid_credential_Loginagain_758(java.lang.String, java.lang.String, java.lang.String)[pri:758, instance:com.InfoCabs.testcases.Check_Remeber_Feature_TestCases_754_768@e50a6f6]" name="Test_Check_Remeber_Featur_Allow_user_to_LoginWith_valid_credential_Loginagain_758" duration-ms="4494" started-at="2021-01-30T02:24:00 PKT" finished-at="2021-01-30T02:24:04 PKT">
          <params>
            <param index="0">
              <value>
                <![CDATA[00923358391478]]>
              </value>
            </param>
            <param index="1">
              <value>
                <![CDATA[12345678]]>
              </value>
            </param>
            <param index="2">
              <value>
                <![CDATA[com.Infosun.AbbeySwiftCars:id/]]>
              </value>
            </param>
          </params>
          <reporter-output>
            <line>
              <![CDATA[Timeout waiting for Page Load Request to complete.]]>
            </line>
          </reporter-output>
        </test-method> <!-- Test_Check_Remeber_Featur_Allow_user_to_LoginWith_valid_credential_Loginagain_758 -->
        <test-method status="PASS" signature="Test_check_Remeber_Feature_Go_Back_ChangePWD_page_759(java.lang.String, java.lang.String, java.lang.String)[pri:759, instance:com.InfoCabs.testcases.Check_Remeber_Feature_TestCases_754_768@e50a6f6]" name="Test_check_Remeber_Feature_Go_Back_ChangePWD_page_759" duration-ms="6521" started-at="2021-01-30T02:24:04 PKT" finished-at="2021-01-30T02:24:11 PKT">
          <params>
            <param index="0">
              <value>
                <![CDATA[//android.widget.CheckedTextView]]>
              </value>
            </param>
            <param index="1">
              <value>
                <![CDATA[android.widget.TextView]]>
              </value>
            </param>
            <param index="2">
              <value>
                <![CDATA[com.Infosun.AbbeySwiftCars:id/]]>
              </value>
            </param>
          </params>
          <reporter-output>
            <line>
              <![CDATA[Timeout waiting for Page Load Request to complete.]]>
            </line>
          </reporter-output>
        </test-method> <!-- Test_check_Remeber_Feature_Go_Back_ChangePWD_page_759 -->
        <test-method status="PASS" signature="Test_Check_Remeber_Feature_Change_PWD_again_to_Orignal_760(java.lang.String, java.lang.String, java.lang.String)[pri:760, instance:com.InfoCabs.testcases.Check_Remeber_Feature_TestCases_754_768@e50a6f6]" name="Test_Check_Remeber_Feature_Change_PWD_again_to_Orignal_760" duration-ms="11034" started-at="2021-01-30T02:24:11 PKT" finished-at="2021-01-30T02:24:22 PKT">
          <params>
            <param index="0">
              <value>
                <![CDATA[com.Infosun.AbbeySwiftCars:id/]]>
              </value>
            </param>
            <param index="1">
              <value>
                <![CDATA[12345677]]>
              </value>
            </param>
            <param index="2">
              <value>
                <![CDATA[12345678]]>
              </value>
            </param>
          </params>
          <reporter-output>
            <line>
              <![CDATA[Timeout waiting for Page Load Request to complete.]]>
            </line>
            <line>
              <![CDATA[Timeout waiting for Page Load Request to complete.]]>
            </line>
            <line>
              <![CDATA[Timeout waiting for Page Load Request to complete.]]>
            </line>
          </reporter-output>
        </test-method> <!-- Test_Check_Remeber_Feature_Change_PWD_again_to_Orignal_760 -->
        <test-method status="PASS" signature="Test_Check_Remeber_Feature_Check_BackButton_761(java.lang.String, java.lang.String, java.lang.String)[pri:761, instance:com.InfoCabs.testcases.Check_Remeber_Feature_TestCases_754_768@e50a6f6]" name="Test_Check_Remeber_Feature_Check_BackButton_761" duration-ms="8879" started-at="2021-01-30T02:24:22 PKT" finished-at="2021-01-30T02:24:31 PKT">
          <params>
            <param index="0">
              <value>
                <![CDATA[com.Infosun.AbbeySwiftCars:id/]]>
              </value>
            </param>
            <param index="1">
              <value>
                <![CDATA[12345677]]>
              </value>
            </param>
            <param index="2">
              <value>
                <![CDATA[12345678]]>
              </value>
            </param>
          </params>
          <reporter-output>
            <line>
              <![CDATA[Timeout waiting for Page Load Request to complete.]]>
            </line>
            <line>
              <![CDATA[Timeout waiting for Page Load Request to complete.]]>
            </line>
          </reporter-output>
        </test-method> <!-- Test_Check_Remeber_Feature_Check_BackButton_761 -->
        <test-method status="PASS" signature="Test_Check_Remeber_Feature_and_Logout_761(java.lang.String, java.lang.String)[pri:761, instance:com.InfoCabs.testcases.Check_Remeber_Feature_TestCases_754_768@e50a6f6]" name="Test_Check_Remeber_Feature_and_Logout_761" duration-ms="14499" started-at="2021-01-30T02:24:31 PKT" finished-at="2021-01-30T02:24:45 PKT">
          <params>
            <param index="0">
              <value>
                <![CDATA[com.Infosun.AbbeySwiftCars:id/]]>
              </value>
            </param>
            <param index="1">
              <value>
                <![CDATA[//android.widget.CheckedTextView]]>
              </value>
            </param>
          </params>
          <reporter-output>
            <line>
              <![CDATA[Timeout waiting for Page Load Request to complete.]]>
            </line>
            <line>
              <![CDATA[Timeout waiting for Page Load Request to complete.]]>
            </line>
            <line>
              <![CDATA[Timeout waiting for Page Load Request to complete.]]>
            </line>
            <line>
              <![CDATA[Timeout waiting for Page Load Request to complete.]]>
            </line>
          </reporter-output>
        </test-method> <!-- Test_Check_Remeber_Feature_and_Logout_761 -->
        <test-method status="PASS" signature="Test_Check_Remeber_Featur_ForgotPhone_Number_Text_and_check_ChangePwd_762(java.lang.String, java.lang.String)[pri:762, instance:com.InfoCabs.testcases.Check_Remeber_Feature_TestCases_754_768@e50a6f6]" name="Test_Check_Remeber_Featur_ForgotPhone_Number_Text_and_check_ChangePwd_762" duration-ms="725" started-at="2021-01-30T02:24:45 PKT" finished-at="2021-01-30T02:24:46 PKT">
          <params>
            <param index="0">
              <value>
                <![CDATA[com.Infosun.AbbeySwiftCars:id/]]>
              </value>
            </param>
            <param index="1">
              <value>
                <![CDATA[12345677]]>
              </value>
            </param>
          </params>
          <reporter-output>
          </reporter-output>
        </test-method> <!-- Test_Check_Remeber_Featur_ForgotPhone_Number_Text_and_check_ChangePwd_762 -->
        <test-method status="PASS" signature="Test_Check_Remeber_Featur_Again_login__with_save_Pwd_763(java.lang.String, java.lang.String, java.lang.String)[pri:763, instance:com.InfoCabs.testcases.Check_Remeber_Feature_TestCases_754_768@e50a6f6]" name="Test_Check_Remeber_Featur_Again_login__with_save_Pwd_763" duration-ms="4962" started-at="2021-01-30T02:24:46 PKT" finished-at="2021-01-30T02:24:51 PKT">
          <params>
            <param index="0">
              <value>
                <![CDATA[00923358391478]]>
              </value>
            </param>
            <param index="1">
              <value>
                <![CDATA[12345678]]>
              </value>
            </param>
            <param index="2">
              <value>
                <![CDATA[com.Infosun.AbbeySwiftCars:id/]]>
              </value>
            </param>
          </params>
          <reporter-output>
            <line>
              <![CDATA[Timeout waiting for Page Load Request to complete.]]>
            </line>
          </reporter-output>
        </test-method> <!-- Test_Check_Remeber_Featur_Again_login__with_save_Pwd_763 -->
        <test-method status="PASS" signature="Test_check_Remeber_Feature_Go_Back_Again_to_ChangePWD_page_764(java.lang.String, java.lang.String, java.lang.String)[pri:764, instance:com.InfoCabs.testcases.Check_Remeber_Feature_TestCases_754_768@e50a6f6]" name="Test_check_Remeber_Feature_Go_Back_Again_to_ChangePWD_page_764" duration-ms="6653" started-at="2021-01-30T02:24:51 PKT" finished-at="2021-01-30T02:24:58 PKT">
          <params>
            <param index="0">
              <value>
                <![CDATA[//android.widget.CheckedTextView]]>
              </value>
            </param>
            <param index="1">
              <value>
                <![CDATA[android.widget.TextView]]>
              </value>
            </param>
            <param index="2">
              <value>
                <![CDATA[com.Infosun.AbbeySwiftCars:id/]]>
              </value>
            </param>
          </params>
          <reporter-output>
            <line>
              <![CDATA[Timeout waiting for Page Load Request to complete.]]>
            </line>
          </reporter-output>
        </test-method> <!-- Test_check_Remeber_Feature_Go_Back_Again_to_ChangePWD_page_764 -->
        <test-method status="PASS" signature="Test_Check_Remeber_Feature__Check_Change_PWD_again_to_Orignal_765(java.lang.String, java.lang.String, java.lang.String)[pri:765, instance:com.InfoCabs.testcases.Check_Remeber_Feature_TestCases_754_768@e50a6f6]" name="Test_Check_Remeber_Feature__Check_Change_PWD_again_to_Orignal_765" duration-ms="10944" started-at="2021-01-30T02:24:58 PKT" finished-at="2021-01-30T02:25:09 PKT">
          <params>
            <param index="0">
              <value>
                <![CDATA[com.Infosun.AbbeySwiftCars:id/]]>
              </value>
            </param>
            <param index="1">
              <value>
                <![CDATA[12345677]]>
              </value>
            </param>
            <param index="2">
              <value>
                <![CDATA[12345678]]>
              </value>
            </param>
          </params>
          <reporter-output>
            <line>
              <![CDATA[Timeout waiting for Page Load Request to complete.]]>
            </line>
            <line>
              <![CDATA[Timeout waiting for Page Load Request to complete.]]>
            </line>
            <line>
              <![CDATA[Timeout waiting for Page Load Request to complete.]]>
            </line>
          </reporter-output>
        </test-method> <!-- Test_Check_Remeber_Feature__Check_Change_PWD_again_to_Orignal_765 -->
        <test-method status="PASS" signature="Test_Check_Remeber_Feature_Check_BackButton_on_2ndtime_766(java.lang.String, java.lang.String, java.lang.String)[pri:766, instance:com.InfoCabs.testcases.Check_Remeber_Feature_TestCases_754_768@e50a6f6]" name="Test_Check_Remeber_Feature_Check_BackButton_on_2ndtime_766" duration-ms="8826" started-at="2021-01-30T02:25:09 PKT" finished-at="2021-01-30T02:25:17 PKT">
          <params>
            <param index="0">
              <value>
                <![CDATA[com.Infosun.AbbeySwiftCars:id/]]>
              </value>
            </param>
            <param index="1">
              <value>
                <![CDATA[12345677]]>
              </value>
            </param>
            <param index="2">
              <value>
                <![CDATA[12345678]]>
              </value>
            </param>
          </params>
          <reporter-output>
            <line>
              <![CDATA[Timeout waiting for Page Load Request to complete.]]>
            </line>
            <line>
              <![CDATA[Timeout waiting for Page Load Request to complete.]]>
            </line>
          </reporter-output>
        </test-method> <!-- Test_Check_Remeber_Feature_Check_BackButton_on_2ndtime_766 -->
        <test-method status="PASS" signature="Test_Check_Remeber_Feature_and_Logout_for_3rd_time_767(java.lang.String, java.lang.String)[pri:767, instance:com.InfoCabs.testcases.Check_Remeber_Feature_TestCases_754_768@e50a6f6]" name="Test_Check_Remeber_Feature_and_Logout_for_3rd_time_767" duration-ms="14458" started-at="2021-01-30T02:25:17 PKT" finished-at="2021-01-30T02:25:32 PKT">
          <params>
            <param index="0">
              <value>
                <![CDATA[com.Infosun.AbbeySwiftCars:id/]]>
              </value>
            </param>
            <param index="1">
              <value>
                <![CDATA[//android.widget.CheckedTextView]]>
              </value>
            </param>
          </params>
          <reporter-output>
            <line>
              <![CDATA[Timeout waiting for Page Load Request to complete.]]>
            </line>
            <line>
              <![CDATA[Timeout waiting for Page Load Request to complete.]]>
            </line>
            <line>
              <![CDATA[Timeout waiting for Page Load Request to complete.]]>
            </line>
            <line>
              <![CDATA[Timeout waiting for Page Load Request to complete.]]>
            </line>
          </reporter-output>
        </test-method> <!-- Test_Check_Remeber_Feature_and_Logout_for_3rd_time_767 -->
        <test-method status="PASS" signature="Test_Check_Remeber_Featur_check_ChangePwd_validation_768(java.lang.String, java.lang.String)[pri:768, instance:com.InfoCabs.testcases.Check_Remeber_Feature_TestCases_754_768@e50a6f6]" name="Test_Check_Remeber_Featur_check_ChangePwd_validation_768" duration-ms="708" started-at="2021-01-30T02:25:32 PKT" finished-at="2021-01-30T02:25:33 PKT">
          <params>
            <param index="0">
              <value>
                <![CDATA[com.Infosun.AbbeySwiftCars:id/]]>
              </value>
            </param>
            <param index="1">
              <value>
                <![CDATA[12345678]]>
              </value>
            </param>
          </params>
          <reporter-output>
          </reporter-output>
        </test-method> <!-- Test_Check_Remeber_Featur_check_ChangePwd_validation_768 -->
      </class> <!-- com.InfoCabs.testcases.Check_Remeber_Feature_TestCases_754_768 -->
      <class name="com.InfoCabs.testcases.MyProfile_SideMenue_verification_TestCases_577_587">
        <test-method status="PASS" signature="Test_MyProfile_SideMenue_verification_Section_are_Opened_577(java.lang.String, java.lang.String)[pri:577, instance:com.InfoCabs.testcases.MyProfile_SideMenue_verification_TestCases_577_587@5af97850]" name="Test_MyProfile_SideMenue_verification_Section_are_Opened_577" duration-ms="2385" started-at="2021-01-30T02:05:09 PKT" finished-at="2021-01-30T02:05:11 PKT">
          <params>
            <param index="0">
              <value>
                <![CDATA[com.Infosun.AbbeySwiftCars:id/]]>
              </value>
            </param>
            <param index="1">
              <value>
                <![CDATA[//android.widget.CheckedTextView]]>
              </value>
            </param>
          </params>
          <reporter-output>
            <line>
              <![CDATA[Timeout waiting for Page Load Request to complete.]]>
            </line>
          </reporter-output>
        </test-method> <!-- Test_MyProfile_SideMenue_verification_Section_are_Opened_577 -->
        <test-method status="PASS" signature="Test_MyProfile_SideMenue_verification_check_BackButton_is_present_578(java.lang.String)[pri:578, instance:com.InfoCabs.testcases.MyProfile_SideMenue_verification_TestCases_577_587@5af97850]" name="Test_MyProfile_SideMenue_verification_check_BackButton_is_present_578" duration-ms="2325" started-at="2021-01-30T02:05:11 PKT" finished-at="2021-01-30T02:05:13 PKT">
          <params>
            <param index="0">
              <value>
                <![CDATA[com.Infosun.AbbeySwiftCars:id/]]>
              </value>
            </param>
          </params>
          <reporter-output>
            <line>
              <![CDATA[Timeout waiting for Page Load Request to complete.]]>
            </line>
          </reporter-output>
        </test-method> <!-- Test_MyProfile_SideMenue_verification_check_BackButton_is_present_578 -->
        <test-method status="PASS" signature="Test_MyProfile_SideMenue_verification_arrwo_button_closed_sidemenu_579(java.lang.String, java.lang.String)[pri:579, instance:com.InfoCabs.testcases.MyProfile_SideMenue_verification_TestCases_577_587@5af97850]" name="Test_MyProfile_SideMenue_verification_arrwo_button_closed_sidemenu_579" duration-ms="2436" started-at="2021-01-30T02:05:13 PKT" finished-at="2021-01-30T02:05:16 PKT">
          <params>
            <param index="0">
              <value>
                <![CDATA[com.Infosun.AbbeySwiftCars:id/]]>
              </value>
            </param>
            <param index="1">
              <value>
                <![CDATA[//android.widget.CheckedTextView]]>
              </value>
            </param>
          </params>
          <reporter-output>
            <line>
              <![CDATA[Timeout waiting for Page Load Request to complete.]]>
            </line>
          </reporter-output>
        </test-method> <!-- Test_MyProfile_SideMenue_verification_arrwo_button_closed_sidemenu_579 -->
        <test-method status="PASS" signature="Test_MyProfile_SideMenue_verification_are_opened_again_580(java.lang.String, java.lang.String)[pri:580, instance:com.InfoCabs.testcases.MyProfile_SideMenue_verification_TestCases_577_587@5af97850]" name="Test_MyProfile_SideMenue_verification_are_opened_again_580" duration-ms="3866" started-at="2021-01-30T02:05:16 PKT" finished-at="2021-01-30T02:05:20 PKT">
          <params>
            <param index="0">
              <value>
                <![CDATA[com.Infosun.AbbeySwiftCars:id/]]>
              </value>
            </param>
            <param index="1">
              <value>
                <![CDATA[//android.widget.CheckedTextView]]>
              </value>
            </param>
          </params>
          <reporter-output>
            <line>
              <![CDATA[Timeout waiting for Page Load Request to complete.]]>
            </line>
          </reporter-output>
        </test-method> <!-- Test_MyProfile_SideMenue_verification_are_opened_again_580 -->
        <test-method status="PASS" signature="Test_MyProfile_SideMenue_verification_check_MyProfile_is_present_581(java.lang.String, java.lang.String)[pri:581, instance:com.InfoCabs.testcases.MyProfile_SideMenue_verification_TestCases_577_587@5af97850]" name="Test_MyProfile_SideMenue_verification_check_MyProfile_is_present_581" duration-ms="2327" started-at="2021-01-30T02:05:20 PKT" finished-at="2021-01-30T02:05:22 PKT">
          <params>
            <param index="0">
              <value>
                <![CDATA[com.Infosun.AbbeySwiftCars:id/]]>
              </value>
            </param>
            <param index="1">
              <value>
                <![CDATA[android.widget.TextView]]>
              </value>
            </param>
          </params>
          <reporter-output>
            <line>
              <![CDATA[Timeout waiting for Page Load Request to complete.]]>
            </line>
          </reporter-output>
        </test-method> <!-- Test_MyProfile_SideMenue_verification_check_MyProfile_is_present_581 -->
        <test-method status="PASS" signature="Test_MyProfile_SideMenue_verification_check_Profileimage_is_present_582(java.lang.String)[pri:582, instance:com.InfoCabs.testcases.MyProfile_SideMenue_verification_TestCases_577_587@5af97850]" name="Test_MyProfile_SideMenue_verification_check_Profileimage_is_present_582" duration-ms="2266" started-at="2021-01-30T02:05:22 PKT" finished-at="2021-01-30T02:05:24 PKT">
          <params>
            <param index="0">
              <value>
                <![CDATA[com.Infosun.AbbeySwiftCars:id/]]>
              </value>
            </param>
          </params>
          <reporter-output>
            <line>
              <![CDATA[Timeout waiting for Page Load Request to complete.]]>
            </line>
          </reporter-output>
        </test-method> <!-- Test_MyProfile_SideMenue_verification_check_Profileimage_is_present_582 -->
        <test-method status="PASS" signature="Test_MyProfile_SideMenue_verification_check_Username_text_is_present_583(java.lang.String, java.lang.String)[pri:583, instance:com.InfoCabs.testcases.MyProfile_SideMenue_verification_TestCases_577_587@5af97850]" name="Test_MyProfile_SideMenue_verification_check_Username_text_is_present_583" duration-ms="2153" started-at="2021-01-30T02:05:24 PKT" finished-at="2021-01-30T02:05:26 PKT">
          <params>
            <param index="0">
              <value>
                <![CDATA[com.Infosun.AbbeySwiftCars:id/]]>
              </value>
            </param>
            <param index="1">
              <value>
                <![CDATA[QA Tester]]>
              </value>
            </param>
          </params>
          <reporter-output>
            <line>
              <![CDATA[Timeout waiting for Page Load Request to complete.]]>
            </line>
          </reporter-output>
        </test-method> <!-- Test_MyProfile_SideMenue_verification_check_Username_text_is_present_583 -->
        <test-method status="PASS" signature="Test_MyProfile_SideMenue_verification_check_ChangePwd_text_is_present_584(java.lang.String, java.lang.String)[pri:584, instance:com.InfoCabs.testcases.MyProfile_SideMenue_verification_TestCases_577_587@5af97850]" name="Test_MyProfile_SideMenue_verification_check_ChangePwd_text_is_present_584" duration-ms="2292" started-at="2021-01-30T02:05:26 PKT" finished-at="2021-01-30T02:05:29 PKT">
          <params>
            <param index="0">
              <value>
                <![CDATA[com.Infosun.AbbeySwiftCars:id/]]>
              </value>
            </param>
            <param index="1">
              <value>
                <![CDATA[android.widget.TextView]]>
              </value>
            </param>
          </params>
          <reporter-output>
            <line>
              <![CDATA[Timeout waiting for Page Load Request to complete.]]>
            </line>
          </reporter-output>
        </test-method> <!-- Test_MyProfile_SideMenue_verification_check_ChangePwd_text_is_present_584 -->
        <test-method status="PASS" signature="Test_MyProfile_SideMenue_verification_check_LogOut_text_is_present_585(java.lang.String, java.lang.String)[pri:585, instance:com.InfoCabs.testcases.MyProfile_SideMenue_verification_TestCases_577_587@5af97850]" name="Test_MyProfile_SideMenue_verification_check_LogOut_text_is_present_585" duration-ms="2304" started-at="2021-01-30T02:05:29 PKT" finished-at="2021-01-30T02:05:31 PKT">
          <params>
            <param index="0">
              <value>
                <![CDATA[com.Infosun.AbbeySwiftCars:id/]]>
              </value>
            </param>
            <param index="1">
              <value>
                <![CDATA[android.widget.TextView]]>
              </value>
            </param>
          </params>
          <reporter-output>
            <line>
              <![CDATA[Timeout waiting for Page Load Request to complete.]]>
            </line>
          </reporter-output>
        </test-method> <!-- Test_MyProfile_SideMenue_verification_check_LogOut_text_is_present_585 -->
        <test-method status="PASS" signature="Test_MyProfile_SideMenue_verification_check_ChangePwdwithIcon_is_present_586(java.lang.String)[pri:586, instance:com.InfoCabs.testcases.MyProfile_SideMenue_verification_TestCases_577_587@5af97850]" name="Test_MyProfile_SideMenue_verification_check_ChangePwdwithIcon_is_present_586" duration-ms="2301" started-at="2021-01-30T02:05:31 PKT" finished-at="2021-01-30T02:05:33 PKT">
          <params>
            <param index="0">
              <value>
                <![CDATA[com.Infosun.AbbeySwiftCars:id/]]>
              </value>
            </param>
          </params>
          <reporter-output>
            <line>
              <![CDATA[Timeout waiting for Page Load Request to complete.]]>
            </line>
          </reporter-output>
        </test-method> <!-- Test_MyProfile_SideMenue_verification_check_ChangePwdwithIcon_is_present_586 -->
        <test-method status="PASS" signature="Test_MyProfile_SideMenue_verification_check_logout_is_present_587(java.lang.String)[pri:587, instance:com.InfoCabs.testcases.MyProfile_SideMenue_verification_TestCases_577_587@5af97850]" name="Test_MyProfile_SideMenue_verification_check_logout_is_present_587" duration-ms="2328" started-at="2021-01-30T02:05:33 PKT" finished-at="2021-01-30T02:05:36 PKT">
          <params>
            <param index="0">
              <value>
                <![CDATA[com.Infosun.AbbeySwiftCars:id/]]>
              </value>
            </param>
          </params>
          <reporter-output>
            <line>
              <![CDATA[Timeout waiting for Page Load Request to complete.]]>
            </line>
          </reporter-output>
        </test-method> <!-- Test_MyProfile_SideMenue_verification_check_logout_is_present_587 -->
        <test-method status="PASS" signature="Test_MyProfile_SideMenue_verification_check_ClickOn_LogOutButton_588(java.lang.String, java.lang.String)[pri:588, instance:com.InfoCabs.testcases.MyProfile_SideMenue_verification_TestCases_577_587@5af97850]" name="Test_MyProfile_SideMenue_verification_check_ClickOn_LogOutButton_588" duration-ms="5366" started-at="2021-01-30T02:05:36 PKT" finished-at="2021-01-30T02:05:41 PKT">
          <params>
            <param index="0">
              <value>
                <![CDATA[com.Infosun.AbbeySwiftCars:id/]]>
              </value>
            </param>
            <param index="1">
              <value>
                <![CDATA[android.widget.TextView]]>
              </value>
            </param>
          </params>
          <reporter-output>
            <line>
              <![CDATA[Timeout waiting for Page Load Request to complete.]]>
            </line>
          </reporter-output>
        </test-method> <!-- Test_MyProfile_SideMenue_verification_check_ClickOn_LogOutButton_588 -->
        <test-method status="PASS" signature="Test_MyProfile_SideMenue_verification_check_Do_youwant_Logout_Text_589(java.lang.String, java.lang.String)[pri:589, instance:com.InfoCabs.testcases.MyProfile_SideMenue_verification_TestCases_577_587@5af97850]" name="Test_MyProfile_SideMenue_verification_check_Do_youwant_Logout_Text_589" duration-ms="2165" started-at="2021-01-30T02:05:41 PKT" finished-at="2021-01-30T02:05:43 PKT">
          <params>
            <param index="0">
              <value>
                <![CDATA[com.Infosun.AbbeySwiftCars:id/]]>
              </value>
            </param>
            <param index="1">
              <value>
                <![CDATA[android.widget.TextView]]>
              </value>
            </param>
          </params>
          <reporter-output>
            <line>
              <![CDATA[Timeout waiting for Page Load Request to complete.]]>
            </line>
          </reporter-output>
        </test-method> <!-- Test_MyProfile_SideMenue_verification_check_Do_youwant_Logout_Text_589 -->
        <test-method status="PASS" signature="Test_MyProfile_SideMenue_verification_check_Yes_ill_ComeBack_Text_590(java.lang.String, java.lang.String)[pri:590, instance:com.InfoCabs.testcases.MyProfile_SideMenue_verification_TestCases_577_587@5af97850]" name="Test_MyProfile_SideMenue_verification_check_Yes_ill_ComeBack_Text_590" duration-ms="2171" started-at="2021-01-30T02:05:43 PKT" finished-at="2021-01-30T02:05:45 PKT">
          <params>
            <param index="0">
              <value>
                <![CDATA[com.Infosun.AbbeySwiftCars:id/]]>
              </value>
            </param>
            <param index="1">
              <value>
                <![CDATA[android.widget.TextView]]>
              </value>
            </param>
          </params>
          <reporter-output>
            <line>
              <![CDATA[Timeout waiting for Page Load Request to complete.]]>
            </line>
          </reporter-output>
        </test-method> <!-- Test_MyProfile_SideMenue_verification_check_Yes_ill_ComeBack_Text_590 -->
        <test-method status="PASS" signature="Test_MyProfile_SideMenue_verification_check_No_Keep_me_Login_Text_591(java.lang.String, java.lang.String)[pri:591, instance:com.InfoCabs.testcases.MyProfile_SideMenue_verification_TestCases_577_587@5af97850]" name="Test_MyProfile_SideMenue_verification_check_No_Keep_me_Login_Text_591" duration-ms="7270" started-at="2021-01-30T02:05:45 PKT" finished-at="2021-01-30T02:05:53 PKT">
          <params>
            <param index="0">
              <value>
                <![CDATA[com.Infosun.AbbeySwiftCars:id/]]>
              </value>
            </param>
            <param index="1">
              <value>
                <![CDATA[android.widget.TextView]]>
              </value>
            </param>
          </params>
          <reporter-output>
            <line>
              <![CDATA[Timeout waiting for Page Load Request to complete.]]>
            </line>
            <line>
              <![CDATA[Timeout waiting for Page Load Request to complete.]]>
            </line>
          </reporter-output>
        </test-method> <!-- Test_MyProfile_SideMenue_verification_check_No_Keep_me_Login_Text_591 -->
      </class> <!-- com.InfoCabs.testcases.MyProfile_SideMenue_verification_TestCases_577_587 -->
      <class name="com.InfoCabs.testcases.Side_Menu_elements_verification_TestCases_568_576">
        <test-method status="PASS" signature="Test_LoginPage_Allow_user_to_LoginWith_valid_credential_21(java.lang.String, java.lang.String, java.lang.String)[pri:21, instance:com.InfoCabs.testcases.Side_Menu_elements_verification_TestCases_568_576@17c386de]" name="Test_LoginPage_Allow_user_to_LoginWith_valid_credential_21" duration-ms="12121" started-at="2021-01-30T02:04:29 PKT" finished-at="2021-01-30T02:04:42 PKT">
          <params>
            <param index="0">
              <value>
                <![CDATA[00923358391478]]>
              </value>
            </param>
            <param index="1">
              <value>
                <![CDATA[12345678]]>
              </value>
            </param>
            <param index="2">
              <value>
                <![CDATA[com.Infosun.AbbeySwiftCars:id/]]>
              </value>
            </param>
          </params>
          <reporter-output>
            <line>
              <![CDATA[Timeout waiting for Page Load Request to complete.]]>
            </line>
            <line>
              <![CDATA[Timeout waiting for Page Load Request to complete.]]>
            </line>
            <line>
              <![CDATA[Timeout waiting for Page Load Request to complete.]]>
            </line>
          </reporter-output>
        </test-method> <!-- Test_LoginPage_Allow_user_to_LoginWith_valid_credential_21 -->
        <test-method status="PASS" signature="Test_Side_Menu_elements_verification_OpenSide_menu_568(java.lang.String, java.lang.String)[pri:568, instance:com.InfoCabs.testcases.Side_Menu_elements_verification_TestCases_568_576@17c386de]" name="Test_Side_Menu_elements_verification_OpenSide_menu_568" duration-ms="4171" started-at="2021-01-30T02:04:42 PKT" finished-at="2021-01-30T02:04:46 PKT">
          <params>
            <param index="0">
              <value>
                <![CDATA[com.Infosun.AbbeySwiftCars:id/]]>
              </value>
            </param>
            <param index="1">
              <value>
                <![CDATA[//android.widget.CheckedTextView]]>
              </value>
            </param>
          </params>
          <reporter-output>
            <line>
              <![CDATA[Timeout waiting for Page Load Request to complete.]]>
            </line>
          </reporter-output>
        </test-method> <!-- Test_Side_Menu_elements_verification_OpenSide_menu_568 -->
        <test-method status="PASS" signature="Test_Side_Menu_elements_verification_check_Logo_is_present_569(java.lang.String)[pri:569, instance:com.InfoCabs.testcases.Side_Menu_elements_verification_TestCases_568_576@17c386de]" name="Test_Side_Menu_elements_verification_check_Logo_is_present_569" duration-ms="2335" started-at="2021-01-30T02:04:46 PKT" finished-at="2021-01-30T02:04:48 PKT">
          <params>
            <param index="0">
              <value>
                <![CDATA[com.Infosun.AbbeySwiftCars:id/]]>
              </value>
            </param>
          </params>
          <reporter-output>
            <line>
              <![CDATA[Timeout waiting for Page Load Request to complete.]]>
            </line>
          </reporter-output>
        </test-method> <!-- Test_Side_Menu_elements_verification_check_Logo_is_present_569 -->
        <test-method status="PASS" signature="Test_Side_Menu_elements_verification_check_Dashboard_is_present_570(java.lang.String, java.lang.String)[pri:570, instance:com.InfoCabs.testcases.Side_Menu_elements_verification_TestCases_568_576@17c386de]" name="Test_Side_Menu_elements_verification_check_Dashboard_is_present_570" duration-ms="4916" started-at="2021-01-30T02:04:48 PKT" finished-at="2021-01-30T02:04:53 PKT">
          <params>
            <param index="0">
              <value>
                <![CDATA[com.Infosun.AbbeySwiftCars:id/]]>
              </value>
            </param>
            <param index="1">
              <value>
                <![CDATA[//android.widget.CheckedTextView]]>
              </value>
            </param>
          </params>
          <reporter-output>
            <line>
              <![CDATA[Timeout waiting for Page Load Request to complete.]]>
            </line>
          </reporter-output>
        </test-method> <!-- Test_Side_Menu_elements_verification_check_Dashboard_is_present_570 -->
        <test-method status="PASS" signature="Test_Side_Menu_elements_verification_check_MyProfile_is_present_571(java.lang.String, java.lang.String)[pri:571, instance:com.InfoCabs.testcases.Side_Menu_elements_verification_TestCases_568_576@17c386de]" name="Test_Side_Menu_elements_verification_check_MyProfile_is_present_571" duration-ms="2279" started-at="2021-01-30T02:04:53 PKT" finished-at="2021-01-30T02:04:55 PKT">
          <params>
            <param index="0">
              <value>
                <![CDATA[com.Infosun.AbbeySwiftCars:id/]]>
              </value>
            </param>
            <param index="1">
              <value>
                <![CDATA[//android.widget.CheckedTextView]]>
              </value>
            </param>
          </params>
          <reporter-output>
            <line>
              <![CDATA[Timeout waiting for Page Load Request to complete.]]>
            </line>
          </reporter-output>
        </test-method> <!-- Test_Side_Menu_elements_verification_check_MyProfile_is_present_571 -->
        <test-method status="PASS" signature="Test_Side_Menu_elements_verification_check_PaymentMethods_is_present_572(java.lang.String, java.lang.String)[pri:572, instance:com.InfoCabs.testcases.Side_Menu_elements_verification_TestCases_568_576@17c386de]" name="Test_Side_Menu_elements_verification_check_PaymentMethods_is_present_572" duration-ms="2312" started-at="2021-01-30T02:04:55 PKT" finished-at="2021-01-30T02:04:58 PKT">
          <params>
            <param index="0">
              <value>
                <![CDATA[com.Infosun.AbbeySwiftCars:id/]]>
              </value>
            </param>
            <param index="1">
              <value>
                <![CDATA[//android.widget.CheckedTextView]]>
              </value>
            </param>
          </params>
          <reporter-output>
            <line>
              <![CDATA[Timeout waiting for Page Load Request to complete.]]>
            </line>
          </reporter-output>
        </test-method> <!-- Test_Side_Menu_elements_verification_check_PaymentMethods_is_present_572 -->
        <test-method status="PASS" signature="Test_Side_Menu_elements_verification_check_MyTrips_is_present_573(java.lang.String, java.lang.String)[pri:573, instance:com.InfoCabs.testcases.Side_Menu_elements_verification_TestCases_568_576@17c386de]" name="Test_Side_Menu_elements_verification_check_MyTrips_is_present_573" duration-ms="2290" started-at="2021-01-30T02:04:58 PKT" finished-at="2021-01-30T02:05:00 PKT">
          <params>
            <param index="0">
              <value>
                <![CDATA[com.Infosun.AbbeySwiftCars:id/]]>
              </value>
            </param>
            <param index="1">
              <value>
                <![CDATA[//android.widget.CheckedTextView]]>
              </value>
            </param>
          </params>
          <reporter-output>
            <line>
              <![CDATA[Timeout waiting for Page Load Request to complete.]]>
            </line>
          </reporter-output>
        </test-method> <!-- Test_Side_Menu_elements_verification_check_MyTrips_is_present_573 -->
        <test-method status="PASS" signature="Test_Side_Menu_elements_verification_check_AboutUs_is_present_574(java.lang.String, java.lang.String)[pri:574, instance:com.InfoCabs.testcases.Side_Menu_elements_verification_TestCases_568_576@17c386de]" name="Test_Side_Menu_elements_verification_check_AboutUs_is_present_574" duration-ms="2365" started-at="2021-01-30T02:05:00 PKT" finished-at="2021-01-30T02:05:02 PKT">
          <params>
            <param index="0">
              <value>
                <![CDATA[com.Infosun.AbbeySwiftCars:id/]]>
              </value>
            </param>
            <param index="1">
              <value>
                <![CDATA[//android.widget.CheckedTextView]]>
              </value>
            </param>
          </params>
          <reporter-output>
            <line>
              <![CDATA[Timeout waiting for Page Load Request to complete.]]>
            </line>
          </reporter-output>
        </test-method> <!-- Test_Side_Menu_elements_verification_check_AboutUs_is_present_574 -->
        <test-method status="PASS" signature="Test_Side_Menu_elements_verification_check_Share_is_present_575(java.lang.String, java.lang.String)[pri:575, instance:com.InfoCabs.testcases.Side_Menu_elements_verification_TestCases_568_576@17c386de]" name="Test_Side_Menu_elements_verification_check_Share_is_present_575" duration-ms="2278" started-at="2021-01-30T02:05:02 PKT" finished-at="2021-01-30T02:05:05 PKT">
          <params>
            <param index="0">
              <value>
                <![CDATA[com.Infosun.AbbeySwiftCars:id/]]>
              </value>
            </param>
            <param index="1">
              <value>
                <![CDATA[//android.widget.CheckedTextView]]>
              </value>
            </param>
          </params>
          <reporter-output>
            <line>
              <![CDATA[Timeout waiting for Page Load Request to complete.]]>
            </line>
          </reporter-output>
        </test-method> <!-- Test_Side_Menu_elements_verification_check_Share_is_present_575 -->
        <test-method status="PASS" signature="Test_Side_Menu_elements_verification_check_Logout_is_present_576(java.lang.String, java.lang.String)[pri:576, instance:com.InfoCabs.testcases.Side_Menu_elements_verification_TestCases_568_576@17c386de]" name="Test_Side_Menu_elements_verification_check_Logout_is_present_576" duration-ms="4038" started-at="2021-01-30T02:05:05 PKT" finished-at="2021-01-30T02:05:09 PKT">
          <params>
            <param index="0">
              <value>
                <![CDATA[com.Infosun.AbbeySwiftCars:id/]]>
              </value>
            </param>
            <param index="1">
              <value>
                <![CDATA[//android.widget.CheckedTextView]]>
              </value>
            </param>
          </params>
          <reporter-output>
            <line>
              <![CDATA[Timeout waiting for Page Load Request to complete.]]>
            </line>
          </reporter-output>
        </test-method> <!-- Test_Side_Menu_elements_verification_check_Logout_is_present_576 -->
      </class> <!-- com.InfoCabs.testcases.Side_Menu_elements_verification_TestCases_568_576 -->
      <class name="com.InfoCabs.testcases.About_Us_Page_TestCases_658_666">
        <test-method status="PASS" signature="Test_About_Us_Page_ClickTO_Open_About_Us_Page_658(java.lang.String, java.lang.String)[pri:658, instance:com.InfoCabs.testcases.About_Us_Page_TestCases_658_666@691a7f8f]" name="Test_About_Us_Page_ClickTO_Open_About_Us_Page_658" duration-ms="3993" started-at="2021-01-30T02:12:29 PKT" finished-at="2021-01-30T02:12:33 PKT">
          <params>
            <param index="0">
              <value>
                <![CDATA[com.Infosun.AbbeySwiftCars:id/]]>
              </value>
            </param>
            <param index="1">
              <value>
                <![CDATA[//android.widget.CheckedTextView]]>
              </value>
            </param>
          </params>
          <reporter-output>
            <line>
              <![CDATA[Timeout waiting for Page Load Request to complete.]]>
            </line>
          </reporter-output>
        </test-method> <!-- Test_About_Us_Page_ClickTO_Open_About_Us_Page_658 -->
        <test-method status="PASS" signature="Test_About_Us_Page_check_BackButton_is_present_659(java.lang.String)[pri:659, instance:com.InfoCabs.testcases.About_Us_Page_TestCases_658_666@691a7f8f]" name="Test_About_Us_Page_check_BackButton_is_present_659" duration-ms="2265" started-at="2021-01-30T02:12:33 PKT" finished-at="2021-01-30T02:12:35 PKT">
          <params>
            <param index="0">
              <value>
                <![CDATA[com.Infosun.AbbeySwiftCars:id/]]>
              </value>
            </param>
          </params>
          <reporter-output>
            <line>
              <![CDATA[Timeout waiting for Page Load Request to complete.]]>
            </line>
          </reporter-output>
        </test-method> <!-- Test_About_Us_Page_check_BackButton_is_present_659 -->
        <test-method status="PASS" signature="Test_About_Us_Page_check_CompanyDescritption_text_is_present_660(java.lang.String, java.lang.String)[pri:660, instance:com.InfoCabs.testcases.About_Us_Page_TestCases_658_666@691a7f8f]" name="Test_About_Us_Page_check_CompanyDescritption_text_is_present_660" duration-ms="2134" started-at="2021-01-30T02:12:35 PKT" finished-at="2021-01-30T02:12:37 PKT">
          <params>
            <param index="0">
              <value>
                <![CDATA[com.Infosun.AbbeySwiftCars:id/]]>
              </value>
            </param>
            <param index="1">
              <value>
                <![CDATA[android.widget.TextView]]>
              </value>
            </param>
          </params>
          <reporter-output>
            <line>
              <![CDATA[Timeout waiting for Page Load Request to complete.]]>
            </line>
          </reporter-output>
        </test-method> <!-- Test_About_Us_Page_check_CompanyDescritption_text_is_present_660 -->
        <test-method status="PASS" signature="Test_About_Us_Page_check_CompanyMobile_Number_is_present_661(java.lang.String, java.lang.String, java.lang.String)[pri:661, instance:com.InfoCabs.testcases.About_Us_Page_TestCases_658_666@691a7f8f]" name="Test_About_Us_Page_check_CompanyMobile_Number_is_present_661" duration-ms="12941" started-at="2021-01-30T02:12:37 PKT" finished-at="2021-01-30T02:12:50 PKT">
          <params>
            <param index="0">
              <value>
                <![CDATA[com.Infosun.AbbeySwiftCars:id/]]>
              </value>
            </param>
            <param index="1">
              <value>
                <![CDATA[android.widget.TextView]]>
              </value>
            </param>
            <param index="2">
              <value>
                <![CDATA[com.Infosun.AbbeySwiftCars]]>
              </value>
            </param>
          </params>
          <reporter-output>
            <line>
              <![CDATA[Timeout waiting for Page Load Request to complete.]]>
            </line>
            <line>
              <![CDATA[Timeout waiting for Page Load Request to complete.]]>
            </line>
            <line>
              <![CDATA[Timeout waiting for Page Load Request to complete.]]>
            </line>
          </reporter-output>
        </test-method> <!-- Test_About_Us_Page_check_CompanyMobile_Number_is_present_661 -->
        <test-method status="PASS" signature="Test_About_Us_Page_check_CompanyEmail_address_is_present_662(java.lang.String, java.lang.String, java.lang.String)[pri:662, instance:com.InfoCabs.testcases.About_Us_Page_TestCases_658_666@691a7f8f]" name="Test_About_Us_Page_check_CompanyEmail_address_is_present_662" duration-ms="10505" started-at="2021-01-30T02:12:50 PKT" finished-at="2021-01-30T02:13:01 PKT">
          <params>
            <param index="0">
              <value>
                <![CDATA[com.Infosun.AbbeySwiftCars:id/]]>
              </value>
            </param>
            <param index="1">
              <value>
                <![CDATA[android.widget.TextView]]>
              </value>
            </param>
            <param index="2">
              <value>
                <![CDATA[com.Infosun.AbbeySwiftCars]]>
              </value>
            </param>
          </params>
          <reporter-output>
            <line>
              <![CDATA[Timeout waiting for Page Load Request to complete.]]>
            </line>
            <line>
              <![CDATA[Timeout waiting for Page Load Request to complete.]]>
            </line>
            <line>
              <![CDATA[Timeout waiting for Page Load Request to complete.]]>
            </line>
          </reporter-output>
        </test-method> <!-- Test_About_Us_Page_check_CompanyEmail_address_is_present_662 -->
        <test-method status="PASS" signature="Test_About_Us_Page_check_Company_Website_is_present_663(java.lang.String, java.lang.String, java.lang.String)[pri:663, instance:com.InfoCabs.testcases.About_Us_Page_TestCases_658_666@691a7f8f]" name="Test_About_Us_Page_check_Company_Website_is_present_663" duration-ms="12954" started-at="2021-01-30T02:13:01 PKT" finished-at="2021-01-30T02:13:14 PKT">
          <params>
            <param index="0">
              <value>
                <![CDATA[com.Infosun.AbbeySwiftCars:id/]]>
              </value>
            </param>
            <param index="1">
              <value>
                <![CDATA[android.widget.TextView]]>
              </value>
            </param>
            <param index="2">
              <value>
                <![CDATA[com.Infosun.AbbeySwiftCars]]>
              </value>
            </param>
          </params>
          <reporter-output>
            <line>
              <![CDATA[Timeout waiting for Page Load Request to complete.]]>
            </line>
            <line>
              <![CDATA[Timeout waiting for Page Load Request to complete.]]>
            </line>
            <line>
              <![CDATA[Timeout waiting for Page Load Request to complete.]]>
            </line>
          </reporter-output>
        </test-method> <!-- Test_About_Us_Page_check_Company_Website_is_present_663 -->
        <test-method status="PASS" signature="Test_About_Us_Page_check_Company_Address_is_present_665(java.lang.String, java.lang.String, java.lang.String)[pri:665, instance:com.InfoCabs.testcases.About_Us_Page_TestCases_658_666@691a7f8f]" name="Test_About_Us_Page_check_Company_Address_is_present_665" duration-ms="13058" started-at="2021-01-30T02:13:14 PKT" finished-at="2021-01-30T02:13:27 PKT">
          <params>
            <param index="0">
              <value>
                <![CDATA[com.Infosun.AbbeySwiftCars:id/]]>
              </value>
            </param>
            <param index="1">
              <value>
                <![CDATA[android.widget.TextView]]>
              </value>
            </param>
            <param index="2">
              <value>
                <![CDATA[com.Infosun.AbbeySwiftCars]]>
              </value>
            </param>
          </params>
          <reporter-output>
            <line>
              <![CDATA[Timeout waiting for Page Load Request to complete.]]>
            </line>
            <line>
              <![CDATA[Timeout waiting for Page Load Request to complete.]]>
            </line>
            <line>
              <![CDATA[Timeout waiting for Page Load Request to complete.]]>
            </line>
          </reporter-output>
        </test-method> <!-- Test_About_Us_Page_check_Company_Address_is_present_665 -->
        <test-method status="PASS" signature="Test_About_Us_Page_GoBack_To_HomeScreen_666()[pri:666, instance:com.InfoCabs.testcases.About_Us_Page_TestCases_658_666@691a7f8f]" name="Test_About_Us_Page_GoBack_To_HomeScreen_666" duration-ms="8206" started-at="2021-01-30T02:13:27 PKT" finished-at="2021-01-30T02:13:35 PKT">
          <reporter-output>
            <line>
              <![CDATA[Timeout waiting for Page Load Request to complete.]]>
            </line>
            <line>
              <![CDATA[Timeout waiting for Page Load Request to complete.]]>
            </line>
          </reporter-output>
        </test-method> <!-- Test_About_Us_Page_GoBack_To_HomeScreen_666 -->
      </class> <!-- com.InfoCabs.testcases.About_Us_Page_TestCases_658_666 -->
      <class name="com.InfoCabs.testcases.Add_PostPay_Account_TestCases_640_657">
        <test-method status="PASS" signature="Test_Add_PostPay_Account_ClickTO_Open_Carddetails_640(java.lang.String, java.lang.String)[pri:640, instance:com.InfoCabs.testcases.Add_PostPay_Account_TestCases_640_657@780cb77]" name="Test_Add_PostPay_Account_ClickTO_Open_Carddetails_640" duration-ms="3535" started-at="2021-01-30T02:11:10 PKT" finished-at="2021-01-30T02:11:14 PKT">
          <params>
            <param index="0">
              <value>
                <![CDATA[com.Infosun.AbbeySwiftCars:id/]]>
              </value>
            </param>
            <param index="1">
              <value>
                <![CDATA[//android.widget.CheckedTextView]]>
              </value>
            </param>
          </params>
          <reporter-output>
            <line>
              <![CDATA[Timeout waiting for Page Load Request to complete.]]>
            </line>
          </reporter-output>
        </test-method> <!-- Test_Add_PostPay_Account_ClickTO_Open_Carddetails_640 -->
        <test-method status="PASS" signature="Test_Add_PostPay_Account_check_CrossButton_is_present_641(java.lang.String)[pri:641, instance:com.InfoCabs.testcases.Add_PostPay_Account_TestCases_640_657@780cb77]" name="Test_Add_PostPay_Account_check_CrossButton_is_present_641" duration-ms="4073" started-at="2021-01-30T02:11:14 PKT" finished-at="2021-01-30T02:11:18 PKT">
          <params>
            <param index="0">
              <value>
                <![CDATA[com.Infosun.AbbeySwiftCars:id/]]>
              </value>
            </param>
          </params>
          <reporter-output>
            <line>
              <![CDATA[Timeout waiting for Page Load Request to complete.]]>
            </line>
          </reporter-output>
        </test-method> <!-- Test_Add_PostPay_Account_check_CrossButton_is_present_641 -->
        <test-method status="PASS" signature="Test_Add_PostPay_Account_AddPostPay_text_642(java.lang.String, java.lang.String)[pri:642, instance:com.InfoCabs.testcases.Add_PostPay_Account_TestCases_640_657@780cb77]" name="Test_Add_PostPay_Account_AddPostPay_text_642" duration-ms="2315" started-at="2021-01-30T02:11:18 PKT" finished-at="2021-01-30T02:11:20 PKT">
          <params>
            <param index="0">
              <value>
                <![CDATA[com.Infosun.AbbeySwiftCars:id/]]>
              </value>
            </param>
            <param index="1">
              <value>
                <![CDATA[android.widget.TextView]]>
              </value>
            </param>
          </params>
          <reporter-output>
            <line>
              <![CDATA[Timeout waiting for Page Load Request to complete.]]>
            </line>
          </reporter-output>
        </test-method> <!-- Test_Add_PostPay_Account_AddPostPay_text_642 -->
        <test-method status="PASS" signature="Test_Add_PostPay_Account_EnterPostPay_text_643(java.lang.String, java.lang.String)[pri:643, instance:com.InfoCabs.testcases.Add_PostPay_Account_TestCases_640_657@780cb77]" name="Test_Add_PostPay_Account_EnterPostPay_text_643" duration-ms="2349" started-at="2021-01-30T02:11:20 PKT" finished-at="2021-01-30T02:11:23 PKT">
          <params>
            <param index="0">
              <value>
                <![CDATA[com.Infosun.AbbeySwiftCars:id/]]>
              </value>
            </param>
            <param index="1">
              <value>
                <![CDATA[android.widget.TextView]]>
              </value>
            </param>
          </params>
          <reporter-output>
            <line>
              <![CDATA[Timeout waiting for Page Load Request to complete.]]>
            </line>
          </reporter-output>
        </test-method> <!-- Test_Add_PostPay_Account_EnterPostPay_text_643 -->
        <test-method status="PASS" signature="Test_Add_PostPay_Account_EnterPostPay_Email_errorMessage_644(java.lang.String)[pri:644, instance:com.InfoCabs.testcases.Add_PostPay_Account_TestCases_640_657@780cb77]" name="Test_Add_PostPay_Account_EnterPostPay_Email_errorMessage_644" duration-ms="5235" started-at="2021-01-30T02:11:23 PKT" finished-at="2021-01-30T02:11:28 PKT">
          <params>
            <param index="0">
              <value>
                <![CDATA[com.Infosun.AbbeySwiftCars:id/]]>
              </value>
            </param>
          </params>
          <reporter-output>
            <line>
              <![CDATA[Timeout waiting for Page Load Request to complete.]]>
            </line>
          </reporter-output>
        </test-method> <!-- Test_Add_PostPay_Account_EnterPostPay_Email_errorMessage_644 -->
        <test-method status="PASS" signature="Test_Add_PostPay_Account_EnterPostPay_Email_Validation_errorMessage_645(java.lang.String, java.lang.String, java.lang.String)[pri:645, instance:com.InfoCabs.testcases.Add_PostPay_Account_TestCases_640_657@780cb77]" name="Test_Add_PostPay_Account_EnterPostPay_Email_Validation_errorMessage_645" duration-ms="8621" started-at="2021-01-30T02:11:28 PKT" finished-at="2021-01-30T02:11:36 PKT">
          <params>
            <param index="0">
              <value>
                <![CDATA[com.Infosun.AbbeySwiftCars:id/]]>
              </value>
            </param>
            <param index="1">
              <value>
                <![CDATA[QA Tester]]>
              </value>
            </param>
            <param index="2">
              <value>
                <![CDATA[Tester@infosun.co.uk]]>
              </value>
            </param>
          </params>
          <reporter-output>
            <line>
              <![CDATA[Timeout waiting for Page Load Request to complete.]]>
            </line>
          </reporter-output>
        </test-method> <!-- Test_Add_PostPay_Account_EnterPostPay_Email_Validation_errorMessage_645 -->
        <test-method status="PASS" signature="Test_Add_PostPay_Account_Email_Address_text_646(java.lang.String, java.lang.String, java.lang.String)[pri:646, instance:com.InfoCabs.testcases.Add_PostPay_Account_TestCases_640_657@780cb77]" name="Test_Add_PostPay_Account_Email_Address_text_646" duration-ms="4165" started-at="2021-01-30T02:11:36 PKT" finished-at="2021-01-30T02:11:41 PKT">
          <params>
            <param index="0">
              <value>
                <![CDATA[com.Infosun.AbbeySwiftCars:id/]]>
              </value>
            </param>
            <param index="1">
              <value>
                <![CDATA[android.widget.TextView]]>
              </value>
            </param>
            <param index="2">
              <value>
                <![CDATA[zulfiqar@infosun.co.uk]]>
              </value>
            </param>
          </params>
          <reporter-output>
            <line>
              <![CDATA[Timeout waiting for Page Load Request to complete.]]>
            </line>
          </reporter-output>
        </test-method> <!-- Test_Add_PostPay_Account_Email_Address_text_646 -->
        <test-method status="PASS" signature="Test_Add_PostPay_Account_Password_Address_text_647(java.lang.String, java.lang.String, java.lang.String)[pri:647, instance:com.InfoCabs.testcases.Add_PostPay_Account_TestCases_640_657@780cb77]" name="Test_Add_PostPay_Account_Password_Address_text_647" duration-ms="8263" started-at="2021-01-30T02:11:41 PKT" finished-at="2021-01-30T02:11:49 PKT">
          <params>
            <param index="0">
              <value>
                <![CDATA[com.Infosun.AbbeySwiftCars:id/]]>
              </value>
            </param>
            <param index="1">
              <value>
                <![CDATA[android.widget.TextView]]>
              </value>
            </param>
            <param index="2">
              <value>
                <![CDATA[12]]>
              </value>
            </param>
          </params>
          <reporter-output>
            <line>
              <![CDATA[Timeout waiting for Page Load Request to complete.]]>
            </line>
          </reporter-output>
        </test-method> <!-- Test_Add_PostPay_Account_Password_Address_text_647 -->
        <test-method status="PASS" signature="Test_Add_PostPay_Account_Password_Address_text_648(java.lang.String, java.lang.String, java.lang.String)[pri:648, instance:com.InfoCabs.testcases.Add_PostPay_Account_TestCases_640_657@780cb77]" name="Test_Add_PostPay_Account_Password_Address_text_648" duration-ms="6399" started-at="2021-01-30T02:11:49 PKT" finished-at="2021-01-30T02:11:55 PKT">
          <params>
            <param index="0">
              <value>
                <![CDATA[com.Infosun.AbbeySwiftCars:id/]]>
              </value>
            </param>
            <param index="1">
              <value>
                <![CDATA[android.widget.TextView]]>
              </value>
            </param>
            <param index="2">
              <value>
                <![CDATA[12344455]]>
              </value>
            </param>
          </params>
          <reporter-output>
            <line>
              <![CDATA[Timeout waiting for Page Load Request to complete.]]>
            </line>
          </reporter-output>
        </test-method> <!-- Test_Add_PostPay_Account_Password_Address_text_648 -->
        <test-method status="PASS" signature="Test_Add_PostPay_Account_Clear_Email_and_Pwd_649(java.lang.String, java.lang.String, java.lang.String)[pri:649, instance:com.InfoCabs.testcases.Add_PostPay_Account_TestCases_640_657@780cb77]" name="Test_Add_PostPay_Account_Clear_Email_and_Pwd_649" duration-ms="5550" started-at="2021-01-30T02:11:55 PKT" finished-at="2021-01-30T02:12:01 PKT">
          <params>
            <param index="0">
              <value>
                <![CDATA[com.Infosun.AbbeySwiftCars:id/]]>
              </value>
            </param>
            <param index="1">
              <value>
                <![CDATA[1234567ab]]>
              </value>
            </param>
            <param index="2">
              <value>
                <![CDATA[12345678]]>
              </value>
            </param>
          </params>
          <reporter-output>
            <line>
              <![CDATA[Timeout waiting for Page Load Request to complete.]]>
            </line>
            <line>
              <![CDATA[Timeout waiting for Page Load Request to complete.]]>
            </line>
          </reporter-output>
        </test-method> <!-- Test_Add_PostPay_Account_Clear_Email_and_Pwd_649 -->
        <test-method status="PASS" signature="Test_Add_PostPay_Account_Add_Account_Button_651(java.lang.String, java.lang.String)[pri:651, instance:com.InfoCabs.testcases.Add_PostPay_Account_TestCases_640_657@780cb77]" name="Test_Add_PostPay_Account_Add_Account_Button_651" duration-ms="2271" started-at="2021-01-30T02:12:01 PKT" finished-at="2021-01-30T02:12:03 PKT">
          <params>
            <param index="0">
              <value>
                <![CDATA[com.Infosun.AbbeySwiftCars:id/]]>
              </value>
            </param>
            <param index="1">
              <value>
                <![CDATA[android.widget.TextView]]>
              </value>
            </param>
          </params>
          <reporter-output>
            <line>
              <![CDATA[Timeout waiting for Page Load Request to complete.]]>
            </line>
          </reporter-output>
        </test-method> <!-- Test_Add_PostPay_Account_Add_Account_Button_651 -->
        <test-method status="PASS" signature="Test_Add_PostPay_Account_Enter_Email_and_Pwd_651(java.lang.String, java.lang.String, java.lang.String, java.lang.String)[pri:651, instance:com.InfoCabs.testcases.Add_PostPay_Account_TestCases_640_657@780cb77]" name="Test_Add_PostPay_Account_Enter_Email_and_Pwd_651" duration-ms="4594" started-at="2021-01-30T02:12:03 PKT" finished-at="2021-01-30T02:12:08 PKT">
          <params>
            <param index="0">
              <value>
                <![CDATA[com.Infosun.AbbeySwiftCars:id/]]>
              </value>
            </param>
            <param index="1">
              <value>
                <![CDATA[android.widget.TextView]]>
              </value>
            </param>
            <param index="2">
              <value>
                <![CDATA[jeet@infosun.co.uk]]>
              </value>
            </param>
            <param index="3">
              <value>
                <![CDATA[12345678]]>
              </value>
            </param>
          </params>
          <reporter-output>
            <line>
              <![CDATA[Timeout waiting for Page Load Request to complete.]]>
            </line>
          </reporter-output>
        </test-method> <!-- Test_Add_PostPay_Account_Enter_Email_and_Pwd_651 -->
        <test-method status="PASS" signature="Test_Add_PostPay_Account_ClickTo_DeletePostPay_account_652(java.lang.String, java.lang.String)[pri:652, instance:com.InfoCabs.testcases.Add_PostPay_Account_TestCases_640_657@780cb77]" name="Test_Add_PostPay_Account_ClickTo_DeletePostPay_account_652" duration-ms="3133" started-at="2021-01-30T02:12:08 PKT" finished-at="2021-01-30T02:12:11 PKT">
          <params>
            <param index="0">
              <value>
                <![CDATA[com.Infosun.AbbeySwiftCars:id/]]>
              </value>
            </param>
            <param index="1">
              <value>
                <![CDATA[android.widget.ImageView]]>
              </value>
            </param>
          </params>
          <reporter-output>
            <line>
              <![CDATA[Timeout waiting for Page Load Request to complete.]]>
            </line>
          </reporter-output>
        </test-method> <!-- Test_Add_PostPay_Account_ClickTo_DeletePostPay_account_652 -->
        <test-method status="PASS" signature="Test_Add_PostPay_Account_AreYouSurewant_to_delete_text_653(java.lang.String, java.lang.String)[pri:653, instance:com.InfoCabs.testcases.Add_PostPay_Account_TestCases_640_657@780cb77]" name="Test_Add_PostPay_Account_AreYouSurewant_to_delete_text_653" duration-ms="2191" started-at="2021-01-30T02:12:11 PKT" finished-at="2021-01-30T02:12:13 PKT">
          <params>
            <param index="0">
              <value>
                <![CDATA[com.Infosun.AbbeySwiftCars:id/]]>
              </value>
            </param>
            <param index="1">
              <value>
                <![CDATA[android.widget.TextView]]>
              </value>
            </param>
          </params>
          <reporter-output>
            <line>
              <![CDATA[Timeout waiting for Page Load Request to complete.]]>
            </line>
          </reporter-output>
        </test-method> <!-- Test_Add_PostPay_Account_AreYouSurewant_to_delete_text_653 -->
        <test-method status="PASS" signature="Test_Add_PostPay_Account_NoCancel_Text_and_Button_654(java.lang.String, java.lang.String)[pri:654, instance:com.InfoCabs.testcases.Add_PostPay_Account_TestCases_640_657@780cb77]" name="Test_Add_PostPay_Account_NoCancel_Text_and_Button_654" duration-ms="2416" started-at="2021-01-30T02:12:13 PKT" finished-at="2021-01-30T02:12:15 PKT">
          <params>
            <param index="0">
              <value>
                <![CDATA[com.Infosun.AbbeySwiftCars:id/]]>
              </value>
            </param>
            <param index="1">
              <value>
                <![CDATA[android.widget.TextView]]>
              </value>
            </param>
          </params>
          <reporter-output>
            <line>
              <![CDATA[Timeout waiting for Page Load Request to complete.]]>
            </line>
          </reporter-output>
        </test-method> <!-- Test_Add_PostPay_Account_NoCancel_Text_and_Button_654 -->
        <test-method status="PASS" signature="Test_Add_PostPay_Account_Click_againOn_DeletePostPay_account_655(java.lang.String, java.lang.String)[pri:655, instance:com.InfoCabs.testcases.Add_PostPay_Account_TestCases_640_657@780cb77]" name="Test_Add_PostPay_Account_Click_againOn_DeletePostPay_account_655" duration-ms="2665" started-at="2021-01-30T02:12:15 PKT" finished-at="2021-01-30T02:12:18 PKT">
          <params>
            <param index="0">
              <value>
                <![CDATA[com.Infosun.AbbeySwiftCars:id/]]>
              </value>
            </param>
            <param index="1">
              <value>
                <![CDATA[android.widget.ImageView]]>
              </value>
            </param>
          </params>
          <reporter-output>
            <line>
              <![CDATA[Timeout waiting for Page Load Request to complete.]]>
            </line>
          </reporter-output>
        </test-method> <!-- Test_Add_PostPay_Account_Click_againOn_DeletePostPay_account_655 -->
        <test-method status="PASS" signature="Test_Add_PostPay_Account_YesDeleteCard_Text_and_Button_656(java.lang.String, java.lang.String)[pri:656, instance:com.InfoCabs.testcases.Add_PostPay_Account_TestCases_640_657@780cb77]" name="Test_Add_PostPay_Account_YesDeleteCard_Text_and_Button_656" duration-ms="2468" started-at="2021-01-30T02:12:18 PKT" finished-at="2021-01-30T02:12:21 PKT">
          <params>
            <param index="0">
              <value>
                <![CDATA[com.Infosun.AbbeySwiftCars:id/]]>
              </value>
            </param>
            <param index="1">
              <value>
                <![CDATA[android.widget.TextView]]>
              </value>
            </param>
          </params>
          <reporter-output>
            <line>
              <![CDATA[Timeout waiting for Page Load Request to complete.]]>
            </line>
          </reporter-output>
        </test-method> <!-- Test_Add_PostPay_Account_YesDeleteCard_Text_and_Button_656 -->
        <test-method status="PASS" signature="Test_Add_PostPay_GoBack_To_HomeScreen_657()[pri:657, instance:com.InfoCabs.testcases.Add_PostPay_Account_TestCases_640_657@780cb77]" name="Test_Add_PostPay_GoBack_To_HomeScreen_657" duration-ms="8196" started-at="2021-01-30T02:12:21 PKT" finished-at="2021-01-30T02:12:29 PKT">
          <reporter-output>
            <line>
              <![CDATA[Timeout waiting for Page Load Request to complete.]]>
            </line>
            <line>
              <![CDATA[Timeout waiting for Page Load Request to complete.]]>
            </line>
          </reporter-output>
        </test-method> <!-- Test_Add_PostPay_GoBack_To_HomeScreen_657 -->
      </class> <!-- com.InfoCabs.testcases.Add_PostPay_Account_TestCases_640_657 -->
      <class name="com.InfoCabs.testcases.Add_PaymentsMethods_TestCases_611_622">
        <test-method status="PASS" signature="Test_Add_PaymentsMethods_are_sections_611(java.lang.String, java.lang.String)[pri:611, instance:com.InfoCabs.testcases.Add_PaymentsMethods_TestCases_611_622@1d548a08]" name="Test_Add_PaymentsMethods_are_sections_611" duration-ms="3996" started-at="2021-01-30T02:08:50 PKT" finished-at="2021-01-30T02:08:54 PKT">
          <params>
            <param index="0">
              <value>
                <![CDATA[com.Infosun.AbbeySwiftCars:id/]]>
              </value>
            </param>
            <param index="1">
              <value>
                <![CDATA[//android.widget.CheckedTextView]]>
              </value>
            </param>
          </params>
          <reporter-output>
            <line>
              <![CDATA[Timeout waiting for Page Load Request to complete.]]>
            </line>
          </reporter-output>
        </test-method> <!-- Test_Add_PaymentsMethods_are_sections_611 -->
        <test-method status="PASS" signature="Test_Add_PaymentsMethods_check_PaymentMethods_is_present_611(java.lang.String, java.lang.String)[pri:611, instance:com.InfoCabs.testcases.Add_PaymentsMethods_TestCases_611_622@1d548a08]" name="Test_Add_PaymentsMethods_check_PaymentMethods_is_present_611" duration-ms="2307" started-at="2021-01-30T02:08:54 PKT" finished-at="2021-01-30T02:08:56 PKT">
          <params>
            <param index="0">
              <value>
                <![CDATA[com.Infosun.AbbeySwiftCars:id/]]>
              </value>
            </param>
            <param index="1">
              <value>
                <![CDATA[android.widget.TextView]]>
              </value>
            </param>
          </params>
          <reporter-output>
            <line>
              <![CDATA[Timeout waiting for Page Load Request to complete.]]>
            </line>
          </reporter-output>
        </test-method> <!-- Test_Add_PaymentsMethods_check_PaymentMethods_is_present_611 -->
        <test-method status="PASS" signature="Test_Add_PaymentsMethods_check_BackButton_is_present_612(java.lang.String)[pri:612, instance:com.InfoCabs.testcases.Add_PaymentsMethods_TestCases_611_622@1d548a08]" name="Test_Add_PaymentsMethods_check_BackButton_is_present_612" duration-ms="2298" started-at="2021-01-30T02:08:56 PKT" finished-at="2021-01-30T02:08:58 PKT">
          <params>
            <param index="0">
              <value>
                <![CDATA[com.Infosun.AbbeySwiftCars:id/]]>
              </value>
            </param>
          </params>
          <reporter-output>
            <line>
              <![CDATA[Timeout waiting for Page Load Request to complete.]]>
            </line>
          </reporter-output>
        </test-method> <!-- Test_Add_PaymentsMethods_check_BackButton_is_present_612 -->
        <test-method status="PASS" signature="Test_Add_PaymentsMethods_check_CardContainer_is_present_613(java.lang.String)[pri:613, instance:com.InfoCabs.testcases.Add_PaymentsMethods_TestCases_611_622@1d548a08]" name="Test_Add_PaymentsMethods_check_CardContainer_is_present_613" duration-ms="3885" started-at="2021-01-30T02:08:58 PKT" finished-at="2021-01-30T02:09:02 PKT">
          <params>
            <param index="0">
              <value>
                <![CDATA[com.Infosun.AbbeySwiftCars:id/]]>
              </value>
            </param>
          </params>
          <reporter-output>
            <line>
              <![CDATA[Timeout waiting for Page Load Request to complete.]]>
            </line>
          </reporter-output>
        </test-method> <!-- Test_Add_PaymentsMethods_check_CardContainer_is_present_613 -->
        <test-method status="PASS" signature="Test_Add_PaymentsMethods_check_CardIcon_is_present_614(java.lang.String)[pri:614, instance:com.InfoCabs.testcases.Add_PaymentsMethods_TestCases_611_622@1d548a08]" name="Test_Add_PaymentsMethods_check_CardIcon_is_present_614" duration-ms="2324" started-at="2021-01-30T02:09:02 PKT" finished-at="2021-01-30T02:09:04 PKT">
          <params>
            <param index="0">
              <value>
                <![CDATA[com.Infosun.AbbeySwiftCars:id/]]>
              </value>
            </param>
          </params>
          <reporter-output>
            <line>
              <![CDATA[Timeout waiting for Page Load Request to complete.]]>
            </line>
          </reporter-output>
        </test-method> <!-- Test_Add_PaymentsMethods_check_CardIcon_is_present_614 -->
        <test-method status="PASS" signature="Test_Add_PaymentsMethods_check_Cash_text_is_present_615(java.lang.String, java.lang.String)[pri:615, instance:com.InfoCabs.testcases.Add_PaymentsMethods_TestCases_611_622@1d548a08]" name="Test_Add_PaymentsMethods_check_Cash_text_is_present_615" duration-ms="2121" started-at="2021-01-30T02:09:04 PKT" finished-at="2021-01-30T02:09:07 PKT">
          <params>
            <param index="0">
              <value>
                <![CDATA[com.Infosun.AbbeySwiftCars:id/]]>
              </value>
            </param>
            <param index="1">
              <value>
                <![CDATA[android.widget.TextView]]>
              </value>
            </param>
          </params>
          <reporter-output>
            <line>
              <![CDATA[Timeout waiting for Page Load Request to complete.]]>
            </line>
          </reporter-output>
        </test-method> <!-- Test_Add_PaymentsMethods_check_Cash_text_is_present_615 -->
        <test-method status="PASS" signature="Test_Add_PaymentsMethods_check_Add_PaymentMethods_Button_is_present_616(java.lang.String, java.lang.String)[pri:616, instance:com.InfoCabs.testcases.Add_PaymentsMethods_TestCases_611_622@1d548a08]" name="Test_Add_PaymentsMethods_check_Add_PaymentMethods_Button_is_present_616" duration-ms="2280" started-at="2021-01-30T02:09:07 PKT" finished-at="2021-01-30T02:09:09 PKT">
          <params>
            <param index="0">
              <value>
                <![CDATA[com.Infosun.AbbeySwiftCars:id/]]>
              </value>
            </param>
            <param index="1">
              <value>
                <![CDATA[android.widget.TextView]]>
              </value>
            </param>
          </params>
          <reporter-output>
            <line>
              <![CDATA[Timeout waiting for Page Load Request to complete.]]>
            </line>
          </reporter-output>
        </test-method> <!-- Test_Add_PaymentsMethods_check_Add_PaymentMethods_Button_is_present_616 -->
        <test-method status="PASS" signature="Test_Add_PaymentsMethods_CrossButton_is_Working_617(java.lang.String, java.lang.String)[pri:617, instance:com.InfoCabs.testcases.Add_PaymentsMethods_TestCases_611_622@1d548a08]" name="Test_Add_PaymentsMethods_CrossButton_is_Working_617" duration-ms="29136" started-at="2021-01-30T02:09:09 PKT" finished-at="2021-01-30T02:09:38 PKT">
          <params>
            <param index="0">
              <value>
                <![CDATA[com.Infosun.AbbeySwiftCars:id/]]>
              </value>
            </param>
            <param index="1">
              <value>
                <![CDATA[//android.widget.CheckedTextView]]>
              </value>
            </param>
          </params>
          <reporter-output>
            <line>
              <![CDATA[Timeout waiting for Page Load Request to complete.]]>
            </line>
          </reporter-output>
        </test-method> <!-- Test_Add_PaymentsMethods_CrossButton_is_Working_617 -->
        <test-method status="PASS" signature="Test_Add_PaymentsMethods_check_Add_PaymentMethods_text_is_present_618(java.lang.String, java.lang.String)[pri:618, instance:com.InfoCabs.testcases.Add_PaymentsMethods_TestCases_611_622@1d548a08]" name="Test_Add_PaymentsMethods_check_Add_PaymentMethods_text_is_present_618" duration-ms="2134" started-at="2021-01-30T02:09:38 PKT" finished-at="2021-01-30T02:09:40 PKT">
          <params>
            <param index="0">
              <value>
                <![CDATA[com.Infosun.AbbeySwiftCars:id/]]>
              </value>
            </param>
            <param index="1">
              <value>
                <![CDATA[android.widget.TextView]]>
              </value>
            </param>
          </params>
          <reporter-output>
            <line>
              <![CDATA[Timeout waiting for Page Load Request to complete.]]>
            </line>
          </reporter-output>
        </test-method> <!-- Test_Add_PaymentsMethods_check_Add_PaymentMethods_text_is_present_618 -->
        <test-method status="PASS" signature="Test_Add_PaymentsMethods_check_CardDetails_field_is_present_619(java.lang.String)[pri:619, instance:com.InfoCabs.testcases.Add_PaymentsMethods_TestCases_611_622@1d548a08]" name="Test_Add_PaymentsMethods_check_CardDetails_field_is_present_619" duration-ms="2205" started-at="2021-01-30T02:09:40 PKT" finished-at="2021-01-30T02:09:42 PKT">
          <params>
            <param index="0">
              <value>
                <![CDATA[com.Infosun.AbbeySwiftCars:id/]]>
              </value>
            </param>
          </params>
          <reporter-output>
            <line>
              <![CDATA[Timeout waiting for Page Load Request to complete.]]>
            </line>
          </reporter-output>
        </test-method> <!-- Test_Add_PaymentsMethods_check_CardDetails_field_is_present_619 -->
        <test-method status="PASS" signature="Test_Add_PaymentsMethods_check_Add_CreditCard_text_is_present_620(java.lang.String, java.lang.String)[pri:620, instance:com.InfoCabs.testcases.Add_PaymentsMethods_TestCases_611_622@1d548a08]" name="Test_Add_PaymentsMethods_check_Add_CreditCard_text_is_present_620" duration-ms="2135" started-at="2021-01-30T02:09:42 PKT" finished-at="2021-01-30T02:09:44 PKT">
          <params>
            <param index="0">
              <value>
                <![CDATA[com.Infosun.AbbeySwiftCars:id/]]>
              </value>
            </param>
            <param index="1">
              <value>
                <![CDATA[android.widget.TextView]]>
              </value>
            </param>
          </params>
          <reporter-output>
            <line>
              <![CDATA[Timeout waiting for Page Load Request to complete.]]>
            </line>
          </reporter-output>
        </test-method> <!-- Test_Add_PaymentsMethods_check_Add_CreditCard_text_is_present_620 -->
        <test-method status="PASS" signature="Test_Add_PaymentsMethods_check_PostPayDetails_field_is_present_621(java.lang.String)[pri:621, instance:com.InfoCabs.testcases.Add_PaymentsMethods_TestCases_611_622@1d548a08]" name="Test_Add_PaymentsMethods_check_PostPayDetails_field_is_present_621" duration-ms="2258" started-at="2021-01-30T02:09:44 PKT" finished-at="2021-01-30T02:09:47 PKT">
          <params>
            <param index="0">
              <value>
                <![CDATA[com.Infosun.AbbeySwiftCars:id/]]>
              </value>
            </param>
          </params>
          <reporter-output>
            <line>
              <![CDATA[Timeout waiting for Page Load Request to complete.]]>
            </line>
          </reporter-output>
        </test-method> <!-- Test_Add_PaymentsMethods_check_PostPayDetails_field_is_present_621 -->
        <test-method status="PASS" signature="Test_Add_PaymentsMethods_check_Add_PostPay_text_is_present_622(java.lang.String, java.lang.String)[pri:622, instance:com.InfoCabs.testcases.Add_PaymentsMethods_TestCases_611_622@1d548a08]" name="Test_Add_PaymentsMethods_check_Add_PostPay_text_is_present_622" duration-ms="2148" started-at="2021-01-30T02:09:47 PKT" finished-at="2021-01-30T02:09:49 PKT">
          <params>
            <param index="0">
              <value>
                <![CDATA[com.Infosun.AbbeySwiftCars:id/]]>
              </value>
            </param>
            <param index="1">
              <value>
                <![CDATA[android.widget.TextView]]>
              </value>
            </param>
          </params>
          <reporter-output>
            <line>
              <![CDATA[Timeout waiting for Page Load Request to complete.]]>
            </line>
          </reporter-output>
        </test-method> <!-- Test_Add_PaymentsMethods_check_Add_PostPay_text_is_present_622 -->
      </class> <!-- com.InfoCabs.testcases.Add_PaymentsMethods_TestCases_611_622 -->
      <class name="com.InfoCabs.testcases.Share_Page_TestCases_667_668">
        <test-method status="PASS" signature="Test_Share_Page_ClickTO_Open_Share_Page_667(java.lang.String, java.lang.String)[pri:667, instance:com.InfoCabs.testcases.Share_Page_TestCases_667_668@50a7bc6e]" name="Test_Share_Page_ClickTO_Open_Share_Page_667" duration-ms="3784" started-at="2021-01-30T02:13:35 PKT" finished-at="2021-01-30T02:13:39 PKT">
          <params>
            <param index="0">
              <value>
                <![CDATA[com.Infosun.AbbeySwiftCars:id/]]>
              </value>
            </param>
            <param index="1">
              <value>
                <![CDATA[//android.widget.CheckedTextView]]>
              </value>
            </param>
          </params>
          <reporter-output>
            <line>
              <![CDATA[Timeout waiting for Page Load Request to complete.]]>
            </line>
          </reporter-output>
        </test-method> <!-- Test_Share_Page_ClickTO_Open_Share_Page_667 -->
        <test-method status="PASS" signature="Test_Share_Page_check_ShareText_is_present_668(java.lang.String, java.lang.String, java.lang.String)[pri:668, instance:com.InfoCabs.testcases.Share_Page_TestCases_667_668@50a7bc6e]" name="Test_Share_Page_check_ShareText_is_present_668" duration-ms="10433" started-at="2021-01-30T02:13:39 PKT" finished-at="2021-01-30T02:13:49 PKT">
          <params>
            <param index="0">
              <value>
                <![CDATA[com.Infosun.AbbeySwiftCars:id/]]>
              </value>
            </param>
            <param index="1">
              <value>
                <![CDATA[android.widget.TextView]]>
              </value>
            </param>
            <param index="2">
              <value>
                <![CDATA[com.Infosun.AbbeySwiftCars]]>
              </value>
            </param>
          </params>
          <reporter-output>
            <line>
              <![CDATA[Timeout waiting for Page Load Request to complete.]]>
            </line>
            <line>
              <![CDATA[Timeout waiting for Page Load Request to complete.]]>
            </line>
            <line>
              <![CDATA[Timeout waiting for Page Load Request to complete.]]>
            </line>
          </reporter-output>
        </test-method> <!-- Test_Share_Page_check_ShareText_is_present_668 -->
      </class> <!-- com.InfoCabs.testcases.Share_Page_TestCases_667_668 -->
      <class name="com.InfoCabs.testcases.MyTrips_Cancelled_Ride_And_Rebook_TestCases_666_685">
        <test-method status="PASS" signature="Test_MyTrips_Cancelled_Ride_And_Rebook_EnterDropofAddress_Cab_666(java.lang.String, java.lang.String)[pri:666, instance:com.InfoCabs.testcases.MyTrips_Cancelled_Ride_And_Rebook_TestCases_666_685@161b062a]" name="Test_MyTrips_Cancelled_Ride_And_Rebook_EnterDropofAddress_Cab_666" duration-ms="13781" started-at="2021-01-30T02:13:49 PKT" finished-at="2021-01-30T02:14:03 PKT">
          <params>
            <param index="0">
              <value>
                <![CDATA[com.Infosun.AbbeySwiftCars:id/]]>
              </value>
            </param>
            <param index="1">
              <value>
                <![CDATA[21 Newsome Road, Huddersfield, UK]]>
              </value>
            </param>
          </params>
          <reporter-output>
            <line>
              <![CDATA[Timeout waiting for Page Load Request to complete.]]>
            </line>
            <line>
              <![CDATA[Timeout waiting for Page Load Request to complete.]]>
            </line>
            <line>
              <![CDATA[Timeout waiting for Page Load Request to complete.]]>
            </line>
            <line>
              <![CDATA[Timeout waiting for Page Load Request to complete.]]>
            </line>
          </reporter-output>
        </test-method> <!-- Test_MyTrips_Cancelled_Ride_And_Rebook_EnterDropofAddress_Cab_666 -->
        <test-method status="PASS" signature="Test_MyTrips_Cancelled_Ride_And_Rebook_ClickOnBookNow_Button_Cab_667(java.lang.String, java.lang.String)[pri:667, instance:com.InfoCabs.testcases.MyTrips_Cancelled_Ride_And_Rebook_TestCases_666_685@161b062a]" name="Test_MyTrips_Cancelled_Ride_And_Rebook_ClickOnBookNow_Button_Cab_667" duration-ms="9591" started-at="2021-01-30T02:14:03 PKT" finished-at="2021-01-30T02:14:12 PKT">
          <params>
            <param index="0">
              <value>
                <![CDATA[com.Infosun.AbbeySwiftCars:id/]]>
              </value>
            </param>
            <param index="1">
              <value>
                <![CDATA[21 Newsome Road, Huddersfield, UK]]>
              </value>
            </param>
          </params>
          <reporter-output>
            <line>
              <![CDATA[Timeout waiting for Page Load Request to complete.]]>
            </line>
            <line>
              <![CDATA[Timeout waiting for Page Load Request to complete.]]>
            </line>
            <line>
              <![CDATA[Timeout waiting for Page Load Request to complete.]]>
            </line>
          </reporter-output>
        </test-method> <!-- Test_MyTrips_Cancelled_Ride_And_Rebook_ClickOnBookNow_Button_Cab_667 -->
        <test-method status="PASS" signature="Test_MyTrips_Cancelled_Ride_And_Rebook_Select_CeditCard_FromDrop_668(java.lang.String, java.lang.String)[pri:668, instance:com.InfoCabs.testcases.MyTrips_Cancelled_Ride_And_Rebook_TestCases_666_685@161b062a]" name="Test_MyTrips_Cancelled_Ride_And_Rebook_Select_CeditCard_FromDrop_668" duration-ms="8542" started-at="2021-01-30T02:14:12 PKT" finished-at="2021-01-30T02:14:21 PKT">
          <params>
            <param index="0">
              <value>
                <![CDATA[com.Infosun.AbbeySwiftCars:id/]]>
              </value>
            </param>
            <param index="1">
              <value>
                <![CDATA[android.widget.RelativeLayout]]>
              </value>
            </param>
          </params>
          <reporter-output>
            <line>
              <![CDATA[Timeout waiting for Page Load Request to complete.]]>
            </line>
          </reporter-output>
        </test-method> <!-- Test_MyTrips_Cancelled_Ride_And_Rebook_Select_CeditCard_FromDrop_668 -->
        <test-method status="PASS" signature="Test_MyTrips_Cancelled_Ride_And_Rebook_ClickOnBookConfirmButton_669(java.lang.String, java.lang.String)[pri:669, instance:com.InfoCabs.testcases.MyTrips_Cancelled_Ride_And_Rebook_TestCases_666_685@161b062a]" name="Test_MyTrips_Cancelled_Ride_And_Rebook_ClickOnBookConfirmButton_669" duration-ms="9539" started-at="2021-01-30T02:14:21 PKT" finished-at="2021-01-30T02:14:31 PKT">
          <params>
            <param index="0">
              <value>
                <![CDATA[com.Infosun.AbbeySwiftCars:id/]]>
              </value>
            </param>
            <param index="1">
              <value>
                <![CDATA[21 Newsome Road, Huddersfield, UK]]>
              </value>
            </param>
          </params>
          <reporter-output>
            <line>
              <![CDATA[Timeout waiting for Page Load Request to complete.]]>
            </line>
            <line>
              <![CDATA[Timeout waiting for Page Load Request to complete.]]>
            </line>
            <line>
              <![CDATA[Timeout waiting for Page Load Request to complete.]]>
            </line>
          </reporter-output>
        </test-method> <!-- Test_MyTrips_Cancelled_Ride_And_Rebook_ClickOnBookConfirmButton_669 -->
        <test-method status="PASS" signature="Test_MyTrips_Cancelled_Ride_And_Rebook_CancleRide_Button_Text_arePresent_670(java.lang.String)[pri:670, instance:com.InfoCabs.testcases.MyTrips_Cancelled_Ride_And_Rebook_TestCases_666_685@161b062a]" name="Test_MyTrips_Cancelled_Ride_And_Rebook_CancleRide_Button_Text_arePresent_670" duration-ms="11453" started-at="2021-01-30T02:14:31 PKT" finished-at="2021-01-30T02:14:42 PKT">
          <params>
            <param index="0">
              <value>
                <![CDATA[com.Infosun.AbbeySwiftCars:id/]]>
              </value>
            </param>
          </params>
          <reporter-output>
            <line>
              <![CDATA[Timeout waiting for Page Load Request to complete.]]>
            </line>
            <line>
              <![CDATA[Timeout waiting for Page Load Request to complete.]]>
            </line>
          </reporter-output>
        </test-method> <!-- Test_MyTrips_Cancelled_Ride_And_Rebook_CancleRide_Button_Text_arePresent_670 -->
        <test-method status="PASS" signature="Test_MyTrips_Cancelled_Rides_ClickOn_SideMenu_Button_671(java.lang.String, java.lang.String)[pri:671, instance:com.InfoCabs.testcases.MyTrips_Cancelled_Ride_And_Rebook_TestCases_666_685@161b062a]" name="Test_MyTrips_Cancelled_Rides_ClickOn_SideMenu_Button_671" duration-ms="9558" started-at="2021-01-30T02:14:42 PKT" finished-at="2021-01-30T02:14:52 PKT">
          <params>
            <param index="0">
              <value>
                <![CDATA[com.Infosun.AbbeySwiftCars:id/]]>
              </value>
            </param>
            <param index="1">
              <value>
                <![CDATA[21 Newsome Road, Huddersfield, UK]]>
              </value>
            </param>
          </params>
          <reporter-output>
            <line>
              <![CDATA[Timeout waiting for Page Load Request to complete.]]>
            </line>
            <line>
              <![CDATA[Timeout waiting for Page Load Request to complete.]]>
            </line>
            <line>
              <![CDATA[Timeout waiting for Page Load Request to complete.]]>
            </line>
          </reporter-output>
        </test-method> <!-- Test_MyTrips_Cancelled_Rides_ClickOn_SideMenu_Button_671 -->
        <test-method status="PASS" signature="Test_MyTrips_Cancelled_Ride_And_Rebook_ClickOn_SideMenu__MyTrips_Button_672(java.lang.String, java.lang.String)[pri:672, instance:com.InfoCabs.testcases.MyTrips_Cancelled_Ride_And_Rebook_TestCases_666_685@161b062a]" name="Test_MyTrips_Cancelled_Ride_And_Rebook_ClickOn_SideMenu__MyTrips_Button_672" duration-ms="9774" started-at="2021-01-30T02:14:52 PKT" finished-at="2021-01-30T02:15:01 PKT">
          <params>
            <param index="0">
              <value>
                <![CDATA[com.Infosun.AbbeySwiftCars:id/]]>
              </value>
            </param>
            <param index="1">
              <value>
                <![CDATA[//android.widget.CheckedTextView]]>
              </value>
            </param>
          </params>
          <reporter-output>
            <line>
              <![CDATA[Timeout waiting for Page Load Request to complete.]]>
            </line>
            <line>
              <![CDATA[Timeout waiting for Page Load Request to complete.]]>
            </line>
            <line>
              <![CDATA[Timeout waiting for Page Load Request to complete.]]>
            </line>
          </reporter-output>
        </test-method> <!-- Test_MyTrips_Cancelled_Ride_And_Rebook_ClickOn_SideMenu__MyTrips_Button_672 -->
        <test-method status="PASS" signature="Test_MyTrips_Cancelled_Ride_And_Rebook_check_MyTrips_Text_673(java.lang.String)[pri:673, instance:com.InfoCabs.testcases.MyTrips_Cancelled_Ride_And_Rebook_TestCases_666_685@161b062a]" name="Test_MyTrips_Cancelled_Ride_And_Rebook_check_MyTrips_Text_673" duration-ms="2360" started-at="2021-01-30T02:15:01 PKT" finished-at="2021-01-30T02:15:04 PKT">
          <params>
            <param index="0">
              <value>
                <![CDATA[android.widget.TextView]]>
              </value>
            </param>
          </params>
          <reporter-output>
            <line>
              <![CDATA[Timeout waiting for Page Load Request to complete.]]>
            </line>
          </reporter-output>
        </test-method> <!-- Test_MyTrips_Cancelled_Ride_And_Rebook_check_MyTrips_Text_673 -->
        <test-method status="PASS" signature="Test_MyTrips_Cancelled_Ride_And_Rebook_Check_for_PastRide_text_674(java.lang.String)[pri:674, instance:com.InfoCabs.testcases.MyTrips_Cancelled_Ride_And_Rebook_TestCases_666_685@161b062a]" name="Test_MyTrips_Cancelled_Ride_And_Rebook_Check_for_PastRide_text_674" duration-ms="5569" started-at="2021-01-30T02:15:04 PKT" finished-at="2021-01-30T02:15:09 PKT">
          <params>
            <param index="0">
              <value>
                <![CDATA[android.widget.TextView]]>
              </value>
            </param>
          </params>
          <reporter-output>
            <line>
              <![CDATA[Timeout waiting for Page Load Request to complete.]]>
            </line>
          </reporter-output>
        </test-method> <!-- Test_MyTrips_Cancelled_Ride_And_Rebook_Check_for_PastRide_text_674 -->
        <test-method status="PASS" signature="Test_MyTrips_Cancelled_Ride_And_Rebook_Check_for_index1_CancelRide_Option_675(java.lang.String)[pri:675, instance:com.InfoCabs.testcases.MyTrips_Cancelled_Ride_And_Rebook_TestCases_666_685@161b062a]" name="Test_MyTrips_Cancelled_Ride_And_Rebook_Check_for_index1_CancelRide_Option_675" duration-ms="2455" started-at="2021-01-30T02:15:09 PKT" finished-at="2021-01-30T02:15:12 PKT">
          <params>
            <param index="0">
              <value>
                <![CDATA[android.widget.RelativeLayout]]>
              </value>
            </param>
          </params>
          <reporter-output>
            <line>
              <![CDATA[Timeout waiting for Page Load Request to complete.]]>
            </line>
          </reporter-output>
        </test-method> <!-- Test_MyTrips_Cancelled_Ride_And_Rebook_Check_for_index1_CancelRide_Option_675 -->
        <test-method status="PASS" signature="Test_MyTrips_Cancelled_Ride_And_Rebook_CheckPickoff_Address_676(java.lang.String)[pri:676, instance:com.InfoCabs.testcases.MyTrips_Cancelled_Ride_And_Rebook_TestCases_666_685@161b062a]" name="Test_MyTrips_Cancelled_Ride_And_Rebook_CheckPickoff_Address_676" duration-ms="2273" started-at="2021-01-30T02:15:12 PKT" finished-at="2021-01-30T02:15:14 PKT">
          <params>
            <param index="0">
              <value>
                <![CDATA[com.Infosun.AbbeySwiftCars:id/]]>
              </value>
            </param>
          </params>
          <reporter-output>
            <line>
              <![CDATA[Timeout waiting for Page Load Request to complete.]]>
            </line>
          </reporter-output>
        </test-method> <!-- Test_MyTrips_Cancelled_Ride_And_Rebook_CheckPickoff_Address_676 -->
        <test-method status="PASS" signature="Test_MyTrips_Cancelled_Ride_And_Rebook_CheckDropOff_Address_677(java.lang.String)[pri:677, instance:com.InfoCabs.testcases.MyTrips_Cancelled_Ride_And_Rebook_TestCases_666_685@161b062a]" name="Test_MyTrips_Cancelled_Ride_And_Rebook_CheckDropOff_Address_677" duration-ms="2357" started-at="2021-01-30T02:15:14 PKT" finished-at="2021-01-30T02:15:16 PKT">
          <params>
            <param index="0">
              <value>
                <![CDATA[com.Infosun.AbbeySwiftCars:id/]]>
              </value>
            </param>
          </params>
          <reporter-output>
            <line>
              <![CDATA[Timeout waiting for Page Load Request to complete.]]>
            </line>
          </reporter-output>
        </test-method> <!-- Test_MyTrips_Cancelled_Ride_And_Rebook_CheckDropOff_Address_677 -->
        <test-method status="PASS" signature="Test_MyTrips_Cancelled_Ride_And_Rebook_Date_and_Time_678(java.lang.String)[pri:678, instance:com.InfoCabs.testcases.MyTrips_Cancelled_Ride_And_Rebook_TestCases_666_685@161b062a]" name="Test_MyTrips_Cancelled_Ride_And_Rebook_Date_and_Time_678" duration-ms="2299" started-at="2021-01-30T02:15:16 PKT" finished-at="2021-01-30T02:15:19 PKT">
          <params>
            <param index="0">
              <value>
                <![CDATA[com.Infosun.AbbeySwiftCars:id/]]>
              </value>
            </param>
          </params>
          <reporter-output>
            <line>
              <![CDATA[Timeout waiting for Page Load Request to complete.]]>
            </line>
          </reporter-output>
        </test-method> <!-- Test_MyTrips_Cancelled_Ride_And_Rebook_Date_and_Time_678 -->
        <test-method status="PASS" signature="Test_MyTrips_Cancelled_Ride_And_Rebook_Check_for_Cancelled_Text_and_Button_679(java.lang.String)[pri:679, instance:com.InfoCabs.testcases.MyTrips_Cancelled_Ride_And_Rebook_TestCases_666_685@161b062a]" name="Test_MyTrips_Cancelled_Ride_And_Rebook_Check_for_Cancelled_Text_and_Button_679" duration-ms="3386" started-at="2021-01-30T02:15:19 PKT" finished-at="2021-01-30T02:15:22 PKT">
          <params>
            <param index="0">
              <value>
                <![CDATA[com.Infosun.AbbeySwiftCars:id/]]>
              </value>
            </param>
          </params>
          <reporter-output>
            <line>
              <![CDATA[Timeout waiting for Page Load Request to complete.]]>
            </line>
          </reporter-output>
        </test-method> <!-- Test_MyTrips_Cancelled_Ride_And_Rebook_Check_for_Cancelled_Text_and_Button_679 -->
        <test-method status="PASS" signature="Test_MyTrips_Cancelled_Ride_And_Rebook_check_for_BackButton_680(java.lang.String)[pri:680, instance:com.InfoCabs.testcases.MyTrips_Cancelled_Ride_And_Rebook_TestCases_666_685@161b062a]" name="Test_MyTrips_Cancelled_Ride_And_Rebook_check_for_BackButton_680" duration-ms="2266" started-at="2021-01-30T02:15:22 PKT" finished-at="2021-01-30T02:15:24 PKT">
          <params>
            <param index="0">
              <value>
                <![CDATA[com.Infosun.AbbeySwiftCars:id/]]>
              </value>
            </param>
          </params>
          <reporter-output>
            <line>
              <![CDATA[Timeout waiting for Page Load Request to complete.]]>
            </line>
          </reporter-output>
        </test-method> <!-- Test_MyTrips_Cancelled_Ride_And_Rebook_check_for_BackButton_680 -->
        <test-method status="PASS" signature="Test_MyTrips_Cancelled_Ride_And_Rebook_Check_for_TripDetails_Text_681(java.lang.String)[pri:681, instance:com.InfoCabs.testcases.MyTrips_Cancelled_Ride_And_Rebook_TestCases_666_685@161b062a]" name="Test_MyTrips_Cancelled_Ride_And_Rebook_Check_for_TripDetails_Text_681" duration-ms="2133" started-at="2021-01-30T02:15:24 PKT" finished-at="2021-01-30T02:15:26 PKT">
          <params>
            <param index="0">
              <value>
                <![CDATA[com.Infosun.AbbeySwiftCars:id/]]>
              </value>
            </param>
          </params>
          <reporter-output>
            <line>
              <![CDATA[Timeout waiting for Page Load Request to complete.]]>
            </line>
          </reporter-output>
        </test-method> <!-- Test_MyTrips_Cancelled_Ride_And_Rebook_Check_for_TripDetails_Text_681 -->
        <test-method status="PASS" signature="Test_MyTrips_Cancelled_Ride_And_Rebook_Check_for_Your_Ride_was_cancelled_Text_682(java.lang.String)[pri:682, instance:com.InfoCabs.testcases.MyTrips_Cancelled_Ride_And_Rebook_TestCases_666_685@161b062a]" name="Test_MyTrips_Cancelled_Ride_And_Rebook_Check_for_Your_Ride_was_cancelled_Text_682" duration-ms="2154" started-at="2021-01-30T02:15:26 PKT" finished-at="2021-01-30T02:15:29 PKT">
          <params>
            <param index="0">
              <value>
                <![CDATA[com.Infosun.AbbeySwiftCars:id/]]>
              </value>
            </param>
          </params>
          <reporter-output>
            <line>
              <![CDATA[Timeout waiting for Page Load Request to complete.]]>
            </line>
          </reporter-output>
        </test-method> <!-- Test_MyTrips_Cancelled_Ride_And_Rebook_Check_for_Your_Ride_was_cancelled_Text_682 -->
        <test-method status="PASS" signature="Test_MyTrips_Cancelled_Ride_And_Rebook_Check_for_StartingAddress_Text_683(java.lang.String)[pri:683, instance:com.InfoCabs.testcases.MyTrips_Cancelled_Ride_And_Rebook_TestCases_666_685@161b062a]" name="Test_MyTrips_Cancelled_Ride_And_Rebook_Check_for_StartingAddress_Text_683" duration-ms="2253" started-at="2021-01-30T02:15:29 PKT" finished-at="2021-01-30T02:15:31 PKT">
          <params>
            <param index="0">
              <value>
                <![CDATA[com.Infosun.AbbeySwiftCars:id/]]>
              </value>
            </param>
          </params>
          <reporter-output>
            <line>
              <![CDATA[Timeout waiting for Page Load Request to complete.]]>
            </line>
          </reporter-output>
        </test-method> <!-- Test_MyTrips_Cancelled_Ride_And_Rebook_Check_for_StartingAddress_Text_683 -->
        <test-method status="PASS" signature="Test_MyTrips_Cancelled_Ride_And_Rebook_Check_for_EndAddress_Text_684(java.lang.String)[pri:684, instance:com.InfoCabs.testcases.MyTrips_Cancelled_Ride_And_Rebook_TestCases_666_685@161b062a]" name="Test_MyTrips_Cancelled_Ride_And_Rebook_Check_for_EndAddress_Text_684" duration-ms="2266" started-at="2021-01-30T02:15:31 PKT" finished-at="2021-01-30T02:15:33 PKT">
          <params>
            <param index="0">
              <value>
                <![CDATA[com.Infosun.AbbeySwiftCars:id/]]>
              </value>
            </param>
          </params>
          <reporter-output>
            <line>
              <![CDATA[Timeout waiting for Page Load Request to complete.]]>
            </line>
          </reporter-output>
        </test-method> <!-- Test_MyTrips_Cancelled_Ride_And_Rebook_Check_for_EndAddress_Text_684 -->
        <test-method status="PASS" signature="Test_MyTrips_Cancelled_Ride_And_Rebook_Check_for_Rebook_Text_and_Button_685(java.lang.String)[pri:685, instance:com.InfoCabs.testcases.MyTrips_Cancelled_Ride_And_Rebook_TestCases_666_685@161b062a]" name="Test_MyTrips_Cancelled_Ride_And_Rebook_Check_for_Rebook_Text_and_Button_685" duration-ms="3331" started-at="2021-01-30T02:15:33 PKT" finished-at="2021-01-30T02:15:36 PKT">
          <params>
            <param index="0">
              <value>
                <![CDATA[com.Infosun.AbbeySwiftCars:id/]]>
              </value>
            </param>
          </params>
          <reporter-output>
            <line>
              <![CDATA[Timeout waiting for Page Load Request to complete.]]>
            </line>
          </reporter-output>
        </test-method> <!-- Test_MyTrips_Cancelled_Ride_And_Rebook_Check_for_Rebook_Text_and_Button_685 -->
      </class> <!-- com.InfoCabs.testcases.MyTrips_Cancelled_Ride_And_Rebook_TestCases_666_685 -->
    </test> <!-- InfoCabSnapperApp.com -->
  </suite> <!-- Suite -->
</testng-results>
